<?xml version="1.0" encoding="UTF-8"?>
<coverage generated="1734977105860" clover="3.2.0">
  <project timestamp="1734977105860" name="All files">
    <metrics statements="5042" coveredstatements="1460" conditionals="1840" coveredconditionals="564" methods="1523" coveredmethods="352" elements="8405" coveredelements="2376" complexity="0" loc="5042" ncloc="5042" packages="95" files="178" classes="178"/>
    <package name="src">
      <metrics statements="104" coveredstatements="62" conditionals="44" coveredconditionals="18" methods="14" coveredmethods="11"/>
      <file name="App.jsx" path="C:/Users/karee/OneDrive/Documents/school/SW Engineering/Project/testing/frontend2/Whisper_FrontEnd/src/App.jsx">
        <metrics statements="101" coveredstatements="59" conditionals="40" coveredconditionals="15" methods="14" coveredmethods="11"/>
        <line num="1" count="234" type="cond" truecount="3" falsecount="0"/>
        <line num="23" count="152" type="stmt"/>
        <line num="24" count="152" type="stmt"/>
        <line num="25" count="152" type="stmt"/>
        <line num="26" count="152" type="stmt"/>
        <line num="27" count="152" type="stmt"/>
        <line num="28" count="152" type="stmt"/>
        <line num="29" count="152" type="stmt"/>
        <line num="31" count="152" type="cond" truecount="0" falsecount="1"/>
        <line num="32" count="0" type="stmt"/>
        <line num="35" count="152" type="stmt"/>
        <line num="36" count="50" type="stmt"/>
        <line num="37" count="18" type="stmt"/>
        <line num="38" count="18" type="stmt"/>
        <line num="39" count="17" type="stmt"/>
        <line num="40" count="17" type="stmt"/>
        <line num="41" count="17" type="stmt"/>
        <line num="42" count="17" type="stmt"/>
        <line num="44" count="0" type="stmt"/>
        <line num="46" count="16" type="stmt"/>
        <line num="50" count="50" type="stmt"/>
        <line num="51" count="17" type="stmt"/>
        <line num="52" count="17" type="stmt"/>
        <line num="53" count="16" type="cond" truecount="1" falsecount="0"/>
        <line num="54" count="6" type="stmt"/>
        <line num="57" count="0" type="stmt"/>
        <line num="62" count="50" type="stmt"/>
        <line num="63" count="18" type="stmt"/>
        <line num="64" count="18" type="stmt"/>
        <line num="65" count="18" type="stmt"/>
        <line num="66" count="18" type="stmt"/>
        <line num="67" count="17" type="stmt"/>
        <line num="69" count="17" type="stmt"/>
        <line num="70" count="0" type="cond" truecount="0" falsecount="4"/>
        <line num="71" count="0" type="stmt"/>
        <line num="72" count="0" type="cond" truecount="0" falsecount="5"/>
        <line num="74" count="0" type="stmt"/>
        <line num="76" count="0" type="stmt"/>
        <line num="77" count="0" type="cond" truecount="0" falsecount="1"/>
        <line num="78" count="0" type="cond" truecount="0" falsecount="1"/>
        <line num="79" count="0" type="stmt"/>
        <line num="81" count="0" type="cond" truecount="0" falsecount="1"/>
        <line num="82" count="0" type="stmt"/>
        <line num="85" count="0" type="stmt"/>
        <line num="89" count="0" type="stmt"/>
        <line num="91" count="0" type="stmt"/>
        <line num="92" count="0" type="cond" truecount="0" falsecount="1"/>
        <line num="93" count="0" type="stmt"/>
        <line num="95" count="0" type="stmt"/>
        <line num="97" count="7" type="stmt"/>
        <line num="99" count="10" type="stmt"/>
        <line num="103" count="50" type="stmt"/>
        <line num="104" count="17" type="stmt"/>
        <line num="105" count="17" type="stmt"/>
        <line num="106" count="17" type="stmt"/>
        <line num="107" count="15" type="stmt"/>
        <line num="108" count="15" type="stmt"/>
        <line num="109" count="10" type="cond" truecount="0" falsecount="1"/>
        <line num="110" count="0" type="stmt"/>
        <line num="111" count="0" type="cond" truecount="0" falsecount="3"/>
        <line num="112" count="0" type="stmt"/>
        <line num="115" count="0" type="stmt"/>
        <line num="116" count="0" type="stmt"/>
        <line num="117" count="0" type="stmt"/>
        <line num="118" count="0" type="cond" truecount="0" falsecount="3"/>
        <line num="119" count="0" type="stmt"/>
        <line num="120" count="0" type="stmt"/>
        <line num="121" count="0" type="stmt"/>
        <line num="125" count="0" type="stmt"/>
        <line num="129" count="0" type="stmt"/>
        <line num="132" count="5" type="stmt"/>
        <line num="136" count="0" type="stmt"/>
        <line num="140" count="50" type="stmt"/>
        <line num="141" count="17" type="stmt"/>
        <line num="142" count="17" type="stmt"/>
        <line num="143" count="17" type="stmt"/>
        <line num="144" count="17" type="cond" truecount="1" falsecount="2"/>
        <line num="145" count="0" type="stmt"/>
        <line num="146" count="0" type="stmt"/>
        <line num="147" count="0" type="stmt"/>
        <line num="149" count="0" type="stmt"/>
        <line num="150" count="0" type="stmt"/>
        <line num="153" count="0" type="stmt"/>
        <line num="157" count="50" type="stmt"/>
        <line num="158" count="17" type="stmt"/>
        <line num="159" count="17" type="stmt"/>
        <line num="160" count="17" type="stmt"/>
        <line num="161" count="15" type="stmt"/>
        <line num="162" count="15" type="stmt"/>
        <line num="163" count="0" type="cond" truecount="0" falsecount="1"/>
        <line num="164" count="0" type="stmt"/>
        <line num="167" count="15" type="stmt"/>
        <line num="171" count="0" type="stmt"/>
        <line num="175" count="50" type="stmt"/>
        <line num="176" count="50" type="cond" truecount="1" falsecount="0"/>
        <line num="177" count="18" type="stmt"/>
        <line num="178" count="18" type="stmt"/>
        <line num="181" count="0" type="stmt"/>
        <line num="185" count="152" type="stmt"/>
        <line num="223" count="26" type="stmt"/>
        <line num="224" count="26" type="stmt"/>
      </file>
      <file name="config.js" path="C:/Users/karee/OneDrive/Documents/school/SW Engineering/Project/testing/frontend2/Whisper_FrontEnd/src/config.js">
        <metrics statements="2" coveredstatements="2" conditionals="4" coveredconditionals="3" methods="0" coveredmethods="0"/>
        <line num="1" count="26" type="cond" truecount="3" falsecount="1"/>
        <line num="4" count="26" type="stmt"/>
      </file>
      <file name="index.jsx" path="C:/Users/karee/OneDrive/Documents/school/SW Engineering/Project/testing/frontend2/Whisper_FrontEnd/src/index.jsx">
        <metrics statements="1" coveredstatements="1" conditionals="0" coveredconditionals="0" methods="0" coveredmethods="0"/>
        <line num="15" count="26" type="stmt"/>
      </file>
    </package>
    <package name="src.components.AddNewButton">
      <metrics statements="5" coveredstatements="5" conditionals="3" coveredconditionals="3" methods="2" coveredmethods="2"/>
      <file name="AddNewButton.jsx" path="C:/Users/karee/OneDrive/Documents/school/SW Engineering/Project/testing/frontend2/Whisper_FrontEnd/src/components/AddNewButton/AddNewButton.jsx">
        <metrics statements="5" coveredstatements="5" conditionals="3" coveredconditionals="3" methods="2" coveredmethods="2"/>
        <line num="1" count="208" type="cond" truecount="3" falsecount="0"/>
        <line num="5" count="26" type="stmt"/>
        <line num="7" count="18" type="stmt"/>
        <line num="12" count="26" type="stmt"/>
        <line num="14" count="26" type="stmt"/>
      </file>
    </package>
    <package name="src.components.AddNewStoryModal">
      <metrics statements="41" coveredstatements="5" conditionals="17" coveredconditionals="3" methods="14" coveredmethods="1"/>
      <file name="AddNewStoryModal.jsx" path="C:/Users/karee/OneDrive/Documents/school/SW Engineering/Project/testing/frontend2/Whisper_FrontEnd/src/components/AddNewStoryModal/AddNewStoryModal.jsx">
        <metrics statements="41" coveredstatements="5" conditionals="17" coveredconditionals="3" methods="14" coveredmethods="1"/>
        <line num="1" count="234" type="cond" truecount="3" falsecount="0"/>
        <line num="8" count="26" type="stmt"/>
        <line num="9" count="0" type="stmt"/>
        <line num="10" count="0" type="stmt"/>
        <line num="11" count="0" type="stmt"/>
        <line num="12" count="26" type="stmt"/>
        <line num="14" count="0" type="stmt"/>
        <line num="15" count="0" type="stmt"/>
        <line num="16" count="0" type="stmt"/>
        <line num="17" count="0" type="cond" truecount="0" falsecount="1"/>
        <line num="18" count="0" type="stmt"/>
        <line num="19" count="0" type="stmt"/>
        <line num="23" count="0" type="stmt"/>
        <line num="24" count="0" type="cond" truecount="0" falsecount="3"/>
        <line num="25" count="0" type="stmt"/>
        <line num="26" count="0" type="stmt"/>
        <line num="30" count="0" type="stmt"/>
        <line num="31" count="0" type="stmt"/>
        <line num="32" count="0" type="stmt"/>
        <line num="37" count="0" type="stmt"/>
        <line num="39" count="0" type="stmt"/>
        <line num="41" count="0" type="stmt"/>
        <line num="45" count="0" type="stmt"/>
        <line num="46" count="0" type="stmt"/>
        <line num="49" count="0" type="stmt"/>
        <line num="50" count="0" type="stmt"/>
        <line num="53" count="0" type="stmt"/>
        <line num="54" count="0" type="stmt"/>
        <line num="55" count="0" type="stmt"/>
        <line num="56" count="0" type="cond" truecount="0" falsecount="1"/>
        <line num="57" count="0" type="stmt"/>
        <line num="61" count="0" type="stmt"/>
        <line num="62" count="0" type="cond" truecount="0" falsecount="1"/>
        <line num="63" count="0" type="stmt"/>
        <line num="67" count="0" type="stmt"/>
        <line num="69" count="0" type="stmt"/>
        <line num="70" count="0" type="stmt"/>
        <line num="77" count="0" type="stmt"/>
        <line num="80" count="0" type="stmt"/>
        <line num="117" count="26" type="stmt"/>
        <line num="119" count="26" type="stmt"/>
      </file>
    </package>
    <package name="src.components.AudioVoiceMessage">
      <metrics statements="31" coveredstatements="4" conditionals="9" coveredconditionals="3" methods="9" coveredmethods="1"/>
      <file name="AudioVoiceMessage.jsx" path="C:/Users/karee/OneDrive/Documents/school/SW Engineering/Project/testing/frontend2/Whisper_FrontEnd/src/components/AudioVoiceMessage/AudioVoiceMessage.jsx">
        <metrics statements="31" coveredstatements="4" conditionals="9" coveredconditionals="3" methods="9" coveredmethods="1"/>
        <line num="1" count="234" type="cond" truecount="3" falsecount="0"/>
        <line num="10" count="26" type="stmt"/>
        <line num="11" count="0" type="stmt"/>
        <line num="12" count="0" type="stmt"/>
        <line num="13" count="0" type="stmt"/>
        <line num="14" count="0" type="stmt"/>
        <line num="15" count="0" type="stmt"/>
        <line num="17" count="0" type="stmt"/>
        <line num="18" count="0" type="cond" truecount="0" falsecount="1"/>
        <line num="19" count="0" type="stmt"/>
        <line num="32" count="0" type="stmt"/>
        <line num="34" count="0" type="stmt"/>
        <line num="36" count="0" type="stmt"/>
        <line num="37" count="0" type="stmt"/>
        <line num="40" count="0" type="stmt"/>
        <line num="41" count="0" type="cond" truecount="0" falsecount="1"/>
        <line num="42" count="0" type="stmt"/>
        <line num="46" count="0" type="stmt"/>
        <line num="47" count="0" type="stmt"/>
        <line num="50" count="0" type="stmt"/>
        <line num="51" count="0" type="cond" truecount="0" falsecount="1"/>
        <line num="52" count="0" type="stmt"/>
        <line num="57" count="0" type="stmt"/>
        <line num="58" count="0" type="stmt"/>
        <line num="61" count="0" type="stmt"/>
        <line num="62" count="0" type="cond" truecount="0" falsecount="1"/>
        <line num="63" count="0" type="stmt"/>
        <line num="64" count="0" type="stmt"/>
        <line num="68" count="0" type="stmt"/>
        <line num="83" count="26" type="stmt"/>
        <line num="85" count="26" type="stmt"/>
      </file>
    </package>
    <package name="src.components.AudioVoiceNoteMessage">
      <metrics statements="15" coveredstatements="4" conditionals="16" coveredconditionals="3" methods="5" coveredmethods="1"/>
      <file name="AudioVoiceNoteMessage.jsx" path="C:/Users/karee/OneDrive/Documents/school/SW Engineering/Project/testing/frontend2/Whisper_FrontEnd/src/components/AudioVoiceNoteMessage/AudioVoiceNoteMessage.jsx">
        <metrics statements="15" coveredstatements="4" conditionals="16" coveredconditionals="3" methods="5" coveredmethods="1"/>
        <line num="1" count="234" type="cond" truecount="3" falsecount="0"/>
        <line num="9" count="26" type="stmt"/>
        <line num="10" count="0" type="stmt"/>
        <line num="11" count="0" type="stmt"/>
        <line num="13" count="0" type="stmt"/>
        <line num="14" count="0" type="cond" truecount="0" falsecount="4"/>
        <line num="15" count="0" type="stmt"/>
        <line num="16" count="0" type="stmt"/>
        <line num="19" count="0" type="stmt"/>
        <line num="21" count="0" type="stmt"/>
        <line num="22" count="0" type="cond" truecount="0" falsecount="1"/>
        <line num="23" count="0" type="stmt"/>
        <line num="29" count="0" type="stmt"/>
        <line num="40" count="26" type="stmt"/>
        <line num="42" count="26" type="stmt"/>
      </file>
    </package>
    <package name="src.components.AwaitingJoinMessage">
      <metrics statements="10" coveredstatements="5" conditionals="5" coveredconditionals="4" methods="4" coveredmethods="1"/>
      <file name="AwaitingJoinMessage.jsx" path="C:/Users/karee/OneDrive/Documents/school/SW Engineering/Project/testing/frontend2/Whisper_FrontEnd/src/components/AwaitingJoinMessage/AwaitingJoinMessage.jsx">
        <metrics statements="10" coveredstatements="5" conditionals="5" coveredconditionals="4" methods="4" coveredmethods="1"/>
        <line num="1" count="208" type="cond" truecount="4" falsecount="1"/>
        <line num="6" count="26" type="stmt"/>
        <line num="7" count="0" type="stmt"/>
        <line num="8" count="26" type="stmt"/>
        <line num="9" count="0" type="stmt"/>
        <line num="10" count="0" type="stmt"/>
        <line num="11" count="0" type="stmt"/>
        <line num="13" count="0" type="stmt"/>
        <line num="21" count="26" type="stmt"/>
        <line num="23" count="26" type="stmt"/>
      </file>
    </package>
    <package name="src.components.BlockedUsers">
      <metrics statements="23" coveredstatements="5" conditionals="15" coveredconditionals="4" methods="12" coveredmethods="1"/>
      <file name="BlockedUsers.jsx" path="C:/Users/karee/OneDrive/Documents/school/SW Engineering/Project/testing/frontend2/Whisper_FrontEnd/src/components/BlockedUsers/BlockedUsers.jsx">
        <metrics statements="23" coveredstatements="5" conditionals="15" coveredconditionals="4" methods="12" coveredmethods="1"/>
        <line num="1" count="208" type="cond" truecount="4" falsecount="1"/>
        <line num="11" count="26" type="stmt"/>
        <line num="12" count="0" type="stmt"/>
        <line num="14" count="0" type="stmt"/>
        <line num="15" count="26" type="stmt"/>
        <line num="17" count="0" type="stmt"/>
        <line num="18" count="0" type="cond" truecount="0" falsecount="2"/>
        <line num="19" count="0" type="stmt"/>
        <line num="22" count="0" type="stmt"/>
        <line num="23" count="0" type="stmt"/>
        <line num="24" count="0" type="stmt"/>
        <line num="27" count="0" type="stmt"/>
        <line num="28" count="0" type="stmt"/>
        <line num="31" count="0" type="stmt"/>
        <line num="37" count="0" type="stmt"/>
        <line num="38" count="0" type="stmt"/>
        <line num="39" count="0" type="stmt"/>
        <line num="42" count="0" type="stmt"/>
        <line num="47" count="0" type="stmt"/>
        <line num="63" count="0" type="stmt"/>
        <line num="68" count="0" type="stmt"/>
        <line num="87" count="26" type="stmt"/>
        <line num="89" count="26" type="stmt"/>
      </file>
    </package>
    <package name="src.components.ButtonsBar">
      <metrics statements="16" coveredstatements="8" conditionals="3" coveredconditionals="3" methods="10" coveredmethods="3"/>
      <file name="ButtonsBar.jsx" path="C:/Users/karee/OneDrive/Documents/school/SW Engineering/Project/testing/frontend2/Whisper_FrontEnd/src/components/ButtonsBar/ButtonsBar.jsx">
        <metrics statements="16" coveredstatements="8" conditionals="3" coveredconditionals="3" methods="10" coveredmethods="3"/>
        <line num="1" count="234" type="cond" truecount="3" falsecount="0"/>
        <line num="13" count="26" type="stmt"/>
        <line num="14" count="12" type="stmt"/>
        <line num="15" count="0" type="stmt"/>
        <line num="18" count="26" type="stmt"/>
        <line num="20" count="12" type="stmt"/>
        <line num="21" count="0" type="stmt"/>
        <line num="22" count="0" type="stmt"/>
        <line num="25" count="12" type="stmt"/>
        <line num="27" count="0" type="stmt"/>
        <line num="30" count="0" type="stmt"/>
        <line num="33" count="0" type="stmt"/>
        <line num="36" count="0" type="stmt"/>
        <line num="43" count="0" type="stmt"/>
        <line num="48" count="26" type="stmt"/>
        <line num="50" count="26" type="stmt"/>
      </file>
    </package>
    <package name="src.components.ChannelInfo">
      <metrics statements="29" coveredstatements="9" conditionals="12" coveredconditionals="8" methods="10" coveredmethods="2"/>
      <file name="ChannelInfo.jsx" path="C:/Users/karee/OneDrive/Documents/school/SW Engineering/Project/testing/frontend2/Whisper_FrontEnd/src/components/ChannelInfo/ChannelInfo.jsx">
        <metrics statements="24" coveredstatements="5" conditionals="7" coveredconditionals="4" methods="8" coveredmethods="1"/>
        <line num="1" count="208" type="cond" truecount="4" falsecount="1"/>
        <line num="10" count="26" type="stmt"/>
        <line num="11" count="0" type="stmt"/>
        <line num="12" count="0" type="stmt"/>
        <line num="13" count="26" type="stmt"/>
        <line num="14" count="0" type="stmt"/>
        <line num="15" count="0" type="stmt"/>
        <line num="17" count="0" type="stmt"/>
        <line num="18" count="0" type="stmt"/>
        <line num="19" count="0" type="stmt"/>
        <line num="20" count="0" type="stmt"/>
        <line num="24" count="0" type="stmt"/>
        <line num="25" count="0" type="stmt"/>
        <line num="26" count="0" type="stmt"/>
        <line num="27" count="0" type="stmt"/>
        <line num="28" count="0" type="stmt"/>
        <line num="29" count="0" type="stmt"/>
        <line num="32" count="0" type="stmt"/>
        <line num="36" count="0" type="stmt"/>
        <line num="40" count="0" type="stmt"/>
        <line num="41" count="0" type="stmt"/>
        <line num="44" count="0" type="stmt"/>
        <line num="80" count="26" type="stmt"/>
        <line num="82" count="26" type="stmt"/>
      </file>
      <file name="ChannelInfoContainer.jsx" path="C:/Users/karee/OneDrive/Documents/school/SW Engineering/Project/testing/frontend2/Whisper_FrontEnd/src/components/ChannelInfo/ChannelInfoContainer.jsx">
        <metrics statements="5" coveredstatements="4" conditionals="5" coveredconditionals="4" methods="2" coveredmethods="1"/>
        <line num="1" count="182" type="cond" truecount="4" falsecount="1"/>
        <line num="4" count="26" type="stmt"/>
        <line num="5" count="0" type="stmt"/>
        <line num="10" count="26" type="stmt"/>
        <line num="12" count="26" type="stmt"/>
      </file>
    </package>
    <package name="src.components.ChannelSettings">
      <metrics statements="13" coveredstatements="5" conditionals="7" coveredconditionals="4" methods="7" coveredmethods="1"/>
      <file name="ChannelSettings.jsx" path="C:/Users/karee/OneDrive/Documents/school/SW Engineering/Project/testing/frontend2/Whisper_FrontEnd/src/components/ChannelSettings/ChannelSettings.jsx">
        <metrics statements="13" coveredstatements="5" conditionals="7" coveredconditionals="4" methods="7" coveredmethods="1"/>
        <line num="1" count="208" type="cond" truecount="4" falsecount="1"/>
        <line num="7" count="26" type="stmt"/>
        <line num="8" count="0" type="cond" truecount="0" falsecount="2"/>
        <line num="9" count="0" type="stmt"/>
        <line num="10" count="26" type="stmt"/>
        <line num="12" count="0" type="stmt"/>
        <line num="13" count="0" type="stmt"/>
        <line num="16" count="0" type="stmt"/>
        <line num="19" count="0" type="stmt"/>
        <line num="33" count="0" type="stmt"/>
        <line num="44" count="0" type="stmt"/>
        <line num="62" count="26" type="stmt"/>
        <line num="64" count="26" type="stmt"/>
      </file>
    </package>
    <package name="src.components.ChatActions">
      <metrics statements="127" coveredstatements="5" conditionals="68" coveredconditionals="3" methods="22" coveredmethods="1"/>
      <file name="ChatActions.jsx" path="C:/Users/karee/OneDrive/Documents/school/SW Engineering/Project/testing/frontend2/Whisper_FrontEnd/src/components/ChatActions/ChatActions.jsx">
        <metrics statements="127" coveredstatements="5" conditionals="68" coveredconditionals="3" methods="22" coveredmethods="1"/>
        <line num="1" count="234" type="cond" truecount="3" falsecount="0"/>
        <line num="32" count="26" type="stmt"/>
        <line num="33" count="0" type="stmt"/>
        <line num="34" count="0" type="stmt"/>
        <line num="35" count="0" type="stmt"/>
        <line num="37" count="0" type="stmt"/>
        <line num="38" count="0" type="stmt"/>
        <line num="39" count="0" type="stmt"/>
        <line num="40" count="0" type="stmt"/>
        <line num="41" count="0" type="stmt"/>
        <line num="42" count="0" type="stmt"/>
        <line num="43" count="0" type="stmt"/>
        <line num="44" count="0" type="stmt"/>
        <line num="46" count="0" type="stmt"/>
        <line num="47" count="0" type="cond" truecount="0" falsecount="4"/>
        <line num="50" count="0" type="stmt"/>
        <line num="51" count="0" type="stmt"/>
        <line num="53" count="0" type="stmt"/>
        <line num="54" count="0" type="stmt"/>
        <line num="55" count="0" type="stmt"/>
        <line num="58" count="0" type="stmt"/>
        <line num="59" count="0" type="stmt"/>
        <line num="60" count="0" type="stmt"/>
        <line num="63" count="0" type="stmt"/>
        <line num="64" count="26" type="stmt"/>
        <line num="65" count="0" type="stmt"/>
        <line num="67" count="0" type="stmt"/>
        <line num="68" count="0" type="stmt"/>
        <line num="71" count="0" type="stmt"/>
        <line num="72" count="0" type="stmt"/>
        <line num="73" count="0" type="stmt"/>
        <line num="74" count="0" type="stmt"/>
        <line num="76" count="0" type="stmt"/>
        <line num="77" count="0" type="stmt"/>
        <line num="78" count="0" type="stmt"/>
        <line num="79" count="0" type="stmt"/>
        <line num="82" count="0" type="stmt"/>
        <line num="83" count="0" type="cond" truecount="0" falsecount="1"/>
        <line num="84" count="0" type="stmt"/>
        <line num="86" count="0" type="stmt"/>
        <line num="88" count="0" type="stmt"/>
        <line num="89" count="0" type="cond" truecount="0" falsecount="1"/>
        <line num="90" count="0" type="stmt"/>
        <line num="92" count="0" type="stmt"/>
        <line num="95" count="0" type="stmt"/>
        <line num="96" count="0" type="cond" truecount="0" falsecount="1"/>
        <line num="97" count="0" type="cond" truecount="0" falsecount="2"/>
        <line num="98" count="0" type="stmt"/>
        <line num="102" count="0" type="stmt"/>
        <line num="103" count="0" type="stmt"/>
        <line num="104" count="0" type="cond" truecount="0" falsecount="1"/>
        <line num="105" count="0" type="stmt"/>
        <line num="107" count="0" type="cond" truecount="0" falsecount="1"/>
        <line num="108" count="0" type="stmt"/>
        <line num="110" count="0" type="cond" truecount="0" falsecount="1"/>
        <line num="111" count="0" type="stmt"/>
        <line num="113" count="0" type="stmt"/>
        <line num="116" count="0" type="stmt"/>
        <line num="117" count="0" type="stmt"/>
        <line num="118" count="0" type="stmt"/>
        <line num="119" count="0" type="stmt"/>
        <line num="122" count="0" type="stmt"/>
        <line num="123" count="0" type="cond" truecount="0" falsecount="2"/>
        <line num="124" count="0" type="stmt"/>
        <line num="125" count="0" type="stmt"/>
        <line num="129" count="0" type="stmt"/>
        <line num="136" count="0" type="stmt"/>
        <line num="137" count="0" type="cond" truecount="0" falsecount="3"/>
        <line num="138" count="0" type="stmt"/>
        <line num="139" count="0" type="cond" truecount="0" falsecount="1"/>
        <line num="140" count="0" type="stmt"/>
        <line num="145" count="0" type="stmt"/>
        <line num="146" count="0" type="stmt"/>
        <line num="147" count="0" type="stmt"/>
        <line num="148" count="0" type="stmt"/>
        <line num="149" count="0" type="cond" truecount="0" falsecount="1"/>
        <line num="150" count="0" type="stmt"/>
        <line num="153" count="0" type="stmt"/>
        <line num="163" count="0" type="stmt"/>
        <line num="164" count="0" type="cond" truecount="0" falsecount="1"/>
        <line num="165" count="0" type="stmt"/>
        <line num="169" count="0" type="stmt"/>
        <line num="170" count="0" type="stmt"/>
        <line num="171" count="0" type="cond" truecount="0" falsecount="3"/>
        <line num="173" count="0" type="stmt"/>
        <line num="174" count="0" type="stmt"/>
        <line num="176" count="0" type="stmt"/>
        <line num="178" count="0" type="cond" truecount="0" falsecount="1"/>
        <line num="179" count="0" type="stmt"/>
        <line num="180" count="0" type="stmt"/>
        <line num="182" count="0" type="stmt"/>
        <line num="185" count="0" type="stmt"/>
        <line num="186" count="0" type="stmt"/>
        <line num="188" count="0" type="stmt"/>
        <line num="191" count="0" type="stmt"/>
        <line num="195" count="0" type="stmt"/>
        <line num="196" count="0" type="stmt"/>
        <line num="197" count="0" type="cond" truecount="0" falsecount="1"/>
        <line num="198" count="0" type="stmt"/>
        <line num="199" count="0" type="stmt"/>
        <line num="200" count="0" type="cond" truecount="0" falsecount="2"/>
        <line num="201" count="0" type="stmt"/>
        <line num="203" count="0" type="stmt"/>
        <line num="207" count="0" type="stmt"/>
        <line num="208" count="0" type="stmt"/>
        <line num="212" count="0" type="stmt"/>
        <line num="213" count="0" type="cond" truecount="0" falsecount="5"/>
        <line num="214" count="0" type="stmt"/>
        <line num="215" count="0" type="stmt"/>
        <line num="216" count="0" type="stmt"/>
        <line num="222" count="0" type="stmt"/>
        <line num="223" count="0" type="stmt"/>
        <line num="225" count="0" type="stmt"/>
        <line num="228" count="0" type="stmt"/>
        <line num="229" count="0" type="stmt"/>
        <line num="231" count="0" type="stmt"/>
        <line num="233" count="0" type="stmt"/>
        <line num="235" count="0" type="stmt"/>
        <line num="238" count="0" type="cond" truecount="0" falsecount="1"/>
        <line num="239" count="0" type="stmt"/>
        <line num="242" count="0" type="stmt"/>
        <line num="243" count="0" type="stmt"/>
        <line num="244" count="0" type="stmt"/>
        <line num="247" count="0" type="stmt"/>
        <line num="299" count="0" type="stmt"/>
        <line num="345" count="26" type="stmt"/>
        <line num="347" count="26" type="stmt"/>
      </file>
    </package>
    <package name="src.components.ChatHeader">
      <metrics statements="42" coveredstatements="5" conditionals="30" coveredconditionals="4" methods="16" coveredmethods="1"/>
      <file name="ChatHeader.jsx" path="C:/Users/karee/OneDrive/Documents/school/SW Engineering/Project/testing/frontend2/Whisper_FrontEnd/src/components/ChatHeader/ChatHeader.jsx">
        <metrics statements="42" coveredstatements="5" conditionals="30" coveredconditionals="4" methods="16" coveredmethods="1"/>
        <line num="1" count="208" type="cond" truecount="4" falsecount="1"/>
        <line num="12" count="26" type="stmt"/>
        <line num="13" count="0" type="stmt"/>
        <line num="14" count="0" type="stmt"/>
        <line num="15" count="0" type="stmt"/>
        <line num="16" count="0" type="stmt"/>
        <line num="17" count="26" type="stmt"/>
        <line num="19" count="0" type="stmt"/>
        <line num="20" count="0" type="stmt"/>
        <line num="21" count="0" type="stmt"/>
        <line num="22" count="0" type="stmt"/>
        <line num="24" count="0" type="stmt"/>
        <line num="28" count="0" type="stmt"/>
        <line num="29" count="0" type="stmt"/>
        <line num="30" count="0" type="stmt"/>
        <line num="33" count="0" type="stmt"/>
        <line num="34" count="0" type="stmt"/>
        <line num="35" count="0" type="stmt"/>
        <line num="36" count="0" type="stmt"/>
        <line num="38" count="0" type="stmt"/>
        <line num="42" count="0" type="stmt"/>
        <line num="43" count="0" type="stmt"/>
        <line num="44" count="0" type="stmt"/>
        <line num="45" count="0" type="stmt"/>
        <line num="46" count="0" type="stmt"/>
        <line num="49" count="0" type="stmt"/>
        <line num="50" count="0" type="stmt"/>
        <line num="51" count="0" type="stmt"/>
        <line num="52" count="0" type="stmt"/>
        <line num="53" count="0" type="stmt"/>
        <line num="56" count="0" type="stmt"/>
        <line num="57" count="0" type="stmt"/>
        <line num="74" count="0" type="stmt"/>
        <line num="89" count="0" type="stmt"/>
        <line num="92" count="0" type="stmt"/>
        <line num="129" count="0" type="stmt"/>
        <line num="130" count="0" type="stmt"/>
        <line num="133" count="0" type="stmt"/>
        <line num="136" count="0" type="stmt"/>
        <line num="144" count="0" type="stmt"/>
        <line num="147" count="26" type="stmt"/>
        <line num="149" count="26" type="stmt"/>
      </file>
    </package>
    <package name="src.components.ChatItem">
      <metrics statements="31" coveredstatements="24" conditionals="45" coveredconditionals="24" methods="10" coveredmethods="8"/>
      <file name="ChatItem.jsx" path="C:/Users/karee/OneDrive/Documents/school/SW Engineering/Project/testing/frontend2/Whisper_FrontEnd/src/components/ChatItem/ChatItem.jsx">
        <metrics statements="31" coveredstatements="24" conditionals="45" coveredconditionals="24" methods="10" coveredmethods="8"/>
        <line num="1" count="208" type="cond" truecount="4" falsecount="1"/>
        <line num="16" count="26" type="stmt"/>
        <line num="17" count="15" type="stmt"/>
        <line num="18" count="26" type="stmt"/>
        <line num="19" count="15" type="stmt"/>
        <line num="20" count="15" type="stmt"/>
        <line num="21" count="15" type="stmt"/>
        <line num="22" count="15" type="cond" truecount="2" falsecount="2"/>
        <line num="24" count="15" type="stmt"/>
        <line num="25" count="5" type="cond" truecount="3" falsecount="0"/>
        <line num="26" count="0" type="stmt"/>
        <line num="29" count="15" type="stmt"/>
        <line num="30" count="0" type="stmt"/>
        <line num="31" count="0" type="cond" truecount="0" falsecount="1"/>
        <line num="32" count="0" type="stmt"/>
        <line num="36" count="15" type="stmt"/>
        <line num="37" count="5" type="stmt"/>
        <line num="44" count="5" type="stmt"/>
        <line num="45" count="5" type="cond" truecount="0" falsecount="1"/>
        <line num="46" count="0" type="stmt"/>
        <line num="47" count="0" type="stmt"/>
        <line num="50" count="5" type="stmt"/>
        <line num="51" count="5" type="stmt"/>
        <line num="52" count="5" type="stmt"/>
        <line num="53" count="5" type="stmt"/>
        <line num="58" count="15" type="cond" truecount="1" falsecount="0"/>
        <line num="59" count="5" type="stmt"/>
        <line num="62" count="10" type="stmt"/>
        <line num="70" count="0" type="stmt"/>
        <line num="121" count="26" type="stmt"/>
        <line num="123" count="26" type="stmt"/>
      </file>
    </package>
    <package name="src.components.ChatList">
      <metrics statements="10" coveredstatements="8" conditionals="5" coveredconditionals="4" methods="6" coveredmethods="4"/>
      <file name="ChatList.jsx" path="C:/Users/karee/OneDrive/Documents/school/SW Engineering/Project/testing/frontend2/Whisper_FrontEnd/src/components/ChatList/ChatList.jsx">
        <metrics statements="10" coveredstatements="8" conditionals="5" coveredconditionals="4" methods="6" coveredmethods="4"/>
        <line num="1" count="208" type="cond" truecount="4" falsecount="1"/>
        <line num="5" count="26" type="stmt"/>
        <line num="6" count="2" type="stmt"/>
        <line num="8" count="2" type="stmt"/>
        <line num="10" count="2" type="stmt"/>
        <line num="13" count="10" type="stmt"/>
        <line num="18" count="0" type="stmt"/>
        <line num="20" count="0" type="stmt"/>
        <line num="28" count="26" type="stmt"/>
        <line num="30" count="26" type="stmt"/>
      </file>
    </package>
    <package name="src.components.ChatMessage">
      <metrics statements="62" coveredstatements="9" conditionals="49" coveredconditionals="6" methods="18" coveredmethods="2"/>
      <file name="ChatMessage.jsx" path="C:/Users/karee/OneDrive/Documents/school/SW Engineering/Project/testing/frontend2/Whisper_FrontEnd/src/components/ChatMessage/ChatMessage.jsx">
        <metrics statements="53" coveredstatements="5" conditionals="38" coveredconditionals="3" methods="16" coveredmethods="1"/>
        <line num="1" count="234" type="cond" truecount="3" falsecount="0"/>
        <line num="21" count="26" type="stmt"/>
        <line num="22" count="0" type="stmt"/>
        <line num="23" count="0" type="stmt"/>
        <line num="24" count="0" type="stmt"/>
        <line num="25" count="0" type="stmt"/>
        <line num="26" count="0" type="stmt"/>
        <line num="27" count="0" type="stmt"/>
        <line num="28" count="26" type="stmt"/>
        <line num="30" count="0" type="stmt"/>
        <line num="31" count="0" type="cond" truecount="0" falsecount="1"/>
        <line num="32" count="0" type="stmt"/>
        <line num="33" count="0" type="stmt"/>
        <line num="34" count="0" type="stmt"/>
        <line num="37" count="0" type="stmt"/>
        <line num="38" count="0" type="stmt"/>
        <line num="39" count="0" type="stmt"/>
        <line num="41" count="0" type="stmt"/>
        <line num="44" count="0" type="stmt"/>
        <line num="45" count="0" type="stmt"/>
        <line num="46" count="0" type="stmt"/>
        <line num="49" count="0" type="stmt"/>
        <line num="50" count="0" type="stmt"/>
        <line num="51" count="0" type="stmt"/>
        <line num="54" count="0" type="stmt"/>
        <line num="55" count="0" type="stmt"/>
        <line num="58" count="0" type="stmt"/>
        <line num="59" count="0" type="stmt"/>
        <line num="60" count="0" type="stmt"/>
        <line num="63" count="0" type="stmt"/>
        <line num="64" count="0" type="stmt"/>
        <line num="67" count="0" type="stmt"/>
        <line num="68" count="0" type="stmt"/>
        <line num="71" count="0" type="stmt"/>
        <line num="72" count="0" type="stmt"/>
        <line num="75" count="0" type="stmt"/>
        <line num="76" count="0" type="stmt"/>
        <line num="77" count="0" type="stmt"/>
        <line num="78" count="0" type="stmt"/>
        <line num="80" count="0" type="cond" truecount="0" falsecount="2"/>
        <line num="82" count="0" type="stmt"/>
        <line num="85" count="0" type="stmt"/>
        <line num="86" count="0" type="cond" truecount="0" falsecount="4"/>
        <line num="88" count="0" type="stmt"/>
        <line num="95" count="0" type="stmt"/>
        <line num="97" count="0" type="stmt"/>
        <line num="99" count="0" type="stmt"/>
        <line num="103" count="0" type="cond" truecount="0" falsecount="1"/>
        <line num="104" count="0" type="stmt"/>
        <line num="107" count="0" type="stmt"/>
        <line num="135" count="0" type="stmt"/>
        <line num="183" count="26" type="stmt"/>
        <line num="185" count="26" type="stmt"/>
      </file>
      <file name="MessageRelationshipsViewer.jsx" path="C:/Users/karee/OneDrive/Documents/school/SW Engineering/Project/testing/frontend2/Whisper_FrontEnd/src/components/ChatMessage/MessageRelationshipsViewer.jsx">
        <metrics statements="9" coveredstatements="4" conditionals="11" coveredconditionals="3" methods="2" coveredmethods="1"/>
        <line num="1" count="208" type="cond" truecount="3" falsecount="0"/>
        <line num="4" count="26" type="stmt"/>
        <line num="5" count="0" type="cond" truecount="0" falsecount="3"/>
        <line num="6" count="0" type="stmt"/>
        <line num="21" count="0" type="cond" truecount="0" falsecount="1"/>
        <line num="22" count="0" type="stmt"/>
        <line num="38" count="0" type="stmt"/>
        <line num="39" count="26" type="stmt"/>
        <line num="41" count="26" type="stmt"/>
      </file>
    </package>
    <package name="src.components.ChatPage">
      <metrics statements="38" coveredstatements="23" conditionals="12" coveredconditionals="8" methods="12" coveredmethods="6"/>
      <file name="ChatPage.jsx" path="C:/Users/karee/OneDrive/Documents/school/SW Engineering/Project/testing/frontend2/Whisper_FrontEnd/src/components/ChatPage/ChatPage.jsx">
        <metrics statements="38" coveredstatements="23" conditionals="12" coveredconditionals="8" methods="12" coveredmethods="6"/>
        <line num="1" count="208" type="cond" truecount="4" falsecount="1"/>
        <line num="17" count="26" type="stmt"/>
        <line num="18" count="18" type="stmt"/>
        <line num="19" count="18" type="stmt"/>
        <line num="20" count="18" type="stmt"/>
        <line num="21" count="18" type="stmt"/>
        <line num="22" count="18" type="stmt"/>
        <line num="23" count="26" type="stmt"/>
        <line num="25" count="18" type="stmt"/>
        <line num="26" count="0" type="stmt"/>
        <line num="27" count="0" type="stmt"/>
        <line num="32" count="18" type="stmt"/>
        <line num="33" count="0" type="stmt"/>
        <line num="34" count="0" type="stmt"/>
        <line num="35" count="0" type="stmt"/>
        <line num="38" count="18" type="stmt"/>
        <line num="39" count="0" type="stmt"/>
        <line num="40" count="0" type="stmt"/>
        <line num="41" count="0" type="stmt"/>
        <line num="44" count="18" type="stmt"/>
        <line num="45" count="6" type="stmt"/>
        <line num="46" count="6" type="stmt"/>
        <line num="47" count="6" type="stmt"/>
        <line num="49" count="0" type="stmt"/>
        <line num="53" count="18" type="stmt"/>
        <line num="54" count="6" type="stmt"/>
        <line num="57" count="18" type="stmt"/>
        <line num="58" count="18" type="cond" truecount="0" falsecount="1"/>
        <line num="59" count="0" type="stmt"/>
        <line num="60" count="0" type="stmt"/>
        <line num="62" count="18" type="cond" truecount="0" falsecount="1"/>
        <line num="63" count="0" type="stmt"/>
        <line num="67" count="18" type="stmt"/>
        <line num="77" count="0" type="cond" truecount="1" falsecount="1"/>
        <line num="80" count="0" type="stmt"/>
        <line num="85" count="0" type="stmt"/>
        <line num="93" count="26" type="stmt"/>
        <line num="95" count="26" type="stmt"/>
      </file>
    </package>
    <package name="src.components.ChatSelector">
      <metrics statements="24" coveredstatements="5" conditionals="17" coveredconditionals="4" methods="9" coveredmethods="1"/>
      <file name="ChatSelector.jsx" path="C:/Users/karee/OneDrive/Documents/school/SW Engineering/Project/testing/frontend2/Whisper_FrontEnd/src/components/ChatSelector/ChatSelector.jsx">
        <metrics statements="24" coveredstatements="5" conditionals="17" coveredconditionals="4" methods="9" coveredmethods="1"/>
        <line num="1" count="208" type="cond" truecount="4" falsecount="1"/>
        <line num="10" count="26" type="cond" truecount="0" falsecount="2"/>
        <line num="11" count="0" type="stmt"/>
        <line num="12" count="0" type="stmt"/>
        <line num="13" count="0" type="stmt"/>
        <line num="14" count="0" type="stmt"/>
        <line num="16" count="26" type="stmt"/>
        <line num="18" count="0" type="stmt"/>
        <line num="19" count="0" type="stmt"/>
        <line num="22" count="0" type="stmt"/>
        <line num="23" count="0" type="stmt"/>
        <line num="24" count="0" type="stmt"/>
        <line num="25" count="0" type="stmt"/>
        <line num="26" count="0" type="stmt"/>
        <line num="27" count="0" type="stmt"/>
        <line num="29" count="0" type="stmt"/>
        <line num="31" count="0" type="stmt"/>
        <line num="35" count="0" type="stmt"/>
        <line num="38" count="0" type="stmt"/>
        <line num="39" count="0" type="stmt"/>
        <line num="40" count="0" type="stmt"/>
        <line num="59" count="0" type="stmt"/>
        <line num="88" count="26" type="stmt"/>
        <line num="90" count="26" type="stmt"/>
      </file>
    </package>
    <package name="src.components.ChatTextingActions">
      <metrics statements="21" coveredstatements="4" conditionals="8" coveredconditionals="3" methods="7" coveredmethods="1"/>
      <file name="ChatTextingActions.jsx" path="C:/Users/karee/OneDrive/Documents/school/SW Engineering/Project/testing/frontend2/Whisper_FrontEnd/src/components/ChatTextingActions/ChatTextingActions.jsx">
        <metrics statements="21" coveredstatements="4" conditionals="8" coveredconditionals="3" methods="7" coveredmethods="1"/>
        <line num="1" count="234" type="cond" truecount="3" falsecount="0"/>
        <line num="5" count="26" type="stmt"/>
        <line num="6" count="0" type="stmt"/>
        <line num="8" count="0" type="stmt"/>
        <line num="9" count="0" type="cond" truecount="0" falsecount="3"/>
        <line num="10" count="0" type="stmt"/>
        <line num="11" count="0" type="stmt"/>
        <line num="15" count="0" type="stmt"/>
        <line num="16" count="0" type="stmt"/>
        <line num="19" count="0" type="stmt"/>
        <line num="20" count="0" type="stmt"/>
        <line num="21" count="0" type="stmt"/>
        <line num="23" count="0" type="cond" truecount="0" falsecount="1"/>
        <line num="24" count="0" type="stmt"/>
        <line num="25" count="0" type="stmt"/>
        <line num="29" count="0" type="stmt"/>
        <line num="30" count="0" type="cond" truecount="0" falsecount="1"/>
        <line num="31" count="0" type="stmt"/>
        <line num="35" count="0" type="stmt"/>
        <line num="53" count="26" type="stmt"/>
        <line num="55" count="26" type="stmt"/>
      </file>
    </package>
    <package name="src.components.ChooseGroupInfo">
      <metrics statements="23" coveredstatements="5" conditionals="16" coveredconditionals="4" methods="11" coveredmethods="1"/>
      <file name="ChooseGroupInfo.jsx" path="C:/Users/karee/OneDrive/Documents/school/SW Engineering/Project/testing/frontend2/Whisper_FrontEnd/src/components/ChooseGroupInfo/ChooseGroupInfo.jsx">
        <metrics statements="23" coveredstatements="5" conditionals="16" coveredconditionals="4" methods="11" coveredmethods="1"/>
        <line num="1" count="208" type="cond" truecount="4" falsecount="1"/>
        <line num="8" count="26" type="stmt"/>
        <line num="10" count="26" type="stmt"/>
        <line num="11" count="0" type="cond" truecount="0" falsecount="2"/>
        <line num="12" count="0" type="stmt"/>
        <line num="13" count="0" type="stmt"/>
        <line num="15" count="0" type="stmt"/>
        <line num="16" count="0" type="stmt"/>
        <line num="19" count="0" type="stmt"/>
        <line num="20" count="0" type="stmt"/>
        <line num="21" count="0" type="cond" truecount="0" falsecount="1"/>
        <line num="22" count="0" type="stmt"/>
        <line num="23" count="0" type="stmt"/>
        <line num="27" count="0" type="stmt"/>
        <line num="31" count="0" type="stmt"/>
        <line num="34" count="0" type="stmt"/>
        <line num="35" count="0" type="stmt"/>
        <line num="66" count="0" type="stmt"/>
        <line num="67" count="0" type="stmt"/>
        <line num="68" count="0" type="stmt"/>
        <line num="72" count="0" type="stmt"/>
        <line num="83" count="26" type="stmt"/>
        <line num="85" count="26" type="stmt"/>
      </file>
    </package>
    <package name="src.components.ChooseGroupMembers">
      <metrics statements="30" coveredstatements="5" conditionals="9" coveredconditionals="4" methods="14" coveredmethods="1"/>
      <file name="ChooseGroupMembers.jsx" path="C:/Users/karee/OneDrive/Documents/school/SW Engineering/Project/testing/frontend2/Whisper_FrontEnd/src/components/ChooseGroupMembers/ChooseGroupMembers.jsx">
        <metrics statements="30" coveredstatements="5" conditionals="9" coveredconditionals="4" methods="14" coveredmethods="1"/>
        <line num="1" count="208" type="cond" truecount="4" falsecount="1"/>
        <line num="5" count="26" type="stmt"/>
        <line num="6" count="0" type="stmt"/>
        <line num="7" count="0" type="stmt"/>
        <line num="9" count="26" type="stmt"/>
        <line num="11" count="0" type="stmt"/>
        <line num="12" count="0" type="stmt"/>
        <line num="13" count="0" type="stmt"/>
        <line num="14" count="0" type="stmt"/>
        <line num="15" count="0" type="stmt"/>
        <line num="16" count="0" type="stmt"/>
        <line num="18" count="0" type="stmt"/>
        <line num="21" count="0" type="cond" truecount="0" falsecount="2"/>
        <line num="22" count="0" type="stmt"/>
        <line num="25" count="0" type="stmt"/>
        <line num="26" count="0" type="stmt"/>
        <line num="30" count="0" type="stmt"/>
        <line num="31" count="0" type="stmt"/>
        <line num="32" count="0" type="stmt"/>
        <line num="33" count="0" type="cond" truecount="0" falsecount="2"/>
        <line num="34" count="0" type="stmt"/>
        <line num="39" count="0" type="stmt"/>
        <line num="40" count="0" type="stmt"/>
        <line num="43" count="0" type="stmt"/>
        <line num="50" count="0" type="stmt"/>
        <line num="54" count="0" type="stmt"/>
        <line num="58" count="0" type="stmt"/>
        <line num="59" count="0" type="stmt"/>
        <line num="70" count="26" type="stmt"/>
        <line num="72" count="26" type="stmt"/>
      </file>
    </package>
    <package name="src.components.CopyButton">
      <metrics statements="12" coveredstatements="4" conditionals="8" coveredconditionals="4" methods="4" coveredmethods="1"/>
      <file name="CopyButton.jsx" path="C:/Users/karee/OneDrive/Documents/school/SW Engineering/Project/testing/frontend2/Whisper_FrontEnd/src/components/CopyButton/CopyButton.jsx">
        <metrics statements="12" coveredstatements="4" conditionals="8" coveredconditionals="4" methods="4" coveredmethods="1"/>
        <line num="1" count="208" type="cond" truecount="4" falsecount="1"/>
        <line num="5" count="26" type="cond" truecount="0" falsecount="1"/>
        <line num="6" count="0" type="stmt"/>
        <line num="8" count="0" type="stmt"/>
        <line num="9" count="0" type="stmt"/>
        <line num="10" count="0" type="stmt"/>
        <line num="11" count="0" type="stmt"/>
        <line num="12" count="0" type="stmt"/>
        <line num="14" count="0" type="stmt"/>
        <line num="18" count="0" type="stmt"/>
        <line num="28" count="26" type="stmt"/>
        <line num="30" count="26" type="stmt"/>
      </file>
    </package>
    <package name="src.components.CreateGroupPageContainer">
      <metrics statements="40" coveredstatements="5" conditionals="15" coveredconditionals="3" methods="11" coveredmethods="1"/>
      <file name="CreateGroupPageContainer.jsx" path="C:/Users/karee/OneDrive/Documents/school/SW Engineering/Project/testing/frontend2/Whisper_FrontEnd/src/components/CreateGroupPageContainer/CreateGroupPageContainer.jsx">
        <metrics statements="40" coveredstatements="5" conditionals="15" coveredconditionals="3" methods="11" coveredmethods="1"/>
        <line num="1" count="234" type="cond" truecount="3" falsecount="0"/>
        <line num="14" count="26" type="stmt"/>
        <line num="16" count="0" type="stmt"/>
        <line num="17" count="0" type="stmt"/>
        <line num="18" count="0" type="stmt"/>
        <line num="19" count="0" type="stmt"/>
        <line num="20" count="0" type="stmt"/>
        <line num="21" count="0" type="stmt"/>
        <line num="22" count="0" type="stmt"/>
        <line num="23" count="26" type="stmt"/>
        <line num="24" count="0" type="stmt"/>
        <line num="26" count="0" type="stmt"/>
        <line num="27" count="0" type="cond" truecount="0" falsecount="1"/>
        <line num="28" count="0" type="stmt"/>
        <line num="35" count="0" type="stmt"/>
        <line num="36" count="0" type="stmt"/>
        <line num="37" count="0" type="cond" truecount="0" falsecount="2"/>
        <line num="38" count="0" type="stmt"/>
        <line num="39" count="0" type="stmt"/>
        <line num="40" count="0" type="cond" truecount="0" falsecount="1"/>
        <line num="41" count="0" type="stmt"/>
        <line num="43" count="0" type="stmt"/>
        <line num="46" count="0" type="stmt"/>
        <line num="50" count="0" type="stmt"/>
        <line num="53" count="0" type="stmt"/>
        <line num="57" count="0" type="stmt"/>
        <line num="59" count="0" type="stmt"/>
        <line num="68" count="0" type="stmt"/>
        <line num="69" count="0" type="stmt"/>
        <line num="73" count="0" type="stmt"/>
        <line num="74" count="0" type="cond" truecount="0" falsecount="2"/>
        <line num="75" count="0" type="stmt"/>
        <line num="77" count="0" type="stmt"/>
        <line num="82" count="0" type="stmt"/>
        <line num="83" count="0" type="cond" truecount="0" falsecount="2"/>
        <line num="84" count="0" type="stmt"/>
        <line num="86" count="0" type="stmt"/>
        <line num="90" count="0" type="stmt"/>
        <line num="107" count="26" type="stmt"/>
        <line num="109" count="26" type="stmt"/>
      </file>
    </package>
    <package name="src.components.CreateNewChat">
      <metrics statements="5" coveredstatements="4" conditionals="5" coveredconditionals="4" methods="2" coveredmethods="1"/>
      <file name="CreateNewChat.jsx" path="C:/Users/karee/OneDrive/Documents/school/SW Engineering/Project/testing/frontend2/Whisper_FrontEnd/src/components/CreateNewChat/CreateNewChat.jsx">
        <metrics statements="5" coveredstatements="4" conditionals="5" coveredconditionals="4" methods="2" coveredmethods="1"/>
        <line num="1" count="182" type="cond" truecount="4" falsecount="1"/>
        <line num="4" count="26" type="stmt"/>
        <line num="5" count="0" type="stmt"/>
        <line num="26" count="26" type="stmt"/>
        <line num="28" count="26" type="stmt"/>
      </file>
    </package>
    <package name="src.components.CustomEmojisPicker">
      <metrics statements="21" coveredstatements="5" conditionals="13" coveredconditionals="4" methods="8" coveredmethods="1"/>
      <file name="CustomEmojisPicker.jsx" path="C:/Users/karee/OneDrive/Documents/school/SW Engineering/Project/testing/frontend2/Whisper_FrontEnd/src/components/CustomEmojisPicker/CustomEmojisPicker.jsx">
        <metrics statements="21" coveredstatements="5" conditionals="13" coveredconditionals="4" methods="8" coveredmethods="1"/>
        <line num="1" count="208" type="cond" truecount="4" falsecount="1"/>
        <line num="8" count="26" type="stmt"/>
        <line num="9" count="0" type="stmt"/>
        <line num="10" count="0" type="stmt"/>
        <line num="12" count="0" type="stmt"/>
        <line num="13" count="0" type="stmt"/>
        <line num="16" count="0" type="stmt"/>
        <line num="17" count="0" type="cond" truecount="0" falsecount="1"/>
        <line num="18" count="0" type="stmt"/>
        <line num="22" count="0" type="stmt"/>
        <line num="23" count="0" type="cond" truecount="0" falsecount="3"/>
        <line num="24" count="0" type="stmt"/>
        <line num="28" count="0" type="stmt"/>
        <line num="29" count="0" type="stmt"/>
        <line num="30" count="0" type="stmt"/>
        <line num="31" count="0" type="stmt"/>
        <line num="35" count="0" type="cond" truecount="0" falsecount="2"/>
        <line num="37" count="0" type="stmt"/>
        <line num="47" count="26" type="stmt"/>
        <line num="49" count="26" type="stmt"/>
        <line num="53" count="26" type="stmt"/>
      </file>
    </package>
    <package name="src.components.CustomGifPicker">
      <metrics statements="14" coveredstatements="4" conditionals="3" coveredconditionals="3" methods="4" coveredmethods="1"/>
      <file name="CustomGifPicker.jsx" path="C:/Users/karee/OneDrive/Documents/school/SW Engineering/Project/testing/frontend2/Whisper_FrontEnd/src/components/CustomGifPicker/CustomGifPicker.jsx">
        <metrics statements="14" coveredstatements="4" conditionals="3" coveredconditionals="3" methods="4" coveredmethods="1"/>
        <line num="1" count="208" type="cond" truecount="3" falsecount="0"/>
        <line num="3" count="26" type="stmt"/>
        <line num="4" count="0" type="stmt"/>
        <line num="5" count="0" type="stmt"/>
        <line num="6" count="0" type="stmt"/>
        <line num="7" count="0" type="stmt"/>
        <line num="9" count="0" type="stmt"/>
        <line num="10" count="0" type="stmt"/>
        <line num="11" count="0" type="stmt"/>
        <line num="13" count="0" type="stmt"/>
        <line num="17" count="0" type="stmt"/>
        <line num="22" count="0" type="stmt"/>
        <line num="27" count="26" type="stmt"/>
        <line num="29" count="26" type="stmt"/>
      </file>
    </package>
    <package name="src.components.CustomStickersPicker">
      <metrics statements="19" coveredstatements="5" conditionals="9" coveredconditionals="4" methods="6" coveredmethods="1"/>
      <file name="CustomStickersPicker.jsx" path="C:/Users/karee/OneDrive/Documents/school/SW Engineering/Project/testing/frontend2/Whisper_FrontEnd/src/components/CustomStickersPicker/CustomStickersPicker.jsx">
        <metrics statements="19" coveredstatements="5" conditionals="9" coveredconditionals="4" methods="6" coveredmethods="1"/>
        <line num="1" count="208" type="cond" truecount="4" falsecount="1"/>
        <line num="5" count="26" type="stmt"/>
        <line num="6" count="0" type="stmt"/>
        <line num="7" count="0" type="stmt"/>
        <line num="9" count="0" type="stmt"/>
        <line num="10" count="0" type="stmt"/>
        <line num="11" count="0" type="stmt"/>
        <line num="12" count="0" type="stmt"/>
        <line num="13" count="0" type="stmt"/>
        <line num="14" count="0" type="stmt"/>
        <line num="16" count="0" type="stmt"/>
        <line num="17" count="0" type="stmt"/>
        <line num="21" count="0" type="stmt"/>
        <line num="24" count="0" type="stmt"/>
        <line num="31" count="0" type="stmt"/>
        <line num="38" count="0" type="stmt"/>
        <line num="47" count="26" type="stmt"/>
        <line num="49" count="26" type="stmt"/>
        <line num="53" count="26" type="stmt"/>
      </file>
    </package>
    <package name="src.components.DeletedMessage">
      <metrics statements="11" coveredstatements="5" conditionals="5" coveredconditionals="3" methods="4" coveredmethods="1"/>
      <file name="DeletedMessage.jsx" path="C:/Users/karee/OneDrive/Documents/school/SW Engineering/Project/testing/frontend2/Whisper_FrontEnd/src/components/DeletedMessage/DeletedMessage.jsx">
        <metrics statements="11" coveredstatements="5" conditionals="5" coveredconditionals="3" methods="4" coveredmethods="1"/>
        <line num="1" count="234" type="cond" truecount="3" falsecount="0"/>
        <line num="7" count="26" type="stmt"/>
        <line num="8" count="26" type="stmt"/>
        <line num="9" count="0" type="stmt"/>
        <line num="11" count="0" type="stmt"/>
        <line num="12" count="0" type="cond" truecount="0" falsecount="2"/>
        <line num="13" count="0" type="stmt"/>
        <line num="15" count="0" type="stmt"/>
        <line num="19" count="0" type="stmt"/>
        <line num="25" count="26" type="stmt"/>
        <line num="27" count="26" type="stmt"/>
      </file>
    </package>
    <package name="src.components.DeliveredTicks">
      <metrics statements="5" coveredstatements="5" conditionals="3" coveredconditionals="3" methods="2" coveredmethods="2"/>
      <file name="DeliveredTicks.jsx" path="C:/Users/karee/OneDrive/Documents/school/SW Engineering/Project/testing/frontend2/Whisper_FrontEnd/src/components/DeliveredTicks/DeliveredTicks.jsx">
        <metrics statements="5" coveredstatements="5" conditionals="3" coveredconditionals="3" methods="2" coveredmethods="2"/>
        <line num="1" count="208" type="cond" truecount="3" falsecount="0"/>
        <line num="7" count="26" type="stmt"/>
        <line num="8" count="2" type="stmt"/>
        <line num="13" count="26" type="stmt"/>
        <line num="15" count="26" type="stmt"/>
      </file>
    </package>
    <package name="src.components.DraftedMessage">
      <metrics statements="7" coveredstatements="4" conditionals="5" coveredconditionals="3" methods="2" coveredmethods="1"/>
      <file name="DraftedMessage.jsx" path="C:/Users/karee/OneDrive/Documents/school/SW Engineering/Project/testing/frontend2/Whisper_FrontEnd/src/components/DraftedMessage/DraftedMessage.jsx">
        <metrics statements="7" coveredstatements="4" conditionals="5" coveredconditionals="3" methods="2" coveredmethods="1"/>
        <line num="1" count="208" type="cond" truecount="3" falsecount="0"/>
        <line num="5" count="26" type="stmt"/>
        <line num="6" count="0" type="stmt"/>
        <line num="8" count="0" type="cond" truecount="0" falsecount="2"/>
        <line num="10" count="0" type="stmt"/>
        <line num="16" count="26" type="stmt"/>
        <line num="18" count="26" type="stmt"/>
      </file>
    </package>
    <package name="src.components.ErrorMessage">
      <metrics statements="7" coveredstatements="4" conditionals="3" coveredconditionals="3" methods="3" coveredmethods="1"/>
      <file name="ErrorMessage.jsx" path="C:/Users/karee/OneDrive/Documents/school/SW Engineering/Project/testing/frontend2/Whisper_FrontEnd/src/components/ErrorMessage/ErrorMessage.jsx">
        <metrics statements="7" coveredstatements="4" conditionals="3" coveredconditionals="3" methods="3" coveredmethods="1"/>
        <line num="1" count="208" type="cond" truecount="3" falsecount="0"/>
        <line num="5" count="26" type="stmt"/>
        <line num="6" count="0" type="stmt"/>
        <line num="7" count="0" type="stmt"/>
        <line num="10" count="0" type="stmt"/>
        <line num="16" count="26" type="stmt"/>
        <line num="18" count="26" type="stmt"/>
      </file>
    </package>
    <package name="src.components.GroupAddMembers">
      <metrics statements="31" coveredstatements="5" conditionals="10" coveredconditionals="4" methods="9" coveredmethods="1"/>
      <file name="GroupAddMembers.jsx" path="C:/Users/karee/OneDrive/Documents/school/SW Engineering/Project/testing/frontend2/Whisper_FrontEnd/src/components/GroupAddMembers/GroupAddMembers.jsx">
        <metrics statements="31" coveredstatements="5" conditionals="10" coveredconditionals="4" methods="9" coveredmethods="1"/>
        <line num="1" count="208" type="cond" truecount="4" falsecount="1"/>
        <line num="9" count="26" type="stmt"/>
        <line num="10" count="0" type="stmt"/>
        <line num="11" count="0" type="stmt"/>
        <line num="12" count="0" type="stmt"/>
        <line num="13" count="0" type="stmt"/>
        <line num="14" count="0" type="stmt"/>
        <line num="15" count="0" type="stmt"/>
        <line num="16" count="26" type="stmt"/>
        <line num="18" count="0" type="stmt"/>
        <line num="19" count="0" type="stmt"/>
        <line num="20" count="0" type="stmt"/>
        <line num="21" count="0" type="stmt"/>
        <line num="22" count="0" type="stmt"/>
        <line num="23" count="0" type="stmt"/>
        <line num="24" count="0" type="stmt"/>
        <line num="25" count="0" type="stmt"/>
        <line num="26" count="0" type="stmt"/>
        <line num="28" count="0" type="stmt"/>
        <line num="31" count="0" type="cond" truecount="0" falsecount="1"/>
        <line num="33" count="0" type="stmt"/>
        <line num="38" count="0" type="stmt"/>
        <line num="39" count="0" type="stmt"/>
        <line num="40" count="0" type="stmt"/>
        <line num="41" count="0" type="stmt"/>
        <line num="43" count="0" type="stmt"/>
        <line num="45" count="0" type="stmt"/>
        <line num="49" count="0" type="stmt"/>
        <line num="52" count="0" type="stmt"/>
        <line num="77" count="26" type="stmt"/>
        <line num="79" count="26" type="stmt"/>
      </file>
    </package>
    <package name="src.components.GroupInfo">
      <metrics statements="22" coveredstatements="9" conditionals="12" coveredconditionals="8" methods="10" coveredmethods="2"/>
      <file name="GroupInfo.jsx" path="C:/Users/karee/OneDrive/Documents/school/SW Engineering/Project/testing/frontend2/Whisper_FrontEnd/src/components/GroupInfo/GroupInfo.jsx">
        <metrics statements="17" coveredstatements="5" conditionals="7" coveredconditionals="4" methods="8" coveredmethods="1"/>
        <line num="1" count="208" type="cond" truecount="4" falsecount="1"/>
        <line num="10" count="26" type="stmt"/>
        <line num="11" count="0" type="stmt"/>
        <line num="12" count="26" type="stmt"/>
        <line num="13" count="0" type="stmt"/>
        <line num="14" count="0" type="stmt"/>
        <line num="15" count="0" type="stmt"/>
        <line num="16" count="0" type="stmt"/>
        <line num="20" count="0" type="stmt"/>
        <line num="21" count="0" type="stmt"/>
        <line num="23" count="0" type="stmt"/>
        <line num="24" count="0" type="stmt"/>
        <line num="27" count="0" type="stmt"/>
        <line num="28" count="0" type="stmt"/>
        <line num="31" count="0" type="stmt"/>
        <line num="66" count="26" type="stmt"/>
        <line num="68" count="26" type="stmt"/>
      </file>
      <file name="GroupInfoContainer.jsx" path="C:/Users/karee/OneDrive/Documents/school/SW Engineering/Project/testing/frontend2/Whisper_FrontEnd/src/components/GroupInfo/GroupInfoContainer.jsx">
        <metrics statements="5" coveredstatements="4" conditionals="5" coveredconditionals="4" methods="2" coveredmethods="1"/>
        <line num="1" count="182" type="cond" truecount="4" falsecount="1"/>
        <line num="3" count="26" type="stmt"/>
        <line num="4" count="0" type="stmt"/>
        <line num="9" count="26" type="stmt"/>
        <line num="11" count="26" type="stmt"/>
      </file>
    </package>
    <package name="src.components.GroupMembers">
      <metrics statements="57" coveredstatements="10" conditionals="24" coveredconditionals="8" methods="23" coveredmethods="2"/>
      <file name="GroupMembers.jsx" path="C:/Users/karee/OneDrive/Documents/school/SW Engineering/Project/testing/frontend2/Whisper_FrontEnd/src/components/GroupMembers/GroupMembers.jsx">
        <metrics statements="24" coveredstatements="5" conditionals="19" coveredconditionals="4" methods="12" coveredmethods="1"/>
        <line num="1" count="208" type="cond" truecount="4" falsecount="1"/>
        <line num="8" count="26" type="stmt"/>
        <line num="9" count="0" type="stmt"/>
        <line num="13" count="26" type="stmt"/>
        <line num="15" count="0" type="stmt"/>
        <line num="17" count="0" type="stmt"/>
        <line num="18" count="0" type="stmt"/>
        <line num="20" count="0" type="stmt"/>
        <line num="26" count="0" type="stmt"/>
        <line num="27" count="0" type="stmt"/>
        <line num="30" count="0" type="stmt"/>
        <line num="32" count="0" type="stmt"/>
        <line num="33" count="0" type="cond" truecount="0" falsecount="3"/>
        <line num="34" count="0" type="stmt"/>
        <line num="38" count="0" type="stmt"/>
        <line num="40" count="0" type="stmt"/>
        <line num="41" count="0" type="stmt"/>
        <line num="45" count="0" type="stmt"/>
        <line num="52" count="0" type="stmt"/>
        <line num="66" count="0" type="stmt"/>
        <line num="79" count="0" type="stmt"/>
        <line num="80" count="0" type="stmt"/>
        <line num="90" count="26" type="stmt"/>
        <line num="92" count="26" type="stmt"/>
      </file>
      <file name="GroupMembersContainer.jsx" path="C:/Users/karee/OneDrive/Documents/school/SW Engineering/Project/testing/frontend2/Whisper_FrontEnd/src/components/GroupMembers/GroupMembersContainer.jsx">
        <metrics statements="33" coveredstatements="5" conditionals="5" coveredconditionals="4" methods="11" coveredmethods="1"/>
        <line num="1" count="208" type="cond" truecount="4" falsecount="1"/>
        <line num="6" count="26" type="stmt"/>
        <line num="7" count="0" type="stmt"/>
        <line num="8" count="0" type="stmt"/>
        <line num="9" count="0" type="stmt"/>
        <line num="10" count="0" type="stmt"/>
        <line num="11" count="26" type="stmt"/>
        <line num="13" count="0" type="stmt"/>
        <line num="14" count="0" type="stmt"/>
        <line num="15" count="0" type="stmt"/>
        <line num="17" count="0" type="stmt"/>
        <line num="21" count="0" type="stmt"/>
        <line num="22" count="0" type="stmt"/>
        <line num="23" count="0" type="stmt"/>
        <line num="24" count="0" type="stmt"/>
        <line num="26" count="0" type="stmt"/>
        <line num="30" count="0" type="stmt"/>
        <line num="31" count="0" type="stmt"/>
        <line num="32" count="0" type="stmt"/>
        <line num="33" count="0" type="stmt"/>
        <line num="34" count="0" type="stmt"/>
        <line num="35" count="0" type="stmt"/>
        <line num="36" count="0" type="stmt"/>
        <line num="37" count="0" type="stmt"/>
        <line num="38" count="0" type="stmt"/>
        <line num="41" count="0" type="stmt"/>
        <line num="45" count="0" type="stmt"/>
        <line num="48" count="0" type="stmt"/>
        <line num="50" count="0" type="stmt"/>
        <line num="51" count="0" type="stmt"/>
        <line num="53" count="0" type="stmt"/>
        <line num="62" count="26" type="stmt"/>
        <line num="64" count="26" type="stmt"/>
      </file>
    </package>
    <package name="src.components.GroupSettings">
      <metrics statements="32" coveredstatements="5" conditionals="10" coveredconditionals="4" methods="12" coveredmethods="1"/>
      <file name="GroupSettings.jsx" path="C:/Users/karee/OneDrive/Documents/school/SW Engineering/Project/testing/frontend2/Whisper_FrontEnd/src/components/GroupSettings/GroupSettings.jsx">
        <metrics statements="32" coveredstatements="5" conditionals="10" coveredconditionals="4" methods="12" coveredmethods="1"/>
        <line num="1" count="208" type="cond" truecount="4" falsecount="1"/>
        <line num="7" count="26" type="stmt"/>
        <line num="8" count="0" type="stmt"/>
        <line num="9" count="0" type="stmt"/>
        <line num="10" count="0" type="stmt"/>
        <line num="12" count="0" type="stmt"/>
        <line num="13" count="0" type="stmt"/>
        <line num="14" count="0" type="stmt"/>
        <line num="15" count="0" type="stmt"/>
        <line num="16" count="0" type="stmt"/>
        <line num="17" count="0" type="cond" truecount="0" falsecount="2"/>
        <line num="18" count="0" type="stmt"/>
        <line num="20" count="0" type="stmt"/>
        <line num="24" count="0" type="stmt"/>
        <line num="26" count="26" type="stmt"/>
        <line num="28" count="0" type="stmt"/>
        <line num="29" count="0" type="stmt"/>
        <line num="32" count="0" type="stmt"/>
        <line num="33" count="0" type="stmt"/>
        <line num="34" count="0" type="cond" truecount="0" falsecount="3"/>
        <line num="35" count="0" type="stmt"/>
        <line num="39" count="0" type="stmt"/>
        <line num="40" count="0" type="stmt"/>
        <line num="41" count="0" type="stmt"/>
        <line num="43" count="0" type="stmt"/>
        <line num="44" count="0" type="stmt"/>
        <line num="47" count="0" type="stmt"/>
        <line num="50" count="0" type="stmt"/>
        <line num="64" count="0" type="stmt"/>
        <line num="75" count="0" type="stmt"/>
        <line num="118" count="26" type="stmt"/>
        <line num="120" count="26" type="stmt"/>
      </file>
    </package>
    <package name="src.components.Home">
      <metrics statements="5" coveredstatements="5" conditionals="3" coveredconditionals="3" methods="2" coveredmethods="2"/>
      <file name="Home.jsx" path="C:/Users/karee/OneDrive/Documents/school/SW Engineering/Project/testing/frontend2/Whisper_FrontEnd/src/components/Home/Home.jsx">
        <metrics statements="5" coveredstatements="5" conditionals="3" coveredconditionals="3" methods="2" coveredmethods="2"/>
        <line num="1" count="208" type="cond" truecount="3" falsecount="0"/>
        <line num="9" count="26" type="stmt"/>
        <line num="10" count="12" type="stmt"/>
        <line num="23" count="26" type="stmt"/>
        <line num="25" count="26" type="stmt"/>
      </file>
    </package>
    <package name="src.components.ImageMessage">
      <metrics statements="5" coveredstatements="4" conditionals="7" coveredconditionals="3" methods="2" coveredmethods="1"/>
      <file name="ImageMessage.jsx" path="C:/Users/karee/OneDrive/Documents/school/SW Engineering/Project/testing/frontend2/Whisper_FrontEnd/src/components/ImageMessage/ImageMessage.jsx">
        <metrics statements="5" coveredstatements="4" conditionals="7" coveredconditionals="3" methods="2" coveredmethods="1"/>
        <line num="1" count="208" type="cond" truecount="3" falsecount="0"/>
        <line num="8" count="26" type="stmt"/>
        <line num="9" count="0" type="stmt"/>
        <line num="15" count="26" type="stmt"/>
        <line num="17" count="26" type="stmt"/>
      </file>
    </package>
    <package name="src.components.Info">
      <metrics statements="47" coveredstatements="25" conditionals="27" coveredconditionals="5" methods="17" coveredmethods="6"/>
      <file name="Info.jsx" path="C:/Users/karee/OneDrive/Documents/school/SW Engineering/Project/testing/frontend2/Whisper_FrontEnd/src/components/Info/Info.jsx">
        <metrics statements="47" coveredstatements="25" conditionals="27" coveredconditionals="5" methods="17" coveredmethods="6"/>
        <line num="1" count="208" type="cond" truecount="4" falsecount="1"/>
        <line num="7" count="26" type="stmt"/>
        <line num="8" count="15" type="stmt"/>
        <line num="9" count="15" type="stmt"/>
        <line num="10" count="15" type="stmt"/>
        <line num="11" count="15" type="stmt"/>
        <line num="12" count="26" type="stmt"/>
        <line num="14" count="15" type="stmt"/>
        <line num="15" count="0" type="stmt"/>
        <line num="18" count="15" type="stmt"/>
        <line num="19" count="0" type="stmt"/>
        <line num="23" count="15" type="stmt"/>
        <line num="24" count="0" type="stmt"/>
        <line num="25" count="0" type="cond" truecount="0" falsecount="2"/>
        <line num="26" count="0" type="stmt"/>
        <line num="27" count="0" type="stmt"/>
        <line num="29" count="0" type="cond" truecount="0" falsecount="4"/>
        <line num="30" count="0" type="stmt"/>
        <line num="32" count="0" type="stmt"/>
        <line num="36" count="15" type="stmt"/>
        <line num="37" count="0" type="stmt"/>
        <line num="38" count="0" type="stmt"/>
        <line num="40" count="0" type="stmt"/>
        <line num="44" count="15" type="stmt"/>
        <line num="45" count="0" type="stmt"/>
        <line num="46" count="0" type="stmt"/>
        <line num="48" count="0" type="stmt"/>
        <line num="52" count="15" type="stmt"/>
        <line num="53" count="0" type="stmt"/>
        <line num="56" count="15" type="stmt"/>
        <line num="57" count="0" type="stmt"/>
        <line num="60" count="15" type="stmt"/>
        <line num="61" count="5" type="stmt"/>
        <line num="63" count="15" type="stmt"/>
        <line num="64" count="5" type="cond" truecount="0" falsecount="1"/>
        <line num="65" count="0" type="stmt"/>
        <line num="67" count="5" type="stmt"/>
        <line num="68" count="0" type="cond" truecount="0" falsecount="1"/>
        <line num="70" count="5" type="stmt"/>
        <line num="71" count="5" type="stmt"/>
        <line num="72" count="5" type="stmt"/>
        <line num="77" count="15" type="stmt"/>
        <line num="86" count="0" type="stmt"/>
        <line num="100" count="0" type="stmt"/>
        <line num="101" count="0" type="stmt"/>
        <line num="126" count="26" type="stmt"/>
        <line num="128" count="26" type="stmt"/>
      </file>
    </package>
    <package name="src.components.LastMessage">
      <metrics statements="6" coveredstatements="6" conditionals="23" coveredconditionals="16" methods="3" coveredmethods="3"/>
      <file name="LastMessage.jsx" path="C:/Users/karee/OneDrive/Documents/school/SW Engineering/Project/testing/frontend2/Whisper_FrontEnd/src/components/LastMessage/LastMessage.jsx">
        <metrics statements="6" coveredstatements="6" conditionals="23" coveredconditionals="16" methods="3" coveredmethods="3"/>
        <line num="1" count="234" type="cond" truecount="3" falsecount="0"/>
        <line num="12" count="26" type="stmt"/>
        <line num="14" count="10" type="stmt"/>
        <line num="16" count="10" type="stmt"/>
        <line num="45" count="26" type="stmt"/>
        <line num="47" count="26" type="stmt"/>
      </file>
    </package>
    <package name="src.components.LoadingData">
      <metrics statements="5" coveredstatements="5" conditionals="3" coveredconditionals="3" methods="2" coveredmethods="2"/>
      <file name="LoadingData.jsx" path="C:/Users/karee/OneDrive/Documents/school/SW Engineering/Project/testing/frontend2/Whisper_FrontEnd/src/components/LoadingData/LoadingData.jsx">
        <metrics statements="5" coveredstatements="5" conditionals="3" coveredconditionals="3" methods="2" coveredmethods="2"/>
        <line num="1" count="208" type="cond" truecount="3" falsecount="0"/>
        <line num="4" count="26" type="stmt"/>
        <line num="5" count="65" type="stmt"/>
        <line num="18" count="26" type="stmt"/>
        <line num="20" count="26" type="stmt"/>
      </file>
    </package>
    <package name="src.components.MessageAttachment">
      <metrics statements="128" coveredstatements="6" conditionals="50" coveredconditionals="4" methods="19" coveredmethods="1"/>
      <file name="MessageAttachementRenderer.jsx" path="C:/Users/karee/OneDrive/Documents/school/SW Engineering/Project/testing/frontend2/Whisper_FrontEnd/src/components/MessageAttachment/MessageAttachementRenderer.jsx">
        <metrics statements="116" coveredstatements="5" conditionals="48" coveredconditionals="4" methods="18" coveredmethods="1"/>
        <line num="1" count="208" type="cond" truecount="4" falsecount="1"/>
        <line num="9" count="26" type="stmt"/>
        <line num="10" count="0" type="stmt"/>
        <line num="11" count="0" type="stmt"/>
        <line num="12" count="0" type="stmt"/>
        <line num="13" count="0" type="stmt"/>
        <line num="14" count="0" type="stmt"/>
        <line num="15" count="0" type="stmt"/>
        <line num="16" count="0" type="stmt"/>
        <line num="17" count="0" type="stmt"/>
        <line num="18" count="0" type="stmt"/>
        <line num="19" count="0" type="stmt"/>
        <line num="20" count="26" type="stmt"/>
        <line num="22" count="0" type="stmt"/>
        <line num="23" count="0" type="stmt"/>
        <line num="24" count="0" type="stmt"/>
        <line num="25" count="0" type="stmt"/>
        <line num="26" count="0" type="stmt"/>
        <line num="29" count="0" type="stmt"/>
        <line num="30" count="0" type="stmt"/>
        <line num="31" count="0" type="stmt"/>
        <line num="32" count="0" type="cond" truecount="0" falsecount="1"/>
        <line num="33" count="0" type="stmt"/>
        <line num="34" count="0" type="stmt"/>
        <line num="36" count="0" type="cond" truecount="0" falsecount="1"/>
        <line num="37" count="0" type="stmt"/>
        <line num="38" count="0" type="stmt"/>
        <line num="39" count="0" type="stmt"/>
        <line num="40" count="0" type="stmt"/>
        <line num="43" count="0" type="cond" truecount="0" falsecount="4"/>
        <line num="44" count="0" type="stmt"/>
        <line num="45" count="0" type="cond" truecount="0" falsecount="2"/>
        <line num="46" count="0" type="stmt"/>
        <line num="47" count="0" type="stmt"/>
        <line num="48" count="0" type="stmt"/>
        <line num="49" count="0" type="stmt"/>
        <line num="50" count="0" type="stmt"/>
        <line num="53" count="0" type="stmt"/>
        <line num="54" count="0" type="stmt"/>
        <line num="55" count="0" type="stmt"/>
        <line num="57" count="0" type="stmt"/>
        <line num="58" count="0" type="stmt"/>
        <line num="61" count="0" type="stmt"/>
        <line num="62" count="0" type="stmt"/>
        <line num="63" count="0" type="stmt"/>
        <line num="64" count="0" type="stmt"/>
        <line num="65" count="0" type="stmt"/>
        <line num="66" count="0" type="stmt"/>
        <line num="70" count="0" type="stmt"/>
        <line num="73" count="0" type="stmt"/>
        <line num="74" count="0" type="stmt"/>
        <line num="75" count="0" type="stmt"/>
        <line num="79" count="0" type="cond" truecount="0" falsecount="3"/>
        <line num="80" count="0" type="stmt"/>
        <line num="83" count="0" type="stmt"/>
        <line num="84" count="0" type="stmt"/>
        <line num="85" count="0" type="stmt"/>
        <line num="86" count="0" type="stmt"/>
        <line num="87" count="0" type="stmt"/>
        <line num="90" count="0" type="stmt"/>
        <line num="91" count="0" type="cond" truecount="0" falsecount="1"/>
        <line num="92" count="0" type="cond" truecount="0" falsecount="2"/>
        <line num="93" count="0" type="stmt"/>
[...]
        <line num="89" count="26" type="stmt"/>
        <line num="90" count="0" type="stmt"/>
        <line num="91" count="0" type="stmt"/>
        <line num="98" count="0" type="stmt"/>
        <line num="100" count="0" type="stmt"/>
        <line num="101" count="0" type="stmt"/>
        <line num="105" count="26" type="stmt"/>
        <line num="106" count="0" type="stmt"/>
        <line num="107" count="0" type="stmt"/>
        <line num="108" count="0" type="stmt"/>
        <line num="111" count="0" type="stmt"/>
        <line num="126" count="0" type="cond" truecount="0" falsecount="5"/>
        <line num="127" count="0" type="stmt"/>
        <line num="130" count="0" type="stmt"/>
        <line num="132" count="0" type="stmt"/>
        <line num="134" count="0" type="stmt"/>
        <line num="136" count="0" type="stmt"/>
        <line num="137" count="0" type="stmt"/>
        <line num="139" count="0" type="stmt"/>
        <line num="141" count="0" type="stmt"/>
        <line num="142" count="0" type="stmt"/>
        <line num="143" count="0" type="cond" truecount="0" falsecount="5"/>
        <line num="144" count="0" type="stmt"/>
        <line num="146" count="0" type="stmt"/>
        <line num="152" count="26" type="stmt"/>
        <line num="153" count="0" type="stmt"/>
        <line num="155" count="0" type="stmt"/>
        <line num="156" count="0" type="stmt"/>
        <line num="158" count="0" type="stmt"/>
        <line num="160" count="0" type="stmt"/>
        <line num="161" count="0" type="stmt"/>
        <line num="162" count="0" type="cond" truecount="0" falsecount="5"/>
        <line num="163" count="0" type="stmt"/>
        <line num="165" count="0" type="stmt"/>
        <line num="171" count="26" type="stmt"/>
        <line num="172" count="0" type="stmt"/>
        <line num="173" count="0" type="cond" truecount="0" falsecount="2"/>
        <line num="174" count="0" type="stmt"/>
        <line num="175" count="0" type="stmt"/>
        <line num="176" count="0" type="stmt"/>
        <line num="177" count="0" type="cond" truecount="0" falsecount="2"/>
        <line num="180" count="0" type="stmt"/>
        <line num="181" count="0" type="stmt"/>
        <line num="185" count="26" type="stmt"/>
        <line num="186" count="6" type="stmt"/>
        <line num="187" count="6" type="stmt"/>
        <line num="189" count="6" type="stmt"/>
        <line num="190" count="6" type="cond" truecount="1" falsecount="0"/>
        <line num="191" count="6" type="stmt"/>
        <line num="192" count="6" type="stmt"/>
        <line num="195" count="0" type="stmt"/>
        <line num="206" count="0" type="stmt"/>
        <line num="207" count="0" type="stmt"/>
        <line num="208" count="0" type="stmt"/>
        <line num="209" count="0" type="stmt"/>
        <line num="210" count="0" type="stmt"/>
        <line num="212" count="0" type="stmt"/>
        <line num="213" count="0" type="stmt"/>
        <line num="214" count="0" type="cond" truecount="0" falsecount="5"/>
        <line num="215" count="0" type="stmt"/>
        <line num="217" count="0" type="stmt"/>
        <line num="223" count="26" type="stmt"/>
        <line num="224" count="0" type="stmt"/>
        <line num="225" count="0" type="stmt"/>
        <line num="226" count="0" type="stmt"/>
        <line num="228" count="0" type="stmt"/>
        <line num="229" count="0" type="stmt"/>
        <line num="230" count="0" type="cond" truecount="0" falsecount="5"/>
        <line num="231" count="0" type="stmt"/>
        <line num="233" count="0" type="stmt"/>
      </file>
    </package>
    <package name="src.services.sockets">
      <metrics statements="95" coveredstatements="46" conditionals="5" coveredconditionals="5" methods="66" coveredmethods="24"/>
      <file name="ChatSocket.js" path="C:/Users/karee/OneDrive/Documents/school/SW Engineering/Project/testing/frontend2/Whisper_FrontEnd/src/services/sockets/ChatSocket.js">
        <metrics statements="22" coveredstatements="11" conditionals="1" coveredconditionals="1" methods="17" coveredmethods="7"/>
        <line num="9" count="118" type="cond" truecount="1" falsecount="0"/>
        <line num="10" count="92" type="stmt"/>
        <line num="13" count="26" type="stmt"/>
        <line num="14" count="26" type="stmt"/>
        <line num="16" count="26" type="stmt"/>
        <line num="20" count="0" type="stmt"/>
        <line num="24" count="0" type="stmt"/>
        <line num="28" count="0" type="stmt"/>
        <line num="31" count="0" type="stmt"/>
        <line num="34" count="0" type="stmt"/>
        <line num="38" count="0" type="stmt"/>
        <line num="42" count="26" type="stmt"/>
        <line num="46" count="26" type="stmt"/>
        <line num="50" count="26" type="stmt"/>
        <line num="54" count="26" type="stmt"/>
        <line num="58" count="26" type="stmt"/>
        <line num="62" count="0" type="stmt"/>
        <line num="66" count="0" type="stmt"/>
        <line num="70" count="26" type="stmt"/>
        <line num="74" count="0" type="stmt"/>
        <line num="78" count="0" type="stmt"/>
        <line num="79" count="0" type="stmt"/>
      </file>
      <file name="MessagingSocket.js" path="C:/Users/karee/OneDrive/Documents/school/SW Engineering/Project/testing/frontend2/Whisper_FrontEnd/src/services/sockets/MessagingSocket.js">
        <metrics statements="27" coveredstatements="11" conditionals="1" coveredconditionals="1" methods="24" coveredmethods="8"/>
        <line num="7" count="118" type="cond" truecount="1" falsecount="0"/>
        <line num="8" count="92" type="stmt"/>
        <line num="11" count="26" type="stmt"/>
        <line num="13" count="26" type="stmt"/>
        <line num="17" count="0" type="stmt"/>
        <line num="21" count="0" type="stmt"/>
        <line num="25" count="0" type="stmt"/>
        <line num="29" count="26" type="stmt"/>
        <line num="33" count="0" type="stmt"/>
        <line num="37" count="0" type="stmt"/>
        <line num="38" count="0" type="stmt"/>
        <line num="42" count="26" type="stmt"/>
        <line num="45" count="0" type="stmt"/>
        <line num="51" count="0" type="stmt"/>
        <line num="55" count="0" type="stmt"/>
        <line num="59" count="26" type="stmt"/>
        <line num="63" count="26" type="stmt"/>
        <line num="67" count="0" type="stmt"/>
        <line num="71" count="0" type="stmt"/>
        <line num="75" count="26" type="stmt"/>
        <line num="79" count="26" type="stmt"/>
        <line num="83" count="0" type="stmt"/>
        <line num="87" count="0" type="stmt"/>
        <line num="95" count="0" type="stmt"/>
        <line num="99" count="26" type="stmt"/>
        <line num="103" count="0" type="stmt"/>
        <line num="107" count="0" type="stmt"/>
      </file>
      <file name="Socket.js" path="C:/Users/karee/OneDrive/Documents/school/SW Engineering/Project/testing/frontend2/Whisper_FrontEnd/src/services/sockets/Socket.js">
        <metrics statements="9" coveredstatements="7" conditionals="1" coveredconditionals="1" methods="4" coveredmethods="1"/>
        <line num="6" count="104" type="stmt"/>
        <line num="9" count="104" type="cond" truecount="1" falsecount="0"/>
        <line num="10" count="26" type="stmt"/>
        <line num="12" count="26" type="stmt"/>
        <line num="19" count="26" type="stmt"/>
        <line num="21" count="104" type="stmt"/>
        <line num="22" count="104" type="stmt"/>
        <line num="26" count="0" type="stmt"/>
        <line num="30" count="0" type="stmt"/>
      </file>
      <file name="StorySocket.js" path="C:/Users/karee/OneDrive/Documents/school/SW Engineering/Project/testing/frontend2/Whisper_FrontEnd/src/services/sockets/StorySocket.js">
        <metrics statements="22" coveredstatements="8" conditionals="1" coveredconditionals="1" methods="14" coveredmethods="5"/>
        <line num="7" count="170" type="cond" truecount="1" falsecount="0"/>
        <line num="8" count="144" type="stmt"/>
        <line num="11" count="26" type="stmt"/>
        <line num="13" count="26" type="stmt"/>
        <line num="17" count="0" type="stmt"/>
        <line num="18" count="0" type="stmt"/>
        <line num="22" count="0" type="stmt"/>
        <line num="26" count="0" type="stmt"/>
        <line num="30" count="0" type="stmt"/>
        <line num="34" count="26" type="stmt"/>
        <line num="38" count="26" type="stmt"/>
        <line num="42" count="26" type="stmt"/>
        <line num="46" count="26" type="stmt"/>
        <line num="50" count="0" type="stmt"/>
        <line num="51" count="0" type="stmt"/>
        <line num="55" count="0" type="stmt"/>
        <line num="56" count="0" type="stmt"/>
        <line num="60" count="0" type="stmt"/>
        <line num="61" count="0" type="stmt"/>
        <line num="65" count="0" type="stmt"/>
        <line num="66" count="0" type="stmt"/>
        <line num="70" count="0" type="stmt"/>
      </file>
      <file name="UserSocket.js" path="C:/Users/karee/OneDrive/Documents/school/SW Engineering/Project/testing/frontend2/Whisper_FrontEnd/src/services/sockets/UserSocket.js">
        <metrics statements="15" coveredstatements="9" conditionals="1" coveredconditionals="1" methods="7" coveredmethods="3"/>
        <line num="7" count="38" type="cond" truecount="1" falsecount="0"/>
        <line num="8" count="12" type="stmt"/>
        <line num="9" count="12" type="stmt"/>
        <line num="11" count="26" type="stmt"/>
        <line num="13" count="26" type="stmt"/>
        <line num="17" count="6" type="stmt"/>
        <line num="18" count="6" type="stmt"/>
        <line num="19" count="0" type="stmt"/>
        <line num="20" count="0" type="stmt"/>
        <line num="25" count="6" type="stmt"/>
        <line num="26" count="6" type="stmt"/>
        <line num="27" count="0" type="stmt"/>
        <line num="32" count="0" type="stmt"/>
        <line num="33" count="0" type="stmt"/>
        <line num="37" count="0" type="stmt"/>
      </file>
    </package>
    <package name="src.services.storiesservice">
      <metrics statements="70" coveredstatements="19" conditionals="3" coveredconditionals="0" methods="12" coveredmethods="2"/>
      <file name="getLikesAndViews.js" path="C:/Users/karee/OneDrive/Documents/school/SW Engineering/Project/testing/frontend2/Whisper_FrontEnd/src/services/storiesservice/getLikesAndViews.js">
        <metrics statements="19" coveredstatements="2" conditionals="2" coveredconditionals="0" methods="5" coveredmethods="0"/>
        <line num="4" count="26" type="stmt"/>
        <line num="5" count="0" type="stmt"/>
        <line num="6" count="0" type="stmt"/>
        <line num="7" count="0" type="stmt"/>
        <line num="8" count="0" type="stmt"/>
        <line num="15" count="0" type="stmt"/>
        <line num="16" count="0" type="stmt"/>
        <line num="18" count="0" type="stmt"/>
        <line num="19" count="0" type="cond" truecount="0" falsecount="2"/>
        <line num="20" count="0" type="stmt"/>
        <line num="22" count="0" type="stmt"/>
        <line num="29" count="0" type="stmt"/>
        <line num="33" count="26" type="stmt"/>
        <line num="34" count="0" type="stmt"/>
        <line num="35" count="0" type="stmt"/>
        <line num="36" count="0" type="stmt"/>
        <line num="42" count="0" type="stmt"/>
        <line num="43" count="0" type="stmt"/>
        <line num="45" count="0" type="stmt"/>
      </file>
      <file name="getStories.js" path="C:/Users/karee/OneDrive/Documents/school/SW Engineering/Project/testing/frontend2/Whisper_FrontEnd/src/services/storiesservice/getStories.js">
        <metrics statements="45" coveredstatements="16" conditionals="1" coveredconditionals="0" methods="6" coveredmethods="2"/>
        <line num="4" count="26" type="stmt"/>
        <line num="6" count="26" type="stmt"/>
        <line num="7" count="0" type="stmt"/>
        <line num="8" count="0" type="stmt"/>
        <line num="9" count="0" type="stmt"/>
        <line num="10" count="0" type="stmt"/>
        <line num="17" count="0" type="stmt"/>
        <line num="19" count="0" type="stmt"/>
        <line num="20" count="0" type="stmt"/>
        <line num="24" count="26" type="stmt"/>
        <line num="25" count="0" type="stmt"/>
        <line num="26" count="0" type="stmt"/>
        <line num="27" count="0" type="stmt"/>
        <line num="29" count="0" type="stmt"/>
        <line num="31" count="0" type="stmt"/>
        <line num="41" count="0" type="stmt"/>
        <line num="42" count="0" type="stmt"/>
        <line num="43" count="0" type="stmt"/>
        <line num="44" count="0" type="stmt"/>
        <line num="45" count="0" type="stmt"/>
        <line num="46" count="0" type="stmt"/>
        <line num="48" count="0" type="stmt"/>
        <line num="51" count="0" type="stmt"/>
        <line num="55" count="0" type="stmt"/>
        <line num="57" count="0" type="stmt"/>
        <line num="58" count="0" type="stmt"/>
        <line num="62" count="26" type="stmt"/>
        <line num="63" count="17" type="stmt"/>
        <line num="64" count="17" type="stmt"/>
        <line num="65" count="17" type="stmt"/>
        <line num="72" count="17" type="stmt"/>
        <line num="74" count="0" type="stmt"/>
        <line num="78" count="26" type="stmt"/>
        <line num="79" count="17" type="stmt"/>
        <line num="80" count="17" type="stmt"/>
        <line num="81" count="17" type="stmt"/>
        <line num="82" count="17" type="stmt"/>
        <line num="83" count="17" type="stmt"/>
        <line num="84" count="17" type="stmt"/>
        <line num="85" count="0" type="cond" truecount="0" falsecount="1"/>
        <line num="86" count="0" type="stmt"/>
        <line num="88" count="0" type="stmt"/>
        <line num="93" count="0" type="stmt"/>
        <line num="95" count="0" type="stmt"/>
        <line num="97" count="17" type="stmt"/>
      </file>
      <file name="setStoryVisibility.js" path="C:/Users/karee/OneDrive/Documents/school/SW Engineering/Project/testing/frontend2/Whisper_FrontEnd/src/services/storiesservice/setStoryVisibility.js">
        <metrics statements="6" coveredstatements="1" conditionals="0" coveredconditionals="0" methods="1" coveredmethods="0"/>
        <line num="4" count="26" type="stmt"/>
        <line num="5" count="0" type="stmt"/>
        <line num="6" count="0" type="stmt"/>
        <line num="7" count="0" type="stmt"/>
        <line num="18" count="0" type="stmt"/>
        <line num="20" count="0" type="stmt"/>
      </file>
    </package>
    <package name="src.services.userservices">
      <metrics statements="31" coveredstatements="16" conditionals="0" coveredconditionals="0" methods="7" coveredmethods="2"/>
      <file name="getAllUsers.js" path="C:/Users/karee/OneDrive/Documents/school/SW Engineering/Project/testing/frontend2/Whisper_FrontEnd/src/services/userservices/getAllUsers.js">
        <metrics statements="21" coveredstatements="14" conditionals="0" coveredconditionals="0" methods="5" coveredmethods="2"/>
        <line num="6" count="26" type="stmt"/>
        <line num="7" count="0" type="stmt"/>
        <line num="8" count="0" type="stmt"/>
        <line num="13" count="0" type="stmt"/>
        <line num="15" count="0" type="stmt"/>
        <line num="16" count="0" type="stmt"/>
        <line num="20" count="26" type="stmt"/>
        <line num="21" count="17" type="stmt"/>
        <line num="22" count="17" type="stmt"/>
        <line num="23" count="17" type="stmt"/>
        <line num="29" count="16" type="stmt"/>
        <line num="31" count="16" type="stmt"/>
        <line num="33" count="0" type="stmt"/>
        <line num="38" count="26" type="stmt"/>
        <line num="39" count="17" type="stmt"/>
        <line num="40" count="17" type="stmt"/>
        <line num="41" count="16" type="stmt"/>
        <line num="42" count="0" type="stmt"/>
        <line num="45" count="6" type="stmt"/>
        <line num="46" count="6" type="stmt"/>
        <line num="48" count="10" type="stmt"/>
      </file>
      <file name="getUserInfo.js" path="C:/Users/karee/OneDrive/Documents/school/SW Engineering/Project/testing/frontend2/Whisper_FrontEnd/src/services/userservices/getUserInfo.js">
        <metrics statements="7" coveredstatements="1" conditionals="0" coveredconditionals="0" methods="1" coveredmethods="0"/>
        <line num="4" count="26" type="stmt"/>
        <line num="5" count="0" type="stmt"/>
        <line num="6" count="0" type="stmt"/>
        <line num="7" count="0" type="stmt"/>
        <line num="14" count="0" type="stmt"/>
        <line num="16" count="0" type="stmt"/>
        <line num="18" count="0" type="stmt"/>
      </file>
      <file name="searchUsers.js" path="C:/Users/karee/OneDrive/Documents/school/SW Engineering/Project/testing/frontend2/Whisper_FrontEnd/src/services/userservices/searchUsers.js">
        <metrics statements="3" coveredstatements="1" conditionals="0" coveredconditionals="0" methods="1" coveredmethods="0"/>
        <line num="4" count="26" type="stmt"/>
        <line num="5" count="0" type="stmt"/>
        <line num="8" count="0" type="stmt"/>
      </file>
    </package>
    <package name="src.utils">
      <metrics statements="14" coveredstatements="8" conditionals="2" coveredconditionals="0" methods="2" coveredmethods="0"/>
      <file name="APIRoutes.js" path="C:/Users/karee/OneDrive/Documents/school/SW Engineering/Project/testing/frontend2/Whisper_FrontEnd/src/utils/APIRoutes.js">
        <metrics statements="1" coveredstatements="1" conditionals="0" coveredconditionals="0" methods="0" coveredmethods="0"/>
        <line num="1" count="26" type="stmt"/>
      </file>
      <file name="SignupSchema.js" path="C:/Users/karee/OneDrive/Documents/school/SW Engineering/Project/testing/frontend2/Whisper_FrontEnd/src/utils/SignupSchema.js">
        <metrics statements="2" coveredstatements="2" conditionals="0" coveredconditionals="0" methods="0" coveredmethods="0"/>
        <line num="3" count="26" type="stmt"/>
        <line num="6" count="26" type="stmt"/>
      </file>
      <file name="formatDuration.js" path="C:/Users/karee/OneDrive/Documents/school/SW Engineering/Project/testing/frontend2/Whisper_FrontEnd/src/utils/formatDuration.js">
        <metrics statements="4" coveredstatements="1" conditionals="0" coveredconditionals="0" methods="1" coveredmethods="0"/>
        <line num="1" count="26" type="stmt"/>
        <line num="2" count="0" type="stmt"/>
        <line num="3" count="0" type="stmt"/>
        <line num="4" count="0" type="stmt"/>
      </file>
      <file name="getFileExtension.js" path="C:/Users/karee/OneDrive/Documents/school/SW Engineering/Project/testing/frontend2/Whisper_FrontEnd/src/utils/getFileExtension.js">
        <metrics statements="4" coveredstatements="1" conditionals="2" coveredconditionals="0" methods="1" coveredmethods="0"/>
        <line num="1" count="26" type="stmt"/>
        <line num="2" count="0" type="cond" truecount="0" falsecount="2"/>
        <line num="3" count="0" type="stmt"/>
        <line num="5" count="0" type="stmt"/>
      </file>
      <file name="loginSchema.js" path="C:/Users/karee/OneDrive/Documents/school/SW Engineering/Project/testing/frontend2/Whisper_FrontEnd/src/utils/loginSchema.js">
        <metrics statements="1" coveredstatements="1" conditionals="0" coveredconditionals="0" methods="0" coveredmethods="0"/>
        <line num="3" count="26" type="stmt"/>
      </file>
      <file name="resetSchema.js" path="C:/Users/karee/OneDrive/Documents/school/SW Engineering/Project/testing/frontend2/Whisper_FrontEnd/src/utils/resetSchema.js">
        <metrics statements="2" coveredstatements="2" conditionals="0" coveredconditionals="0" methods="0" coveredmethods="0"/>
        <line num="3" count="26" type="stmt"/>
        <line num="5" count="26" type="stmt"/>
      </file>
    </package>
  </project>
</coverage>
