<?xml version="1.0" encoding="UTF-8"?>
<coverage generated="1735032862982" clover="3.2.0">
  <project timestamp="1735032862982" name="All files">
    <metrics statements="6413" coveredstatements="2213" conditionals="2407" coveredconditionals="891" methods="1916" coveredmethods="558" elements="10736" coveredelements="3662" complexity="0" loc="6413" ncloc="6413" packages="113" files="213" classes="213"/>
    <package name="src">
      <metrics statements="143" coveredstatements="91" conditionals="56" coveredconditionals="30" methods="18" coveredmethods="13"/>
      <file name="App.jsx" path="C:/Users/karee/OneDrive/Documents/school/SW Engineering/Project/testing/FE-groups/Whisper_FrontEnd/src/App.jsx">
        <metrics statements="138" coveredstatements="86" conditionals="52" coveredconditionals="28" methods="18" coveredmethods="13"/>
        <line num="1" count="144" type="cond" truecount="3" falsecount="0"/>
        <line num="33" count="156" type="stmt"/>
        <line num="34" count="156" type="stmt"/>
        <line num="35" count="150" type="stmt"/>
        <line num="36" count="150" type="stmt"/>
        <line num="37" count="150" type="stmt"/>
        <line num="38" count="150" type="stmt"/>
        <line num="39" count="150" type="stmt"/>
        <line num="40" count="150" type="stmt"/>
        <line num="41" count="150" type="stmt"/>
        <line num="43" count="150" type="cond" truecount="0" falsecount="1"/>
        <line num="44" count="0" type="stmt"/>
        <line num="46" count="150" type="stmt"/>
        <line num="47" count="0" type="stmt"/>
        <line num="48" count="0" type="cond" truecount="0" falsecount="1"/>
        <line num="50" count="0" type="stmt"/>
        <line num="54" count="150" type="stmt"/>
        <line num="55" count="17" type="stmt"/>
        <line num="57" count="17" type="cond" truecount="1" falsecount="1"/>
        <line num="58" count="17" type="stmt"/>
        <line num="62" count="0" type="stmt"/>
        <line num="63" count="0" type="stmt"/>
        <line num="65" count="0" type="cond" truecount="0" falsecount="1"/>
        <line num="66" count="0" type="stmt"/>
        <line num="70" count="150" type="stmt"/>
        <line num="72" count="26" type="stmt"/>
        <line num="73" count="0" type="stmt"/>
        <line num="74" count="0" type="stmt"/>
        <line num="75" count="0" type="cond" truecount="0" falsecount="3"/>
        <line num="76" count="0" type="stmt"/>
        <line num="79" count="0" type="stmt"/>
        <line num="83" count="26" type="stmt"/>
        <line num="84" count="17" type="stmt"/>
        <line num="85" count="17" type="stmt"/>
        <line num="86" count="16" type="stmt"/>
        <line num="87" count="16" type="stmt"/>
        <line num="88" count="16" type="stmt"/>
        <line num="90" count="16" type="stmt"/>
        <line num="91" count="224" type="cond" truecount="3" falsecount="1"/>
        <line num="92" count="0" type="stmt"/>
        <line num="93" count="144" type="cond" truecount="4" falsecount="1"/>
        <line num="95" count="0" type="stmt"/>
        <line num="97" count="0" type="stmt"/>
        <line num="98" count="0" type="cond" truecount="0" falsecount="1"/>
        <line num="99" count="0" type="cond" truecount="0" falsecount="1"/>
        <line num="100" count="0" type="stmt"/>
        <line num="102" count="0" type="cond" truecount="0" falsecount="1"/>
        <line num="103" count="0" type="stmt"/>
        <line num="106" count="0" type="stmt"/>
        <line num="110" count="0" type="stmt"/>
        <line num="112" count="0" type="stmt"/>
        <line num="113" count="144" type="cond" truecount="1" falsecount="0"/>
        <line num="114" count="32" type="stmt"/>
        <line num="116" count="144" type="stmt"/>
        <line num="118" count="16" type="stmt"/>
        <line num="120" count="0" type="stmt"/>
        <line num="124" count="26" type="stmt"/>
        <line num="125" count="16" type="stmt"/>
        <line num="126" count="16" type="stmt"/>
        <line num="127" count="16" type="stmt"/>
        <line num="128" count="31" type="stmt"/>
        <line num="129" count="31" type="stmt"/>
        <line num="130" count="31" type="cond" truecount="1" falsecount="0"/>
        <line num="131" count="31" type="stmt"/>
        <line num="132" count="31" type="cond" truecount="1" falsecount="2"/>
        <line num="133" count="0" type="stmt"/>
        <line num="136" count="0" type="stmt"/>
        <line num="137" count="0" type="stmt"/>
        <line num="138" count="0" type="stmt"/>
        <line num="139" count="0" type="cond" truecount="0" falsecount="3"/>
        <line num="140" count="0" type="stmt"/>
        <line num="141" count="0" type="stmt"/>
        <line num="142" count="0" type="stmt"/>
        <line num="145" count="0" type="stmt"/>
        <line num="148" count="0" type="stmt"/>
        <line num="152" count="31" type="stmt"/>
        <line num="155" count="0" type="stmt"/>
        <line num="159" count="0" type="stmt"/>
        <line num="163" count="26" type="stmt"/>
        <line num="164" count="13" type="stmt"/>
        <line num="165" count="13" type="stmt"/>
        <line num="166" count="12" type="cond" truecount="3" falsecount="0"/>
        <line num="167" count="12" type="stmt"/>
        <line num="168" count="36" type="stmt"/>
        <line num="169" count="36" type="stmt"/>
        <line num="170" count="36" type="stmt"/>
        <line num="171" count="36" type="stmt"/>
        <line num="172" count="36" type="stmt"/>
        <line num="174" count="12" type="stmt"/>
        <line num="175" count="12" type="stmt"/>
        <line num="176" count="12" type="stmt"/>
        <line num="179" count="0" type="stmt"/>
        <line num="183" count="26" type="stmt"/>
        <line num="184" count="13" type="stmt"/>
        <line num="185" count="13" type="stmt"/>
        <line num="186" count="13" type="stmt"/>
        <line num="187" count="26" type="stmt"/>
        <line num="188" count="26" type="stmt"/>
        <line num="189" count="0" type="cond" truecount="0" falsecount="1"/>
        <line num="190" count="0" type="stmt"/>
        <line num="193" count="26" type="stmt"/>
        <line num="197" count="0" type="stmt"/>
        <line num="201" count="26" type="stmt"/>
        <line num="202" count="12" type="stmt"/>
        <line num="203" count="12" type="stmt"/>
        <line num="204" count="11" type="cond" truecount="1" falsecount="0"/>
        <line num="205" count="11" type="stmt"/>
        <line num="208" count="0" type="stmt"/>
        <line num="212" count="26" type="stmt"/>
        <line num="213" count="0" type="stmt"/>
        <line num="214" count="0" type="stmt"/>
        <line num="215" count="0" type="cond" truecount="0" falsecount="3"/>
        <line num="216" count="0" type="stmt"/>
        <line num="217" count="0" type="stmt"/>
        <line num="220" count="0" type="stmt"/>
        <line num="224" count="26" type="stmt"/>
        <line num="225" count="17" type="stmt"/>
        <line num="226" count="17" type="stmt"/>
        <line num="227" count="17" type="stmt"/>
        <line num="228" count="17" type="cond" truecount="1" falsecount="1"/>
        <line num="230" count="17" type="stmt"/>
        <line num="231" count="16" type="stmt"/>
        <line num="232" count="13" type="stmt"/>
        <line num="233" count="13" type="stmt"/>
        <line num="234" count="12" type="stmt"/>
        <line num="238" count="0" type="stmt"/>
        <line num="239" count="0" type="stmt"/>
        <line num="242" count="0" type="stmt"/>
        <line num="244" count="11" type="stmt"/>
        <line num="245" count="11" type="stmt"/>
        <line num="249" count="26" type="stmt"/>
        <line num="250" count="26" type="cond" truecount="1" falsecount="0"/>
        <line num="251" count="17" type="stmt"/>
        <line num="252" count="17" type="stmt"/>
        <line num="255" count="0" type="stmt"/>
        <line num="259" count="150" type="stmt"/>
        <line num="310" count="16" type="stmt"/>
        <line num="311" count="16" type="stmt"/>
      </file>
      <file name="config.js" path="C:/Users/karee/OneDrive/Documents/school/SW Engineering/Project/testing/FE-groups/Whisper_FrontEnd/src/config.js">
        <metrics statements="2" coveredstatements="2" conditionals="4" coveredconditionals="2" methods="0" coveredmethods="0"/>
        <line num="1" count="16" type="cond" truecount="2" falsecount="2"/>
        <line num="4" count="16" type="stmt"/>
      </file>
      <file name="index.jsx" path="C:/Users/karee/OneDrive/Documents/school/SW Engineering/Project/testing/FE-groups/Whisper_FrontEnd/src/index.jsx">
        <metrics statements="3" coveredstatements="3" conditionals="0" coveredconditionals="0" methods="0" coveredmethods="0"/>
        <line num="16" count="16" type="stmt"/>
        <line num="17" count="16" type="stmt"/>
        <line num="19" count="16" type="stmt"/>
      </file>
    </package>
    <package name="src.components.AddContactModal">
      <metrics statements="11" coveredstatements="4" conditionals="5" coveredconditionals="4" methods="6" coveredmethods="1"/>
      <file name="AddContactModal.jsx" path="C:/Users/karee/OneDrive/Documents/school/SW Engineering/Project/testing/FE-groups/Whisper_FrontEnd/src/components/AddContactModal/AddContactModal.jsx">
        <metrics statements="11" coveredstatements="4" conditionals="5" coveredconditionals="4" methods="6" coveredmethods="1"/>
        <line num="1" count="112" type="cond" truecount="4" falsecount="1"/>
        <line num="4" count="16" type="stmt"/>
        <line num="5" count="0" type="stmt"/>
        <line num="6" count="0" type="stmt"/>
        <line num="13" count="0" type="stmt"/>
        <line num="15" count="0" type="stmt"/>
        <line num="16" count="0" type="stmt"/>
        <line num="21" count="0" type="stmt"/>
        <line num="22" count="0" type="stmt"/>
        <line num="29" count="16" type="stmt"/>
        <line num="31" count="16" type="stmt"/>
      </file>
    </package>
    <package name="src.components.AddNewButton">
      <metrics statements="5" coveredstatements="5" conditionals="3" coveredconditionals="3" methods="2" coveredmethods="2"/>
      <file name="AddNewButton.jsx" path="C:/Users/karee/OneDrive/Documents/school/SW Engineering/Project/testing/FE-groups/Whisper_FrontEnd/src/components/AddNewButton/AddNewButton.jsx">
        <metrics statements="5" coveredstatements="5" conditionals="3" coveredconditionals="3" methods="2" coveredmethods="2"/>
        <line num="1" count="128" type="cond" truecount="3" falsecount="0"/>
        <line num="5" count="16" type="stmt"/>
        <line num="7" count="65" type="stmt"/>
        <line num="12" count="16" type="stmt"/>
        <line num="14" count="16" type="stmt"/>
      </file>
    </package>
    <package name="src.components.AddNewStoryModal">
      <metrics statements="41" coveredstatements="5" conditionals="17" coveredconditionals="3" methods="14" coveredmethods="1"/>
      <file name="AddNewStoryModal.jsx" path="C:/Users/karee/OneDrive/Documents/school/SW Engineering/Project/testing/FE-groups/Whisper_FrontEnd/src/components/AddNewStoryModal/AddNewStoryModal.jsx">
        <metrics statements="41" coveredstatements="5" conditionals="17" coveredconditionals="3" methods="14" coveredmethods="1"/>
        <line num="1" count="144" type="cond" truecount="3" falsecount="0"/>
        <line num="8" count="16" type="stmt"/>
        <line num="9" count="0" type="stmt"/>
        <line num="10" count="0" type="stmt"/>
        <line num="11" count="0" type="stmt"/>
        <line num="12" count="16" type="stmt"/>
        <line num="14" count="0" type="stmt"/>
        <line num="15" count="0" type="stmt"/>
        <line num="16" count="0" type="stmt"/>
        <line num="17" count="0" type="cond" truecount="0" falsecount="1"/>
        <line num="18" count="0" type="stmt"/>
        <line num="19" count="0" type="stmt"/>
        <line num="23" count="0" type="stmt"/>
        <line num="24" count="0" type="cond" truecount="0" falsecount="3"/>
        <line num="25" count="0" type="stmt"/>
        <line num="26" count="0" type="stmt"/>
        <line num="30" count="0" type="stmt"/>
        <line num="31" count="0" type="stmt"/>
        <line num="32" count="0" type="stmt"/>
        <line num="37" count="0" type="stmt"/>
        <line num="39" count="0" type="stmt"/>
        <line num="41" count="0" type="stmt"/>
        <line num="45" count="0" type="stmt"/>
        <line num="46" count="0" type="stmt"/>
        <line num="49" count="0" type="stmt"/>
        <line num="50" count="0" type="stmt"/>
        <line num="53" count="0" type="stmt"/>
        <line num="54" count="0" type="stmt"/>
        <line num="55" count="0" type="stmt"/>
        <line num="56" count="0" type="cond" truecount="0" falsecount="1"/>
        <line num="57" count="0" type="stmt"/>
        <line num="61" count="0" type="stmt"/>
        <line num="62" count="0" type="cond" truecount="0" falsecount="1"/>
        <line num="63" count="0" type="stmt"/>
        <line num="67" count="0" type="stmt"/>
        <line num="69" count="0" type="stmt"/>
        <line num="70" count="0" type="stmt"/>
        <line num="77" count="0" type="stmt"/>
        <line num="80" count="0" type="stmt"/>
        <line num="116" count="16" type="stmt"/>
        <line num="118" count="16" type="stmt"/>
      </file>
    </package>
    <package name="src.components.Admin">
      <metrics statements="9" coveredstatements="6" conditionals="5" coveredconditionals="3" methods="4" coveredmethods="1"/>
      <file name="AdminContainer.jsx" path="C:/Users/karee/OneDrive/Documents/school/SW Engineering/Project/testing/FE-groups/Whisper_FrontEnd/src/components/Admin/AdminContainer.jsx">
        <metrics statements="9" coveredstatements="6" conditionals="5" coveredconditionals="3" methods="4" coveredmethods="1"/>
        <line num="1" count="144" type="cond" truecount="3" falsecount="0"/>
        <line num="8" count="16" type="stmt"/>
        <line num="22" count="16" type="stmt"/>
        <line num="23" count="16" type="stmt"/>
        <line num="24" count="0" type="cond" truecount="0" falsecount="2"/>
        <line num="25" count="0" type="stmt"/>
        <line num="26" count="0" type="stmt"/>
        <line num="34" count="16" type="stmt"/>
        <line num="36" count="16" type="stmt"/>
      </file>
    </package>
    <package name="src.components.AdminSettings">
      <metrics statements="36" coveredstatements="5" conditionals="10" coveredconditionals="4" methods="7" coveredmethods="1"/>
      <file name="AdminSettings.jsx" path="C:/Users/karee/OneDrive/Documents/school/SW Engineering/Project/testing/FE-groups/Whisper_FrontEnd/src/components/AdminSettings/AdminSettings.jsx">
        <metrics statements="36" coveredstatements="5" conditionals="10" coveredconditionals="4" methods="7" coveredmethods="1"/>
        <line num="1" count="128" type="cond" truecount="4" falsecount="1"/>
        <line num="16" count="16" type="stmt"/>
        <line num="17" count="0" type="stmt"/>
        <line num="18" count="0" type="stmt"/>
        <line num="19" count="0" type="stmt"/>
        <line num="20" count="0" type="stmt"/>
        <line num="21" count="0" type="stmt"/>
        <line num="22" count="0" type="stmt"/>
        <line num="23" count="0" type="stmt"/>
        <line num="24" count="0" type="stmt"/>
        <line num="25" count="16" type="stmt"/>
        <line num="27" count="0" type="stmt"/>
        <line num="28" count="0" type="stmt"/>
        <line num="29" count="0" type="stmt"/>
        <line num="30" count="0" type="stmt"/>
        <line num="31" count="0" type="stmt"/>
        <line num="32" count="0" type="stmt"/>
        <line num="33" count="0" type="stmt"/>
        <line num="34" count="0" type="stmt"/>
        <line num="35" count="0" type="stmt"/>
        <line num="37" count="0" type="stmt"/>
        <line num="38" count="0" type="stmt"/>
        <line num="42" count="0" type="stmt"/>
        <line num="43" count="0" type="cond" truecount="0" falsecount="3"/>
        <line num="44" count="0" type="stmt"/>
        <line num="45" count="0" type="stmt"/>
        <line num="46" count="0" type="stmt"/>
        <line num="49" count="0" type="stmt"/>
        <line num="50" count="0" type="stmt"/>
        <line num="54" count="0" type="stmt"/>
        <line num="55" count="0" type="stmt"/>
        <line num="58" count="0" type="cond" truecount="0" falsecount="1"/>
        <line num="64" count="0" type="cond" truecount="0" falsecount="1"/>
        <line num="71" count="0" type="stmt"/>
        <line num="87" count="16" type="stmt"/>
        <line num="89" count="16" type="stmt"/>
      </file>
    </package>
    <package name="src.components.AllGroups">
      <metrics statements="68" coveredstatements="5" conditionals="36" coveredconditionals="4" methods="23" coveredmethods="1"/>
      <file name="AllGroups.jsx" path="C:/Users/karee/OneDrive/Documents/school/SW Engineering/Project/testing/FE-groups/Whisper_FrontEnd/src/components/AllGroups/AllGroups.jsx">
        <metrics statements="68" coveredstatements="5" conditionals="36" coveredconditionals="4" methods="23" coveredmethods="1"/>
        <line num="1" count="128" type="cond" truecount="4" falsecount="1"/>
        <line num="12" count="16" type="stmt"/>
        <line num="13" count="0" type="stmt"/>
        <line num="14" count="0" type="stmt"/>
        <line num="15" count="0" type="stmt"/>
        <line num="16" count="0" type="stmt"/>
        <line num="17" count="0" type="stmt"/>
        <line num="22" count="0" type="stmt"/>
        <line num="24" count="0" type="stmt"/>
        <line num="25" count="0" type="stmt"/>
        <line num="26" count="0" type="stmt"/>
        <line num="27" count="16" type="stmt"/>
        <line num="28" count="0" type="stmt"/>
        <line num="29" count="0" type="stmt"/>
        <line num="30" count="0" type="stmt"/>
        <line num="31" count="0" type="cond" truecount="0" falsecount="1"/>
        <line num="33" count="0" type="stmt"/>
        <line num="35" count="0" type="cond" truecount="0" falsecount="3"/>
        <line num="36" count="0" type="stmt"/>
        <line num="37" count="0" type="stmt"/>
        <line num="38" count="0" type="stmt"/>
        <line num="41" count="0" type="stmt"/>
        <line num="42" count="0" type="stmt"/>
        <line num="43" count="0" type="stmt"/>
        <line num="45" count="0" type="stmt"/>
        <line num="48" count="0" type="stmt"/>
        <line num="51" count="0" type="stmt"/>
        <line num="54" count="0" type="stmt"/>
        <line num="55" count="0" type="stmt"/>
        <line num="56" count="0" type="stmt"/>
        <line num="57" count="0" type="cond" truecount="0" falsecount="1"/>
        <line num="58" count="0" type="stmt"/>
        <line num="59" count="0" type="stmt"/>
        <line num="61" count="0" type="stmt"/>
        <line num="63" count="0" type="stmt"/>
        <line num="64" count="0" type="stmt"/>
        <line num="68" count="0" type="stmt"/>
        <line num="69" count="0" type="stmt"/>
        <line num="70" count="0" type="stmt"/>
        <line num="73" count="0" type="stmt"/>
        <line num="74" count="0" type="stmt"/>
        <line num="75" count="0" type="stmt"/>
        <line num="82" count="0" type="stmt"/>
        <line num="83" count="0" type="stmt"/>
        <line num="84" count="0" type="stmt"/>
        <line num="85" count="0" type="cond" truecount="0" falsecount="1"/>
        <line num="86" count="0" type="stmt"/>
        <line num="88" count="0" type="cond" truecount="0" falsecount="2"/>
        <line num="89" count="0" type="stmt"/>
        <line num="92" count="0" type="stmt"/>
        <line num="94" count="0" type="stmt"/>
        <line num="95" count="0" type="stmt"/>
        <line num="96" count="0" type="cond" truecount="0" falsecount="2"/>
        <line num="99" count="0" type="stmt"/>
        <line num="101" count="0" type="cond" truecount="0" falsecount="2"/>
        <line num="105" count="0" type="stmt"/>
        <line num="106" count="0" type="cond" truecount="0" falsecount="3"/>
        <line num="107" count="0" type="stmt"/>
        <line num="111" count="0" type="stmt"/>
        <line num="112" count="0" type="stmt"/>
        <line num="115" count="0" type="cond" truecount="0" falsecount="2"/>
        <line num="117" count="0" type="stmt"/>
        <line num="121" count="0" type="stmt"/>
        <line num="150" count="0" type="stmt"/>
        <line num="153" count="0" type="stmt"/>
        <line num="187" count="0" type="stmt"/>
        <line num="197" count="16" type="stmt"/>
        <line num="199" count="16" type="stmt"/>
      </file>
    </package>
    <package name="src.components.AllUsers">
      <metrics statements="68" coveredstatements="5" conditionals="36" coveredconditionals="4" methods="23" coveredmethods="1"/>
      <file name="AllUsers.jsx" path="C:/Users/karee/OneDrive/Documents/school/SW Engineering/Project/testing/FE-groups/Whisper_FrontEnd/src/components/AllUsers/AllUsers.jsx">
        <metrics statements="68" coveredstatements="5" conditionals="36" coveredconditionals="4" methods="23" coveredmethods="1"/>
        <line num="1" count="128" type="cond" truecount="4" falsecount="1"/>
        <line num="12" count="16" type="stmt"/>
        <line num="14" count="0" type="stmt"/>
        <line num="15" count="0" type="stmt"/>
        <line num="16" count="0" type="stmt"/>
        <line num="17" count="0" type="stmt"/>
        <line num="18" count="0" type="stmt"/>
        <line num="23" count="0" type="stmt"/>
        <line num="25" count="0" type="stmt"/>
        <line num="26" count="0" type="stmt"/>
        <line num="27" count="0" type="stmt"/>
        <line num="28" count="16" type="stmt"/>
        <line num="30" count="0" type="stmt"/>
        <line num="31" count="0" type="stmt"/>
        <line num="32" count="0" type="stmt"/>
        <line num="33" count="0" type="cond" truecount="0" falsecount="1"/>
        <line num="35" count="0" type="stmt"/>
        <line num="37" count="0" type="cond" truecount="0" falsecount="3"/>
        <line num="38" count="0" type="stmt"/>
        <line num="39" count="0" type="stmt"/>
        <line num="40" count="0" type="stmt"/>
        <line num="43" count="0" type="stmt"/>
        <line num="44" count="0" type="stmt"/>
        <line num="45" count="0" type="stmt"/>
        <line num="47" count="0" type="stmt"/>
        <line num="50" count="0" type="stmt"/>
        <line num="53" count="0" type="stmt"/>
        <line num="56" count="0" type="stmt"/>
        <line num="57" count="0" type="stmt"/>
        <line num="58" count="0" type="stmt"/>
        <line num="59" count="0" type="cond" truecount="0" falsecount="1"/>
        <line num="60" count="0" type="stmt"/>
        <line num="61" count="0" type="stmt"/>
        <line num="63" count="0" type="stmt"/>
        <line num="65" count="0" type="stmt"/>
        <line num="66" count="0" type="stmt"/>
        <line num="70" count="0" type="stmt"/>
        <line num="71" count="0" type="stmt"/>
        <line num="72" count="0" type="stmt"/>
        <line num="75" count="0" type="stmt"/>
        <line num="76" count="0" type="stmt"/>
        <line num="77" count="0" type="stmt"/>
        <line num="84" count="0" type="stmt"/>
        <line num="85" count="0" type="stmt"/>
        <line num="86" count="0" type="stmt"/>
        <line num="87" count="0" type="cond" truecount="0" falsecount="1"/>
        <line num="88" count="0" type="stmt"/>
        <line num="90" count="0" type="cond" truecount="0" falsecount="2"/>
        <line num="91" count="0" type="stmt"/>
        <line num="94" count="0" type="stmt"/>
        <line num="96" count="0" type="stmt"/>
        <line num="97" count="0" type="stmt"/>
        <line num="98" count="0" type="cond" truecount="0" falsecount="2"/>
        <line num="101" count="0" type="stmt"/>
        <line num="103" count="0" type="cond" truecount="0" falsecount="2"/>
        <line num="107" count="0" type="stmt"/>
        <line num="108" count="0" type="cond" truecount="0" falsecount="3"/>
        <line num="109" count="0" type="stmt"/>
        <line num="113" count="0" type="stmt"/>
        <line num="114" count="0" type="stmt"/>
        <line num="117" count="0" type="cond" truecount="0" falsecount="2"/>
        <line num="119" count="0" type="stmt"/>
        <line num="123" count="0" type="stmt"/>
        <line num="152" count="0" type="stmt"/>
        <line num="155" count="0" type="stmt"/>
        <line num="190" count="0" type="stmt"/>
        <line num="200" count="16" type="stmt"/>
        <line num="202" count="16" type="stmt"/>
      </file>
    </package>
    <package name="src.components.AudioVoiceMessage">
      <metrics statements="31" coveredstatements="4" conditionals="9" coveredconditionals="3" methods="9" coveredmethods="1"/>
      <file name="AudioVoiceMessage.jsx" path="C:/Users/karee/OneDrive/Documents/school/SW Engineering/Project/testing/FE-groups/Whisper_FrontEnd/src/components/AudioVoiceMessage/AudioVoiceMessage.jsx">
        <metrics statements="31" coveredstatements="4" conditionals="9" coveredconditionals="3" methods="9" coveredmethods="1"/>
        <line num="1" count="144" type="cond" truecount="3" falsecount="0"/>
        <line num="10" count="16" type="stmt"/>
        <line num="11" count="0" type="stmt"/>
        <line num="12" count="0" type="stmt"/>
        <line num="13" count="0" type="stmt"/>
        <line num="14" count="0" type="stmt"/>
        <line num="15" count="0" type="stmt"/>
        <line num="17" count="0" type="stmt"/>
        <line num="18" count="0" type="cond" truecount="0" falsecount="1"/>
        <line num="19" count="0" type="stmt"/>
        <line num="32" count="0" type="stmt"/>
        <line num="34" count="0" type="stmt"/>
        <line num="36" count="0" type="stmt"/>
        <line num="37" count="0" type="stmt"/>
        <line num="40" count="0" type="stmt"/>
        <line num="41" count="0" type="cond" truecount="0" falsecount="1"/>
        <line num="42" count="0" type="stmt"/>
        <line num="46" count="0" type="stmt"/>
        <line num="47" count="0" type="stmt"/>
        <line num="50" count="0" type="stmt"/>
        <line num="51" count="0" type="cond" truecount="0" falsecount="1"/>
        <line num="52" count="0" type="stmt"/>
        <line num="57" count="0" type="stmt"/>
        <line num="58" count="0" type="stmt"/>
        <line num="61" count="0" type="stmt"/>
        <line num="62" count="0" type="cond" truecount="0" falsecount="1"/>
        <line num="63" count="0" type="stmt"/>
        <line num="64" count="0" type="stmt"/>
        <line num="68" count="0" type="stmt"/>
        <line num="83" count="16" type="stmt"/>
        <line num="85" count="16" type="stmt"/>
      </file>
    </package>
    <package name="src.components.AudioVoiceNoteMessage">
      <metrics statements="15" coveredstatements="4" conditionals="16" coveredconditionals="3" methods="5" coveredmethods="1"/>
      <file name="AudioVoiceNoteMessage.jsx" path="C:/Users/karee/OneDrive/Documents/school/SW Engineering/Project/testing/FE-groups/Whisper_FrontEnd/src/components/AudioVoiceNoteMessage/AudioVoiceNoteMessage.jsx">
        <metrics statements="15" coveredstatements="4" conditionals="16" coveredconditionals="3" methods="5" coveredmethods="1"/>
        <line num="1" count="144" type="cond" truecount="3" falsecount="0"/>
        <line num="9" count="16" type="stmt"/>
        <line num="10" count="0" type="stmt"/>
        <line num="11" count="0" type="stmt"/>
        <line num="13" count="0" type="stmt"/>
        <line num="14" count="0" type="cond" truecount="0" falsecount="4"/>
        <line num="15" count="0" type="stmt"/>
        <line num="16" count="0" type="stmt"/>
        <line num="19" count="0" type="stmt"/>
        <line num="21" count="0" type="stmt"/>
        <line num="22" count="0" type="cond" truecount="0" falsecount="1"/>
        <line num="23" count="0" type="stmt"/>
        <line num="29" count="0" type="stmt"/>
        <line num="41" count="16" type="stmt"/>
        <line num="43" count="16" type="stmt"/>
      </file>
    </package>
    <package name="src.components.AwaitingJoinMessage">
      <metrics statements="10" coveredstatements="5" conditionals="5" coveredconditionals="4" methods="4" coveredmethods="1"/>
      <file name="AwaitingJoinMessage.jsx" path="C:/Users/karee/OneDrive/Documents/school/SW Engineering/Project/testing/FE-groups/Whisper_FrontEnd/src/components/AwaitingJoinMessage/AwaitingJoinMessage.jsx">
        <metrics statements="10" coveredstatements="5" conditionals="5" coveredconditionals="4" methods="4" coveredmethods="1"/>
        <line num="1" count="128" type="cond" truecount="4" falsecount="1"/>
        <line num="6" count="16" type="stmt"/>
        <line num="7" count="0" type="stmt"/>
        <line num="8" count="16" type="stmt"/>
        <line num="9" count="0" type="stmt"/>
        <line num="10" count="0" type="stmt"/>
        <line num="11" count="0" type="stmt"/>
        <line num="13" count="0" type="stmt"/>
        <line num="21" count="16" type="stmt"/>
        <line num="23" count="16" type="stmt"/>
      </file>
    </package>
    <package name="src.components.BlockedUsers">
      <metrics statements="23" coveredstatements="5" conditionals="13" coveredconditionals="4" methods="12" coveredmethods="1"/>
      <file name="BlockedUsers.jsx" path="C:/Users/karee/OneDrive/Documents/school/SW Engineering/Project/testing/FE-groups/Whisper_FrontEnd/src/components/BlockedUsers/BlockedUsers.jsx">
        <metrics statements="23" coveredstatements="5" conditionals="13" coveredconditionals="4" methods="12" coveredmethods="1"/>
        <line num="1" count="128" type="cond" truecount="4" falsecount="1"/>
        <line num="11" count="16" type="stmt"/>
        <line num="12" count="0" type="stmt"/>
        <line num="14" count="0" type="stmt"/>
        <line num="15" count="16" type="stmt"/>
        <line num="17" count="0" type="stmt"/>
        <line num="18" count="0" type="stmt"/>
        <line num="19" count="0" type="stmt"/>
        <line num="22" count="0" type="stmt"/>
        <line num="23" count="0" type="stmt"/>
        <line num="24" count="0" type="stmt"/>
        <line num="27" count="0" type="stmt"/>
        <line num="28" count="0" type="stmt"/>
        <line num="31" count="0" type="stmt"/>
        <line num="37" count="0" type="stmt"/>
        <line num="38" count="0" type="stmt"/>
        <line num="39" count="0" type="stmt"/>
        <line num="42" count="0" type="stmt"/>
        <line num="47" count="0" type="stmt"/>
        <line num="63" count="0" type="stmt"/>
        <line num="68" count="0" type="stmt"/>
        <line num="87" count="16" type="stmt"/>
        <line num="89" count="16" type="stmt"/>
      </file>
    </package>
    <package name="src.components.ButtonsBar">
      <metrics statements="16" coveredstatements="8" conditionals="3" coveredconditionals="3" methods="10" coveredmethods="3"/>
      <file name="ButtonsBar.jsx" path="C:/Users/karee/OneDrive/Documents/school/SW Engineering/Project/testing/FE-groups/Whisper_FrontEnd/src/components/ButtonsBar/ButtonsBar.jsx">
        <metrics statements="16" coveredstatements="8" conditionals="3" coveredconditionals="3" methods="10" coveredmethods="3"/>
        <line num="1" count="144" type="cond" truecount="3" falsecount="0"/>
        <line num="13" count="62" type="stmt"/>
        <line num="14" count="62" type="stmt"/>
        <line num="15" count="0" type="stmt"/>
        <line num="18" count="62" type="stmt"/>
        <line num="20" count="62" type="stmt"/>
        <line num="21" count="0" type="stmt"/>
        <line num="22" count="0" type="stmt"/>
        <line num="25" count="62" type="stmt"/>
        <line num="27" count="0" type="stmt"/>
        <line num="30" count="0" type="stmt"/>
        <line num="33" count="0" type="stmt"/>
        <line num="36" count="0" type="stmt"/>
        <line num="43" count="0" type="stmt"/>
        <line num="48" count="16" type="stmt"/>
        <line num="50" count="16" type="stmt"/>
      </file>
    </package>
    <package name="src.components.CallLog">
      <metrics statements="6" coveredstatements="5" conditionals="9" coveredconditionals="3" methods="3" coveredmethods="1"/>
      <file name="CallLog.jsx" path="C:/Users/karee/OneDrive/Documents/school/SW Engineering/Project/testing/FE-groups/Whisper_FrontEnd/src/components/CallLog/CallLog.jsx">
        <metrics statements="6" coveredstatements="5" conditionals="9" coveredconditionals="3" methods="3" coveredmethods="1"/>
        <line num="1" count="144" type="cond" truecount="3" falsecount="0"/>
        <line num="5" count="16" type="stmt"/>
        <line num="7" count="16" type="stmt"/>
        <line num="8" count="0" type="stmt"/>
        <line num="19" count="16" type="stmt"/>
        <line num="21" count="16" type="stmt"/>
      </file>
    </package>
    <package name="src.components.ChannelSettings">
      <metrics statements="5" coveredstatements="4" conditionals="3" coveredconditionals="3" methods="2" coveredmethods="1"/>
      <file name="ChannelSettings.jsx" path="C:/Users/karee/OneDrive/Documents/school/SW Engineering/Project/testing/FE-groups/Whisper_FrontEnd/src/components/ChannelSettings/ChannelSettings.jsx">
        <metrics statements="5" coveredstatements="4" conditionals="3" coveredconditionals="3" methods="2" coveredmethods="1"/>
        <line num="1" count="128" type="cond" truecount="3" falsecount="0"/>
        <line num="3" count="16" type="stmt"/>
        <line num="9" count="0" type="stmt"/>
        <line num="20" count="16" type="stmt"/>
        <line num="22" count="16" type="stmt"/>
      </file>
    </package>
    <package name="src.components.ChatActions">
      <metrics statements="139" coveredstatements="68" conditionals="79" coveredconditionals="44" methods="24" coveredmethods="11"/>
      <file name="ChatActions.jsx" path="C:/Users/karee/OneDrive/Documents/school/SW Engineering/Project/testing/FE-groups/Whisper_FrontEnd/src/components/ChatActions/ChatActions.jsx">
        <metrics statements="139" coveredstatements="68" conditionals="79" coveredconditionals="44" methods="24" coveredmethods="11"/>
        <line num="1" count="144" type="cond" truecount="3" falsecount="0"/>
        <line num="32" count="39" type="cond" truecount="1" falsecount="0"/>
        <line num="33" count="39" type="stmt"/>
        <line num="34" count="39" type="stmt"/>
        <line num="36" count="39" type="stmt"/>
        <line num="37" count="39" type="stmt"/>
        <line num="39" count="39" type="stmt"/>
        <line num="40" count="39" type="stmt"/>
        <line num="41" count="39" type="stmt"/>
        <line num="42" count="39" type="stmt"/>
        <line num="43" count="39" type="stmt"/>
        <line num="44" count="39" type="stmt"/>
        <line num="45" count="39" type="stmt"/>
        <line num="46" count="39" type="stmt"/>
        <line num="47" count="39" type="stmt"/>
        <line num="48" count="39" type="stmt"/>
        <line num="49" count="39" type="stmt"/>
        <line num="51" count="39" type="stmt"/>
        <line num="52" count="5" type="cond" truecount="3" falsecount="1"/>
        <line num="55" count="39" type="stmt"/>
        <line num="56" count="39" type="stmt"/>
        <line num="58" count="39" type="stmt"/>
        <line num="59" count="15" type="stmt"/>
        <line num="60" count="15" type="stmt"/>
        <line num="61" count="15" type="stmt"/>
        <line num="62" count="0" type="stmt"/>
        <line num="64" count="15" type="stmt"/>
        <line num="67" count="39" type="stmt"/>
        <line num="68" count="0" type="stmt"/>
        <line num="69" count="0" type="stmt"/>
        <line num="72" count="39" type="stmt"/>
        <line num="73" count="0" type="stmt"/>
        <line num="74" count="0" type="stmt"/>
        <line num="77" count="39" type="stmt"/>
        <line num="78" count="0" type="stmt"/>
        <line num="81" count="39" type="stmt"/>
        <line num="82" count="0" type="stmt"/>
        <line num="83" count="0" type="stmt"/>
        <line num="84" count="0" type="stmt"/>
        <line num="86" count="39" type="stmt"/>
        <line num="87" count="0" type="stmt"/>
        <line num="88" count="0" type="stmt"/>
        <line num="89" count="0" type="stmt"/>
        <line num="92" count="39" type="stmt"/>
        <line num="93" count="0" type="cond" truecount="0" falsecount="1"/>
        <line num="94" count="0" type="stmt"/>
        <line num="96" count="0" type="stmt"/>
        <line num="98" count="39" type="stmt"/>
        <line num="99" count="0" type="cond" truecount="0" falsecount="1"/>
        <line num="100" count="0" type="stmt"/>
        <line num="102" count="0" type="stmt"/>
        <line num="105" count="39" type="stmt"/>
        <line num="106" count="0" type="cond" truecount="0" falsecount="1"/>
        <line num="107" count="0" type="cond" truecount="0" falsecount="2"/>
        <line num="108" count="0" type="stmt"/>
        <line num="112" count="39" type="stmt"/>
        <line num="113" count="0" type="stmt"/>
        <line num="114" count="0" type="cond" truecount="0" falsecount="1"/>
        <line num="115" count="0" type="stmt"/>
        <line num="117" count="0" type="cond" truecount="0" falsecount="1"/>
        <line num="118" count="0" type="stmt"/>
        <line num="120" count="0" type="cond" truecount="0" falsecount="1"/>
        <line num="121" count="0" type="stmt"/>
        <line num="123" count="0" type="stmt"/>
        <line num="126" count="39" type="stmt"/>
        <line num="127" count="0" type="stmt"/>
        <line num="128" count="0" type="stmt"/>
        <line num="129" count="0" type="stmt"/>
        <line num="132" count="39" type="stmt"/>
        <line num="133" count="1" type="cond" truecount="0" falsecount="1"/>
        <line num="134" count="0" type="cond" truecount="0" falsecount="1"/>
        <line num="135" count="0" type="stmt"/>
        <line num="136" count="0" type="stmt"/>
        <line num="138" count="0" type="stmt"/>
        <line num="140" count="1" type="cond" truecount="1" falsecount="1"/>
        <line num="141" count="0" type="stmt"/>
        <line num="142" count="0" type="stmt"/>
        <line num="146" count="0" type="stmt"/>
        <line num="153" count="0" type="stmt"/>
        <line num="154" count="1" type="cond" truecount="2" falsecount="1"/>
        <line num="155" count="1" type="stmt"/>
        <line num="156" count="1" type="cond" truecount="0" falsecount="1"/>
        <line num="157" count="0" type="stmt"/>
        <line num="162" count="0" type="stmt"/>
        <line num="163" count="0" type="stmt"/>
        <line num="164" count="0" type="stmt"/>
        <line num="165" count="0" type="stmt"/>
        <line num="166" count="0" type="cond" truecount="0" falsecount="1"/>
        <line num="167" count="0" type="stmt"/>
        <line num="171" count="1" type="stmt"/>
        <line num="182" count="1" type="stmt"/>
        <line num="183" count="1" type="cond" truecount="0" falsecount="1"/>
        <line num="184" count="0" type="stmt"/>
        <line num="188" count="39" type="stmt"/>
        <line num="189" count="4" type="stmt"/>
        <line num="190" count="4" type="cond" truecount="3" falsecount="0"/>
        <line num="192" count="4" type="stmt"/>
        <line num="193" count="4" type="stmt"/>
        <line num="195" count="0" type="stmt"/>
        <line num="197" count="4" type="cond" truecount="0" falsecount="1"/>
        <line num="198" count="0" type="stmt"/>
        <line num="199" count="0" type="stmt"/>
        <line num="201" count="0" type="stmt"/>
        <line num="204" count="0" type="stmt"/>
        <line num="205" count="0" type="stmt"/>
        <line num="207" count="0" type="stmt"/>
        <line num="210" count="0" type="stmt"/>
        <line num="214" count="4" type="stmt"/>
        <line num="215" count="4" type="stmt"/>
        <line num="216" count="4" type="cond" truecount="1" falsecount="0"/>
        <line num="217" count="4" type="stmt"/>
        <line num="218" count="4" type="stmt"/>
        <line num="219" count="4" type="cond" truecount="1" falsecount="1"/>
        <line num="220" count="0" type="stmt"/>
        <line num="222" count="4" type="stmt"/>
        <line num="226" count="0" type="stmt"/>
        <line num="227" count="0" type="stmt"/>
        <line num="231" count="4" type="stmt"/>
        <line num="232" count="4" type="cond" truecount="1" falsecount="4"/>
        <line num="233" count="0" type="stmt"/>
        <line num="234" count="0" type="stmt"/>
        <line num="235" count="0" type="stmt"/>
        <line num="241" count="0" type="stmt"/>
        <line num="242" count="0" type="stmt"/>
        <line num="244" count="0" type="stmt"/>
        <line num="247" count="0" type="stmt"/>
        <line num="248" count="0" type="stmt"/>
        <line num="250" count="0" type="stmt"/>
        <line num="252" count="0" type="stmt"/>
        <line num="254" count="0" type="stmt"/>
        <line num="257" count="4" type="cond" truecount="1" falsecount="0"/>
        <line num="258" count="4" type="stmt"/>
        <line num="261" count="4" type="stmt"/>
        <line num="262" count="4" type="stmt"/>
        <line num="263" count="4" type="stmt"/>
        <line num="266" count="39" type="stmt"/>
        <line num="318" count="0" type="stmt"/>
        <line num="369" count="16" type="stmt"/>
        <line num="371" count="16" type="stmt"/>
      </file>
    </package>
    <package name="src.components.ChatHeader">
      <metrics statements="43" coveredstatements="18" conditionals="33" coveredconditionals="12" methods="16" coveredmethods="4"/>
      <file name="ChatHeader.jsx" path="C:/Users/karee/OneDrive/Documents/school/SW Engineering/Project/testing/FE-groups/Whisper_FrontEnd/src/components/ChatHeader/ChatHeader.jsx">
        <metrics statements="43" coveredstatements="18" conditionals="33" coveredconditionals="12" methods="16" coveredmethods="4"/>
        <line num="1" count="128" type="cond" truecount="4" falsecount="1"/>
        <line num="9" count="16" type="stmt"/>
        <line num="10" count="13" type="stmt"/>
        <line num="11" count="13" type="stmt"/>
        <line num="12" count="13" type="stmt"/>
        <line num="13" count="13" type="stmt"/>
        <line num="14" count="16" type="stmt"/>
        <line num="16" count="13" type="stmt"/>
        <line num="17" count="0" type="stmt"/>
        <line num="18" count="0" type="stmt"/>
        <line num="19" count="0" type="stmt"/>
        <line num="21" count="0" type="stmt"/>
        <line num="25" count="13" type="stmt"/>
        <line num="26" count="0" type="stmt"/>
        <line num="29" count="13" type="stmt"/>
        <line num="30" count="0" type="stmt"/>
        <line num="31" count="0" type="stmt"/>
        <line num="34" count="13" type="stmt"/>
        <line num="35" count="0" type="stmt"/>
        <line num="36" count="0" type="stmt"/>
        <line num="37" count="0" type="stmt"/>
        <line num="39" count="0" type="stmt"/>
        <line num="43" count="13" type="stmt"/>
        <line num="44" count="0" type="stmt"/>
        <line num="45" count="0" type="stmt"/>
        <line num="46" count="0" type="stmt"/>
        <line num="47" count="0" type="stmt"/>
        <line num="50" count="13" type="stmt"/>
        <line num="51" count="0" type="stmt"/>
        <line num="52" count="0" type="stmt"/>
        <line num="53" count="0" type="stmt"/>
        <line num="54" count="0" type="stmt"/>
        <line num="57" count="13" type="stmt"/>
        <line num="58" count="13" type="stmt"/>
        <line num="75" count="13" type="stmt"/>
        <line num="91" count="0" type="stmt"/>
        <line num="95" count="0" type="stmt"/>
        <line num="133" count="0" type="stmt"/>
        <line num="134" count="0" type="stmt"/>
        <line num="137" count="0" type="stmt"/>
        <line num="140" count="0" type="stmt"/>
        <line num="149" count="16" type="stmt"/>
        <line num="151" count="16" type="stmt"/>
      </file>
    </package>
    <package name="src.components.ChatInfo">
      <metrics statements="31" coveredstatements="9" conditionals="21" coveredconditionals="7" methods="11" coveredmethods="2"/>
      <file name="ChatInfo.jsx" path="C:/Users/karee/OneDrive/Documents/school/SW Engineering/Project/testing/FE-groups/Whisper_FrontEnd/src/components/ChatInfo/ChatInfo.jsx">
        <metrics statements="5" coveredstatements="4" conditionals="9" coveredconditionals="3" methods="2" coveredmethods="1"/>
        <line num="1" count="128" type="cond" truecount="3" falsecount="0"/>
        <line num="6" count="16" type="stmt"/>
        <line num="15" count="0" type="stmt"/>
        <line num="82" count="16" type="stmt"/>
        <line num="84" count="16" type="stmt"/>
      </file>
      <file name="ChatInfoContainer.jsx" path="C:/Users/karee/OneDrive/Documents/school/SW Engineering/Project/testing/FE-groups/Whisper_FrontEnd/src/components/ChatInfo/ChatInfoContainer.jsx">
        <metrics statements="26" coveredstatements="5" conditionals="12" coveredconditionals="4" methods="9" coveredmethods="1"/>
        <line num="1" count="128" type="cond" truecount="4" falsecount="1"/>
        <line num="7" count="16" type="stmt"/>
        <line num="9" count="0" type="stmt"/>
        <line num="10" count="0" type="stmt"/>
        <line num="11" count="0" type="stmt"/>
        <line num="12" count="16" type="stmt"/>
        <line num="14" count="0" type="stmt"/>
        <line num="15" count="0" type="stmt"/>
        <line num="16" count="0" type="stmt"/>
        <line num="17" count="0" type="stmt"/>
        <line num="21" count="0" type="stmt"/>
        <line num="22" count="0" type="stmt"/>
        <line num="23" count="0" type="stmt"/>
        <line num="24" count="0" type="stmt"/>
        <line num="25" count="0" type="stmt"/>
        <line num="26" count="0" type="stmt"/>
        <line num="28" count="0" type="stmt"/>
        <line num="31" count="0" type="cond" truecount="0" falsecount="1"/>
        <line num="32" count="0" type="stmt"/>
        <line num="34" count="0" type="stmt"/>
        <line num="35" count="0" type="cond" truecount="0" falsecount="2"/>
        <line num="38" count="0" type="stmt"/>
        <line num="39" count="0" type="cond" truecount="0" falsecount="2"/>
        <line num="41" count="0" type="stmt"/>
        <line num="51" count="16" type="stmt"/>
        <line num="53" count="16" type="stmt"/>
      </file>
    </package>
    <package name="src.components.ChatItem">
      <metrics statements="36" coveredstatements="32" conditionals="56" coveredconditionals="37" methods="10" coveredmethods="9"/>
      <file name="ChatItem.jsx" path="C:/Users/karee/OneDrive/Documents/school/SW Engineering/Project/testing/FE-groups/Whisper_FrontEnd/src/components/ChatItem/ChatItem.jsx">
        <metrics statements="36" coveredstatements="32" conditionals="56" coveredconditionals="37" methods="10" coveredmethods="9"/>
        <line num="1" count="128" type="cond" truecount="4" falsecount="1"/>
        <line num="19" count="120" type="stmt"/>
        <line num="20" count="120" type="stmt"/>
        <line num="21" count="120" type="stmt"/>
        <line num="22" count="120" type="stmt"/>
        <line num="23" count="120" type="stmt"/>
        <line num="24" count="120" type="stmt"/>
        <line num="25" count="120" type="stmt"/>
        <line num="26" count="120" type="cond" truecount="2" falsecount="2"/>
        <line num="28" count="120" type="stmt"/>
        <line num="29" count="36" type="cond" truecount="2" falsecount="1"/>
        <line num="30" count="0" type="stmt"/>
        <line num="33" count="120" type="stmt"/>
        <line num="34" count="3" type="stmt"/>
        <line num="35" count="3" type="cond" truecount="1" falsecount="0"/>
        <line num="36" count="3" type="cond" truecount="0" falsecount="1"/>
        <line num="37" count="0" type="cond" truecount="0" falsecount="1"/>
        <line num="38" count="0" type="stmt"/>
        <line num="40" count="3" type="cond" truecount="1" falsecount="0"/>
        <line num="41" count="3" type="stmt"/>
        <line num="45" count="120" type="stmt"/>
        <line num="46" count="36" type="stmt"/>
        <line num="53" count="36" type="stmt"/>
        <line num="54" count="36" type="cond" truecount="1" falsecount="0"/>
        <line num="55" count="2" type="stmt"/>
        <line num="56" count="2" type="stmt"/>
        <line num="59" count="36" type="stmt"/>
        <line num="60" count="36" type="stmt"/>
        <line num="61" count="36" type="stmt"/>
        <line num="62" count="16" type="stmt"/>
        <line num="67" count="120" type="cond" truecount="1" falsecount="0"/>
        <line num="68" count="34" type="stmt"/>
        <line num="71" count="86" type="stmt"/>
        <line num="79" count="0" type="stmt"/>
        <line num="130" count="16" type="stmt"/>
        <line num="132" count="16" type="stmt"/>
      </file>
    </package>
    <package name="src.components.ChatList">
      <metrics statements="10" coveredstatements="10" conditionals="5" coveredconditionals="4" methods="6" coveredmethods="6"/>
      <file name="ChatList.jsx" path="C:/Users/karee/OneDrive/Documents/school/SW Engineering/Project/testing/FE-groups/Whisper_FrontEnd/src/components/ChatList/ChatList.jsx">
        <metrics statements="10" coveredstatements="10" conditionals="5" coveredconditionals="4" methods="6" coveredmethods="6"/>
        <line num="1" count="128" type="cond" truecount="4" falsecount="1"/>
        <line num="5" count="43" type="stmt"/>
        <line num="6" count="43" type="stmt"/>
        <line num="8" count="43" type="stmt"/>
        <line num="10" count="43" type="stmt"/>
        <line num="13" count="86" type="stmt"/>
        <line num="18" count="3" type="stmt"/>
        <line num="20" count="2" type="stmt"/>
        <line num="28" count="16" type="stmt"/>
        <line num="30" count="16" type="stmt"/>
      </file>
    </package>
    <package name="src.components.ChatMessage">
      <metrics statements="115" coveredstatements="59" conditionals="107" coveredconditionals="39" methods="25" coveredmethods="12"/>
      <file name="ChatMessage.jsx" path="C:/Users/karee/OneDrive/Documents/school/SW Engineering/Project/testing/FE-groups/Whisper_FrontEnd/src/components/ChatMessage/ChatMessage.jsx">
        <metrics statements="86" coveredstatements="37" conditionals="89" coveredconditionals="30" methods="19" coveredmethods="6"/>
        <line num="1" count="144" type="cond" truecount="3" falsecount="0"/>
        <line num="24" count="58" type="stmt"/>
        <line num="25" count="58" type="stmt"/>
        <line num="26" count="58" type="stmt"/>
        <line num="27" count="58" type="stmt"/>
        <line num="28" count="58" type="stmt"/>
        <line num="29" count="58" type="stmt"/>
        <line num="33" count="58" type="stmt"/>
        <line num="34" count="58" type="stmt"/>
        <line num="35" count="58" type="stmt"/>
        <line num="36" count="58" type="stmt"/>
        <line num="37" count="58" type="stmt"/>
        <line num="38" count="0" type="cond" truecount="0" falsecount="1"/>
        <line num="39" count="0" type="stmt"/>
        <line num="40" count="0" type="cond" truecount="0" falsecount="2"/>
        <line num="41" count="0" type="stmt"/>
        <line num="44" count="0" type="stmt"/>
        <line num="46" count="0" type="stmt"/>
        <line num="49" count="58" type="stmt"/>
        <line num="50" count="0" type="stmt"/>
        <line num="51" count="0" type="cond" truecount="0" falsecount="2"/>
        <line num="52" count="0" type="stmt"/>
        <line num="54" count="0" type="stmt"/>
        <line num="57" count="0" type="stmt"/>
        <line num="60" count="58" type="stmt"/>
        <line num="61" count="0" type="stmt"/>
        <line num="62" count="0" type="stmt"/>
        <line num="65" count="58" type="stmt"/>
        <line num="66" count="0" type="stmt"/>
        <line num="67" count="0" type="stmt"/>
        <line num="68" count="0" type="stmt"/>
        <line num="71" count="58" type="stmt"/>
        <line num="72" count="0" type="stmt"/>
        <line num="73" count="0" type="stmt"/>
        <line num="76" count="58" type="stmt"/>
        <line num="77" count="0" type="stmt"/>
        <line num="80" count="58" type="stmt"/>
        <line num="81" count="0" type="stmt"/>
        <line num="82" count="0" type="stmt"/>
        <line num="84" count="58" type="stmt"/>
        <line num="85" count="0" type="cond" truecount="0" falsecount="4"/>
        <line num="87" count="0" type="cond" truecount="0" falsecount="1"/>
        <line num="88" count="0" type="stmt"/>
        <line num="90" count="0" type="cond" truecount="0" falsecount="1"/>
        <line num="91" count="0" type="stmt"/>
        <line num="93" count="0" type="cond" truecount="0" falsecount="1"/>
        <line num="94" count="0" type="stmt"/>
        <line num="95" count="0" type="stmt"/>
        <line num="98" count="0" type="stmt"/>
        <line num="99" count="0" type="stmt"/>
        <line num="100" count="0" type="stmt"/>
        <line num="101" count="0" type="cond" truecount="0" falsecount="2"/>
        <line num="102" count="0" type="stmt"/>
        <line num="103" count="0" type="stmt"/>
        <line num="104" count="0" type="stmt"/>
        <line num="105" count="0" type="stmt"/>
        <line num="106" count="0" type="stmt"/>
        <line num="109" count="58" type="stmt"/>
        <line num="110" count="0" type="stmt"/>
        <line num="111" count="0" type="stmt"/>
        <line num="114" count="58" type="stmt"/>
        <line num="115" count="0" type="stmt"/>
        <line num="116" count="0" type="stmt"/>
        <line num="119" count="58" type="stmt"/>
        <line num="120" count="0" type="stmt"/>
        <line num="123" count="58" type="stmt"/>
        <line num="124" count="16" type="stmt"/>
        <line num="128" count="58" type="stmt"/>
        <line num="129" count="18" type="stmt"/>
        <line num="130" count="18" type="stmt"/>
        <line num="131" count="18" type="stmt"/>
        <line num="133" count="18" type="cond" truecount="1" falsecount="1"/>
        <line num="135" count="18" type="stmt"/>
        <line num="138" count="58" type="stmt"/>
        <line num="139" count="19" type="cond" truecount="1" falsecount="4"/>
        <line num="141" count="19" type="stmt"/>
        <line num="148" count="0" type="stmt"/>
        <line num="150" count="0" type="stmt"/>
        <line num="152" count="0" type="stmt"/>
        <line num="154" count="0" type="stmt"/>
        <line num="158" count="58" type="cond" truecount="0" falsecount="1"/>
        <line num="159" count="0" type="stmt"/>
        <line num="162" count="58" type="stmt"/>
        <line num="200" count="0" type="stmt"/>
        <line num="264" count="16" type="stmt"/>
        <line num="266" count="16" type="stmt"/>
      </file>
      <file name="MessageRelationshipsViewer.jsx" path="C:/Users/karee/OneDrive/Documents/school/SW Engineering/Project/testing/FE-groups/Whisper_FrontEnd/src/components/ChatMessage/MessageRelationshipsViewer.jsx">
        <metrics statements="9" coveredstatements="7" conditionals="11" coveredconditionals="4" methods="2" coveredmethods="2"/>
        <line num="1" count="128" type="cond" truecount="3" falsecount="0"/>
        <line num="4" count="16" type="stmt"/>
        <line num="5" count="58" type="cond" truecount="1" falsecount="2"/>
        <line num="6" count="0" type="stmt"/>
        <line num="21" count="58" type="cond" truecount="0" falsecount="1"/>
        <line num="22" count="0" type="stmt"/>
        <line num="38" count="58" type="stmt"/>
        <line num="39" count="16" type="stmt"/>
        <line num="41" count="16" type="stmt"/>
      </file>
      <file name="MessageRenderer.jsx" path="C:/Users/karee/OneDrive/Documents/school/SW Engineering/Project/testing/FE-groups/Whisper_FrontEnd/src/components/ChatMessage/MessageRenderer.jsx">
        <metrics statements="20" coveredstatements="15" conditionals="7" coveredconditionals="5" methods="4" coveredmethods="4"/>
        <line num="1" count="128" type="cond" truecount="3" falsecount="0"/>
        <line num="3" count="16" type="stmt"/>
        <line num="4" count="105" type="stmt"/>
        <line num="5" count="105" type="stmt"/>
        <line num="6" count="105" type="stmt"/>
        <line num="7" count="105" type="stmt"/>
        <line num="10" count="105" type="stmt"/>
        <line num="11" count="0" type="stmt"/>
        <line num="13" count="0" type="cond" truecount="0" falsecount="1"/>
        <line num="14" count="0" type="stmt"/>
        <line num="20" count="0" type="stmt"/>
        <line num="26" count="0" type="stmt"/>
        <line num="30" count="105" type="cond" truecount="1" falsecount="0"/>
        <line num="31" count="105" type="stmt"/>
        <line num="37" count="105" type="stmt"/>
        <line num="40" count="105" type="stmt"/>
        <line num="42" count="105" type="stmt"/>
        <line num="45" count="105" type="cond" truecount="1" falsecount="1"/>
        <line num="63" count="16" type="stmt"/>
        <line num="65" count="16" type="stmt"/>
      </file>
    </package>
    <package name="src.components.ChatPage">
      <metrics statements="42" coveredstatements="30" conditionals="12" coveredconditionals="10" methods="14" coveredmethods="8"/>
      <file name="ChatPage.jsx" path="C:/Users/karee/OneDrive/Documents/school/SW Engineering/Project/testing/FE-groups/Whisper_FrontEnd/src/components/ChatPage/ChatPage.jsx">
        <metrics statements="42" coveredstatements="30" conditionals="12" coveredconditionals="10" methods="14" coveredmethods="8"/>
        <line num="1" count="128" type="cond" truecount="4" falsecount="1"/>
        <line num="19" count="73" type="stmt"/>
        <line num="20" count="73" type="stmt"/>
        <line num="21" count="73" type="stmt"/>
        <line num="23" count="73" type="stmt"/>
        <line num="24" count="73" type="stmt"/>
        <line num="25" count="73" type="stmt"/>
        <line num="26" count="73" type="stmt"/>
        <line num="28" count="73" type="stmt"/>
        <line num="29" count="0" type="stmt"/>
        <line num="30" count="0" type="stmt"/>
        <line num="35" count="73" type="stmt"/>
        <line num="36" count="6" type="stmt"/>
        <line num="37" count="6" type="stmt"/>
        <line num="38" count="6" type="stmt"/>
        <line num="41" count="73" type="stmt"/>
        <line num="42" count="0" type="stmt"/>
        <line num="43" count="0" type="stmt"/>
        <line num="44" count="0" type="stmt"/>
        <line num="47" count="73" type="stmt"/>
        <line num="48" count="0" type="stmt"/>
        <line num="50" count="0" type="stmt"/>
        <line num="58" count="73" type="stmt"/>
        <line num="59" count="23" type="stmt"/>
        <line num="60" count="23" type="stmt"/>
        <line num="61" count="23" type="stmt"/>
        <line num="63" count="0" type="stmt"/>
        <line num="67" count="73" type="stmt"/>
        <line num="68" count="17" type="stmt"/>
        <line num="71" count="73" type="stmt"/>
        <line num="72" count="73" type="cond" truecount="1" falsecount="0"/>
        <line num="73" count="6" type="stmt"/>
        <line num="74" count="6" type="stmt"/>
        <line num="76" count="73" type="cond" truecount="0" falsecount="1"/>
        <line num="77" count="0" type="stmt"/>
        <line num="81" count="73" type="stmt"/>
        <line num="84" count="0" type="stmt"/>
        <line num="97" count="6" type="cond" truecount="2" falsecount="0"/>
        <line num="100" count="0" type="stmt"/>
        <line num="106" count="0" type="stmt"/>
        <line num="114" count="16" type="stmt"/>
        <line num="116" count="16" type="stmt"/>
      </file>
    </package>
    <package name="src.components.ChatPrivacy">
      <metrics statements="4" coveredstatements="3" conditionals="5" coveredconditionals="4" methods="1" coveredmethods="1"/>
      <file name="ChatPrivacy.jsx" path="C:/Users/karee/OneDrive/Documents/school/SW Engineering/Project/testing/FE-groups/Whisper_FrontEnd/src/components/ChatPrivacy/ChatPrivacy.jsx">
        <metrics statements="4" coveredstatements="3" conditionals="5" coveredconditionals="4" methods="1" coveredmethods="1"/>
        <line num="1" count="112" type="cond" truecount="4" falsecount="1"/>
        <line num="2" count="0" type="stmt"/>
        <line num="41" count="16" type="stmt"/>
        <line num="43" count="16" type="stmt"/>
      </file>
    </package>
    <package name="src.components.ChatSearch">
      <metrics statements="52" coveredstatements="30" conditionals="32" coveredconditionals="19" methods="20" coveredmethods="7"/>
      <file name="ChatSearch.jsx" path="C:/Users/karee/OneDrive/Documents/school/SW Engineering/Project/testing/FE-groups/Whisper_FrontEnd/src/components/ChatSearch/ChatSearch.jsx">
        <metrics statements="47" coveredstatements="25" conditionals="27" coveredconditionals="15" methods="18" coveredmethods="5"/>
        <line num="1" count="128" type="cond" truecount="4" falsecount="1"/>
        <line num="10" count="16" type="stmt"/>
        <line num="11" count="9" type="stmt"/>
        <line num="12" count="9" type="stmt"/>
        <line num="13" count="9" type="stmt"/>
        <line num="14" count="9" type="stmt"/>
        <line num="15" count="9" type="stmt"/>
        <line num="16" count="16" type="stmt"/>
        <line num="18" count="9" type="stmt"/>
        <line num="19" count="0" type="stmt"/>
        <line num="20" count="0" type="stmt"/>
        <line num="21" count="0" type="stmt"/>
        <line num="24" count="9" type="stmt"/>
        <line num="26" count="0" type="stmt"/>
        <line num="27" count="0" type="stmt"/>
        <line num="31" count="9" type="stmt"/>
        <line num="34" count="1" type="cond" truecount="1" falsecount="1"/>
        <line num="35" count="1" type="cond" truecount="1" falsecount="1"/>
        <line num="37" count="0" type="stmt"/>
        <line num="39" count="1" type="stmt"/>
        <line num="40" count="1" type="stmt"/>
        <line num="41" count="1" type="stmt"/>
        <line num="42" count="1" type="stmt"/>
        <line num="47" count="1" type="stmt"/>
        <line num="48" count="1" type="stmt"/>
        <line num="51" count="9" type="stmt"/>
        <line num="52" count="0" type="stmt"/>
        <line num="53" count="0" type="stmt"/>
        <line num="55" count="0" type="stmt"/>
        <line num="57" count="0" type="cond" truecount="0" falsecount="2"/>
        <line num="58" count="0" type="stmt"/>
        <line num="59" count="0" type="cond" truecount="0" falsecount="2"/>
        <line num="60" count="0" type="stmt"/>
        <line num="61" count="0" type="cond" truecount="0" falsecount="1"/>
        <line num="64" count="0" type="stmt"/>
        <line num="67" count="0" type="stmt"/>
        <line num="68" count="0" type="stmt"/>
        <line num="72" count="9" type="stmt"/>
        <line num="73" count="1" type="stmt"/>
        <line num="76" count="9" type="stmt"/>
        <line num="101" count="0" type="stmt"/>
        <line num="109" count="0" type="stmt"/>
        <line num="117" count="0" type="stmt"/>
        <line num="127" count="0" type="stmt"/>
        <line num="128" count="0" type="stmt"/>
        <line num="136" count="16" type="stmt"/>
        <line num="138" count="16" type="stmt"/>
      </file>
      <file name="ChatSearchContainer.jsx" path="C:/Users/karee/OneDrive/Documents/school/SW Engineering/Project/testing/FE-groups/Whisper_FrontEnd/src/components/ChatSearch/ChatSearchContainer.jsx">
        <metrics statements="5" coveredstatements="5" conditionals="5" coveredconditionals="4" methods="2" coveredmethods="2"/>
        <line num="1" count="112" type="cond" truecount="4" falsecount="1"/>
        <line num="4" count="16" type="stmt"/>
        <line num="5" count="1" type="stmt"/>
        <line num="11" count="16" type="stmt"/>
        <line num="13" count="16" type="stmt"/>
      </file>
    </package>
    <package name="src.components.ChatSelector">
      <metrics statements="24" coveredstatements="5" conditionals="17" coveredconditionals="4" methods="9" coveredmethods="1"/>
      <file name="ChatSelector.jsx" path="C:/Users/karee/OneDrive/Documents/school/SW Engineering/Project/testing/FE-groups/Whisper_FrontEnd/src/components/ChatSelector/ChatSelector.jsx">
        <metrics statements="24" coveredstatements="5" conditionals="17" coveredconditionals="4" methods="9" coveredmethods="1"/>
        <line num="1" count="128" type="cond" truecount="4" falsecount="1"/>
        <line num="8" count="16" type="cond" truecount="0" falsecount="2"/>
        <line num="9" count="0" type="stmt"/>
        <line num="10" count="0" type="stmt"/>
        <line num="11" count="0" type="stmt"/>
        <line num="12" count="0" type="stmt"/>
        <line num="14" count="16" type="stmt"/>
        <line num="16" count="0" type="stmt"/>
        <line num="17" count="0" type="stmt"/>
        <line num="20" count="0" type="stmt"/>
        <line num="21" count="0" type="stmt"/>
        <line num="22" count="0" type="stmt"/>
        <line num="23" count="0" type="stmt"/>
        <line num="24" count="0" type="stmt"/>
        <line num="25" count="0" type="stmt"/>
        <line num="27" count="0" type="stmt"/>
        <line num="29" count="0" type="stmt"/>
        <line num="33" count="0" type="stmt"/>
        <line num="36" count="0" type="stmt"/>
        <line num="37" count="0" type="stmt"/>
        <line num="38" count="0" type="stmt"/>
        <line num="57" count="0" type="stmt"/>
        <line num="87" count="16" type="stmt"/>
        <line num="89" count="16" type="stmt"/>
      </file>
    </package>
    <package name="src.components.ChatSettings">
      <metrics statements="36" coveredstatements="10" conditionals="22" coveredconditionals="8" methods="13" coveredmethods="2"/>
      <file name="ChatSettings.jsx" path="C:/Users/karee/OneDrive/Documents/school/SW Engineering/Project/testing/FE-groups/Whisper_FrontEnd/src/components/ChatSettings/ChatSettings.jsx">
        <metrics statements="8" coveredstatements="5" conditionals="7" coveredconditionals="4" methods="4" coveredmethods="1"/>
        <line num="1" count="128" type="cond" truecount="4" falsecount="1"/>
        <line num="6" count="16" type="stmt"/>
        <line num="15" count="0" type="stmt"/>
        <line num="16" count="16" type="stmt"/>
        <line num="17" count="0" type="stmt"/>
        <line num="20" count="0" type="stmt"/>
        <line num="40" count="16" type="stmt"/>
        <line num="42" count="16" type="stmt"/>
      </file>
      <file name="ChatSettingsContainer.jsx" path="C:/Users/karee/OneDrive/Documents/school/SW Engineering/Project/testing/FE-groups/Whisper_FrontEnd/src/components/ChatSettings/ChatSettingsContainer.jsx">
        <metrics statements="28" coveredstatements="5" conditionals="15" coveredconditionals="4" methods="9" coveredmethods="1"/>
        <line num="1" count="128" type="cond" truecount="4" falsecount="1"/>
        <line num="4" count="16" type="stmt"/>
        <line num="5" count="0" type="stmt"/>
        <line num="9" count="16" type="stmt"/>
        <line num="10" count="0" type="stmt"/>
        <line num="11" count="0" type="stmt"/>
        <line num="12" count="0" type="cond" truecount="0" falsecount="2"/>
        <line num="14" count="0" type="stmt"/>
        <line num="15" count="0" type="stmt"/>
        <line num="18" count="0" type="stmt"/>
        <line num="19" count="0" type="stmt"/>
        <line num="20" count="0" type="cond" truecount="0" falsecount="3"/>
        <line num="21" count="0" type="stmt"/>
        <line num="25" count="0" type="stmt"/>
        <line num="26" count="0" type="stmt"/>
        <line num="28" count="0" type="stmt"/>
        <line num="29" count="0" type="stmt"/>
        <line num="30" count="0" type="stmt"/>
        <line num="31" count="0" type="cond" truecount="0" falsecount="2"/>
        <line num="35" count="0" type="stmt"/>
        <line num="36" count="0" type="cond" truecount="0" falsecount="2"/>
        <line num="37" count="0" type="cond" truecount="0" falsecount="1"/>
        <line num="38" count="0" type="stmt"/>
        <line num="40" count="0" type="stmt"/>
        <line num="44" count="0" type="stmt"/>
        <line num="46" count="0" type="stmt"/>
        <line num="57" count="16" type="stmt"/>
        <line num="59" count="16" type="stmt"/>
      </file>
    </package>
    <package name="src.components.ChatTextingActions">
      <metrics statements="26" coveredstatements="20" conditionals="11" coveredconditionals="8" methods="12" coveredmethods="8"/>
      <file name="ChatTextingActions.jsx" path="C:/Users/karee/OneDrive/Documents/school/SW Engineering/Project/testing/FE-groups/Whisper_FrontEnd/src/components/ChatTextingActions/ChatTextingActions.jsx">
        <metrics statements="26" coveredstatements="20" conditionals="11" coveredconditionals="8" methods="12" coveredmethods="8"/>
        <line num="1" count="128" type="cond" truecount="4" falsecount="1"/>
        <line num="9" count="42" type="stmt"/>
        <line num="11" count="42" type="stmt"/>
        <line num="12" count="42" type="stmt"/>
        <line num="13" count="11" type="cond" truecount="1" falsecount="2"/>
        <line num="14" count="0" type="stmt"/>
        <line num="15" count="0" type="stmt"/>
        <line num="19" count="42" type="stmt"/>
        <line num="21" count="42" type="stmt"/>
        <line num="22" count="4" type="stmt"/>
        <line num="23" count="4" type="stmt"/>
        <line num="24" count="4" type="stmt"/>
        <line num="25" count="80" type="stmt"/>
        <line num="27" count="0" type="stmt"/>
        <line num="31" count="4" type="cond" truecount="3" falsecount="0"/>
        <line num="32" count="4" type="stmt"/>
        <line num="39" count="42" type="stmt"/>
        <line num="40" count="0" type="stmt"/>
        <line num="43" count="42" type="stmt"/>
        <line num="44" count="11" type="stmt"/>
        <line num="45" count="11" type="stmt"/>
        <line num="48" count="42" type="stmt"/>
        <line num="67" count="0" type="stmt"/>
        <line num="71" count="0" type="stmt"/>
        <line num="78" count="16" type="stmt"/>
        <line num="80" count="16" type="stmt"/>
      </file>
    </package>
    <package name="src.components.ChooseGroupInfo">
      <metrics statements="23" coveredstatements="14" conditionals="16" coveredconditionals="9" methods="11" coveredmethods="6"/>
      <file name="ChooseGroupInfo.jsx" path="C:/Users/karee/OneDrive/Documents/school/SW Engineering/Project/testing/FE-groups/Whisper_FrontEnd/src/components/ChooseGroupInfo/ChooseGroupInfo.jsx">
        <metrics statements="23" coveredstatements="14" conditionals="16" coveredconditionals="9" methods="11" coveredmethods="6"/>
        <line num="1" count="128" type="cond" truecount="4" falsecount="1"/>
        <line num="8" count="23" type="stmt"/>
        <line num="10" count="23" type="stmt"/>
        <line num="11" count="23" type="cond" truecount="2" falsecount="0"/>
        <line num="12" count="23" type="stmt"/>
        <line num="13" count="23" type="stmt"/>
        <line num="15" count="23" type="stmt"/>
        <line num="16" count="0" type="stmt"/>
        <line num="19" count="23" type="stmt"/>
        <line num="20" count="0" type="stmt"/>
        <line num="21" count="0" type="cond" truecount="0" falsecount="1"/>
        <line num="22" count="0" type="stmt"/>
        <line num="23" count="0" type="stmt"/>
        <line num="27" count="0" type="stmt"/>
        <line num="31" count="23" type="stmt"/>
        <line num="34" count="12" type="stmt"/>
        <line num="35" count="0" type="stmt"/>
        <line num="66" count="6" type="stmt"/>
        <line num="67" count="0" type="stmt"/>
        <line num="68" count="6" type="stmt"/>
        <line num="72" count="0" type="stmt"/>
        <line num="83" count="16" type="stmt"/>
        <line num="85" count="16" type="stmt"/>
      </file>
    </package>
    <package name="src.components.ChooseGroupMembers">
      <metrics statements="32" coveredstatements="24" conditionals="9" coveredconditionals="6" methods="14" coveredmethods="7"/>
      <file name="ChooseGroupMembers.jsx" path="C:/Users/karee/OneDrive/Documents/school/SW Engineering/Project/testing/FE-groups/Whisper_FrontEnd/src/components/ChooseGroupMembers/ChooseGroupMembers.jsx">
        <metrics statements="32" coveredstatements="24" conditionals="9" coveredconditionals="6" methods="14" coveredmethods="7"/>
        <line num="1" count="144" type="cond" truecount="4" falsecount="1"/>
        <line num="6" count="16" type="stmt"/>
        <line num="7" count="6" type="stmt"/>
        <line num="11" count="16" type="stmt"/>
        <line num="13" count="18" type="stmt"/>
        <line num="14" count="18" type="stmt"/>
        <line num="15" count="18" type="stmt"/>
        <line num="16" count="18" type="stmt"/>
        <line num="18" count="18" type="stmt"/>
        <line num="19" count="6" type="stmt"/>
        <line num="20" count="6" type="stmt"/>
        <line num="21" count="6" type="stmt"/>
        <line num="22" count="6" type="stmt"/>
        <line num="23" count="6" type="stmt"/>
        <line num="24" count="6" type="stmt"/>
        <line num="26" count="0" type="stmt"/>
        <line num="28" count="6" type="stmt"/>
        <line num="31" count="6" type="stmt"/>
        <line num="34" count="18" type="stmt"/>
        <line num="35" count="0" type="stmt"/>
        <line num="36" count="0" type="stmt"/>
        <line num="37" count="0" type="cond" truecount="0" falsecount="2"/>
        <line num="38" count="0" type="stmt"/>
        <line num="43" count="18" type="stmt"/>
        <line num="44" count="12" type="stmt"/>
        <line num="47" count="18" type="stmt"/>
        <line num="58" count="0" type="stmt"/>
        <line num="62" count="12" type="stmt"/>
        <line num="67" count="0" type="stmt"/>
        <line num="69" count="0" type="stmt"/>
        <line num="82" count="16" type="stmt"/>
        <line num="84" count="32" type="stmt"/>
      </file>
    </package>
    <package name="src.components.CopyButton">
      <metrics statements="12" coveredstatements="4" conditionals="8" coveredconditionals="4" methods="4" coveredmethods="1"/>
      <file name="CopyButton.jsx" path="C:/Users/karee/OneDrive/Documents/school/SW Engineering/Project/testing/FE-groups/Whisper_FrontEnd/src/components/CopyButton/CopyButton.jsx">
        <metrics statements="12" coveredstatements="4" conditionals="8" coveredconditionals="4" methods="4" coveredmethods="1"/>
        <line num="1" count="128" type="cond" truecount="4" falsecount="1"/>
        <line num="5" count="16" type="cond" truecount="0" falsecount="1"/>
        <line num="6" count="0" type="stmt"/>
        <line num="8" count="0" type="stmt"/>
        <line num="9" count="0" type="stmt"/>
        <line num="10" count="0" type="stmt"/>
        <line num="11" count="0" type="stmt"/>
        <line num="12" count="0" type="stmt"/>
        <line num="14" count="0" type="stmt"/>
        <line num="18" count="0" type="stmt"/>
        <line num="28" count="16" type="stmt"/>
        <line num="30" count="16" type="stmt"/>
      </file>
    </package>
    <package name="src.components.CreateGroupPageContainer">
      <metrics statements="37" coveredstatements="28" conditionals="18" coveredconditionals="12" methods="9" coveredmethods="6"/>
      <file name="CreateGroupPageContainer.jsx" path="C:/Users/karee/OneDrive/Documents/school/SW Engineering/Project/testing/FE-groups/Whisper_FrontEnd/src/components/CreateGroupPageContainer/CreateGroupPageContainer.jsx">
        <metrics statements="37" coveredstatements="28" conditionals="18" coveredconditionals="12" methods="9" coveredmethods="6"/>
        <line num="1" count="144" type="cond" truecount="3" falsecount="0"/>
        <line num="14" count="29" type="stmt"/>
        <line num="16" count="29" type="stmt"/>
        <line num="17" count="23" type="stmt"/>
        <line num="18" count="23" type="stmt"/>
        <line num="19" count="23" type="stmt"/>
        <line num="20" count="23" type="stmt"/>
        <line num="21" count="23" type="stmt"/>
        <line num="22" count="23" type="stmt"/>
        <line num="23" count="23" type="stmt"/>
        <line num="24" count="23" type="stmt"/>
        <line num="26" count="23" type="stmt"/>
        <line num="27" count="5" type="stmt"/>
        <line num="28" count="5" type="cond" truecount="1" falsecount="1"/>
        <line num="29" count="5" type="stmt"/>
        <line num="30" count="5" type="stmt"/>
        <line num="31" count="5" type="cond" truecount="0" falsecount="1"/>
        <line num="32" count="0" type="stmt"/>
        <line num="34" count="5" type="stmt"/>
        <line num="37" count="0" type="stmt"/>
        <line num="41" count="5" type="stmt"/>
        <line num="43" count="0" type="stmt"/>
        <line num="52" count="0" type="stmt"/>
        <line num="53" count="0" type="stmt"/>
        <line num="57" count="23" type="stmt"/>
        <line num="58" count="11" type="cond" truecount="2" falsecount="0"/>
        <line num="59" count="6" type="stmt"/>
        <line num="61" count="5" type="stmt"/>
        <line num="62" count="5" type="stmt"/>
        <line num="64" count="0" type="stmt"/>
        <line num="69" count="23" type="stmt"/>
        <line num="70" count="0" type="cond" truecount="0" falsecount="2"/>
        <line num="71" count="0" type="stmt"/>
        <line num="73" count="0" type="stmt"/>
        <line num="77" count="23" type="stmt"/>
        <line num="102" count="16" type="stmt"/>
        <line num="104" count="16" type="stmt"/>
      </file>
    </package>
    <package name="src.components.CreateNewChat">
      <metrics statements="5" coveredstatements="5" conditionals="5" coveredconditionals="4" methods="2" coveredmethods="2"/>
      <file name="CreateNewChat.jsx" path="C:/Users/karee/OneDrive/Documents/school/SW Engineering/Project/testing/FE-groups/Whisper_FrontEnd/src/components/CreateNewChat/CreateNewChat.jsx">
        <metrics statements="5" coveredstatements="5" conditionals="5" coveredconditionals="4" methods="2" coveredmethods="2"/>
        <line num="1" count="112" type="cond" truecount="4" falsecount="1"/>
        <line num="4" count="16" type="stmt"/>
        <line num="5" count="8" type="stmt"/>
        <line num="30" count="16" type="stmt"/>
        <line num="32" count="16" type="stmt"/>
      </file>
    </package>
    <package name="src.components.CustomEmojisPicker">
      <metrics statements="21" coveredstatements="18" conditionals="13" coveredconditionals="9" methods="8" coveredmethods="5"/>
      <file name="CustomEmojisPicker.jsx" path="C:/Users/karee/OneDrive/Documents/school/SW Engineering/Project/testing/FE-groups/Whisper_FrontEnd/src/components/CustomEmojisPicker/CustomEmojisPicker.jsx">
        <metrics statements="21" coveredstatements="18" conditionals="13" coveredconditionals="9" methods="8" coveredmethods="5"/>
        <line num="1" count="128" type="cond" truecount="4" falsecount="1"/>
        <line num="8" count="42" type="stmt"/>
        <line num="9" count="42" type="stmt"/>
        <line num="10" count="42" type="stmt"/>
        <line num="12" count="42" type="stmt"/>
[...]
        <metrics statements="10" coveredstatements="8" conditionals="1" coveredconditionals="1" methods="6" coveredmethods="5"/>
        <line num="9" count="95" type="cond" truecount="1" falsecount="0"/>
        <line num="10" count="85" type="stmt"/>
        <line num="13" count="10" type="stmt"/>
        <line num="15" count="10" type="stmt"/>
        <line num="19" count="73" type="stmt"/>
        <line num="23" count="63" type="stmt"/>
        <line num="27" count="73" type="stmt"/>
        <line num="31" count="63" type="stmt"/>
        <line num="35" count="0" type="stmt"/>
        <line num="36" count="0" type="stmt"/>
      </file>
      <file name="ChatSocket.js" path="C:/Users/karee/OneDrive/Documents/school/SW Engineering/Project/testing/FE-groups/Whisper_FrontEnd/src/services/sockets/ChatSocket.js">
        <metrics statements="24" coveredstatements="15" conditionals="1" coveredconditionals="1" methods="19" coveredmethods="11"/>
        <line num="9" count="52" type="cond" truecount="1" falsecount="0"/>
        <line num="10" count="36" type="stmt"/>
        <line num="13" count="16" type="stmt"/>
        <line num="14" count="16" type="stmt"/>
        <line num="16" count="16" type="stmt"/>
        <line num="20" count="5" type="stmt"/>
        <line num="24" count="0" type="stmt"/>
        <line num="28" count="0" type="stmt"/>
        <line num="31" count="0" type="stmt"/>
        <line num="34" count="0" type="stmt"/>
        <line num="38" count="0" type="stmt"/>
        <line num="42" count="65" type="stmt"/>
        <line num="46" count="65" type="stmt"/>
        <line num="50" count="65" type="stmt"/>
        <line num="54" count="65" type="stmt"/>
        <line num="58" count="49" type="stmt"/>
        <line num="62" count="65" type="stmt"/>
        <line num="66" count="65" type="stmt"/>
        <line num="70" count="0" type="stmt"/>
        <line num="74" count="49" type="stmt"/>
        <line num="78" count="65" type="stmt"/>
        <line num="82" count="0" type="stmt"/>
        <line num="86" count="0" type="stmt"/>
        <line num="87" count="0" type="stmt"/>
      </file>
      <file name="MessagingSocket.js" path="C:/Users/karee/OneDrive/Documents/school/SW Engineering/Project/testing/FE-groups/Whisper_FrontEnd/src/services/sockets/MessagingSocket.js">
        <metrics statements="35" coveredstatements="18" conditionals="1" coveredconditionals="1" methods="32" coveredmethods="14"/>
        <line num="7" count="29" type="cond" truecount="1" falsecount="0"/>
        <line num="8" count="13" type="stmt"/>
        <line num="11" count="16" type="stmt"/>
        <line num="13" count="16" type="stmt"/>
        <line num="17" count="1" type="stmt"/>
        <line num="21" count="0" type="stmt"/>
        <line num="25" count="0" type="stmt"/>
        <line num="28" count="8" type="stmt"/>
        <line num="31" count="0" type="stmt"/>
        <line num="35" count="8" type="stmt"/>
        <line num="39" count="0" type="stmt"/>
        <line num="43" count="8" type="stmt"/>
        <line num="47" count="0" type="stmt"/>
        <line num="51" count="3" type="stmt"/>
        <line num="52" count="3" type="stmt"/>
        <line num="56" count="8" type="stmt"/>
        <line num="60" count="0" type="stmt"/>
        <line num="64" count="8" type="stmt"/>
        <line num="68" count="0" type="stmt"/>
        <line num="72" count="0" type="stmt"/>
        <line num="76" count="8" type="stmt"/>
        <line num="80" count="8" type="stmt"/>
        <line num="84" count="0" type="stmt"/>
        <line num="88" count="0" type="stmt"/>
        <line num="92" count="8" type="stmt"/>
        <line num="96" count="8" type="stmt"/>
        <line num="100" count="0" type="stmt"/>
        <line num="104" count="0" type="stmt"/>
        <line num="112" count="0" type="stmt"/>
        <line num="116" count="8" type="stmt"/>
        <line num="120" count="0" type="stmt"/>
        <line num="124" count="0" type="stmt"/>
        <line num="128" count="8" type="stmt"/>
        <line num="132" count="0" type="stmt"/>
        <line num="136" count="0" type="stmt"/>
      </file>
      <file name="Socket.js" path="C:/Users/karee/OneDrive/Documents/school/SW Engineering/Project/testing/FE-groups/Whisper_FrontEnd/src/services/sockets/Socket.js">
        <metrics statements="10" coveredstatements="8" conditionals="1" coveredconditionals="1" methods="4" coveredmethods="1"/>
        <line num="6" count="74" type="stmt"/>
        <line num="9" count="74" type="cond" truecount="1" falsecount="0"/>
        <line num="10" count="16" type="stmt"/>
        <line num="11" count="16" type="stmt"/>
        <line num="12" count="16" type="stmt"/>
        <line num="19" count="16" type="stmt"/>
        <line num="21" count="74" type="stmt"/>
        <line num="22" count="74" type="stmt"/>
        <line num="26" count="0" type="stmt"/>
        <line num="30" count="0" type="stmt"/>
      </file>
      <file name="StorySocket.js" path="C:/Users/karee/OneDrive/Documents/school/SW Engineering/Project/testing/FE-groups/Whisper_FrontEnd/src/services/sockets/StorySocket.js">
        <metrics statements="22" coveredstatements="16" conditionals="1" coveredconditionals="1" methods="14" coveredmethods="9"/>
        <line num="7" count="29" type="cond" truecount="1" falsecount="0"/>
        <line num="8" count="13" type="stmt"/>
        <line num="11" count="16" type="stmt"/>
        <line num="13" count="16" type="stmt"/>
        <line num="17" count="0" type="stmt"/>
        <line num="18" count="0" type="stmt"/>
        <line num="22" count="0" type="stmt"/>
        <line num="26" count="0" type="stmt"/>
        <line num="30" count="0" type="stmt"/>
        <line num="34" count="19" type="stmt"/>
        <line num="38" count="19" type="stmt"/>
        <line num="42" count="19" type="stmt"/>
        <line num="46" count="19" type="stmt"/>
        <line num="50" count="11" type="stmt"/>
        <line num="51" count="11" type="stmt"/>
        <line num="55" count="11" type="stmt"/>
        <line num="56" count="11" type="stmt"/>
        <line num="60" count="11" type="stmt"/>
        <line num="61" count="11" type="stmt"/>
        <line num="65" count="11" type="stmt"/>
        <line num="66" count="11" type="stmt"/>
        <line num="70" count="0" type="stmt"/>
      </file>
      <file name="UserSocket.js" path="C:/Users/karee/OneDrive/Documents/school/SW Engineering/Project/testing/FE-groups/Whisper_FrontEnd/src/services/sockets/UserSocket.js">
        <metrics statements="15" coveredstatements="9" conditionals="1" coveredconditionals="1" methods="7" coveredmethods="3"/>
        <line num="7" count="78" type="cond" truecount="1" falsecount="0"/>
        <line num="8" count="62" type="stmt"/>
        <line num="9" count="62" type="stmt"/>
        <line num="11" count="16" type="stmt"/>
        <line num="13" count="16" type="stmt"/>
        <line num="17" count="11" type="stmt"/>
        <line num="18" count="11" type="stmt"/>
        <line num="19" count="0" type="stmt"/>
        <line num="20" count="0" type="stmt"/>
        <line num="25" count="1" type="stmt"/>
        <line num="26" count="1" type="stmt"/>
        <line num="27" count="0" type="stmt"/>
        <line num="32" count="0" type="stmt"/>
        <line num="33" count="0" type="stmt"/>
        <line num="37" count="0" type="stmt"/>
      </file>
    </package>
    <package name="src.services.storiesservice">
      <metrics statements="75" coveredstatements="41" conditionals="3" coveredconditionals="1" methods="12" coveredmethods="6"/>
      <file name="getLikesAndViews.js" path="C:/Users/karee/OneDrive/Documents/school/SW Engineering/Project/testing/FE-groups/Whisper_FrontEnd/src/services/storiesservice/getLikesAndViews.js">
        <metrics statements="19" coveredstatements="2" conditionals="2" coveredconditionals="0" methods="5" coveredmethods="0"/>
        <line num="4" count="16" type="stmt"/>
        <line num="5" count="0" type="stmt"/>
        <line num="6" count="0" type="stmt"/>
        <line num="7" count="0" type="stmt"/>
        <line num="8" count="0" type="stmt"/>
        <line num="15" count="0" type="stmt"/>
        <line num="16" count="0" type="stmt"/>
        <line num="18" count="0" type="stmt"/>
        <line num="19" count="0" type="cond" truecount="0" falsecount="2"/>
        <line num="20" count="0" type="stmt"/>
        <line num="22" count="0" type="stmt"/>
        <line num="29" count="0" type="stmt"/>
        <line num="33" count="16" type="stmt"/>
        <line num="34" count="0" type="stmt"/>
        <line num="35" count="0" type="stmt"/>
        <line num="36" count="0" type="stmt"/>
        <line num="42" count="0" type="stmt"/>
        <line num="43" count="0" type="stmt"/>
        <line num="45" count="0" type="stmt"/>
      </file>
      <file name="getStories.js" path="C:/Users/karee/OneDrive/Documents/school/SW Engineering/Project/testing/FE-groups/Whisper_FrontEnd/src/services/storiesservice/getStories.js">
        <metrics statements="50" coveredstatements="38" conditionals="1" coveredconditionals="1" methods="6" coveredmethods="6"/>
        <line num="4" count="16" type="stmt"/>
        <line num="6" count="16" type="stmt"/>
        <line num="7" count="36" type="stmt"/>
        <line num="8" count="36" type="stmt"/>
        <line num="9" count="36" type="stmt"/>
        <line num="10" count="36" type="stmt"/>
        <line num="17" count="36" type="stmt"/>
        <line num="19" count="0" type="stmt"/>
        <line num="20" count="0" type="stmt"/>
        <line num="24" count="16" type="stmt"/>
        <line num="25" count="36" type="stmt"/>
        <line num="26" count="36" type="stmt"/>
        <line num="27" count="36" type="stmt"/>
        <line num="29" count="36" type="stmt"/>
        <line num="31" count="156" type="stmt"/>
        <line num="41" count="156" type="stmt"/>
        <line num="47" count="156" type="stmt"/>
        <line num="48" count="156" type="stmt"/>
        <line num="49" count="156" type="stmt"/>
        <line num="50" count="156" type="stmt"/>
        <line num="52" count="0" type="stmt"/>
        <line num="53" count="0" type="stmt"/>
        <line num="54" count="0" type="stmt"/>
        <line num="55" count="0" type="stmt"/>
        <line num="56" count="0" type="stmt"/>
        <line num="59" count="156" type="stmt"/>
        <line num="63" count="36" type="stmt"/>
        <line num="65" count="0" type="stmt"/>
        <line num="66" count="0" type="stmt"/>
        <line num="70" count="16" type="stmt"/>
        <line num="71" count="13" type="stmt"/>
        <line num="72" count="13" type="stmt"/>
        <line num="73" count="13" type="stmt"/>
        <line num="80" count="12" type="stmt"/>
        <line num="82" count="0" type="stmt"/>
        <line num="86" count="16" type="stmt"/>
        <line num="87" count="13" type="stmt"/>
        <line num="88" count="13" type="stmt"/>
        <line num="89" count="12" type="stmt"/>
        <line num="90" count="12" type="stmt"/>
        <line num="91" count="12" type="stmt"/>
        <line num="92" count="12" type="stmt"/>
        <line num="93" count="36" type="cond" truecount="1" falsecount="0"/>
        <line num="94" count="12" type="stmt"/>
        <line num="96" count="36" type="stmt"/>
        <line num="101" count="36" type="stmt"/>
        <line num="103" count="12" type="stmt"/>
        <line num="104" count="12" type="stmt"/>
        <line num="106" count="0" type="stmt"/>
        <line num="107" count="0" type="stmt"/>
      </file>
      <file name="setStoryVisibility.js" path="C:/Users/karee/OneDrive/Documents/school/SW Engineering/Project/testing/FE-groups/Whisper_FrontEnd/src/services/storiesservice/setStoryVisibility.js">
        <metrics statements="6" coveredstatements="1" conditionals="0" coveredconditionals="0" methods="1" coveredmethods="0"/>
        <line num="4" count="16" type="stmt"/>
        <line num="5" count="0" type="stmt"/>
        <line num="6" count="0" type="stmt"/>
        <line num="7" count="0" type="stmt"/>
        <line num="18" count="0" type="stmt"/>
        <line num="20" count="0" type="stmt"/>
      </file>
    </package>
    <package name="src.services.userservices">
      <metrics statements="40" coveredstatements="20" conditionals="0" coveredconditionals="0" methods="8" coveredmethods="5"/>
      <file name="addNewContact.js" path="C:/Users/karee/OneDrive/Documents/school/SW Engineering/Project/testing/FE-groups/Whisper_FrontEnd/src/services/userservices/addNewContact.js">
        <metrics statements="6" coveredstatements="1" conditionals="0" coveredconditionals="0" methods="1" coveredmethods="0"/>
        <line num="5" count="16" type="stmt"/>
        <line num="6" count="0" type="stmt"/>
        <line num="7" count="0" type="stmt"/>
        <line num="8" count="0" type="stmt"/>
        <line num="9" count="0" type="stmt"/>
        <line num="20" count="0" type="stmt"/>
      </file>
      <file name="getAllUsers.js" path="C:/Users/karee/OneDrive/Documents/school/SW Engineering/Project/testing/FE-groups/Whisper_FrontEnd/src/services/userservices/getAllUsers.js">
        <metrics statements="21" coveredstatements="17" conditionals="0" coveredconditionals="0" methods="5" coveredmethods="5"/>
        <line num="6" count="16" type="stmt"/>
        <line num="7" count="34" type="stmt"/>
        <line num="8" count="34" type="stmt"/>
        <line num="13" count="34" type="stmt"/>
        <line num="15" count="0" type="stmt"/>
        <line num="16" count="0" type="stmt"/>
        <line num="20" count="16" type="stmt"/>
        <line num="21" count="18" type="stmt"/>
        <line num="22" count="18" type="stmt"/>
        <line num="23" count="18" type="stmt"/>
        <line num="29" count="17" type="stmt"/>
        <line num="31" count="17" type="stmt"/>
        <line num="33" count="0" type="stmt"/>
        <line num="38" count="16" type="stmt"/>
        <line num="39" count="18" type="stmt"/>
        <line num="40" count="18" type="stmt"/>
        <line num="41" count="17" type="stmt"/>
        <line num="42" count="34" type="stmt"/>
        <line num="45" count="34" type="stmt"/>
        <line num="46" count="17" type="stmt"/>
        <line num="48" count="0" type="stmt"/>
      </file>
      <file name="getUserInfo.js" path="C:/Users/karee/OneDrive/Documents/school/SW Engineering/Project/testing/FE-groups/Whisper_FrontEnd/src/services/userservices/getUserInfo.js">
        <metrics statements="7" coveredstatements="1" conditionals="0" coveredconditionals="0" methods="1" coveredmethods="0"/>
        <line num="4" count="16" type="stmt"/>
        <line num="5" count="0" type="stmt"/>
        <line num="6" count="0" type="stmt"/>
        <line num="7" count="0" type="stmt"/>
        <line num="14" count="0" type="stmt"/>
        <line num="16" count="0" type="stmt"/>
        <line num="18" count="0" type="stmt"/>
      </file>
      <file name="notifications.js" path="C:/Users/karee/OneDrive/Documents/school/SW Engineering/Project/testing/FE-groups/Whisper_FrontEnd/src/services/userservices/notifications.js">
        <metrics statements="6" coveredstatements="1" conditionals="0" coveredconditionals="0" methods="1" coveredmethods="0"/>
        <line num="2" count="16" type="stmt"/>
        <line num="4" count="0" type="stmt"/>
        <line num="5" count="0" type="stmt"/>
        <line num="11" count="0" type="stmt"/>
        <line num="13" count="0" type="stmt"/>
        <line num="14" count="0" type="stmt"/>
      </file>
    </package>
    <package name="src.services.voiceCall">
      <metrics statements="18" coveredstatements="3" conditionals="0" coveredconditionals="0" methods="3" coveredmethods="0"/>
      <file name="generateToken.js" path="C:/Users/karee/OneDrive/Documents/school/SW Engineering/Project/testing/FE-groups/Whisper_FrontEnd/src/services/voiceCall/generateToken.js">
        <metrics statements="6" coveredstatements="1" conditionals="0" coveredconditionals="0" methods="1" coveredmethods="0"/>
        <line num="3" count="16" type="stmt"/>
        <line num="4" count="0" type="stmt"/>
        <line num="5" count="0" type="stmt"/>
        <line num="10" count="0" type="stmt"/>
        <line num="12" count="0" type="stmt"/>
        <line num="14" count="0" type="stmt"/>
      </file>
      <file name="joinCall.js" path="C:/Users/karee/OneDrive/Documents/school/SW Engineering/Project/testing/FE-groups/Whisper_FrontEnd/src/services/voiceCall/joinCall.js">
        <metrics statements="6" coveredstatements="1" conditionals="0" coveredconditionals="0" methods="1" coveredmethods="0"/>
        <line num="3" count="16" type="stmt"/>
        <line num="4" count="0" type="stmt"/>
        <line num="5" count="0" type="stmt"/>
        <line num="6" count="0" type="stmt"/>
        <line num="8" count="0" type="stmt"/>
        <line num="10" count="0" type="stmt"/>
      </file>
      <file name="leaveVoiceCall.js" path="C:/Users/karee/OneDrive/Documents/school/SW Engineering/Project/testing/FE-groups/Whisper_FrontEnd/src/services/voiceCall/leaveVoiceCall.js">
        <metrics statements="6" coveredstatements="1" conditionals="0" coveredconditionals="0" methods="1" coveredmethods="0"/>
        <line num="3" count="16" type="stmt"/>
        <line num="4" count="0" type="stmt"/>
        <line num="5" count="0" type="stmt"/>
        <line num="8" count="0" type="stmt"/>
        <line num="10" count="0" type="stmt"/>
        <line num="12" count="0" type="stmt"/>
      </file>
    </package>
    <package name="src.utils">
      <metrics statements="10" coveredstatements="7" conditionals="0" coveredconditionals="0" methods="1" coveredmethods="0"/>
      <file name="APIRoutes.js" path="C:/Users/karee/OneDrive/Documents/school/SW Engineering/Project/testing/FE-groups/Whisper_FrontEnd/src/utils/APIRoutes.js">
        <metrics statements="1" coveredstatements="1" conditionals="0" coveredconditionals="0" methods="0" coveredmethods="0"/>
        <line num="1" count="16" type="stmt"/>
      </file>
      <file name="SignupSchema.js" path="C:/Users/karee/OneDrive/Documents/school/SW Engineering/Project/testing/FE-groups/Whisper_FrontEnd/src/utils/SignupSchema.js">
        <metrics statements="2" coveredstatements="2" conditionals="0" coveredconditionals="0" methods="0" coveredmethods="0"/>
        <line num="3" count="16" type="stmt"/>
        <line num="6" count="16" type="stmt"/>
      </file>
      <file name="formatDuration.js" path="C:/Users/karee/OneDrive/Documents/school/SW Engineering/Project/testing/FE-groups/Whisper_FrontEnd/src/utils/formatDuration.js">
        <metrics statements="4" coveredstatements="1" conditionals="0" coveredconditionals="0" methods="1" coveredmethods="0"/>
        <line num="1" count="16" type="stmt"/>
        <line num="2" count="0" type="stmt"/>
        <line num="3" count="0" type="stmt"/>
        <line num="4" count="0" type="stmt"/>
      </file>
      <file name="loginSchema.js" path="C:/Users/karee/OneDrive/Documents/school/SW Engineering/Project/testing/FE-groups/Whisper_FrontEnd/src/utils/loginSchema.js">
        <metrics statements="1" coveredstatements="1" conditionals="0" coveredconditionals="0" methods="0" coveredmethods="0"/>
        <line num="3" count="16" type="stmt"/>
      </file>
      <file name="resetSchema.js" path="C:/Users/karee/OneDrive/Documents/school/SW Engineering/Project/testing/FE-groups/Whisper_FrontEnd/src/utils/resetSchema.js">
        <metrics statements="2" coveredstatements="2" conditionals="0" coveredconditionals="0" methods="0" coveredmethods="0"/>
        <line num="3" count="16" type="stmt"/>
        <line num="5" count="16" type="stmt"/>
      </file>
    </package>
  </project>
</coverage>
