{"total": {"lines":{"total":5042,"covered":1460,"skipped":0,"pct":28.95},"statements":{"total":5573,"covered":1625,"skipped":0,"pct":29.15},"functions":{"total":1523,"covered":352,"skipped":0,"pct":23.11},"branches":{"total":1840,"covered":564,"skipped":0,"pct":30.65},"branchesTrue":{"total":0,"covered":0,"skipped":0,"pct":100}}
,"C:/Users/karee/OneDrive/Documents/school/SW Engineering/Project/testing/frontend2/Whisper_FrontEnd/src/App.jsx": {"lines":{"total":101,"covered":59,"skipped":0,"pct":58.41},"functions":{"total":14,"covered":11,"skipped":0,"pct":78.57},"statements":{"total":105,"covered":62,"skipped":0,"pct":59.04},"branches":{"total":40,"covered":15,"skipped":0,"pct":37.5}}
,"C:/Users/karee/OneDrive/Documents/school/SW Engineering/Project/testing/frontend2/Whisper_FrontEnd/src/config.js": {"lines":{"total":2,"covered":2,"skipped":0,"pct":100},"functions":{"total":0,"covered":0,"skipped":0,"pct":100},"statements":{"total":2,"covered":2,"skipped":0,"pct":100},"branches":{"total":4,"covered":3,"skipped":0,"pct":75}}
,"C:/Users/karee/OneDrive/Documents/school/SW Engineering/Project/testing/frontend2/Whisper_FrontEnd/src/index.jsx": {"lines":{"total":1,"covered":1,"skipped":0,"pct":100},"functions":{"total":0,"covered":0,"skipped":0,"pct":100},"statements":{"total":1,"covered":1,"skipped":0,"pct":100},"branches":{"total":0,"covered":0,"skipped":0,"pct":100}}
,"C:/Users/karee/OneDrive/Documents/school/SW Engineering/Project/testing/frontend2/Whisper_FrontEnd/src/components/AddNewButton/AddNewButton.jsx": {"lines":{"total":5,"covered":5,"skipped":0,"pct":100},"functions":{"total":2,"covered":2,"skipped":0,"pct":100},"statements":{"total":5,"covered":5,"skipped":0,"pct":100},"branches":{"total":3,"covered":3,"skipped":0,"pct":100}}
,"C:/Users/karee/OneDrive/Documents/school/SW Engineering/Project/testing/frontend2/Whisper_FrontEnd/src/components/AddNewStoryModal/AddNewStoryModal.jsx": {"lines":{"total":41,"covered":5,"skipped":0,"pct":12.19},"functions":{"total":14,"covered":1,"skipped":0,"pct":7.14},"statements":{"total":45,"covered":5,"skipped":0,"pct":11.11},"branches":{"total":17,"covered":3,"skipped":0,"pct":17.64}}
,"C:/Users/karee/OneDrive/Documents/school/SW Engineering/Project/testing/frontend2/Whisper_FrontEnd/src/components/AudioVoiceMessage/AudioVoiceMessage.jsx": {"lines":{"total":31,"covered":4,"skipped":0,"pct":12.9},"functions":{"total":9,"covered":1,"skipped":0,"pct":11.11},"statements":{"total":33,"covered":5,"skipped":0,"pct":15.15},"branches":{"total":9,"covered":3,"skipped":0,"pct":33.33}}
,"C:/Users/karee/OneDrive/Documents/school/SW Engineering/Project/testing/frontend2/Whisper_FrontEnd/src/components/AudioVoiceNoteMessage/AudioVoiceNoteMessage.jsx": {"lines":{"total":15,"covered":4,"skipped":0,"pct":26.66},"functions":{"total":5,"covered":1,"skipped":0,"pct":20},"statements":{"total":17,"covered":5,"skipped":0,"pct":29.41},"branches":{"total":16,"covered":3,"skipped":0,"pct":18.75}}
,"C:/Users/karee/OneDrive/Documents/school/SW Engineering/Project/testing/frontend2/Whisper_FrontEnd/src/components/AwaitingJoinMessage/AwaitingJoinMessage.jsx": {"lines":{"total":10,"covered":5,"skipped":0,"pct":50},"functions":{"total":4,"covered":1,"skipped":0,"pct":25},"statements":{"total":14,"covered":6,"skipped":0,"pct":42.85},"branches":{"total":5,"covered":4,"skipped":0,"pct":80}}
,"C:/Users/karee/OneDrive/Documents/school/SW Engineering/Project/testing/frontend2/Whisper_FrontEnd/src/components/BlockedUsers/BlockedUsers.jsx": {"lines":{"total":23,"covered":5,"skipped":0,"pct":21.73},"functions":{"total":12,"covered":1,"skipped":0,"pct":8.33},"statements":{"total":27,"covered":6,"skipped":0,"pct":22.22},"branches":{"total":15,"covered":4,"skipped":0,"pct":26.66}}
,"C:/Users/karee/OneDrive/Documents/school/SW Engineering/Project/testing/frontend2/Whisper_FrontEnd/src/components/ButtonsBar/ButtonsBar.jsx": {"lines":{"total":16,"covered":8,"skipped":0,"pct":50},"functions":{"total":10,"covered":3,"skipped":0,"pct":30},"statements":{"total":19,"covered":11,"skipped":0,"pct":57.89},"branches":{"total":3,"covered":3,"skipped":0,"pct":100}}
,"C:/Users/karee/OneDrive/Documents/school/SW Engineering/Project/testing/frontend2/Whisper_FrontEnd/src/components/ChannelInfo/ChannelInfo.jsx": {"lines":{"total":24,"covered":5,"skipped":0,"pct":20.83},"functions":{"total":8,"covered":1,"skipped":0,"pct":12.5},"statements":{"total":28,"covered":6,"skipped":0,"pct":21.42},"branches":{"total":7,"covered":4,"skipped":0,"pct":57.14}}
,"C:/Users/karee/OneDrive/Documents/school/SW Engineering/Project/testing/frontend2/Whisper_FrontEnd/src/components/ChannelInfo/ChannelInfoContainer.jsx": {"lines":{"total":5,"covered":4,"skipped":0,"pct":80},"functions":{"total":2,"covered":1,"skipped":0,"pct":50},"statements":{"total":6,"covered":5,"skipped":0,"pct":83.33},"branches":{"total":5,"covered":4,"skipped":0,"pct":80}}
,"C:/Users/karee/OneDrive/Documents/school/SW Engineering/Project/testing/frontend2/Whisper_FrontEnd/src/components/ChannelSettings/ChannelSettings.jsx": {"lines":{"total":13,"covered":5,"skipped":0,"pct":38.46},"functions":{"total":7,"covered":1,"skipped":0,"pct":14.28},"statements":{"total":17,"covered":6,"skipped":0,"pct":35.29},"branches":{"total":7,"covered":4,"skipped":0,"pct":57.14}}
,"C:/Users/karee/OneDrive/Documents/school/SW Engineering/Project/testing/frontend2/Whisper_FrontEnd/src/components/ChatActions/ChatActions.jsx": {"lines":{"total":127,"covered":5,"skipped":0,"pct":3.93},"functions":{"total":22,"covered":1,"skipped":0,"pct":4.54},"statements":{"total":132,"covered":5,"skipped":0,"pct":3.78},"branches":{"total":68,"covered":3,"skipped":0,"pct":4.41}}
,"C:/Users/karee/OneDrive/Documents/school/SW Engineering/Project/testing/frontend2/Whisper_FrontEnd/src/components/ChatHeader/ChatHeader.jsx": {"lines":{"total":42,"covered":5,"skipped":0,"pct":11.9},"functions":{"total":16,"covered":1,"skipped":0,"pct":6.25},"statements":{"total":46,"covered":6,"skipped":0,"pct":13.04},"branches":{"total":30,"covered":4,"skipped":0,"pct":13.33}}
,"C:/Users/karee/OneDrive/Documents/school/SW Engineering/Project/testing/frontend2/Whisper_FrontEnd/src/components/ChatItem/ChatItem.jsx": {"lines":{"total":31,"covered":24,"skipped":0,"pct":77.41},"functions":{"total":10,"covered":8,"skipped":0,"pct":80},"statements":{"total":37,"covered":30,"skipped":0,"pct":81.08},"branches":{"total":45,"covered":24,"skipped":0,"pct":53.33}}
,"C:/Users/karee/OneDrive/Documents/school/SW Engineering/Project/testing/frontend2/Whisper_FrontEnd/src/components/ChatList/ChatList.jsx": {"lines":{"total":10,"covered":8,"skipped":0,"pct":80},"functions":{"total":6,"covered":4,"skipped":0,"pct":66.66},"statements":{"total":13,"covered":11,"skipped":0,"pct":84.61},"branches":{"total":5,"covered":4,"skipped":0,"pct":80}}
,"C:/Users/karee/OneDrive/Documents/school/SW Engineering/Project/testing/frontend2/Whisper_FrontEnd/src/components/ChatMessage/ChatMessage.jsx": {"lines":{"total":53,"covered":5,"skipped":0,"pct":9.43},"functions":{"total":16,"covered":1,"skipped":0,"pct":6.25},"statements":{"total":57,"covered":5,"skipped":0,"pct":8.77},"branches":{"total":38,"covered":3,"skipped":0,"pct":7.89}}
,"C:/Users/karee/OneDrive/Documents/school/SW Engineering/Project/testing/frontend2/Whisper_FrontEnd/src/components/ChatMessage/MessageRelationshipsViewer.jsx": {"lines":{"total":9,"covered":4,"skipped":0,"pct":44.44},"functions":{"total":2,"covered":1,"skipped":0,"pct":50},"statements":{"total":9,"covered":4,"skipped":0,"pct":44.44},"branches":{"total":11,"covered":3,"skipped":0,"pct":27.27}}
,"C:/Users/karee/OneDrive/Documents/school/SW Engineering/Project/testing/frontend2/Whisper_FrontEnd/src/components/ChatPage/ChatPage.jsx": {"lines":{"total":38,"covered":23,"skipped":0,"pct":60.52},"functions":{"total":12,"covered":6,"skipped":0,"pct":50},"statements":{"total":42,"covered":27,"skipped":0,"pct":64.28},"branches":{"total":12,"covered":8,"skipped":0,"pct":66.66}}
,"C:/Users/karee/OneDrive/Documents/school/SW Engineering/Project/testing/frontend2/Whisper_FrontEnd/src/components/ChatSelector/ChatSelector.jsx": {"lines":{"total":24,"covered":5,"skipped":0,"pct":20.83},"functions":{"total":9,"covered":1,"skipped":0,"pct":11.11},"statements":{"total":29,"covered":6,"skipped":0,"pct":20.68},"branches":{"total":17,"covered":4,"skipped":0,"pct":23.52}}
,"C:/Users/karee/OneDrive/Documents/school/SW Engineering/Project/testing/frontend2/Whisper_FrontEnd/src/components/ChatTextingActions/ChatTextingActions.jsx": {"lines":{"total":21,"covered":4,"skipped":0,"pct":19.04},"functions":{"total":7,"covered":1,"skipped":0,"pct":14.28},"statements":{"total":24,"covered":5,"skipped":0,"pct":20.83},"branches":{"total":8,"covered":3,"skipped":0,"pct":37.5}}
,"C:/Users/karee/OneDrive/Documents/school/SW Engineering/Project/testing/frontend2/Whisper_FrontEnd/src/components/ChooseGroupInfo/ChooseGroupInfo.jsx": {"lines":{"total":23,"covered":5,"skipped":0,"pct":21.73},"functions":{"total":11,"covered":1,"skipped":0,"pct":9.09},"statements":{"total":27,"covered":6,"skipped":0,"pct":22.22},"branches":{"total":16,"covered":4,"skipped":0,"pct":25}}
,"C:/Users/karee/OneDrive/Documents/school/SW Engineering/Project/testing/frontend2/Whisper_FrontEnd/src/components/ChooseGroupMembers/ChooseGroupMembers.jsx": {"lines":{"total":30,"covered":5,"skipped":0,"pct":16.66},"functions":{"total":14,"covered":1,"skipped":0,"pct":7.14},"statements":{"total":35,"covered":6,"skipped":0,"pct":17.14},"branches":{"total":9,"covered":4,"skipped":0,"pct":44.44}}
,"C:/Users/karee/OneDrive/Documents/school/SW Engineering/Project/testing/frontend2/Whisper_FrontEnd/src/components/CopyButton/CopyButton.jsx": {"lines":{"total":12,"covered":4,"skipped":0,"pct":33.33},"functions":{"total":4,"covered":1,"skipped":0,"pct":25},"statements":{"total":16,"covered":6,"skipped":0,"pct":37.5},"branches":{"total":8,"covered":4,"skipped":0,"pct":50}}
,"C:/Users/karee/OneDrive/Documents/school/SW Engineering/Project/testing/frontend2/Whisper_FrontEnd/src/components/CreateGroupPageContainer/CreateGroupPageContainer.jsx": {"lines":{"total":40,"covered":5,"skipped":0,"pct":12.5},"functions":{"total":11,"covered":1,"skipped":0,"pct":9.09},"statements":{"total":45,"covered":5,"skipped":0,"pct":11.11},"branches":{"total":15,"covered":3,"skipped":0,"pct":20}}
,"C:/Users/karee/OneDrive/Documents/school/SW Engineering/Project/testing/frontend2/Whisper_FrontEnd/src/components/CreateNewChat/CreateNewChat.jsx": {"lines":{"total":5,"covered":4,"skipped":0,"pct":80},"functions":{"total":2,"covered":1,"skipped":0,"pct":50},"statements":{"total":6,"covered":5,"skipped":0,"pct":83.33},"branches":{"total":5,"covered":4,"skipped":0,"pct":80}}
,"C:/Users/karee/OneDrive/Documents/school/SW Engineering/Project/testing/frontend2/Whisper_FrontEnd/src/components/CustomEmojisPicker/CustomEmojisPicker.jsx": {"lines":{"total":21,"covered":5,"skipped":0,"pct":23.8},"functions":{"total":8,"covered":1,"skipped":0,"pct":12.5},"statements":{"total":25,"covered":7,"skipped":0,"pct":28},"branches":{"total":13,"covered":4,"skipped":0,"pct":30.76}}
,"C:/Users/karee/OneDrive/Documents/school/SW Engineering/Project/testing/frontend2/Whisper_FrontEnd/src/components/CustomGifPicker/CustomGifPicker.jsx": {"lines":{"total":14,"covered":4,"skipped":0,"pct":28.57},"functions":{"total":4,"covered":1,"skipped":0,"pct":25},"statements":{"total":14,"covered":4,"skipped":0,"pct":28.57},"branches":{"total":3,"covered":3,"skipped":0,"pct":100}}
,"C:/Users/karee/OneDrive/Documents/school/SW Engineering/Project/testing/frontend2/Whisper_FrontEnd/src/components/CustomStickersPicker/CustomStickersPicker.jsx": {"lines":{"total":19,"covered":5,"skipped":0,"pct":26.31},"functions":{"total":6,"covered":1,"skipped":0,"pct":16.66},"statements":{"total":22,"covered":7,"skipped":0,"pct":31.81},"branches":{"total":9,"covered":4,"skipped":0,"pct":44.44}}
,"C:/Users/karee/OneDrive/Documents/school/SW Engineering/Project/testing/frontend2/Whisper_FrontEnd/src/components/DeletedMessage/DeletedMessage.jsx": {"lines":{"total":11,"covered":5,"skipped":0,"pct":45.45},"functions":{"total":4,"covered":1,"skipped":0,"pct":25},"statements":{"total":14,"covered":5,"skipped":0,"pct":35.71},"branches":{"total":5,"covered":3,"skipped":0,"pct":60}}
,"C:/Users/karee/OneDrive/Documents/school/SW Engineering/Project/testing/frontend2/Whisper_FrontEnd/src/components/DeliveredTicks/DeliveredTicks.jsx": {"lines":{"total":5,"covered":5,"skipped":0,"pct":100},"functions":{"total":2,"covered":2,"skipped":0,"pct":100},"statements":{"total":5,"covered":5,"skipped":0,"pct":100},"branches":{"total":3,"covered":3,"skipped":0,"pct":100}}
,"C:/Users/karee/OneDrive/Documents/school/SW Engineering/Project/testing/frontend2/Whisper_FrontEnd/src/components/DraftedMessage/DraftedMessage.jsx": {"lines":{"total":7,"covered":4,"skipped":0,"pct":57.14},"functions":{"total":2,"covered":1,"skipped":0,"pct":50},"statements":{"total":7,"covered":4,"skipped":0,"pct":57.14},"branches":{"total":5,"covered":3,"skipped":0,"pct":60}}
,"C:/Users/karee/OneDrive/Documents/school/SW Engineering/Project/testing/frontend2/Whisper_FrontEnd/src/components/ErrorMessage/ErrorMessage.jsx": {"lines":{"total":7,"covered":4,"skipped":0,"pct":57.14},"functions":{"total":3,"covered":1,"skipped":0,"pct":33.33},"statements":{"total":7,"covered":4,"skipped":0,"pct":57.14},"branches":{"total":3,"covered":3,"skipped":0,"pct":100}}
,"C:/Users/karee/OneDrive/Documents/school/SW Engineering/Project/testing/frontend2/Whisper_FrontEnd/src/components/GroupAddMembers/GroupAddMembers.jsx": {"lines":{"total":31,"covered":5,"skipped":0,"pct":16.12},"functions":{"total":9,"covered":1,"skipped":0,"pct":11.11},"statements":{"total":37,"covered":6,"skipped":0,"pct":16.21},"branches":{"total":10,"covered":4,"skipped":0,"pct":40}}
,"C:/Users/karee/OneDrive/Documents/school/SW Engineering/Project/testing/frontend2/Whisper_FrontEnd/src/components/GroupInfo/GroupInfo.jsx": {"lines":{"total":17,"covered":5,"skipped":0,"pct":29.41},"functions":{"total":8,"covered":1,"skipped":0,"pct":12.5},"statements":{"total":21,"covered":6,"skipped":0,"pct":28.57},"branches":{"total":7,"covered":4,"skipped":0,"pct":57.14}}
,"C:/Users/karee/OneDrive/Documents/school/SW Engineering/Project/testing/frontend2/Whisper_FrontEnd/src/components/GroupInfo/GroupInfoContainer.jsx": {"lines":{"total":5,"covered":4,"skipped":0,"pct":80},"functions":{"total":2,"covered":1,"skipped":0,"pct":50},"statements":{"total":6,"covered":5,"skipped":0,"pct":83.33},"branches":{"total":5,"covered":4,"skipped":0,"pct":80}}
,"C:/Users/karee/OneDrive/Documents/school/SW Engineering/Project/testing/frontend2/Whisper_FrontEnd/src/components/GroupMembers/GroupMembers.jsx": {"lines":{"total":24,"covered":5,"skipped":0,"pct":20.83},"functions":{"total":12,"covered":1,"skipped":0,"pct":8.33},"statements":{"total":28,"covered":6,"skipped":0,"pct":21.42},"branches":{"total":19,"covered":4,"skipped":0,"pct":21.05}}
,"C:/Users/karee/OneDrive/Documents/school/SW Engineering/Project/testing/frontend2/Whisper_FrontEnd/src/components/GroupMembers/GroupMembersContainer.jsx": {"lines":{"total":33,"covered":5,"skipped":0,"pct":15.15},"functions":{"total":11,"covered":1,"skipped":0,"pct":9.09},"statements":{"total":39,"covered":6,"skipped":0,"pct":15.38},"branches":{"total":5,"covered":4,"skipped":0,"pct":80}}
,"C:/Users/karee/OneDrive/Documents/school/SW Engineering/Project/testing/frontend2/Whisper_FrontEnd/src/components/GroupSettings/GroupSettings.jsx": {"lines":{"total":32,"covered":5,"skipped":0,"pct":15.62},"functions":{"total":12,"covered":1,"skipped":0,"pct":8.33},"statements":{"total":36,"covered":6,"skipped":0,"pct":16.66},"branches":{"total":10,"covered":4,"skipped":0,"pct":40}}
,"C:/Users/karee/OneDrive/Documents/school/SW Engineering/Project/testing/frontend2/Whisper_FrontEnd/src/components/Home/Home.jsx": {"lines":{"total":5,"covered":5,"skipped":0,"pct":100},"functions":{"total":2,"covered":2,"skipped":0,"pct":100},"statements":{"total":5,"covered":5,"skipped":0,"pct":100},"branches":{"total":3,"covered":3,"skipped":0,"pct":100}}
,"C:/Users/karee/OneDrive/Documents/school/SW Engineering/Project/testing/frontend2/Whisper_FrontEnd/src/components/ImageMessage/ImageMessage.jsx": {"lines":{"total":5,"covered":4,"skipped":0,"pct":80},"functions":{"total":2,"covered":1,"skipped":0,"pct":50},"statements":{"total":5,"covered":4,"skipped":0,"pct":80},"branches":{"total":7,"covered":3,"skipped":0,"pct":42.85}}
,"C:/Users/karee/OneDrive/Documents/school/SW Engineering/Project/testing/frontend2/Whisper_FrontEnd/src/components/Info/Info.jsx": {"lines":{"total":47,"covered":25,"skipped":0,"pct":53.19},"functions":{"total":17,"covered":6,"skipped":0,"pct":35.29},"statements":{"total":52,"covered":29,"skipped":0,"pct":55.76},"branches":{"total":27,"covered":5,"skipped":0,"pct":18.51}}
,"C:/Users/karee/OneDrive/Documents/school/SW Engineering/Project/testing/frontend2/Whisper_FrontEnd/src/components/LastMessage/LastMessage.jsx": {"lines":{"total":6,"covered":6,"skipped":0,"pct":100},"functions":{"total":3,"covered":3,"skipped":0,"pct":100},"statements":{"total":8,"covered":8,"skipped":0,"pct":100},"branches":{"total":23,"covered":16,"skipped":0,"pct":69.56}}
,"C:/Users/karee/OneDrive/Documents/school/SW Engineering/Project/testing/frontend2/Whisper_FrontEnd/src/components/LoadingData/LoadingData.jsx": {"lines":{"total":5,"covered":5,"skipped":0,"pct":100},"functions":{"total":2,"covered":2,"skipped":0,"pct":100},"statements":{"total":5,"covered":5,"skipped":0,"pct":100},"branches":{"total":3,"covered":3,"skipped":0,"pct":100}}
,"C:/Users/karee/OneDrive/Documents/school/SW Engineering/Project/testing/frontend2/Whisper_FrontEnd/src/components/MessageAttachment/MessageAttachementRenderer.jsx": {"lines":{"total":116,"covered":5,"skipped":0,"pct":4.31},"functions":{"total":18,"covered":1,"skipped":0,"pct":5.55},"statements":{"total":122,"covered":6,"skipped":0,"pct":4.91},"branches":{"total":48,"covered":4,"skipped":0,"pct":8.33}}
,"C:/Users/karee/OneDrive/Documents/school/SW Engineering/Project/testing/frontend2/Whisper_FrontEnd/src/components/MessageAttachment/fileServices.js": {"lines":{"total":12,"covered":1,"skipped":0,"pct":8.33},"functions":{"total":1,"covered":0,"skipped":0,"pct":0},"statements":{"total":12,"covered":1,"skipped":0,"pct":8.33},"branches":{"total":2,"covered":0,"skipped":0,"pct":0}}
,"C:/Users/karee/OneDrive/Documents/school/SW Engineering/Project/testing/frontend2/Whisper_FrontEnd/src/components/MessageInfo/MessageInfo.jsx": {"lines":{"total":17,"covered":5,"skipped":0,"pct":29.41},"functions":{"total":5,"covered":1,"skipped":0,"pct":20},"statements":{"total":21,"covered":6,"skipped":0,"pct":28.57},"branches":{"total":20,"covered":4,"skipped":0,"pct":20}}
,"C:/Users/karee/OneDrive/Documents/school/SW Engineering/Project/testing/frontend2/Whisper_FrontEnd/src/components/Modals/BlockUserModal/BlockUserModal.jsx": {"lines":{"total":9,"covered":5,"skipped":0,"pct":55.55},"functions":{"total":4,"covered":1,"skipped":0,"pct":25},"statements":{"total":13,"covered":6,"skipped":0,"pct":46.15},"branches":{"total":5,"covered":4,"skipped":0,"pct":80}}
,"C:/Users/karee/OneDrive/Documents/school/SW Engineering/Project/testing/frontend2/Whisper_FrontEnd/src/components/Modals/CreatePrivateChatModal/CreatePrivateChatModal.jsx": {"lines":{"total":34,"covered":5,"skipped":0,"pct":14.7},"functions":{"total":10,"covered":1,"skipped":0,"pct":10},"statements":{"total":39,"covered":6,"skipped":0,"pct":15.38},"branches":{"total":11,"covered":4,"skipped":0,"pct":36.36}}
,"C:/Users/karee/OneDrive/Documents/school/SW Engineering/Project/testing/frontend2/Whisper_FrontEnd/src/components/Modals/EditMessageModal/EditMessageModal.jsx": {"lines":{"total":11,"covered":5,"skipped":0,"pct":45.45},"functions":{"total":4,"covered":1,"skipped":0,"pct":25},"statements":{"total":15,"covered":6,"skipped":0,"pct":40},"branches":{"total":5,"covered":4,"skipped":0,"pct":80}}
,"C:/Users/karee/OneDrive/Documents/school/SW Engineering/Project/testing/frontend2/Whisper_FrontEnd/src/components/Modals/ForwardMessageModal/ForwardMessageModal.jsx": {"lines":{"total":18,"covered":5,"skipped":0,"pct":27.77},"functions":{"total":5,"covered":1,"skipped":0,"pct":20},"statements":{"total":22,"covered":6,"skipped":0,"pct":27.27},"branches":{"total":8,"covered":4,"skipped":0,"pct":50}}
,"C:/Users/karee/OneDrive/Documents/school/SW Engineering/Project/testing/frontend2/Whisper_FrontEnd/src/components/NoChatOpened/NoChatOpened.jsx": {"lines":{"total":5,"covered":5,"skipped":0,"pct":100},"functions":{"total":2,"covered":2,"skipped":0,"pct":100},"statements":{"total":5,"covered":5,"skipped":0,"pct":100},"branches":{"total":3,"covered":3,"skipped":0,"pct":100}}
,"C:/Users/karee/OneDrive/Documents/school/SW Engineering/Project/testing/frontend2/Whisper_FrontEnd/src/components/NoChatOpenedLogo/NoChatOpenedLogo.jsx": {"lines":{"total":5,"covered":5,"skipped":0,"pct":100},"functions":{"total":2,"covered":2,"skipped":0,"pct":100},"statements":{"total":5,"covered":5,"skipped":0,"pct":100},"branches":{"total":3,"covered":3,"skipped":0,"pct":100}}
,"C:/Users/karee/OneDrive/Documents/school/SW Engineering/Project/testing/frontend2/Whisper_FrontEnd/src/components/NotificationBell/NotificationBell.jsx": {"lines":{"total":5,"covered":4,"skipped":0,"pct":80},"functions":{"total":2,"covered":1,"skipped":0,"pct":50},"statements":{"total":5,"covered":4,"skipped":0,"pct":80},"branches":{"total":3,"covered":3,"skipped":0,"pct":100}}
,"C:/Users/karee/OneDrive/Documents/school/SW Engineering/Project/testing/frontend2/Whisper_FrontEnd/src/components/ParentMessage/ParentMessage.jsx": {"lines":{"total":7,"covered":5,"skipped":0,"pct":71.42},"functions":{"total":3,"covered":1,"skipped":0,"pct":33.33},"statements":{"total":11,"covered":5,"skipped":0,"pct":45.45},"branches":{"total":8,"covered":3,"skipped":0,"pct":37.5}}
,"C:/Users/karee/OneDrive/Documents/school/SW Engineering/Project/testing/frontend2/Whisper_FrontEnd/src/components/ParentMessage/ParentMessageDetails.jsx": {"lines":{"total":16,"covered":4,"skipped":0,"pct":25},"functions":{"total":3,"covered":1,"skipped":0,"pct":33.33},"statements":{"total":19,"covered":6,"skipped":0,"pct":31.57},"branches":{"total":16,"covered":4,"skipped":0,"pct":25}}
,"C:/Users/karee/OneDrive/Documents/school/SW Engineering/Project/testing/frontend2/Whisper_FrontEnd/src/components/PendingSend/PendingSend.jsx": {"lines":{"total":5,"covered":4,"skipped":0,"pct":80},"functions":{"total":2,"covered":1,"skipped":0,"pct":50},"statements":{"total":5,"covered":4,"skipped":0,"pct":80},"branches":{"total":3,"covered":3,"skipped":0,"pct":100}}
,"C:/Users/karee/OneDrive/Documents/school/SW Engineering/Project/testing/frontend2/Whisper_FrontEnd/src/components/PinnedMessages/PinnedMessages.jsx": {"lines":{"total":37,"covered":5,"skipped":0,"pct":13.51},"functions":{"total":19,"covered":1,"skipped":0,"pct":5.26},"statements":{"total":44,"covered":6,"skipped":0,"pct":13.63},"branches":{"total":21,"covered":4,"skipped":0,"pct":19.04}}
,"C:/Users/karee/OneDrive/Documents/school/SW Engineering/Project/testing/frontend2/Whisper_FrontEnd/src/components/ProfileSettings/ModalVerify.jsx": {"lines":{"total":22,"covered":5,"skipped":0,"pct":22.72},"functions":{"total":8,"covered":1,"skipped":0,"pct":12.5},"statements":{"total":25,"covered":5,"skipped":0,"pct":20},"branches":{"total":8,"covered":3,"skipped":0,"pct":37.5}}
,"C:/Users/karee/OneDrive/Documents/school/SW Engineering/Project/testing/frontend2/Whisper_FrontEnd/src/components/ProfileSettings/ProfileContainer.jsx": {"lines":{"total":27,"covered":5,"skipped":0,"pct":18.51},"functions":{"total":12,"covered":1,"skipped":0,"pct":8.33},"statements":{"total":31,"covered":5,"skipped":0,"pct":16.12},"branches":{"total":8,"covered":3,"skipped":0,"pct":37.5}}
,"C:/Users/karee/OneDrive/Documents/school/SW Engineering/Project/testing/frontend2/Whisper_FrontEnd/src/components/ProfileSettings/ProfileStacked.jsx": {"lines":{"total":7,"covered":5,"skipped":0,"pct":71.42},"functions":{"total":4,"covered":1,"skipped":0,"pct":25},"statements":{"total":11,"covered":6,"skipped":0,"pct":54.54},"branches":{"total":5,"covered":4,"skipped":0,"pct":80}}
,"C:/Users/karee/OneDrive/Documents/school/SW Engineering/Project/testing/frontend2/Whisper_FrontEnd/src/components/ProfileSettings/EditFields/EditableField.jsx": {"lines":{"total":31,"covered":4,"skipped":0,"pct":12.9},"functions":{"total":8,"covered":1,"skipped":0,"pct":12.5},"statements":{"total":33,"covered":5,"skipped":0,"pct":15.15},"branches":{"total":19,"covered":3,"skipped":0,"pct":15.78}}
,"C:/Users/karee/OneDrive/Documents/school/SW Engineering/Project/testing/frontend2/Whisper_FrontEnd/src/components/ProfileSettings/EditFields/EditablePhoneField.jsx": {"lines":{"total":31,"covered":4,"skipped":0,"pct":12.9},"functions":{"total":8,"covered":1,"skipped":0,"pct":12.5},"statements":{"total":33,"covered":5,"skipped":0,"pct":15.15},"branches":{"total":17,"covered":3,"skipped":0,"pct":17.64}}
,"C:/Users/karee/OneDrive/Documents/school/SW Engineering/Project/testing/frontend2/Whisper_FrontEnd/src/components/ProfileSettings/ProfilePicture/EditProfilePic.jsx": {"lines":{"total":39,"covered":5,"skipped":0,"pct":12.82},"functions":{"total":12,"covered":1,"skipped":0,"pct":8.33},"statements":{"total":43,"covered":6,"skipped":0,"pct":13.95},"branches":{"total":17,"covered":4,"skipped":0,"pct":23.52}}
,"C:/Users/karee/OneDrive/Documents/school/SW Engineering/Project/testing/frontend2/Whisper_FrontEnd/src/components/ProfileSettings/ProfilePicture/PhotoOptionsModal.jsx": {"lines":{"total":5,"covered":4,"skipped":0,"pct":80},"functions":{"total":2,"covered":1,"skipped":0,"pct":50},"statements":{"total":5,"covered":4,"skipped":0,"pct":80},"branches":{"total":3,"covered":3,"skipped":0,"pct":100}}
,"C:/Users/karee/OneDrive/Documents/school/SW Engineering/Project/testing/frontend2/Whisper_FrontEnd/src/components/ProfileSettings/ProfilePicture/ProfilePic.jsx": {"lines":{"total":6,"covered":6,"skipped":0,"pct":100},"functions":{"total":3,"covered":3,"skipped":0,"pct":100},"statements":{"total":10,"covered":10,"skipped":0,"pct":100},"branches":{"total":7,"covered":5,"skipped":0,"pct":71.42}}
,"C:/Users/karee/OneDrive/Documents/school/SW Engineering/Project/testing/frontend2/Whisper_FrontEnd/src/components/ReadTicks/ReadTicks.jsx": {"lines":{"total":5,"covered":4,"skipped":0,"pct":80},"functions":{"total":2,"covered":1,"skipped":0,"pct":50},"statements":{"total":5,"covered":4,"skipped":0,"pct":80},"branches":{"total":3,"covered":3,"skipped":0,"pct":100}}
,"C:/Users/karee/OneDrive/Documents/school/SW Engineering/Project/testing/frontend2/Whisper_FrontEnd/src/components/SearchBar/SearchBar.jsx": {"lines":{"total":5,"covered":5,"skipped":0,"pct":100},"functions":{"total":2,"covered":2,"skipped":0,"pct":100},"statements":{"total":5,"covered":5,"skipped":0,"pct":100},"branches":{"total":3,"covered":3,"skipped":0,"pct":100}}
,"C:/Users/karee/OneDrive/Documents/school/SW Engineering/Project/testing/frontend2/Whisper_FrontEnd/src/components/SearchSingleChat/SearchSingleChat.jsx": {"lines":{"total":34,"covered":5,"skipped":0,"pct":14.7},"functions":{"total":9,"covered":1,"skipped":0,"pct":11.11},"statements":{"total":38,"covered":6,"skipped":0,"pct":15.78},"branches":{"total":23,"covered":4,"skipped":0,"pct":17.39}}
,"C:/Users/karee/OneDrive/Documents/school/SW Engineering/Project/testing/frontend2/Whisper_FrontEnd/src/components/SentTicks/SentTicks.jsx": {"lines":{"total":5,"covered":5,"skipped":0,"pct":100},"functions":{"total":2,"covered":2,"skipped":0,"pct":100},"statements":{"total":5,"covered":5,"skipped":0,"pct":100},"branches":{"total":3,"covered":3,"skipped":0,"pct":100}}
,"C:/Users/karee/OneDrive/Documents/school/SW Engineering/Project/testing/frontend2/Whisper_FrontEnd/src/components/Settings/SettingsCotnainer.jsx": {"lines":{"total":13,"covered":5,"skipped":0,"pct":38.46},"functions":{"total":7,"covered":1,"skipped":0,"pct":14.28},"statements":{"total":17,"covered":6,"skipped":0,"pct":35.29},"branches":{"total":19,"covered":4,"skipped":0,"pct":21.05}}
,"C:/Users/karee/OneDrive/Documents/school/SW Engineering/Project/testing/frontend2/Whisper_FrontEnd/src/components/Sidebar/Sidebar.jsx": {"lines":{"total":29,"covered":25,"skipped":0,"pct":86.2},"functions":{"total":9,"covered":8,"skipped":0,"pct":88.88},"statements":{"total":33,"covered":29,"skipped":0,"pct":87.87},"branches":{"total":9,"covered":4,"skipped":0,"pct":44.44}}
,"C:/Users/karee/OneDrive/Documents/school/SW Engineering/Project/testing/frontend2/Whisper_FrontEnd/src/components/SingleChatMessagesList/SingleChatMessagesList.jsx": {"lines":{"total":8,"covered":5,"skipped":0,"pct":62.5},"functions":{"total":5,"covered":1,"skipped":0,"pct":20},"statements":{"total":12,"covered":6,"skipped":0,"pct":50},"branches":{"total":5,"covered":4,"skipped":0,"pct":80}}
,"C:/Users/karee/OneDrive/Documents/school/SW Engineering/Project/testing/frontend2/Whisper_FrontEnd/src/components/SingleChatSection/SingleChatSection.jsx": {"lines":{"total":20,"covered":10,"skipped":0,"pct":50},"functions":{"total":8,"covered":4,"skipped":0,"pct":50},"statements":{"total":23,"covered":13,"skipped":0,"pct":56.52},"branches":{"total":24,"covered":4,"skipped":0,"pct":16.66}}
,"C:/Users/karee/OneDrive/Documents/school/SW Engineering/Project/testing/frontend2/Whisper_FrontEnd/src/components/SingleStory/SingleStory.jsx": {"lines":{"total":90,"covered":5,"skipped":0,"pct":5.55},"functions":{"total":28,"covered":1,"skipped":0,"pct":3.57},"statements":{"total":95,"covered":6,"skipped":0,"pct":6.31},"branches":{"total":43,"covered":4,"skipped":0,"pct":9.3}}
,"C:/Users/karee/OneDrive/Documents/school/SW Engineering/Project/testing/frontend2/Whisper_FrontEnd/src/components/StickerMessage/StickerMessage.jsx": {"lines":{"total":5,"covered":4,"skipped":0,"pct":80},"functions":{"total":2,"covered":1,"skipped":0,"pct":50},"statements":{"total":5,"covered":4,"skipped":0,"pct":80},"branches":{"total":7,"covered":3,"skipped":0,"pct":42.85}}
,"C:/Users/karee/OneDrive/Documents/school/SW Engineering/Project/testing/frontend2/Whisper_FrontEnd/src/components/StorageSettings/StorageSettings.jsx": {"lines":{"total":26,"covered":5,"skipped":0,"pct":19.23},"functions":{"total":11,"covered":1,"skipped":0,"pct":9.09},"statements":{"total":29,"covered":5,"skipped":0,"pct":17.24},"branches":{"total":3,"covered":3,"skipped":0,"pct":100}}
,"C:/Users/karee/OneDrive/Documents/school/SW Engineering/Project/testing/frontend2/Whisper_FrontEnd/src/components/StoriesContainer/StoriesContainer.jsx": {"lines":{"total":36,"covered":21,"skipped":0,"pct":58.33},"functions":{"total":11,"covered":6,"skipped":0,"pct":54.54},"statements":{"total":40,"covered":25,"skipped":0,"pct":62.5},"branches":{"total":16,"covered":4,"skipped":0,"pct":25}}
,"C:/Users/karee/OneDrive/Documents/school/SW Engineering/Project/testing/frontend2/Whisper_FrontEnd/src/components/StoriesContainer/StoriesTab.jsx": {"lines":{"total":31,"covered":17,"skipped":0,"pct":54.83},"functions":{"total":10,"covered":5,"skipped":0,"pct":50},"statements":{"total":34,"covered":20,"skipped":0,"pct":58.82},"branches":{"total":24,"covered":12,"skipped":0,"pct":50}}
,"C:/Users/karee/OneDrive/Documents/school/SW Engineering/Project/testing/frontend2/Whisper_FrontEnd/src/components/StoriesList/StoriesList.jsx": {"lines":{"total":24,"covered":5,"skipped":0,"pct":20.83},"functions":{"total":12,"covered":1,"skipped":0,"pct":8.33},"statements":{"total":28,"covered":6,"skipped":0,"pct":21.42},"branches":{"total":14,"covered":4,"skipped":0,"pct":28.57}}
,"C:/Users/karee/OneDrive/Documents/school/SW Engineering/Project/testing/frontend2/Whisper_FrontEnd/src/components/TextMessage/TextMessage.jsx": {"lines":{"total":8,"covered":8,"skipped":0,"pct":100},"functions":{"total":2,"covered":2,"skipped":0,"pct":100},"statements":{"total":10,"covered":10,"skipped":0,"pct":100},"branches":{"total":5,"covered":4,"skipped":0,"pct":80}}
,"C:/Users/karee/OneDrive/Documents/school/SW Engineering/Project/testing/frontend2/Whisper_FrontEnd/src/components/UnifiedPicker/UnifiedPicker.jsx": {"lines":{"total":18,"covered":4,"skipped":0,"pct":22.22},"functions":{"total":9,"covered":1,"skipped":0,"pct":11.11},"statements":{"total":23,"covered":6,"skipped":0,"pct":26.08},"branches":{"total":20,"covered":4,"skipped":0,"pct":20}}
,"C:/Users/karee/OneDrive/Documents/school/SW Engineering/Project/testing/frontend2/Whisper_FrontEnd/src/components/VideoMessage/VideoMessage.jsx": {"lines":{"total":5,"covered":4,"skipped":0,"pct":80},"functions":{"total":2,"covered":1,"skipped":0,"pct":50},"statements":{"total":5,"covered":4,"skipped":0,"pct":80},"branches":{"total":7,"covered":3,"skipped":0,"pct":42.85}}
,"C:/Users/karee/OneDrive/Documents/school/SW Engineering/Project/testing/frontend2/Whisper_FrontEnd/src/components/VisibiltySettings/VisibilitySettings.jsx": {"lines":{"total":61,"covered":5,"skipped":0,"pct":8.19},"functions":{"total":19,"covered":1,"skipped":0,"pct":5.26},"statements":{"total":64,"covered":5,"skipped":0,"pct":7.81},"branches":{"total":3,"covered":3,"skipped":0,"pct":100}}
,"C:/Users/karee/OneDrive/Documents/school/SW Engineering/Project/testing/frontend2/Whisper_FrontEnd/src/components/auth/ForgotPassword/ForgotPassword.jsx": {"lines":{"total":5,"covered":4,"skipped":0,"pct":80},"functions":{"total":2,"covered":1,"skipped":0,"pct":50},"statements":{"total":5,"covered":4,"skipped":0,"pct":80},"branches":{"total":5,"covered":3,"skipped":0,"pct":60}}
,"C:/Users/karee/OneDrive/Documents/school/SW Engineering/Project/testing/frontend2/Whisper_FrontEnd/src/components/auth/ForgotPassword/ForgotPasswordContainer.jsx": {"lines":{"total":33,"covered":5,"skipped":0,"pct":15.15},"functions":{"total":7,"covered":1,"skipped":0,"pct":14.28},"statements":{"total":37,"covered":6,"skipped":0,"pct":16.21},"branches":{"total":16,"covered":4,"skipped":0,"pct":25}}
,"C:/Users/karee/OneDrive/Documents/school/SW Engineering/Project/testing/frontend2/Whisper_FrontEnd/src/components/auth/Login/LoginContainer.jsx": {"lines":{"total":15,"covered":11,"skipped":0,"pct":73.33},"functions":{"total":5,"covered":4,"skipped":0,"pct":80},"statements":{"total":19,"covered":15,"skipped":0,"pct":78.94},"branches":{"total":6,"covered":4,"skipped":0,"pct":66.66}}
,"C:/Users/karee/OneDrive/Documents/school/SW Engineering/Project/testing/frontend2/Whisper_FrontEnd/src/components/auth/Login/LoginForm.jsx": {"lines":{"total":7,"covered":7,"skipped":0,"pct":100},"functions":{"total":3,"covered":3,"skipped":0,"pct":100},"statements":{"total":7,"covered":7,"skipped":0,"pct":100},"branches":{"total":9,"covered":8,"skipped":0,"pct":88.88}}
,"C:/Users/karee/OneDrive/Documents/school/SW Engineering/Project/testing/frontend2/Whisper_FrontEnd/src/components/auth/Logout/LogoutButton.jsx": {"lines":{"total":9,"covered":8,"skipped":0,"pct":88.88},"functions":{"total":4,"covered":3,"skipped":0,"pct":75},"statements":{"total":12,"covered":11,"skipped":0,"pct":91.66},"branches":{"total":7,"covered":6,"skipped":0,"pct":85.71}}
,"C:/Users/karee/OneDrive/Documents/school/SW Engineering/Project/testing/frontend2/Whisper_FrontEnd/src/components/auth/Logout/LogoutModal.jsx": {"lines":{"total":16,"covered":15,"skipped":0,"pct":93.75},"functions":{"total":4,"covered":4,"skipped":0,"pct":100},"statements":{"total":19,"covered":18,"skipped":0,"pct":94.73},"branches":{"total":12,"covered":10,"skipped":0,"pct":83.33}}
,"C:/Users/karee/OneDrive/Documents/school/SW Engineering/Project/testing/frontend2/Whisper_FrontEnd/src/components/auth/ResetPassword/ResetPassword.jsx": {"lines":{"total":7,"covered":4,"skipped":0,"pct":57.14},"functions":{"total":3,"covered":1,"skipped":0,"pct":33.33},"statements":{"total":7,"covered":4,"skipped":0,"pct":57.14},"branches":{"total":7,"covered":3,"skipped":0,"pct":42.85}}
,"C:/Users/karee/OneDrive/Documents/school/SW Engineering/Project/testing/frontend2/Whisper_FrontEnd/src/components/auth/ResetPassword/ResetPasswordContainer.jsx": {"lines":{"total":18,"covered":5,"skipped":0,"pct":27.77},"functions":{"total":4,"covered":1,"skipped":0,"pct":25},"statements":{"total":21,"covered":5,"skipped":0,"pct":23.8},"branches":{"total":6,"covered":3,"skipped":0,"pct":50}}
,"C:/Users/karee/OneDrive/Documents/school/SW Engineering/Project/testing/frontend2/Whisper_FrontEnd/src/components/auth/Signup/SignupContainer.jsx": {"lines":{"total":22,"covered":21,"skipped":0,"pct":95.45},"functions":{"total":7,"covered":6,"skipped":0,"pct":85.71},"statements":{"total":26,"covered":25,"skipped":0,"pct":96.15},"branches":{"total":10,"covered":7,"skipped":0,"pct":70}}
,"C:/Users/karee/OneDrive/Documents/school/SW Engineering/Project/testing/frontend2/Whisper_FrontEnd/src/components/auth/Signup/SignupForm.jsx": {"lines":{"total":9,"covered":8,"skipped":0,"pct":88.88},"functions":{"total":5,"covered":4,"skipped":0,"pct":80},"statements":{"total":9,"covered":8,"skipped":0,"pct":88.88},"branches":{"total":7,"covered":7,"skipped":0,"pct":100}}
,"C:/Users/karee/OneDrive/Documents/school/SW Engineering/Project/testing/frontend2/Whisper_FrontEnd/src/components/auth/VerifyEmail/VerifyEmail.jsx": {"lines":{"total":5,"covered":5,"skipped":0,"pct":100},"functions":{"total":2,"covered":2,"skipped":0,"pct":100},"statements":{"total":5,"covered":5,"skipped":0,"pct":100},"branches":{"total":11,"covered":8,"skipped":0,"pct":72.72}}
,"C:/Users/karee/OneDrive/Documents/school/SW Engineering/Project/testing/frontend2/Whisper_FrontEnd/src/components/auth/VerifyEmail/VerifyEmailConatiner.jsx": {"lines":{"total":33,"covered":25,"skipped":0,"pct":75.75},"functions":{"total":8,"covered":6,"skipped":0,"pct":75},"statements":{"total":37,"covered":29,"skipped":0,"pct":78.37},"branches":{"total":9,"covered":6,"skipped":0,"pct":66.66}}
,"C:/Users/karee/OneDrive/Documents/school/SW Engineering/Project/testing/frontend2/Whisper_FrontEnd/src/components/common/CustomButton.jsx": {"lines":{"total":5,"covered":5,"skipped":0,"pct":100},"functions":{"total":2,"covered":2,"skipped":0,"pct":100},"statements":{"total":5,"covered":5,"skipped":0,"pct":100},"branches":{"total":11,"covered":10,"skipped":0,"pct":90.9}}
,"C:/Users/karee/OneDrive/Documents/school/SW Engineering/Project/testing/frontend2/Whisper_FrontEnd/src/components/common/CustomInput.jsx": {"lines":{"total":5,"covered":5,"skipped":0,"pct":100},"functions":{"total":2,"covered":2,"skipped":0,"pct":100},"statements":{"total":5,"covered":5,"skipped":0,"pct":100},"branches":{"total":11,"covered":11,"skipped":0,"pct":100}}
,"C:/Users/karee/OneDrive/Documents/school/SW Engineering/Project/testing/frontend2/Whisper_FrontEnd/src/components/common/ErrorMessage.jsx": {"lines":{"total":4,"covered":4,"skipped":0,"pct":100},"functions":{"total":1,"covered":1,"skipped":0,"pct":100},"statements":{"total":5,"covered":5,"skipped":0,"pct":100},"branches":{"total":5,"covered":5,"skipped":0,"pct":100}}
,"C:/Users/karee/OneDrive/Documents/school/SW Engineering/Project/testing/frontend2/Whisper_FrontEnd/src/components/common/FacebookButton.jsx": {"lines":{"total":11,"covered":6,"skipped":0,"pct":54.54},"functions":{"total":3,"covered":2,"skipped":0,"pct":66.66},"statements":{"total":11,"covered":6,"skipped":0,"pct":54.54},"branches":{"total":3,"covered":3,"skipped":0,"pct":100}}
,"C:/Users/karee/OneDrive/Documents/school/SW Engineering/Project/testing/frontend2/Whisper_FrontEnd/src/components/common/GithubButton.jsx": {"lines":{"total":15,"covered":7,"skipped":0,"pct":46.66},"functions":{"total":4,"covered":3,"skipped":0,"pct":75},"statements":{"total":18,"covered":10,"skipped":0,"pct":55.55},"branches":{"total":5,"covered":3,"skipped":0,"pct":60}}
,"C:/Users/karee/OneDrive/Documents/school/SW Engineering/Project/testing/frontend2/Whisper_FrontEnd/src/components/common/GoogleButton.jsx": {"lines":{"total":8,"covered":7,"skipped":0,"pct":87.5},"functions":{"total":4,"covered":3,"skipped":0,"pct":75},"statements":{"total":12,"covered":11,"skipped":0,"pct":91.66},"branches":{"total":5,"covered":4,"skipped":0,"pct":80}}
,"C:/Users/karee/OneDrive/Documents/school/SW Engineering/Project/testing/frontend2/Whisper_FrontEnd/src/components/common/ResendTimer.jsx": {"lines":{"total":5,"covered":5,"skipped":0,"pct":100},"functions":{"total":2,"covered":2,"skipped":0,"pct":100},"statements":{"total":5,"covered":5,"skipped":0,"pct":100},"branches":{"total":3,"covered":3,"skipped":0,"pct":100}}
,"C:/Users/karee/OneDrive/Documents/school/SW Engineering/Project/testing/frontend2/Whisper_FrontEnd/src/contexts/AuthContext.jsx": {"lines":{"total":176,"covered":72,"skipped":0,"pct":40.9},"functions":{"total":20,"covered":9,"skipped":0,"pct":45},"statements":{"total":180,"covered":76,"skipped":0,"pct":42.22},"branches":{"total":9,"covered":6,"skipped":0,"pct":66.66}}
,"C:/Users/karee/OneDrive/Documents/school/SW Engineering/Project/testing/frontend2/Whisper_FrontEnd/src/contexts/ChatContext.jsx": {"lines":{"total":397,"covered":90,"skipped":0,"pct":22.67},"functions":{"total":62,"covered":10,"skipped":0,"pct":16.12},"statements":{"total":410,"covered":96,"skipped":0,"pct":23.41},"branches":{"total":75,"covered":8,"skipped":0,"pct":10.66}}
,"C:/Users/karee/OneDrive/Documents/school/SW Engineering/Project/testing/frontend2/Whisper_FrontEnd/src/contexts/ModalContext.jsx": {"lines":{"total":45,"covered":21,"skipped":0,"pct":46.66},"functions":{"total":16,"covered":5,"skipped":0,"pct":31.25},"statements":{"total":54,"covered":27,"skipped":0,"pct":50},"branches":{"total":13,"covered":6,"skipped":0,"pct":46.15}}
,"C:/Users/karee/OneDrive/Documents/school/SW Engineering/Project/testing/frontend2/Whisper_FrontEnd/src/contexts/ProfileSettingsContext.jsx": {"lines":{"total":12,"covered":11,"skipped":0,"pct":91.66},"functions":{"total":3,"covered":3,"skipped":0,"pct":100},"statements":{"total":17,"covered":16,"skipped":0,"pct":94.11},"branches":{"total":6,"covered":4,"skipped":0,"pct":66.66}}
,"C:/Users/karee/OneDrive/Documents/school/SW Engineering/Project/testing/frontend2/Whisper_FrontEnd/src/contexts/SidebarContext.jsx": {"lines":{"total":14,"covered":13,"skipped":0,"pct":92.85},"functions":{"total":3,"covered":3,"skipped":0,"pct":100},"statements":{"total":19,"covered":18,"skipped":0,"pct":94.73},"branches":{"total":6,"covered":4,"skipped":0,"pct":66.66}}
,"C:/Users/karee/OneDrive/Documents/school/SW Engineering/Project/testing/frontend2/Whisper_FrontEnd/src/contexts/StoryContext.jsx": {"lines":{"total":192,"covered":64,"skipped":0,"pct":33.33},"functions":{"total":26,"covered":12,"skipped":0,"pct":46.15},"statements":{"total":199,"covered":71,"skipped":0,"pct":35.67},"branches":{"total":52,"covered":13,"skipped":0,"pct":25}}
,"C:/Users/karee/OneDrive/Documents/school/SW Engineering/Project/testing/frontend2/Whisper_FrontEnd/src/contexts/WhisperDBContext.jsx": {"lines":{"total":22,"covered":21,"skipped":0,"pct":95.45},"functions":{"total":5,"covered":5,"skipped":0,"pct":100},"statements":{"total":27,"covered":26,"skipped":0,"pct":96.29},"branches":{"total":7,"covered":6,"skipped":0,"pct":85.71}}
,"C:/Users/karee/OneDrive/Documents/school/SW Engineering/Project/testing/frontend2/Whisper_FrontEnd/src/contexts/StackedNavigationContext/StackedNavigationContext.jsx": {"lines":{"total":16,"covered":6,"skipped":0,"pct":37.5},"functions":{"total":8,"covered":1,"skipped":0,"pct":12.5},"statements":{"total":24,"covered":9,"skipped":0,"pct":37.5},"branches":{"total":6,"covered":4,"skipped":0,"pct":66.66}}
,"C:/Users/karee/OneDrive/Documents/school/SW Engineering/Project/testing/frontend2/Whisper_FrontEnd/src/hooks/useAuth.js": {"lines":{"total":2,"covered":2,"skipped":0,"pct":100},"functions":{"total":1,"covered":1,"skipped":0,"pct":100},"statements":{"total":2,"covered":2,"skipped":0,"pct":100},"branches":{"total":0,"covered":0,"skipped":0,"pct":100}}
,"C:/Users/karee/OneDrive/Documents/school/SW Engineering/Project/testing/frontend2/Whisper_FrontEnd/src/hooks/useChatEncryption.js": {"lines":{"total":53,"covered":10,"skipped":0,"pct":18.86},"functions":{"total":5,"covered":1,"skipped":0,"pct":20},"statements":{"total":53,"covered":10,"skipped":0,"pct":18.86},"branches":{"total":19,"covered":0,"skipped":0,"pct":0}}
,"C:/Users/karee/OneDrive/Documents/school/SW Engineering/Project/testing/frontend2/Whisper_FrontEnd/src/hooks/useProfileSettings.js": {"lines":{"total":146,"covered":30,"skipped":0,"pct":20.54},"functions":{"total":47,"covered":4,"skipped":0,"pct":8.51},"statements":{"total":180,"covered":30,"skipped":0,"pct":16.66},"branches":{"total":58,"covered":1,"skipped":0,"pct":1.72}}
,"C:/Users/karee/OneDrive/Documents/school/SW Engineering/Project/testing/frontend2/Whisper_FrontEnd/src/hooks/useResendTimer.js": {"lines":{"total":36,"covered":28,"skipped":0,"pct":77.77},"functions":{"total":8,"covered":8,"skipped":0,"pct":100},"statements":{"total":36,"covered":28,"skipped":0,"pct":77.77},"branches":{"total":6,"covered":2,"skipped":0,"pct":33.33}}
,"C:/Users/karee/OneDrive/Documents/school/SW Engineering/Project/testing/frontend2/Whisper_FrontEnd/src/hooks/useVoiceRecorder.js": {"lines":{"total":49,"covered":1,"skipped":0,"pct":2.04},"functions":{"total":12,"covered":0,"skipped":0,"pct":0},"statements":{"total":49,"covered":1,"skipped":0,"pct":2.04},"branches":{"total":6,"covered":0,"skipped":0,"pct":0}}
,"C:/Users/karee/OneDrive/Documents/school/SW Engineering/Project/testing/frontend2/Whisper_FrontEnd/src/mocks/BlockedUsersData.js": {"lines":{"total":1,"covered":1,"skipped":0,"pct":100},"functions":{"total":0,"covered":0,"skipped":0,"pct":100},"statements":{"total":1,"covered":1,"skipped":0,"pct":100},"branches":{"total":0,"covered":0,"skipped":0,"pct":100}}
,"C:/Users/karee/OneDrive/Documents/school/SW Engineering/Project/testing/frontend2/Whisper_FrontEnd/src/mocks/mock.js": {"lines":{"total":48,"covered":1,"skipped":0,"pct":2.08},"functions":{"total":8,"covered":0,"skipped":0,"pct":0},"statements":{"total":51,"covered":1,"skipped":0,"pct":1.96},"branches":{"total":6,"covered":0,"skipped":0,"pct":0}}
,"C:/Users/karee/OneDrive/Documents/school/SW Engineering/Project/testing/frontend2/Whisper_FrontEnd/src/mocks/mockData.js": {"lines":{"total":8,"covered":8,"skipped":0,"pct":100},"functions":{"total":0,"covered":0,"skipped":0,"pct":100},"statements":{"total":8,"covered":8,"skipped":0,"pct":100},"branches":{"total":0,"covered":0,"skipped":0,"pct":100}}
,"C:/Users/karee/OneDrive/Documents/school/SW Engineering/Project/testing/frontend2/Whisper_FrontEnd/src/pages/CreateGroupPage.jsx": {"lines":{"total":4,"covered":3,"skipped":0,"pct":75},"functions":{"total":1,"covered":0,"skipped":0,"pct":0},"statements":{"total":4,"covered":3,"skipped":0,"pct":75},"branches":{"total":0,"covered":0,"skipped":0,"pct":100}}
,"C:/Users/karee/OneDrive/Documents/school/SW Engineering/Project/testing/frontend2/Whisper_FrontEnd/src/pages/EmailVerification.jsx": {"lines":{"total":5,"covered":5,"skipped":0,"pct":100},"functions":{"total":2,"covered":2,"skipped":0,"pct":100},"statements":{"total":5,"covered":5,"skipped":0,"pct":100},"branches":{"total":3,"covered":3,"skipped":0,"pct":100}}
,"C:/Users/karee/OneDrive/Documents/school/SW Engineering/Project/testing/frontend2/Whisper_FrontEnd/src/pages/FacebookCallback.jsx": {"lines":{"total":19,"covered":5,"skipped":0,"pct":26.31},"functions":{"total":5,"covered":1,"skipped":0,"pct":20},"statements":{"total":23,"covered":6,"skipped":0,"pct":26.08},"branches":{"total":10,"covered":4,"skipped":0,"pct":40}}
,"C:/Users/karee/OneDrive/Documents/school/SW Engineering/Project/testing/frontend2/Whisper_FrontEnd/src/pages/ForgotPassword.jsx": {"lines":{"total":5,"covered":4,"skipped":0,"pct":80},"functions":{"total":2,"covered":1,"skipped":0,"pct":50},"statements":{"total":5,"covered":4,"skipped":0,"pct":80},"branches":{"total":3,"covered":3,"skipped":0,"pct":100}}
,"C:/Users/karee/OneDrive/Documents/school/SW Engineering/Project/testing/frontend2/Whisper_FrontEnd/src/pages/GithubCallback.jsx": {"lines":{"total":20,"covered":5,"skipped":0,"pct":25},"functions":{"total":5,"covered":1,"skipped":0,"pct":20},"statements":{"total":24,"covered":6,"skipped":0,"pct":25},"branches":{"total":10,"covered":4,"skipped":0,"pct":40}}
,"C:/Users/karee/OneDrive/Documents/school/SW Engineering/Project/testing/frontend2/Whisper_FrontEnd/src/pages/LoginPage.jsx": {"lines":{"total":5,"covered":5,"skipped":0,"pct":100},"functions":{"total":2,"covered":2,"skipped":0,"pct":100},"statements":{"total":5,"covered":5,"skipped":0,"pct":100},"branches":{"total":3,"covered":3,"skipped":0,"pct":100}}
,"C:/Users/karee/OneDrive/Documents/school/SW Engineering/Project/testing/frontend2/Whisper_FrontEnd/src/pages/ProfileSettingsPage.jsx": {"lines":{"total":5,"covered":4,"skipped":0,"pct":80},"functions":{"total":2,"covered":1,"skipped":0,"pct":50},"statements":{"total":6,"covered":5,"skipped":0,"pct":83.33},"branches":{"total":5,"covered":4,"skipped":0,"pct":80}}
,"C:/Users/karee/OneDrive/Documents/school/SW Engineering/Project/testing/frontend2/Whisper_FrontEnd/src/pages/SettingsPage.jsx": {"lines":{"total":5,"covered":4,"skipped":0,"pct":80},"functions":{"total":2,"covered":1,"skipped":0,"pct":50},"statements":{"total":6,"covered":5,"skipped":0,"pct":83.33},"branches":{"total":5,"covered":4,"skipped":0,"pct":80}}
,"C:/Users/karee/OneDrive/Documents/school/SW Engineering/Project/testing/frontend2/Whisper_FrontEnd/src/pages/SignupPage.jsx": {"lines":{"total":5,"covered":5,"skipped":0,"pct":100},"functions":{"total":2,"covered":2,"skipped":0,"pct":100},"statements":{"total":5,"covered":5,"skipped":0,"pct":100},"branches":{"total":3,"covered":3,"skipped":0,"pct":100}}
,"C:/Users/karee/OneDrive/Documents/school/SW Engineering/Project/testing/frontend2/Whisper_FrontEnd/src/services/authService.js": {"lines":{"total":76,"covered":29,"skipped":0,"pct":38.15},"functions":{"total":13,"covered":4,"skipped":0,"pct":30.76},"statements":{"total":76,"covered":29,"skipped":0,"pct":38.15},"branches":{"total":0,"covered":0,"skipped":0,"pct":100}}
,"C:/Users/karee/OneDrive/Documents/school/SW Engineering/Project/testing/frontend2/Whisper_FrontEnd/src/services/axiosInstance.js": {"lines":{"total":1,"covered":1,"skipped":0,"pct":100},"functions":{"total":0,"covered":0,"skipped":0,"pct":100},"statements":{"total":1,"covered":1,"skipped":0,"pct":100},"branches":{"total":0,"covered":0,"skipped":0,"pct":100}}
,"C:/Users/karee/OneDrive/Documents/school/SW Engineering/Project/testing/frontend2/Whisper_FrontEnd/src/services/blockedUsersService.js": {"lines":{"total":5,"covered":3,"skipped":0,"pct":60},"functions":{"total":2,"covered":0,"skipped":0,"pct":0},"statements":{"total":5,"covered":3,"skipped":0,"pct":60},"branches":{"total":0,"covered":0,"skipped":0,"pct":100}}
,"C:/Users/karee/OneDrive/Documents/school/SW Engineering/Project/testing/frontend2/Whisper_FrontEnd/src/services/sendTypeEnum.js": {"lines":{"total":1,"covered":1,"skipped":0,"pct":100},"functions":{"total":0,"covered":0,"skipped":0,"pct":100},"statements":{"total":1,"covered":1,"skipped":0,"pct":100},"branches":{"total":0,"covered":0,"skipped":0,"pct":100}}
,"C:/Users/karee/OneDrive/Documents/school/SW Engineering/Project/testing/frontend2/Whisper_FrontEnd/src/services/useFetch.js": {"lines":{"total":15,"covered":1,"skipped":0,"pct":6.66},"functions":{"total":3,"covered":0,"skipped":0,"pct":0},"statements":{"total":15,"covered":1,"skipped":0,"pct":6.66},"branches":{"total":1,"covered":0,"skipped":0,"pct":0}}
,"C:/Users/karee/OneDrive/Documents/school/SW Engineering/Project/testing/frontend2/Whisper_FrontEnd/src/services/blobs/blob.js": {"lines":{"total":56,"covered":4,"skipped":0,"pct":7.14},"functions":{"total":4,"covered":0,"skipped":0,"pct":0},"statements":{"total":56,"covered":4,"skipped":0,"pct":7.14},"branches":{"total":9,"covered":0,"skipped":0,"pct":0}}
,"C:/Users/karee/OneDrive/Documents/school/SW Engineering/Project/testing/frontend2/Whisper_FrontEnd/src/services/chatservice/addDefaultImage.js": {"lines":{"total":2,"covered":1,"skipped":0,"pct":50},"functions":{"total":1,"covered":0,"skipped":0,"pct":0},"statements":{"total":2,"covered":1,"skipped":0,"pct":50},"branches":{"total":0,"covered":0,"skipped":0,"pct":100}}
,"C:/Users/karee/OneDrive/Documents/school/SW Engineering/Project/testing/frontend2/Whisper_FrontEnd/src/services/chatservice/channelSettings.js": {"lines":{"total":8,"covered":1,"skipped":0,"pct":12.5},"functions":{"total":1,"covered":0,"skipped":0,"pct":0},"statements":{"total":8,"covered":1,"skipped":0,"pct":12.5},"branches":{"total":0,"covered":0,"skipped":0,"pct":100}}
,"C:/Users/karee/OneDrive/Documents/school/SW Engineering/Project/testing/frontend2/Whisper_FrontEnd/src/services/chatservice/chatCreator.js": {"lines":{"total":7,"covered":1,"skipped":0,"pct":14.28},"functions":{"total":3,"covered":0,"skipped":0,"pct":0},"statements":{"total":9,"covered":1,"skipped":0,"pct":11.11},"branches":{"total":1,"covered":0,"skipped":0,"pct":0}}
,"C:/Users/karee/OneDrive/Documents/school/SW Engineering/Project/testing/frontend2/Whisper_FrontEnd/src/services/chatservice/checkDisplayTime.js": {"lines":{"total":15,"covered":11,"skipped":0,"pct":73.33},"functions":{"total":1,"covered":1,"skipped":0,"pct":100},"statements":{"total":15,"covered":11,"skipped":0,"pct":73.33},"branches":{"total":4,"covered":2,"skipped":0,"pct":50}}
,"C:/Users/karee/OneDrive/Documents/school/SW Engineering/Project/testing/frontend2/Whisper_FrontEnd/src/services/chatservice/draftMessage.js": {"lines":{"total":12,"covered":2,"skipped":0,"pct":16.66},"functions":{"total":2,"covered":0,"skipped":0,"pct":0},"statements":{"total":12,"covered":2,"skipped":0,"pct":16.66},"branches":{"total":0,"covered":0,"skipped":0,"pct":100}}
,"C:/Users/karee/OneDrive/Documents/school/SW Engineering/Project/testing/frontend2/Whisper_FrontEnd/src/services/chatservice/getChatMembers.js": {"lines":{"total":7,"covered":1,"skipped":0,"pct":14.28},"functions":{"total":1,"covered":0,"skipped":0,"pct":0},"statements":{"total":7,"covered":1,"skipped":0,"pct":14.28},"branches":{"total":0,"covered":0,"skipped":0,"pct":100}}
,"C:/Users/karee/OneDrive/Documents/school/SW Engineering/Project/testing/frontend2/Whisper_FrontEnd/src/services/chatservice/getChats.js": {"lines":{"total":46,"covered":16,"skipped":0,"pct":34.78},"functions":{"total":9,"covered":2,"skipped":0,"pct":22.22},"statements":{"total":49,"covered":16,"skipped":0,"pct":32.65},"branches":{"total":52,"covered":1,"skipped":0,"pct":1.92}}
,"C:/Users/karee/OneDrive/Documents/school/SW Engineering/Project/testing/frontend2/Whisper_FrontEnd/src/services/chatservice/getMessagesForChat.js": {"lines":{"total":33,"covered":21,"skipped":0,"pct":63.63},"functions":{"total":6,"covered":3,"skipped":0,"pct":50},"statements":{"total":33,"covered":21,"skipped":0,"pct":63.63},"branches":{"total":15,"covered":4,"skipped":0,"pct":26.66}}
,"C:/Users/karee/OneDrive/Documents/school/SW Engineering/Project/testing/frontend2/Whisper_FrontEnd/src/services/chatservice/getStickers.js": {"lines":{"total":17,"covered":1,"skipped":0,"pct":5.88},"functions":{"total":2,"covered":0,"skipped":0,"pct":0},"statements":{"total":17,"covered":1,"skipped":0,"pct":5.88},"branches":{"total":1,"covered":0,"skipped":0,"pct":0}}
,"C:/Users/karee/OneDrive/Documents/school/SW Engineering/Project/testing/frontend2/Whisper_FrontEnd/src/services/chatservice/groupSettings.js": {"lines":{"total":23,"covered":3,"skipped":0,"pct":13.04},"functions":{"total":3,"covered":0,"skipped":0,"pct":0},"statements":{"total":23,"covered":3,"skipped":0,"pct":13.04},"branches":{"total":2,"covered":0,"skipped":0,"pct":0}}
,"C:/Users/karee/OneDrive/Documents/school/SW Engineering/Project/testing/frontend2/Whisper_FrontEnd/src/services/chatservice/media.js": {"lines":{"total":19,"covered":2,"skipped":0,"pct":10.52},"functions":{"total":2,"covered":0,"skipped":0,"pct":0},"statements":{"total":19,"covered":2,"skipped":0,"pct":10.52},"branches":{"total":1,"covered":0,"skipped":0,"pct":0}}
,"C:/Users/karee/OneDrive/Documents/school/SW Engineering/Project/testing/frontend2/Whisper_FrontEnd/src/services/chatservice/muteUnmuteChat.js": {"lines":{"total":12,"covered":2,"skipped":0,"pct":16.66},"functions":{"total":2,"covered":0,"skipped":0,"pct":0},"statements":{"total":12,"covered":2,"skipped":0,"pct":16.66},"branches":{"total":0,"covered":0,"skipped":0,"pct":100}}
,"C:/Users/karee/OneDrive/Documents/school/SW Engineering/Project/testing/frontend2/Whisper_FrontEnd/src/services/encryption/keyManager.js": {"lines":{"total":43,"covered":9,"skipped":0,"pct":20.93},"functions":{"total":10,"covered":0,"skipped":0,"pct":0},"statements":{"total":45,"covered":9,"skipped":0,"pct":20},"branches":{"total":2,"covered":0,"skipped":0,"pct":0}}
,"C:/Users/karee/OneDrive/Documents/school/SW Engineering/Project/testing/frontend2/Whisper_FrontEnd/src/services/indexedDB/BaseStore.js": {"lines":{"total":10,"covered":7,"skipped":0,"pct":70},"functions":{"total":2,"covered":2,"skipped":0,"pct":100},"statements":{"total":10,"covered":7,"skipped":0,"pct":70},"branches":{"total":1,"covered":0,"skipped":0,"pct":0}}
,"C:/Users/karee/OneDrive/Documents/school/SW Engineering/Project/testing/frontend2/Whisper_FrontEnd/src/services/indexedDB/ChatsStore.js": {"lines":{"total":233,"covered":11,"skipped":0,"pct":4.72},"functions":{"total":127,"covered":7,"skipped":0,"pct":5.51},"statements":{"total":294,"covered":12,"skipped":0,"pct":4.08},"branches":{"total":47,"covered":0,"skipped":0,"pct":0}}
,"C:/Users/karee/OneDrive/Documents/school/SW Engineering/Project/testing/frontend2/Whisper_FrontEnd/src/services/indexedDB/DBConfig.js": {"lines":{"total":1,"covered":1,"skipped":0,"pct":100},"functions":{"total":0,"covered":0,"skipped":0,"pct":100},"statements":{"total":1,"covered":1,"skipped":0,"pct":100},"branches":{"total":0,"covered":0,"skipped":0,"pct":100}}
,"C:/Users/karee/OneDrive/Documents/school/SW Engineering/Project/testing/frontend2/Whisper_FrontEnd/src/services/indexedDB/KeysStore.js": {"lines":{"total":27,"covered":8,"skipped":0,"pct":29.62},"functions":{"total":14,"covered":5,"skipped":0,"pct":35.71},"statements":{"total":31,"covered":9,"skipped":0,"pct":29.03},"branches":{"total":2,"covered":0,"skipped":0,"pct":0}}
,"C:/Users/karee/OneDrive/Documents/school/SW Engineering/Project/testing/frontend2/Whisper_FrontEnd/src/services/indexedDB/MessagesStore.js": {"lines":{"total":86,"covered":1,"skipped":0,"pct":1.16},"functions":{"total":49,"covered":1,"skipped":0,"pct":2.04},"statements":{"total":108,"covered":1,"skipped":0,"pct":0.92},"branches":{"total":7,"covered":0,"skipped":0,"pct":0}}
,"C:/Users/karee/OneDrive/Documents/school/SW Engineering/Project/testing/frontend2/Whisper_FrontEnd/src/services/indexedDB/PinnedMessagesStore.js": {"lines":{"total":34,"covered":1,"skipped":0,"pct":2.94},"functions":{"total":19,"covered":1,"skipped":0,"pct":5.26},"statements":{"total":40,"covered":1,"skipped":0,"pct":2.5},"branches":{"total":0,"covered":0,"skipped":0,"pct":100}}
,"C:/Users/karee/OneDrive/Documents/school/SW Engineering/Project/testing/frontend2/Whisper_FrontEnd/src/services/indexedDB/StoriesStore.js": {"lines":{"total":160,"covered":1,"skipped":0,"pct":0.62},"functions":{"total":89,"covered":1,"skipped":0,"pct":1.12},"statements":{"total":198,"covered":1,"skipped":0,"pct":0.5},"branches":{"total":23,"covered":0,"skipped":0,"pct":0}}
,"C:/Users/karee/OneDrive/Documents/school/SW Engineering/Project/testing/frontend2/Whisper_FrontEnd/src/services/indexedDB/StoriesTempStore.js": {"lines":{"total":40,"covered":8,"skipped":0,"pct":20},"functions":{"total":24,"covered":5,"skipped":0,"pct":20.83},"statements":{"total":48,"covered":9,"skipped":0,"pct":18.75},"branches":{"total":1,"covered":0,"skipped":0,"pct":0}}
,"C:/Users/karee/OneDrive/Documents/school/SW Engineering/Project/testing/frontend2/Whisper_FrontEnd/src/services/indexedDB/UsersStore.js": {"lines":{"total":17,"covered":4,"skipped":0,"pct":23.52},"functions":{"total":12,"covered":3,"skipped":0,"pct":25},"statements":{"total":21,"covered":4,"skipped":0,"pct":19.04},"branches":{"total":0,"covered":0,"skipped":0,"pct":100}}
,"C:/Users/karee/OneDrive/Documents/school/SW Engineering/Project/testing/frontend2/Whisper_FrontEnd/src/services/indexedDB/whisperDB.js": {"lines":{"total":209,"covered":52,"skipped":0,"pct":24.88},"functions":{"total":68,"covered":18,"skipped":0,"pct":26.47},"statements":{"total":209,"covered":52,"skipped":0,"pct":24.88},"branches":{"total":113,"covered":8,"skipped":0,"pct":7.07}}
,"C:/Users/karee/OneDrive/Documents/school/SW Engineering/Project/testing/frontend2/Whisper_FrontEnd/src/services/messagingservice/getMessageInfo.js": {"lines":{"total":25,"covered":1,"skipped":0,"pct":4},"functions":{"total":3,"covered":0,"skipped":0,"pct":0},"statements":{"total":27,"covered":1,"skipped":0,"pct":3.7},"branches":{"total":10,"covered":0,"skipped":0,"pct":0}}
,"C:/Users/karee/OneDrive/Documents/school/SW Engineering/Project/testing/frontend2/Whisper_FrontEnd/src/services/privacy/privacy.js": {"lines":{"total":35,"covered":5,"skipped":0,"pct":14.28},"functions":{"total":5,"covered":0,"skipped":0,"pct":0},"statements":{"total":35,"covered":5,"skipped":0,"pct":14.28},"branches":{"total":0,"covered":0,"skipped":0,"pct":100}}
,"C:/Users/karee/OneDrive/Documents/school/SW Engineering/Project/testing/frontend2/Whisper_FrontEnd/src/services/profileServices/ProfileSettingsService.js": {"lines":{"total":101,"covered":18,"skipped":0,"pct":17.82},"functions":{"total":15,"covered":1,"skipped":0,"pct":6.66},"statements":{"total":101,"covered":18,"skipped":0,"pct":17.82},"branches":{"total":30,"covered":1,"skipped":0,"pct":3.33}}
,"C:/Users/karee/OneDrive/Documents/school/SW Engineering/Project/testing/frontend2/Whisper_FrontEnd/src/services/sockets/ChatSocket.js": {"lines":{"total":22,"covered":11,"skipped":0,"pct":50},"functions":{"total":17,"covered":7,"skipped":0,"pct":41.17},"statements":{"total":22,"covered":11,"skipped":0,"pct":50},"branches":{"total":1,"covered":1,"skipped":0,"pct":100}}
,"C:/Users/karee/OneDrive/Documents/school/SW Engineering/Project/testing/frontend2/Whisper_FrontEnd/src/services/sockets/MessagingSocket.js": {"lines":{"total":27,"covered":11,"skipped":0,"pct":40.74},"functions":{"total":24,"covered":8,"skipped":0,"pct":33.33},"statements":{"total":27,"covered":11,"skipped":0,"pct":40.74},"branches":{"total":1,"covered":1,"skipped":0,"pct":100}}
,"C:/Users/karee/OneDrive/Documents/school/SW Engineering/Project/testing/frontend2/Whisper_FrontEnd/src/services/sockets/Socket.js": {"lines":{"total":9,"covered":7,"skipped":0,"pct":77.77},"functions":{"total":4,"covered":1,"skipped":0,"pct":25},"statements":{"total":9,"covered":7,"skipped":0,"pct":77.77},"branches":{"total":1,"covered":1,"skipped":0,"pct":100}}
,"C:/Users/karee/OneDrive/Documents/school/SW Engineering/Project/testing/frontend2/Whisper_FrontEnd/src/services/sockets/StorySocket.js": {"lines":{"total":22,"covered":8,"skipped":0,"pct":36.36},"functions":{"total":14,"covered":5,"skipped":0,"pct":35.71},"statements":{"total":22,"covered":8,"skipped":0,"pct":36.36},"branches":{"total":1,"covered":1,"skipped":0,"pct":100}}
,"C:/Users/karee/OneDrive/Documents/school/SW Engineering/Project/testing/frontend2/Whisper_FrontEnd/src/services/sockets/UserSocket.js": {"lines":{"total":15,"covered":9,"skipped":0,"pct":60},"functions":{"total":7,"covered":3,"skipped":0,"pct":42.85},"statements":{"total":15,"covered":9,"skipped":0,"pct":60},"branches":{"total":1,"covered":1,"skipped":0,"pct":100}}
,"C:/Users/karee/OneDrive/Documents/school/SW Engineering/Project/testing/frontend2/Whisper_FrontEnd/src/services/storiesservice/getLikesAndViews.js": {"lines":{"total":19,"covered":2,"skipped":0,"pct":10.52},"functions":{"total":5,"covered":0,"skipped":0,"pct":0},"statements":{"total":22,"covered":2,"skipped":0,"pct":9.09},"branches":{"total":2,"covered":0,"skipped":0,"pct":0}}
,"C:/Users/karee/OneDrive/Documents/school/SW Engineering/Project/testing/frontend2/Whisper_FrontEnd/src/services/storiesservice/getStories.js": {"lines":{"total":45,"covered":16,"skipped":0,"pct":35.55},"functions":{"total":6,"covered":2,"skipped":0,"pct":33.33},"statements":{"total":45,"covered":16,"skipped":0,"pct":35.55},"branches":{"total":1,"covered":0,"skipped":0,"pct":0}}
,"C:/Users/karee/OneDrive/Documents/school/SW Engineering/Project/testing/frontend2/Whisper_FrontEnd/src/services/storiesservice/setStoryVisibility.js": {"lines":{"total":6,"covered":1,"skipped":0,"pct":16.66},"functions":{"total":1,"covered":0,"skipped":0,"pct":0},"statements":{"total":6,"covered":1,"skipped":0,"pct":16.66},"branches":{"total":0,"covered":0,"skipped":0,"pct":100}}
,"C:/Users/karee/OneDrive/Documents/school/SW Engineering/Project/testing/frontend2/Whisper_FrontEnd/src/services/userservices/getAllUsers.js": {"lines":{"total":21,"covered":14,"skipped":0,"pct":66.66},"functions":{"total":5,"covered":2,"skipped":0,"pct":40},"statements":{"total":22,"covered":14,"skipped":0,"pct":63.63},"branches":{"total":0,"covered":0,"skipped":0,"pct":100}}
,"C:/Users/karee/OneDrive/Documents/school/SW Engineering/Project/testing/frontend2/Whisper_FrontEnd/src/services/userservices/getUserInfo.js": {"lines":{"total":7,"covered":1,"skipped":0,"pct":14.28},"functions":{"total":1,"covered":0,"skipped":0,"pct":0},"statements":{"total":7,"covered":1,"skipped":0,"pct":14.28},"branches":{"total":0,"covered":0,"skipped":0,"pct":100}}
,"C:/Users/karee/OneDrive/Documents/school/SW Engineering/Project/testing/frontend2/Whisper_FrontEnd/src/services/userservices/searchUsers.js": {"lines":{"total":3,"covered":1,"skipped":0,"pct":33.33},"functions":{"total":1,"covered":0,"skipped":0,"pct":0},"statements":{"total":3,"covered":1,"skipped":0,"pct":33.33},"branches":{"total":0,"covered":0,"skipped":0,"pct":100}}
,"C:/Users/karee/OneDrive/Documents/school/SW Engineering/Project/testing/frontend2/Whisper_FrontEnd/src/utils/APIRoutes.js": {"lines":{"total":1,"covered":1,"skipped":0,"pct":100},"functions":{"total":0,"covered":0,"skipped":0,"pct":100},"statements":{"total":1,"covered":1,"skipped":0,"pct":100},"branches":{"total":0,"covered":0,"skipped":0,"pct":100}}
,"C:/Users/karee/OneDrive/Documents/school/SW Engineering/Project/testing/frontend2/Whisper_FrontEnd/src/utils/SignupSchema.js": {"lines":{"total":2,"covered":2,"skipped":0,"pct":100},"functions":{"total":0,"covered":0,"skipped":0,"pct":100},"statements":{"total":2,"covered":2,"skipped":0,"pct":100},"branches":{"total":0,"covered":0,"skipped":0,"pct":100}}
,"C:/Users/karee/OneDrive/Documents/school/SW Engineering/Project/testing/frontend2/Whisper_FrontEnd/src/utils/formatDuration.js": {"lines":{"total":4,"covered":1,"skipped":0,"pct":25},"functions":{"total":1,"covered":0,"skipped":0,"pct":0},"statements":{"total":4,"covered":1,"skipped":0,"pct":25},"branches":{"total":0,"covered":0,"skipped":0,"pct":100}}
,"C:/Users/karee/OneDrive/Documents/school/SW Engineering/Project/testing/frontend2/Whisper_FrontEnd/src/utils/getFileExtension.js": {"lines":{"total":4,"covered":1,"skipped":0,"pct":25},"functions":{"total":1,"covered":0,"skipped":0,"pct":0},"statements":{"total":4,"covered":1,"skipped":0,"pct":25},"branches":{"total":2,"covered":0,"skipped":0,"pct":0}}
,"C:/Users/karee/OneDrive/Documents/school/SW Engineering/Project/testing/frontend2/Whisper_FrontEnd/src/utils/loginSchema.js": {"lines":{"total":1,"covered":1,"skipped":0,"pct":100},"functions":{"total":0,"covered":0,"skipped":0,"pct":100},"statements":{"total":1,"covered":1,"skipped":0,"pct":100},"branches":{"total":0,"covered":0,"skipped":0,"pct":100}}
,"C:/Users/karee/OneDrive/Documents/school/SW Engineering/Project/testing/frontend2/Whisper_FrontEnd/src/utils/resetSchema.js": {"lines":{"total":2,"covered":2,"skipped":0,"pct":100},"functions":{"total":0,"covered":0,"skipped":0,"pct":100},"statements":{"total":2,"covered":2,"skipped":0,"pct":100},"branches":{"total":0,"covered":0,"skipped":0,"pct":100}}
}
