{"total": {"lines":{"total":6413,"covered":2213,"skipped":0,"pct":34.5},"statements":{"total":7065,"covered":2436,"skipped":0,"pct":34.47},"functions":{"total":1916,"covered":558,"skipped":0,"pct":29.12},"branches":{"total":2407,"covered":891,"skipped":0,"pct":37.01},"branchesTrue":{"total":0,"covered":0,"skipped":0,"pct":100}}
,"C:/Users/karee/OneDrive/Documents/school/SW Engineering/Project/testing/FE-groups/Whisper_FrontEnd/src/App.jsx": {"lines":{"total":138,"covered":86,"skipped":0,"pct":62.31},"functions":{"total":18,"covered":13,"skipped":0,"pct":72.22},"statements":{"total":142,"covered":89,"skipped":0,"pct":62.67},"branches":{"total":52,"covered":28,"skipped":0,"pct":53.84}}
,"C:/Users/karee/OneDrive/Documents/school/SW Engineering/Project/testing/FE-groups/Whisper_FrontEnd/src/config.js": {"lines":{"total":2,"covered":2,"skipped":0,"pct":100},"functions":{"total":0,"covered":0,"skipped":0,"pct":100},"statements":{"total":2,"covered":2,"skipped":0,"pct":100},"branches":{"total":4,"covered":2,"skipped":0,"pct":50}}
,"C:/Users/karee/OneDrive/Documents/school/SW Engineering/Project/testing/FE-groups/Whisper_FrontEnd/src/index.jsx": {"lines":{"total":3,"covered":3,"skipped":0,"pct":100},"functions":{"total":0,"covered":0,"skipped":0,"pct":100},"statements":{"total":3,"covered":3,"skipped":0,"pct":100},"branches":{"total":0,"covered":0,"skipped":0,"pct":100}}
,"C:/Users/karee/OneDrive/Documents/school/SW Engineering/Project/testing/FE-groups/Whisper_FrontEnd/src/components/AddContactModal/AddContactModal.jsx": {"lines":{"total":11,"covered":4,"skipped":0,"pct":36.36},"functions":{"total":6,"covered":1,"skipped":0,"pct":16.66},"statements":{"total":12,"covered":5,"skipped":0,"pct":41.66},"branches":{"total":5,"covered":4,"skipped":0,"pct":80}}
,"C:/Users/karee/OneDrive/Documents/school/SW Engineering/Project/testing/FE-groups/Whisper_FrontEnd/src/components/AddNewButton/AddNewButton.jsx": {"lines":{"total":5,"covered":5,"skipped":0,"pct":100},"functions":{"total":2,"covered":2,"skipped":0,"pct":100},"statements":{"total":5,"covered":5,"skipped":0,"pct":100},"branches":{"total":3,"covered":3,"skipped":0,"pct":100}}
,"C:/Users/karee/OneDrive/Documents/school/SW Engineering/Project/testing/FE-groups/Whisper_FrontEnd/src/components/AddNewStoryModal/AddNewStoryModal.jsx": {"lines":{"total":41,"covered":5,"skipped":0,"pct":12.19},"functions":{"total":14,"covered":1,"skipped":0,"pct":7.14},"statements":{"total":45,"covered":5,"skipped":0,"pct":11.11},"branches":{"total":17,"covered":3,"skipped":0,"pct":17.64}}
,"C:/Users/karee/OneDrive/Documents/school/SW Engineering/Project/testing/FE-groups/Whisper_FrontEnd/src/components/Admin/AdminContainer.jsx": {"lines":{"total":9,"covered":6,"skipped":0,"pct":66.66},"functions":{"total":4,"covered":1,"skipped":0,"pct":25},"statements":{"total":13,"covered":6,"skipped":0,"pct":46.15},"branches":{"total":5,"covered":3,"skipped":0,"pct":60}}
,"C:/Users/karee/OneDrive/Documents/school/SW Engineering/Project/testing/FE-groups/Whisper_FrontEnd/src/components/AdminSettings/AdminSettings.jsx": {"lines":{"total":36,"covered":5,"skipped":0,"pct":13.88},"functions":{"total":7,"covered":1,"skipped":0,"pct":14.28},"statements":{"total":42,"covered":6,"skipped":0,"pct":14.28},"branches":{"total":10,"covered":4,"skipped":0,"pct":40}}
,"C:/Users/karee/OneDrive/Documents/school/SW Engineering/Project/testing/FE-groups/Whisper_FrontEnd/src/components/AllGroups/AllGroups.jsx": {"lines":{"total":68,"covered":5,"skipped":0,"pct":7.35},"functions":{"total":23,"covered":1,"skipped":0,"pct":4.34},"statements":{"total":74,"covered":6,"skipped":0,"pct":8.1},"branches":{"total":36,"covered":4,"skipped":0,"pct":11.11}}
,"C:/Users/karee/OneDrive/Documents/school/SW Engineering/Project/testing/FE-groups/Whisper_FrontEnd/src/components/AllUsers/AllUsers.jsx": {"lines":{"total":68,"covered":5,"skipped":0,"pct":7.35},"functions":{"total":23,"covered":1,"skipped":0,"pct":4.34},"statements":{"total":74,"covered":6,"skipped":0,"pct":8.1},"branches":{"total":36,"covered":4,"skipped":0,"pct":11.11}}
,"C:/Users/karee/OneDrive/Documents/school/SW Engineering/Project/testing/FE-groups/Whisper_FrontEnd/src/components/AudioVoiceMessage/AudioVoiceMessage.jsx": {"lines":{"total":31,"covered":4,"skipped":0,"pct":12.9},"functions":{"total":9,"covered":1,"skipped":0,"pct":11.11},"statements":{"total":33,"covered":5,"skipped":0,"pct":15.15},"branches":{"total":9,"covered":3,"skipped":0,"pct":33.33}}
,"C:/Users/karee/OneDrive/Documents/school/SW Engineering/Project/testing/FE-groups/Whisper_FrontEnd/src/components/AudioVoiceNoteMessage/AudioVoiceNoteMessage.jsx": {"lines":{"total":15,"covered":4,"skipped":0,"pct":26.66},"functions":{"total":5,"covered":1,"skipped":0,"pct":20},"statements":{"total":17,"covered":5,"skipped":0,"pct":29.41},"branches":{"total":16,"covered":3,"skipped":0,"pct":18.75}}
,"C:/Users/karee/OneDrive/Documents/school/SW Engineering/Project/testing/FE-groups/Whisper_FrontEnd/src/components/AwaitingJoinMessage/AwaitingJoinMessage.jsx": {"lines":{"total":10,"covered":5,"skipped":0,"pct":50},"functions":{"total":4,"covered":1,"skipped":0,"pct":25},"statements":{"total":14,"covered":6,"skipped":0,"pct":42.85},"branches":{"total":5,"covered":4,"skipped":0,"pct":80}}
,"C:/Users/karee/OneDrive/Documents/school/SW Engineering/Project/testing/FE-groups/Whisper_FrontEnd/src/components/BlockedUsers/BlockedUsers.jsx": {"lines":{"total":23,"covered":5,"skipped":0,"pct":21.73},"functions":{"total":12,"covered":1,"skipped":0,"pct":8.33},"statements":{"total":27,"covered":6,"skipped":0,"pct":22.22},"branches":{"total":13,"covered":4,"skipped":0,"pct":30.76}}
,"C:/Users/karee/OneDrive/Documents/school/SW Engineering/Project/testing/FE-groups/Whisper_FrontEnd/src/components/ButtonsBar/ButtonsBar.jsx": {"lines":{"total":16,"covered":8,"skipped":0,"pct":50},"functions":{"total":10,"covered":3,"skipped":0,"pct":30},"statements":{"total":19,"covered":11,"skipped":0,"pct":57.89},"branches":{"total":3,"covered":3,"skipped":0,"pct":100}}
,"C:/Users/karee/OneDrive/Documents/school/SW Engineering/Project/testing/FE-groups/Whisper_FrontEnd/src/components/CallLog/CallLog.jsx": {"lines":{"total":6,"covered":5,"skipped":0,"pct":83.33},"functions":{"total":3,"covered":1,"skipped":0,"pct":33.33},"statements":{"total":9,"covered":5,"skipped":0,"pct":55.55},"branches":{"total":9,"covered":3,"skipped":0,"pct":33.33}}
,"C:/Users/karee/OneDrive/Documents/school/SW Engineering/Project/testing/FE-groups/Whisper_FrontEnd/src/components/ChannelSettings/ChannelSettings.jsx": {"lines":{"total":5,"covered":4,"skipped":0,"pct":80},"functions":{"total":2,"covered":1,"skipped":0,"pct":50},"statements":{"total":5,"covered":4,"skipped":0,"pct":80},"branches":{"total":3,"covered":3,"skipped":0,"pct":100}}
,"C:/Users/karee/OneDrive/Documents/school/SW Engineering/Project/testing/FE-groups/Whisper_FrontEnd/src/components/ChatActions/ChatActions.jsx": {"lines":{"total":139,"covered":68,"skipped":0,"pct":48.92},"functions":{"total":24,"covered":11,"skipped":0,"pct":45.83},"statements":{"total":144,"covered":72,"skipped":0,"pct":50},"branches":{"total":79,"covered":44,"skipped":0,"pct":55.69}}
,"C:/Users/karee/OneDrive/Documents/school/SW Engineering/Project/testing/FE-groups/Whisper_FrontEnd/src/components/ChatHeader/ChatHeader.jsx": {"lines":{"total":43,"covered":18,"skipped":0,"pct":41.86},"functions":{"total":16,"covered":4,"skipped":0,"pct":25},"statements":{"total":47,"covered":22,"skipped":0,"pct":46.8},"branches":{"total":33,"covered":12,"skipped":0,"pct":36.36}}
,"C:/Users/karee/OneDrive/Documents/school/SW Engineering/Project/testing/FE-groups/Whisper_FrontEnd/src/components/ChatInfo/ChatInfo.jsx": {"lines":{"total":5,"covered":4,"skipped":0,"pct":80},"functions":{"total":2,"covered":1,"skipped":0,"pct":50},"statements":{"total":5,"covered":4,"skipped":0,"pct":80},"branches":{"total":9,"covered":3,"skipped":0,"pct":33.33}}
,"C:/Users/karee/OneDrive/Documents/school/SW Engineering/Project/testing/FE-groups/Whisper_FrontEnd/src/components/ChatInfo/ChatInfoContainer.jsx": {"lines":{"total":26,"covered":5,"skipped":0,"pct":19.23},"functions":{"total":9,"covered":1,"skipped":0,"pct":11.11},"statements":{"total":30,"covered":6,"skipped":0,"pct":20},"branches":{"total":12,"covered":4,"skipped":0,"pct":33.33}}
,"C:/Users/karee/OneDrive/Documents/school/SW Engineering/Project/testing/FE-groups/Whisper_FrontEnd/src/components/ChatItem/ChatItem.jsx": {"lines":{"total":36,"covered":32,"skipped":0,"pct":88.88},"functions":{"total":10,"covered":9,"skipped":0,"pct":90},"statements":{"total":42,"covered":38,"skipped":0,"pct":90.47},"branches":{"total":56,"covered":37,"skipped":0,"pct":66.07}}
,"C:/Users/karee/OneDrive/Documents/school/SW Engineering/Project/testing/FE-groups/Whisper_FrontEnd/src/components/ChatList/ChatList.jsx": {"lines":{"total":10,"covered":10,"skipped":0,"pct":100},"functions":{"total":6,"covered":6,"skipped":0,"pct":100},"statements":{"total":13,"covered":13,"skipped":0,"pct":100},"branches":{"total":5,"covered":4,"skipped":0,"pct":80}}
,"C:/Users/karee/OneDrive/Documents/school/SW Engineering/Project/testing/FE-groups/Whisper_FrontEnd/src/components/ChatMessage/ChatMessage.jsx": {"lines":{"total":86,"covered":37,"skipped":0,"pct":43.02},"functions":{"total":19,"covered":6,"skipped":0,"pct":31.57},"statements":{"total":90,"covered":40,"skipped":0,"pct":44.44},"branches":{"total":89,"covered":30,"skipped":0,"pct":33.7}}
,"C:/Users/karee/OneDrive/Documents/school/SW Engineering/Project/testing/FE-groups/Whisper_FrontEnd/src/components/ChatMessage/MessageRelationshipsViewer.jsx": {"lines":{"total":9,"covered":7,"skipped":0,"pct":77.77},"functions":{"total":2,"covered":2,"skipped":0,"pct":100},"statements":{"total":9,"covered":7,"skipped":0,"pct":77.77},"branches":{"total":11,"covered":4,"skipped":0,"pct":36.36}}
,"C:/Users/karee/OneDrive/Documents/school/SW Engineering/Project/testing/FE-groups/Whisper_FrontEnd/src/components/ChatMessage/MessageRenderer.jsx": {"lines":{"total":20,"covered":15,"skipped":0,"pct":75},"functions":{"total":4,"covered":4,"skipped":0,"pct":100},"statements":{"total":20,"covered":15,"skipped":0,"pct":75},"branches":{"total":7,"covered":5,"skipped":0,"pct":71.42}}
,"C:/Users/karee/OneDrive/Documents/school/SW Engineering/Project/testing/FE-groups/Whisper_FrontEnd/src/components/ChatPage/ChatPage.jsx": {"lines":{"total":42,"covered":30,"skipped":0,"pct":71.42},"functions":{"total":14,"covered":8,"skipped":0,"pct":57.14},"statements":{"total":46,"covered":34,"skipped":0,"pct":73.91},"branches":{"total":12,"covered":10,"skipped":0,"pct":83.33}}
,"C:/Users/karee/OneDrive/Documents/school/SW Engineering/Project/testing/FE-groups/Whisper_FrontEnd/src/components/ChatPrivacy/ChatPrivacy.jsx": {"lines":{"total":4,"covered":3,"skipped":0,"pct":75},"functions":{"total":1,"covered":1,"skipped":0,"pct":100},"statements":{"total":6,"covered":5,"skipped":0,"pct":83.33},"branches":{"total":5,"covered":4,"skipped":0,"pct":80}}
,"C:/Users/karee/OneDrive/Documents/school/SW Engineering/Project/testing/FE-groups/Whisper_FrontEnd/src/components/ChatSearch/ChatSearch.jsx": {"lines":{"total":47,"covered":25,"skipped":0,"pct":53.19},"functions":{"total":18,"covered":5,"skipped":0,"pct":27.77},"statements":{"total":56,"covered":29,"skipped":0,"pct":51.78},"branches":{"total":27,"covered":15,"skipped":0,"pct":55.55}}
,"C:/Users/karee/OneDrive/Documents/school/SW Engineering/Project/testing/FE-groups/Whisper_FrontEnd/src/components/ChatSearch/ChatSearchContainer.jsx": {"lines":{"total":5,"covered":5,"skipped":0,"pct":100},"functions":{"total":2,"covered":2,"skipped":0,"pct":100},"statements":{"total":6,"covered":6,"skipped":0,"pct":100},"branches":{"total":5,"covered":4,"skipped":0,"pct":80}}
,"C:/Users/karee/OneDrive/Documents/school/SW Engineering/Project/testing/FE-groups/Whisper_FrontEnd/src/components/ChatSelector/ChatSelector.jsx": {"lines":{"total":24,"covered":5,"skipped":0,"pct":20.83},"functions":{"total":9,"covered":1,"skipped":0,"pct":11.11},"statements":{"total":29,"covered":6,"skipped":0,"pct":20.68},"branches":{"total":17,"covered":4,"skipped":0,"pct":23.52}}
,"C:/Users/karee/OneDrive/Documents/school/SW Engineering/Project/testing/FE-groups/Whisper_FrontEnd/src/components/ChatSettings/ChatSettings.jsx": {"lines":{"total":8,"covered":5,"skipped":0,"pct":62.5},"functions":{"total":4,"covered":1,"skipped":0,"pct":25},"statements":{"total":11,"covered":6,"skipped":0,"pct":54.54},"branches":{"total":7,"covered":4,"skipped":0,"pct":57.14}}
,"C:/Users/karee/OneDrive/Documents/school/SW Engineering/Project/testing/FE-groups/Whisper_FrontEnd/src/components/ChatSettings/ChatSettingsContainer.jsx": {"lines":{"total":28,"covered":5,"skipped":0,"pct":17.85},"functions":{"total":9,"covered":1,"skipped":0,"pct":11.11},"statements":{"total":32,"covered":6,"skipped":0,"pct":18.75},"branches":{"total":15,"covered":4,"skipped":0,"pct":26.66}}
,"C:/Users/karee/OneDrive/Documents/school/SW Engineering/Project/testing/FE-groups/Whisper_FrontEnd/src/components/ChatTextingActions/ChatTextingActions.jsx": {"lines":{"total":26,"covered":20,"skipped":0,"pct":76.92},"functions":{"total":12,"covered":8,"skipped":0,"pct":66.66},"statements":{"total":32,"covered":25,"skipped":0,"pct":78.12},"branches":{"total":11,"covered":8,"skipped":0,"pct":72.72}}
,"C:/Users/karee/OneDrive/Documents/school/SW Engineering/Project/testing/FE-groups/Whisper_FrontEnd/src/components/ChooseGroupInfo/ChooseGroupInfo.jsx": {"lines":{"total":23,"covered":14,"skipped":0,"pct":60.86},"functions":{"total":11,"covered":6,"skipped":0,"pct":54.54},"statements":{"total":27,"covered":18,"skipped":0,"pct":66.66},"branches":{"total":16,"covered":9,"skipped":0,"pct":56.25}}
,"C:/Users/karee/OneDrive/Documents/school/SW Engineering/Project/testing/FE-groups/Whisper_FrontEnd/src/components/ChooseGroupMembers/ChooseGroupMembers.jsx": {"lines":{"total":32,"covered":24,"skipped":0,"pct":75},"functions":{"total":14,"covered":7,"skipped":0,"pct":50},"statements":{"total":36,"covered":27,"skipped":0,"pct":75},"branches":{"total":9,"covered":6,"skipped":0,"pct":66.66}}
,"C:/Users/karee/OneDrive/Documents/school/SW Engineering/Project/testing/FE-groups/Whisper_FrontEnd/src/components/CopyButton/CopyButton.jsx": {"lines":{"total":12,"covered":4,"skipped":0,"pct":33.33},"functions":{"total":4,"covered":1,"skipped":0,"pct":25},"statements":{"total":16,"covered":6,"skipped":0,"pct":37.5},"branches":{"total":8,"covered":4,"skipped":0,"pct":50}}
,"C:/Users/karee/OneDrive/Documents/school/SW Engineering/Project/testing/FE-groups/Whisper_FrontEnd/src/components/CreateGroupPageContainer/CreateGroupPageContainer.jsx": {"lines":{"total":37,"covered":28,"skipped":0,"pct":75.67},"functions":{"total":9,"covered":6,"skipped":0,"pct":66.66},"statements":{"total":42,"covered":32,"skipped":0,"pct":76.19},"branches":{"total":18,"covered":12,"skipped":0,"pct":66.66}}
,"C:/Users/karee/OneDrive/Documents/school/SW Engineering/Project/testing/FE-groups/Whisper_FrontEnd/src/components/CreateNewChat/CreateNewChat.jsx": {"lines":{"total":5,"covered":5,"skipped":0,"pct":100},"functions":{"total":2,"covered":2,"skipped":0,"pct":100},"statements":{"total":6,"covered":6,"skipped":0,"pct":100},"branches":{"total":5,"covered":4,"skipped":0,"pct":80}}
,"C:/Users/karee/OneDrive/Documents/school/SW Engineering/Project/testing/FE-groups/Whisper_FrontEnd/src/components/CustomEmojisPicker/CustomEmojisPicker.jsx": {"lines":{"total":21,"covered":18,"skipped":0,"pct":85.71},"functions":{"total":8,"covered":5,"skipped":0,"pct":62.5},"statements":{"total":25,"covered":21,"skipped":0,"pct":84},"branches":{"total":13,"covered":9,"skipped":0,"pct":69.23}}
,"C:/Users/karee/OneDrive/Documents/school/SW Engineering/Project/testing/FE-groups/Whisper_FrontEnd/src/components/CustomGifPicker/CustomGifPicker.jsx": {"lines":{"total":14,"covered":4,"skipped":0,"pct":28.57},"functions":{"total":4,"covered":1,"skipped":0,"pct":25},"statements":{"total":14,"covered":4,"skipped":0,"pct":28.57},"branches":{"total":3,"covered":3,"skipped":0,"pct":100}}
,"C:/Users/karee/OneDrive/Documents/school/SW Engineering/Project/testing/FE-groups/Whisper_FrontEnd/src/components/CustomStickersPicker/CustomStickersPicker.jsx": {"lines":{"total":27,"covered":5,"skipped":0,"pct":18.51},"functions":{"total":7,"covered":1,"skipped":0,"pct":14.28},"statements":{"total":30,"covered":7,"skipped":0,"pct":23.33},"branches":{"total":10,"covered":4,"skipped":0,"pct":40}}
,"C:/Users/karee/OneDrive/Documents/school/SW Engineering/Project/testing/FE-groups/Whisper_FrontEnd/src/components/DeletedMessage/DeletedMessage.jsx": {"lines":{"total":11,"covered":5,"skipped":0,"pct":45.45},"functions":{"total":4,"covered":1,"skipped":0,"pct":25},"statements":{"total":14,"covered":5,"skipped":0,"pct":35.71},"branches":{"total":5,"covered":3,"skipped":0,"pct":60}}
,"C:/Users/karee/OneDrive/Documents/school/SW Engineering/Project/testing/FE-groups/Whisper_FrontEnd/src/components/DeliveredTicks/DeliveredTicks.jsx": {"lines":{"total":5,"covered":5,"skipped":0,"pct":100},"functions":{"total":2,"covered":2,"skipped":0,"pct":100},"statements":{"total":5,"covered":5,"skipped":0,"pct":100},"branches":{"total":3,"covered":3,"skipped":0,"pct":100}}
,"C:/Users/karee/OneDrive/Documents/school/SW Engineering/Project/testing/FE-groups/Whisper_FrontEnd/src/components/DraftedMessage/DraftedMessage.jsx": {"lines":{"total":6,"covered":3,"skipped":0,"pct":50},"functions":{"total":1,"covered":0,"skipped":0,"pct":0},"statements":{"total":6,"covered":3,"skipped":0,"pct":50},"branches":{"total":2,"covered":0,"skipped":0,"pct":0}}
,"C:/Users/karee/OneDrive/Documents/school/SW Engineering/Project/testing/FE-groups/Whisper_FrontEnd/src/components/ErrorMessage/ErrorMessage.jsx": {"lines":{"total":7,"covered":4,"skipped":0,"pct":57.14},"functions":{"total":3,"covered":1,"skipped":0,"pct":33.33},"statements":{"total":7,"covered":4,"skipped":0,"pct":57.14},"branches":{"total":3,"covered":3,"skipped":0,"pct":100}}
,"C:/Users/karee/OneDrive/Documents/school/SW Engineering/Project/testing/FE-groups/Whisper_FrontEnd/src/components/GroupAddMembers/GroupAddMembers.jsx": {"lines":{"total":34,"covered":5,"skipped":0,"pct":14.7},"functions":{"total":9,"covered":1,"skipped":0,"pct":11.11},"statements":{"total":40,"covered":6,"skipped":0,"pct":15},"branches":{"total":14,"covered":4,"skipped":0,"pct":28.57}}
,"C:/Users/karee/OneDrive/Documents/school/SW Engineering/Project/testing/FE-groups/Whisper_FrontEnd/src/components/GroupMembers/GroupMembers.jsx": {"lines":{"total":31,"covered":5,"skipped":0,"pct":16.12},"functions":{"total":17,"covered":1,"skipped":0,"pct":5.88},"statements":{"total":35,"covered":6,"skipped":0,"pct":17.14},"branches":{"total":45,"covered":4,"skipped":0,"pct":8.88}}
,"C:/Users/karee/OneDrive/Documents/school/SW Engineering/Project/testing/FE-groups/Whisper_FrontEnd/src/components/GroupMembers/GroupMembersContainer.jsx": {"lines":{"total":67,"covered":5,"skipped":0,"pct":7.46},"functions":{"total":18,"covered":1,"skipped":0,"pct":5.55},"statements":{"total":75,"covered":6,"skipped":0,"pct":8},"branches":{"total":15,"covered":4,"skipped":0,"pct":26.66}}
,"C:/Users/karee/OneDrive/Documents/school/SW Engineering/Project/testing/FE-groups/Whisper_FrontEnd/src/components/GroupSettings/GroupSettings.jsx": {"lines":{"total":5,"covered":4,"skipped":0,"pct":80},"functions":{"total":2,"covered":1,"skipped":0,"pct":50},"statements":{"total":5,"covered":4,"skipped":0,"pct":80},"branches":{"total":3,"covered":3,"skipped":0,"pct":100}}
,"C:/Users/karee/OneDrive/Documents/school/SW Engineering/Project/testing/FE-groups/Whisper_FrontEnd/src/components/Home/Home.jsx": {"lines":{"total":5,"covered":5,"skipped":0,"pct":100},"functions":{"total":2,"covered":2,"skipped":0,"pct":100},"statements":{"total":5,"covered":5,"skipped":0,"pct":100},"branches":{"total":3,"covered":3,"skipped":0,"pct":100}}
,"C:/Users/karee/OneDrive/Documents/school/SW Engineering/Project/testing/FE-groups/Whisper_FrontEnd/src/components/ImageMessage/ImageMessage.jsx": {"lines":{"total":5,"covered":4,"skipped":0,"pct":80},"functions":{"total":2,"covered":1,"skipped":0,"pct":50},"statements":{"total":5,"covered":4,"skipped":0,"pct":80},"branches":{"total":7,"covered":3,"skipped":0,"pct":42.85}}
,"C:/Users/karee/OneDrive/Documents/school/SW Engineering/Project/testing/FE-groups/Whisper_FrontEnd/src/components/Info/Info.jsx": {"lines":{"total":45,"covered":25,"skipped":0,"pct":55.55},"functions":{"total":15,"covered":6,"skipped":0,"pct":40},"statements":{"total":50,"covered":29,"skipped":0,"pct":58},"branches":{"total":27,"covered":7,"skipped":0,"pct":25.92}}
,"C:/Users/karee/OneDrive/Documents/school/SW Engineering/Project/testing/FE-groups/Whisper_FrontEnd/src/components/LastMessage/LastMessage.jsx": {"lines":{"total":6,"covered":6,"skipped":0,"pct":100},"functions":{"total":3,"covered":3,"skipped":0,"pct":100},"statements":{"total":8,"covered":8,"skipped":0,"pct":100},"branches":{"total":28,"covered":15,"skipped":0,"pct":53.57}}
,"C:/Users/karee/OneDrive/Documents/school/SW Engineering/Project/testing/FE-groups/Whisper_FrontEnd/src/components/LoadingData/LoadingData.jsx": {"lines":{"total":5,"covered":5,"skipped":0,"pct":100},"functions":{"total":2,"covered":2,"skipped":0,"pct":100},"statements":{"total":5,"covered":5,"skipped":0,"pct":100},"branches":{"total":3,"covered":3,"skipped":0,"pct":100}}
,"C:/Users/karee/OneDrive/Documents/school/SW Engineering/Project/testing/FE-groups/Whisper_FrontEnd/src/components/MessageAttachment/MessageAttachementRenderer.jsx": {"lines":{"total":118,"covered":5,"skipped":0,"pct":4.23},"functions":{"total":18,"covered":1,"skipped":0,"pct":5.55},"statements":{"total":124,"covered":6,"skipped":0,"pct":4.83},"branches":{"total":48,"covered":4,"skipped":0,"pct":8.33}}
,"C:/Users/karee/OneDrive/Documents/school/SW Engineering/Project/testing/FE-groups/Whisper_FrontEnd/src/components/MessageAttachment/fileServices.js": {"lines":{"total":12,"covered":1,"skipped":0,"pct":8.33},"functions":{"total":1,"covered":0,"skipped":0,"pct":0},"statements":{"total":12,"covered":1,"skipped":0,"pct":8.33},"branches":{"total":2,"covered":0,"skipped":0,"pct":0}}
,"C:/Users/karee/OneDrive/Documents/school/SW Engineering/Project/testing/FE-groups/Whisper_FrontEnd/src/components/MessageInfo/MessageInfo.jsx": {"lines":{"total":17,"covered":5,"skipped":0,"pct":29.41},"functions":{"total":5,"covered":1,"skipped":0,"pct":20},"statements":{"total":21,"covered":6,"skipped":0,"pct":28.57},"branches":{"total":20,"covered":4,"skipped":0,"pct":20}}
,"C:/Users/karee/OneDrive/Documents/school/SW Engineering/Project/testing/FE-groups/Whisper_FrontEnd/src/components/Modals/BlockUserModal/BlockUserModal.jsx": {"lines":{"total":25,"covered":5,"skipped":0,"pct":20},"functions":{"total":8,"covered":1,"skipped":0,"pct":12.5},"statements":{"total":29,"covered":6,"skipped":0,"pct":20.68},"branches":{"total":13,"covered":4,"skipped":0,"pct":30.76}}
,"C:/Users/karee/OneDrive/Documents/school/SW Engineering/Project/testing/FE-groups/Whisper_FrontEnd/src/components/Modals/CreatePrivateChatModal/CreatePrivateChatModal.jsx": {"lines":{"total":32,"covered":5,"skipped":0,"pct":15.62},"functions":{"total":9,"covered":1,"skipped":0,"pct":11.11},"statements":{"total":37,"covered":6,"skipped":0,"pct":16.21},"branches":{"total":13,"covered":4,"skipped":0,"pct":30.76}}
,"C:/Users/karee/OneDrive/Documents/school/SW Engineering/Project/testing/FE-groups/Whisper_FrontEnd/src/components/Modals/EditMessageModal/EditMessageModal.jsx": {"lines":{"total":11,"covered":5,"skipped":0,"pct":45.45},"functions":{"total":4,"covered":1,"skipped":0,"pct":25},"statements":{"total":15,"covered":6,"skipped":0,"pct":40},"branches":{"total":5,"covered":4,"skipped":0,"pct":80}}
,"C:/Users/karee/OneDrive/Documents/school/SW Engineering/Project/testing/FE-groups/Whisper_FrontEnd/src/components/Modals/ForwardMessageModal/ForwardMessageModal.jsx": {"lines":{"total":17,"covered":4,"skipped":0,"pct":23.52},"functions":{"total":4,"covered":0,"skipped":0,"pct":0},"statements":{"total":20,"covered":4,"skipped":0,"pct":20},"branches":{"total":3,"covered":0,"skipped":0,"pct":0}}
,"C:/Users/karee/OneDrive/Documents/school/SW Engineering/Project/testing/FE-groups/Whisper_FrontEnd/src/components/Modals/JoinCallModal/JoinCallModal.jsx": {"lines":{"total":16,"covered":4,"skipped":0,"pct":25},"functions":{"total":6,"covered":1,"skipped":0,"pct":16.66},"statements":{"total":18,"covered":5,"skipped":0,"pct":27.77},"branches":{"total":3,"covered":3,"skipped":0,"pct":100}}
,"C:/Users/karee/OneDrive/Documents/school/SW Engineering/Project/testing/FE-groups/Whisper_FrontEnd/src/components/Modals/SelfDestructModel/SelfDestructModal.jsx": {"lines":{"total":21,"covered":5,"skipped":0,"pct":23.8},"functions":{"total":8,"covered":1,"skipped":0,"pct":12.5},"statements":{"total":24,"covered":5,"skipped":0,"pct":20.83},"branches":{"total":12,"covered":3,"skipped":0,"pct":25}}
,"C:/Users/karee/OneDrive/Documents/school/SW Engineering/Project/testing/FE-groups/Whisper_FrontEnd/src/components/NoChatOpened/NoChatOpened.jsx": {"lines":{"total":5,"covered":5,"skipped":0,"pct":100},"functions":{"total":2,"covered":2,"skipped":0,"pct":100},"statements":{"total":5,"covered":5,"skipped":0,"pct":100},"branches":{"total":3,"covered":3,"skipped":0,"pct":100}}
,"C:/Users/karee/OneDrive/Documents/school/SW Engineering/Project/testing/FE-groups/Whisper_FrontEnd/src/components/NoChatOpenedLogo/NoChatOpenedLogo.jsx": {"lines":{"total":5,"covered":5,"skipped":0,"pct":100},"functions":{"total":2,"covered":2,"skipped":0,"pct":100},"statements":{"total":5,"covered":5,"skipped":0,"pct":100},"branches":{"total":3,"covered":3,"skipped":0,"pct":100}}
,"C:/Users/karee/OneDrive/Documents/school/SW Engineering/Project/testing/FE-groups/Whisper_FrontEnd/src/components/NotificationBell/NotificationBell.jsx": {"lines":{"total":5,"covered":4,"skipped":0,"pct":80},"functions":{"total":2,"covered":1,"skipped":0,"pct":50},"statements":{"total":5,"covered":4,"skipped":0,"pct":80},"branches":{"total":3,"covered":3,"skipped":0,"pct":100}}
,"C:/Users/karee/OneDrive/Documents/school/SW Engineering/Project/testing/FE-groups/Whisper_FrontEnd/src/components/NotificationMessage/NotificationMessage.jsx": {"lines":{"total":7,"covered":3,"skipped":0,"pct":42.85},"functions":{"total":2,"covered":1,"skipped":0,"pct":50},"statements":{"total":8,"covered":4,"skipped":0,"pct":50},"branches":{"total":13,"covered":3,"skipped":0,"pct":23.07}}
,"C:/Users/karee/OneDrive/Documents/school/SW Engineering/Project/testing/FE-groups/Whisper_FrontEnd/src/components/ParentMessage/ParentMessage.jsx": {"lines":{"total":7,"covered":6,"skipped":0,"pct":85.71},"functions":{"total":3,"covered":3,"skipped":0,"pct":100},"statements":{"total":11,"covered":10,"skipped":0,"pct":90.9},"branches":{"total":8,"covered":4,"skipped":0,"pct":50}}
,"C:/Users/karee/OneDrive/Documents/school/SW Engineering/Project/testing/FE-groups/Whisper_FrontEnd/src/components/ParentMessage/ParentMessageDetails.jsx": {"lines":{"total":16,"covered":4,"skipped":0,"pct":25},"functions":{"total":3,"covered":1,"skipped":0,"pct":33.33},"statements":{"total":19,"covered":6,"skipped":0,"pct":31.57},"branches":{"total":16,"covered":4,"skipped":0,"pct":25}}
,"C:/Users/karee/OneDrive/Documents/school/SW Engineering/Project/testing/FE-groups/Whisper_FrontEnd/src/components/PendingSend/PendingSend.jsx": {"lines":{"total":5,"covered":5,"skipped":0,"pct":100},"functions":{"total":2,"covered":2,"skipped":0,"pct":100},"statements":{"total":5,"covered":5,"skipped":0,"pct":100},"branches":{"total":3,"covered":3,"skipped":0,"pct":100}}
,"C:/Users/karee/OneDrive/Documents/school/SW Engineering/Project/testing/FE-groups/Whisper_FrontEnd/src/components/PinnedMessages/PinnedMessages.jsx": {"lines":{"total":37,"covered":5,"skipped":0,"pct":13.51},"functions":{"total":19,"covered":1,"skipped":0,"pct":5.26},"statements":{"total":44,"covered":6,"skipped":0,"pct":13.63},"branches":{"total":21,"covered":4,"skipped":0,"pct":19.04}}
,"C:/Users/karee/OneDrive/Documents/school/SW Engineering/Project/testing/FE-groups/Whisper_FrontEnd/src/components/ProfileSettings/ModalVerify.jsx": {"lines":{"total":22,"covered":5,"skipped":0,"pct":22.72},"functions":{"total":8,"covered":1,"skipped":0,"pct":12.5},"statements":{"total":25,"covered":5,"skipped":0,"pct":20},"branches":{"total":8,"covered":3,"skipped":0,"pct":37.5}}
,"C:/Users/karee/OneDrive/Documents/school/SW Engineering/Project/testing/FE-groups/Whisper_FrontEnd/src/components/ProfileSettings/ProfileContainer.jsx": {"lines":{"total":27,"covered":5,"skipped":0,"pct":18.51},"functions":{"total":12,"covered":1,"skipped":0,"pct":8.33},"statements":{"total":31,"covered":5,"skipped":0,"pct":16.12},"branches":{"total":8,"covered":3,"skipped":0,"pct":37.5}}
,"C:/Users/karee/OneDrive/Documents/school/SW Engineering/Project/testing/FE-groups/Whisper_FrontEnd/src/components/ProfileSettings/ProfileStacked.jsx": {"lines":{"total":7,"covered":5,"skipped":0,"pct":71.42},"functions":{"total":4,"covered":1,"skipped":0,"pct":25},"statements":{"total":11,"covered":6,"skipped":0,"pct":54.54},"branches":{"total":5,"covered":4,"skipped":0,"pct":80}}
,"C:/Users/karee/OneDrive/Documents/school/SW Engineering/Project/testing/FE-groups/Whisper_FrontEnd/src/components/ProfileSettings/EditFields/EditableField.jsx": {"lines":{"total":31,"covered":26,"skipped":0,"pct":83.87},"functions":{"total":8,"covered":8,"skipped":0,"pct":100},"statements":{"total":33,"covered":28,"skipped":0,"pct":84.84},"branches":{"total":19,"covered":16,"skipped":0,"pct":84.21}}
,"C:/Users/karee/OneDrive/Documents/school/SW Engineering/Project/testing/FE-groups/Whisper_FrontEnd/src/components/ProfileSettings/EditFields/EditablePhoneField.jsx": {"lines":{"total":31,"covered":4,"skipped":0,"pct":12.9},"functions":{"total":8,"covered":1,"skipped":0,"pct":12.5},"statements":{"total":33,"covered":5,"skipped":0,"pct":15.15},"branches":{"total":17,"covered":3,"skipped":0,"pct":17.64}}
,"C:/Users/karee/OneDrive/Documents/school/SW Engineering/Project/testing/FE-groups/Whisper_FrontEnd/src/components/ProfileSettings/ProfilePicture/EditProfilePic.jsx": {"lines":{"total":39,"covered":5,"skipped":0,"pct":12.82},"functions":{"total":12,"covered":1,"skipped":0,"pct":8.33},"statements":{"total":43,"covered":6,"skipped":0,"pct":13.95},"branches":{"total":17,"covered":4,"skipped":0,"pct":23.52}}
,"C:/Users/karee/OneDrive/Documents/school/SW Engineering/Project/testing/FE-groups/Whisper_FrontEnd/src/components/ProfileSettings/ProfilePicture/PhotoOptionsModal.jsx": {"lines":{"total":5,"covered":4,"skipped":0,"pct":80},"functions":{"total":2,"covered":1,"skipped":0,"pct":50},"statements":{"total":5,"covered":4,"skipped":0,"pct":80},"branches":{"total":3,"covered":3,"skipped":0,"pct":100}}
,"C:/Users/karee/OneDrive/Documents/school/SW Engineering/Project/testing/FE-groups/Whisper_FrontEnd/src/components/ProfileSettings/ProfilePicture/ProfilePic.jsx": {"lines":{"total":6,"covered":6,"skipped":0,"pct":100},"functions":{"total":3,"covered":3,"skipped":0,"pct":100},"statements":{"total":10,"covered":10,"skipped":0,"pct":100},"branches":{"total":7,"covered":5,"skipped":0,"pct":71.42}}
,"C:/Users/karee/OneDrive/Documents/school/SW Engineering/Project/testing/FE-groups/Whisper_FrontEnd/src/components/ReadTicks/ReadTicks.jsx": {"lines":{"total":5,"covered":4,"skipped":0,"pct":80},"functions":{"total":2,"covered":1,"skipped":0,"pct":50},"statements":{"total":5,"covered":4,"skipped":0,"pct":80},"branches":{"total":3,"covered":3,"skipped":0,"pct":100}}
,"C:/Users/karee/OneDrive/Documents/school/SW Engineering/Project/testing/FE-groups/Whisper_FrontEnd/src/components/SearchBar/SearchBar.jsx": {"lines":{"total":10,"covered":10,"skipped":0,"pct":100},"functions":{"total":4,"covered":4,"skipped":0,"pct":100},"statements":{"total":10,"covered":10,"skipped":0,"pct":100},"branches":{"total":4,"covered":4,"skipped":0,"pct":100}}
,"C:/Users/karee/OneDrive/Documents/school/SW Engineering/Project/testing/FE-groups/Whisper_FrontEnd/src/components/SearchSideBar/SearchSideBar.jsx": {"lines":{"total":91,"covered":7,"skipped":0,"pct":7.69},"functions":{"total":18,"covered":1,"skipped":0,"pct":5.55},"statements":{"total":97,"covered":8,"skipped":0,"pct":8.24},"branches":{"total":50,"covered":4,"skipped":0,"pct":8}}
,"C:/Users/karee/OneDrive/Documents/school/SW Engineering/Project/testing/FE-groups/Whisper_FrontEnd/src/components/SentTicks/SentTicks.jsx": {"lines":{"total":5,"covered":5,"skipped":0,"pct":100},"functions":{"total":2,"covered":2,"skipped":0,"pct":100},"statements":{"total":5,"covered":5,"skipped":0,"pct":100},"branches":{"total":3,"covered":3,"skipped":0,"pct":100}}
,"C:/Users/karee/OneDrive/Documents/school/SW Engineering/Project/testing/FE-groups/Whisper_FrontEnd/src/components/Settings/SettingsCotnainer.jsx": {"lines":{"total":13,"covered":5,"skipped":0,"pct":38.46},"functions":{"total":7,"covered":1,"skipped":0,"pct":14.28},"statements":{"total":17,"covered":6,"skipped":0,"pct":35.29},"branches":{"total":19,"covered":4,"skipped":0,"pct":21.05}}
,"C:/Users/karee/OneDrive/Documents/school/SW Engineering/Project/testing/FE-groups/Whisper_FrontEnd/src/components/Sidebar/Sidebar.jsx": {"lines":{"total":29,"covered":25,"skipped":0,"pct":86.2},"functions":{"total":9,"covered":8,"skipped":0,"pct":88.88},"statements":{"total":33,"covered":29,"skipped":0,"pct":87.87},"branches":{"total":9,"covered":4,"skipped":0,"pct":44.44}}
,"C:/Users/karee/OneDrive/Documents/school/SW Engineering/Project/testing/FE-groups/Whisper_FrontEnd/src/components/SingleChatMessagesList/SingleChatMessagesList.jsx": {"lines":{"total":8,"covered":8,"skipped":0,"pct":100},"functions":{"total":5,"covered":5,"skipped":0,"pct":100},"statements":{"total":12,"covered":12,"skipped":0,"pct":100},"branches":{"total":5,"covered":4,"skipped":0,"pct":80}}
,"C:/Users/karee/OneDrive/Documents/school/SW Engineering/Project/testing/FE-groups/Whisper_FrontEnd/src/components/SingleChatSection/SingleChatSection.jsx": {"lines":{"total":33,"covered":17,"skipped":0,"pct":51.51},"functions":{"total":10,"covered":4,"skipped":0,"pct":40},"statements":{"total":36,"covered":20,"skipped":0,"pct":55.55},"branches":{"total":38,"covered":16,"skipped":0,"pct":42.1}}
,"C:/Users/karee/OneDrive/Documents/school/SW Engineering/Project/testing/FE-groups/Whisper_FrontEnd/src/components/SingleStory/SingleStory.jsx": {"lines":{"total":94,"covered":5,"skipped":0,"pct":5.31},"functions":{"total":28,"covered":1,"skipped":0,"pct":3.57},"statements":{"total":99,"covered":6,"skipped":0,"pct":6.06},"branches":{"total":45,"covered":4,"skipped":0,"pct":8.88}}
,"C:/Users/karee/OneDrive/Documents/school/SW Engineering/Project/testing/FE-groups/Whisper_FrontEnd/src/components/StickerMessage/StickerMessage.jsx": {"lines":{"total":5,"covered":4,"skipped":0,"pct":80},"functions":{"total":2,"covered":1,"skipped":0,"pct":50},"statements":{"total":5,"covered":4,"skipped":0,"pct":80},"branches":{"total":7,"covered":3,"skipped":0,"pct":42.85}}
,"C:/Users/karee/OneDrive/Documents/school/SW Engineering/Project/testing/FE-groups/Whisper_FrontEnd/src/components/StorageSettings/StorageSettings.jsx": {"lines":{"total":26,"covered":5,"skipped":0,"pct":19.23},"functions":{"total":11,"covered":1,"skipped":0,"pct":9.09},"statements":{"total":29,"covered":5,"skipped":0,"pct":17.24},"branches":{"total":3,"covered":3,"skipped":0,"pct":100}}
,"C:/Users/karee/OneDrive/Documents/school/SW Engineering/Project/testing/FE-groups/Whisper_FrontEnd/src/components/StoriesContainer/StoriesContainer.jsx": {"lines":{"total":36,"covered":21,"skipped":0,"pct":58.33},"functions":{"total":11,"covered":6,"skipped":0,"pct":54.54},"statements":{"total":40,"covered":25,"skipped":0,"pct":62.5},"branches":{"total":16,"covered":4,"skipped":0,"pct":25}}
,"C:/Users/karee/OneDrive/Documents/school/SW Engineering/Project/testing/FE-groups/Whisper_FrontEnd/src/components/StoriesContainer/StoriesTab.jsx": {"lines":{"total":31,"covered":17,"skipped":0,"pct":54.83},"functions":{"total":10,"covered":5,"skipped":0,"pct":50},"statements":{"total":34,"covered":20,"skipped":0,"pct":58.82},"branches":{"total":24,"covered":11,"skipped":0,"pct":45.83}}
,"C:/Users/karee/OneDrive/Documents/school/SW Engineering/Project/testing/FE-groups/Whisper_FrontEnd/src/components/StoriesList/StoriesList.jsx": {"lines":{"total":24,"covered":5,"skipped":0,"pct":20.83},"functions":{"total":12,"covered":1,"skipped":0,"pct":8.33},"statements":{"total":28,"covered":6,"skipped":0,"pct":21.42},"branches":{"total":14,"covered":4,"skipped":0,"pct":28.57}}
,"C:/Users/karee/OneDrive/Documents/school/SW Engineering/Project/testing/FE-groups/Whisper_FrontEnd/src/components/TextMessage/TextMessage.jsx": {"lines":{"total":5,"covered":5,"skipped":0,"pct":100},"functions":{"total":2,"covered":2,"skipped":0,"pct":100},"statements":{"total":5,"covered":5,"skipped":0,"pct":100},"branches":{"total":3,"covered":3,"skipped":0,"pct":100}}
,"C:/Users/karee/OneDrive/Documents/school/SW Engineering/Project/testing/FE-groups/Whisper_FrontEnd/src/components/Threads/ThreadsBar.jsx": {"lines":{"total":17,"covered":5,"skipped":0,"pct":29.41},"functions":{"total":8,"covered":1,"skipped":0,"pct":12.5},"statements":{"total":21,"covered":6,"skipped":0,"pct":28.57},"branches":{"total":17,"covered":4,"skipped":0,"pct":23.52}}
,"C:/Users/karee/OneDrive/Documents/school/SW Engineering/Project/testing/FE-groups/Whisper_FrontEnd/src/components/UnifiedPicker/UnifiedPicker.jsx": {"lines":{"total":18,"covered":16,"skipped":0,"pct":88.88},"functions":{"total":9,"covered":5,"skipped":0,"pct":55.55},"statements":{"total":23,"covered":19,"skipped":0,"pct":82.6},"branches":{"total":20,"covered":8,"skipped":0,"pct":40}}
,"C:/Users/karee/OneDrive/Documents/school/SW Engineering/Project/testing/FE-groups/Whisper_FrontEnd/src/components/VideoMessage/VideoMessage.jsx": {"lines":{"total":5,"covered":4,"skipped":0,"pct":80},"functions":{"total":2,"covered":1,"skipped":0,"pct":50},"statements":{"total":5,"covered":4,"skipped":0,"pct":80},"branches":{"total":7,"covered":3,"skipped":0,"pct":42.85}}
,"C:/Users/karee/OneDrive/Documents/school/SW Engineering/Project/testing/FE-groups/Whisper_FrontEnd/src/components/VisibiltySettings/VisibilitySettings.jsx": {"lines":{"total":71,"covered":5,"skipped":0,"pct":7.04},"functions":{"total":20,"covered":1,"skipped":0,"pct":5},"statements":{"total":74,"covered":5,"skipped":0,"pct":6.75},"branches":{"total":3,"covered":3,"skipped":0,"pct":100}}
,"C:/Users/karee/OneDrive/Documents/school/SW Engineering/Project/testing/FE-groups/Whisper_FrontEnd/src/components/VoiceCall/VoiceCallHeader.jsx": {"lines":{"total":10,"covered":5,"skipped":0,"pct":50},"functions":{"total":7,"covered":1,"skipped":0,"pct":14.28},"statements":{"total":13,"covered":5,"skipped":0,"pct":38.46},"branches":{"total":17,"covered":3,"skipped":0,"pct":17.64}}
,"C:/Users/karee/OneDrive/Documents/school/SW Engineering/Project/testing/FE-groups/Whisper_FrontEnd/src/components/auth/ForgotPassword/ForgotPassword.jsx": {"lines":{"total":5,"covered":4,"skipped":0,"pct":80},"functions":{"total":2,"covered":1,"skipped":0,"pct":50},"statements":{"total":5,"covered":4,"skipped":0,"pct":80},"branches":{"total":5,"covered":3,"skipped":0,"pct":60}}
,"C:/Users/karee/OneDrive/Documents/school/SW Engineering/Project/testing/FE-groups/Whisper_FrontEnd/src/components/auth/ForgotPassword/ForgotPasswordContainer.jsx": {"lines":{"total":33,"covered":5,"skipped":0,"pct":15.15},"functions":{"total":7,"covered":1,"skipped":0,"pct":14.28},"statements":{"total":37,"covered":6,"skipped":0,"pct":16.21},"branches":{"total":16,"covered":4,"skipped":0,"pct":25}}
,"C:/Users/karee/OneDrive/Documents/school/SW Engineering/Project/testing/FE-groups/Whisper_FrontEnd/src/components/auth/Login/LoginContainer.jsx": {"lines":{"total":15,"covered":15,"skipped":0,"pct":100},"functions":{"total":5,"covered":5,"skipped":0,"pct":100},"statements":{"total":19,"covered":19,"skipped":0,"pct":100},"branches":{"total":6,"covered":5,"skipped":0,"pct":83.33}}
,"C:/Users/karee/OneDrive/Documents/school/SW Engineering/Project/testing/FE-groups/Whisper_FrontEnd/src/components/auth/Login/LoginForm.jsx": {"lines":{"total":7,"covered":7,"skipped":0,"pct":100},"functions":{"total":3,"covered":3,"skipped":0,"pct":100},"statements":{"total":7,"covered":7,"skipped":0,"pct":100},"branches":{"total":9,"covered":9,"skipped":0,"pct":100}}
,"C:/Users/karee/OneDrive/Documents/school/SW Engineering/Project/testing/FE-groups/Whisper_FrontEnd/src/components/auth/Logout/LogoutButton.jsx": {"lines":{"total":9,"covered":8,"skipped":0,"pct":88.88},"functions":{"total":4,"covered":3,"skipped":0,"pct":75},"statements":{"total":12,"covered":11,"skipped":0,"pct":91.66},"branches":{"total":7,"covered":6,"skipped":0,"pct":85.71}}
,"C:/Users/karee/OneDrive/Documents/school/SW Engineering/Project/testing/FE-groups/Whisper_FrontEnd/src/components/auth/Logout/LogoutModal.jsx": {"lines":{"total":16,"covered":15,"skipped":0,"pct":93.75},"functions":{"total":4,"covered":4,"skipped":0,"pct":100},"statements":{"total":19,"covered":18,"skipped":0,"pct":94.73},"branches":{"total":12,"covered":10,"skipped":0,"pct":83.33}}
,"C:/Users/karee/OneDrive/Documents/school/SW Engineering/Project/testing/FE-groups/Whisper_FrontEnd/src/components/auth/ResetPassword/ResetPassword.jsx": {"lines":{"total":7,"covered":4,"skipped":0,"pct":57.14},"functions":{"total":3,"covered":1,"skipped":0,"pct":33.33},"statements":{"total":7,"covered":4,"skipped":0,"pct":57.14},"branches":{"total":7,"covered":3,"skipped":0,"pct":42.85}}
,"C:/Users/karee/OneDrive/Documents/school/SW Engineering/Project/testing/FE-groups/Whisper_FrontEnd/src/components/auth/ResetPassword/ResetPasswordContainer.jsx": {"lines":{"total":18,"covered":5,"skipped":0,"pct":27.77},"functions":{"total":4,"covered":1,"skipped":0,"pct":25},"statements":{"total":21,"covered":5,"skipped":0,"pct":23.8},"branches":{"total":6,"covered":3,"skipped":0,"pct":50}}
,"C:/Users/karee/OneDrive/Documents/school/SW Engineering/Project/testing/FE-groups/Whisper_FrontEnd/src/components/auth/Signup/SignupContainer.jsx": {"lines":{"total":22,"covered":5,"skipped":0,"pct":22.72},"functions":{"total":7,"covered":1,"skipped":0,"pct":14.28},"statements":{"total":26,"covered":6,"skipped":0,"pct":23.07},"branches":{"total":10,"covered":4,"skipped":0,"pct":40}}
,"C:/Users/karee/OneDrive/Documents/school/SW Engineering/Project/testing/FE-groups/Whisper_FrontEnd/src/components/auth/Signup/SignupForm.jsx": {"lines":{"total":9,"covered":4,"skipped":0,"pct":44.44},"functions":{"total":5,"covered":1,"skipped":0,"pct":20},"statements":{"total":9,"covered":4,"skipped":0,"pct":44.44},"branches":{"total":7,"covered":3,"skipped":0,"pct":42.85}}
,"C:/Users/karee/OneDrive/Documents/school/SW Engineering/Project/testing/FE-groups/Whisper_FrontEnd/src/components/auth/VerifyEmail/VerifyEmail.jsx": {"lines":{"total":5,"covered":4,"skipped":0,"pct":80},"functions":{"total":2,"covered":1,"skipped":0,"pct":50},"statements":{"total":5,"covered":4,"skipped":0,"pct":80},"branches":{"total":11,"covered":3,"skipped":0,"pct":27.27}}
,"C:/Users/karee/OneDrive/Documents/school/SW Engineering/Project/testing/FE-groups/Whisper_FrontEnd/src/components/auth/VerifyEmail/VerifyEmailConatiner.jsx": {"lines":{"total":33,"covered":5,"skipped":0,"pct":15.15},"functions":{"total":8,"covered":1,"skipped":0,"pct":12.5},"statements":{"total":37,"covered":6,"skipped":0,"pct":16.21},"branches":{"total":9,"covered":4,"skipped":0,"pct":44.44}}
,"C:/Users/karee/OneDrive/Documents/school/SW Engineering/Project/testing/FE-groups/Whisper_FrontEnd/src/components/common/CustomButton.jsx": {"lines":{"total":5,"covered":5,"skipped":0,"pct":100},"functions":{"total":2,"covered":2,"skipped":0,"pct":100},"statements":{"total":5,"covered":5,"skipped":0,"pct":100},"branches":{"total":11,"covered":10,"skipped":0,"pct":90.9}}
,"C:/Users/karee/OneDrive/Documents/school/SW Engineering/Project/testing/FE-groups/Whisper_FrontEnd/src/components/common/CustomInput.jsx": {"lines":{"total":5,"covered":5,"skipped":0,"pct":100},"functions":{"total":2,"covered":2,"skipped":0,"pct":100},"statements":{"total":5,"covered":5,"skipped":0,"pct":100},"branches":{"total":11,"covered":11,"skipped":0,"pct":100}}
,"C:/Users/karee/OneDrive/Documents/school/SW Engineering/Project/testing/FE-groups/Whisper_FrontEnd/src/components/common/ErrorMessage.jsx": {"lines":{"total":4,"covered":4,"skipped":0,"pct":100},"functions":{"total":1,"covered":1,"skipped":0,"pct":100},"statements":{"total":5,"covered":5,"skipped":0,"pct":100},"branches":{"total":5,"covered":5,"skipped":0,"pct":100}}
,"C:/Users/karee/OneDrive/Documents/school/SW Engineering/Project/testing/FE-groups/Whisper_FrontEnd/src/components/common/FacebookButton.jsx": {"lines":{"total":11,"covered":6,"skipped":0,"pct":54.54},"functions":{"total":3,"covered":2,"skipped":0,"pct":66.66},"statements":{"total":11,"covered":6,"skipped":0,"pct":54.54},"branches":{"total":3,"covered":3,"skipped":0,"pct":100}}
,"C:/Users/karee/OneDrive/Documents/school/SW Engineering/Project/testing/FE-groups/Whisper_FrontEnd/src/components/common/GithubButton.jsx": {"lines":{"total":15,"covered":7,"skipped":0,"pct":46.66},"functions":{"total":4,"covered":3,"skipped":0,"pct":75},"statements":{"total":18,"covered":10,"skipped":0,"pct":55.55},"branches":{"total":5,"covered":3,"skipped":0,"pct":60}}
,"C:/Users/karee/OneDrive/Documents/school/SW Engineering/Project/testing/FE-groups/Whisper_FrontEnd/src/components/common/GoogleButton.jsx": {"lines":{"total":8,"covered":7,"skipped":0,"pct":87.5},"functions":{"total":4,"covered":3,"skipped":0,"pct":75},"statements":{"total":12,"covered":11,"skipped":0,"pct":91.66},"branches":{"total":5,"covered":4,"skipped":0,"pct":80}}
,"C:/Users/karee/OneDrive/Documents/school/SW Engineering/Project/testing/FE-groups/Whisper_FrontEnd/src/components/common/ResendTimer.jsx": {"lines":{"total":5,"covered":4,"skipped":0,"pct":80},"functions":{"total":2,"covered":1,"skipped":0,"pct":50},"statements":{"total":5,"covered":4,"skipped":0,"pct":80},"branches":{"total":3,"covered":3,"skipped":0,"pct":100}}
,"C:/Users/karee/OneDrive/Documents/school/SW Engineering/Project/testing/FE-groups/Whisper_FrontEnd/src/contexts/AuthContext.jsx": {"lines":{"total":197,"covered":68,"skipped":0,"pct":34.51},"functions":{"total":20,"covered":10,"skipped":0,"pct":50},"statements":{"total":201,"covered":72,"skipped":0,"pct":35.82},"branches":{"total":9,"covered":7,"skipped":0,"pct":77.77}}
,"C:/Users/karee/OneDrive/Documents/school/SW Engineering/Project/testing/FE-groups/Whisper_FrontEnd/src/contexts/ChatContext.jsx": {"lines":{"total":542,"covered":175,"skipped":0,"pct":32.28},"functions":{"total":79,"covered":22,"skipped":0,"pct":27.84},"statements":{"total":559,"covered":181,"skipped":0,"pct":32.37},"branches":{"total":115,"covered":24,"skipped":0,"pct":20.86}}
,"C:/Users/karee/OneDrive/Documents/school/SW Engineering/Project/testing/FE-groups/Whisper_FrontEnd/src/contexts/ModalContext.jsx": {"lines":{"total":45,"covered":22,"skipped":0,"pct":48.88},"functions":{"total":16,"covered":6,"skipped":0,"pct":37.5},"statements":{"total":54,"covered":28,"skipped":0,"pct":51.85},"branches":{"total":13,"covered":6,"skipped":0,"pct":46.15}}
,"C:/Users/karee/OneDrive/Documents/school/SW Engineering/Project/testing/FE-groups/Whisper_FrontEnd/src/contexts/ProfileSettingsContext.jsx": {"lines":{"total":12,"covered":11,"skipped":0,"pct":91.66},"functions":{"total":3,"covered":3,"skipped":0,"pct":100},"statements":{"total":17,"covered":16,"skipped":0,"pct":94.11},"branches":{"total":6,"covered":4,"skipped":0,"pct":66.66}}
,"C:/Users/karee/OneDrive/Documents/school/SW Engineering/Project/testing/FE-groups/Whisper_FrontEnd/src/contexts/SidebarContext.jsx": {"lines":{"total":14,"covered":13,"skipped":0,"pct":92.85},"functions":{"total":3,"covered":3,"skipped":0,"pct":100},"statements":{"total":19,"covered":18,"skipped":0,"pct":94.73},"branches":{"total":6,"covered":4,"skipped":0,"pct":66.66}}
,"C:/Users/karee/OneDrive/Documents/school/SW Engineering/Project/testing/FE-groups/Whisper_FrontEnd/src/contexts/StoryContext.jsx": {"lines":{"total":197,"covered":73,"skipped":0,"pct":37.05},"functions":{"total":27,"covered":14,"skipped":0,"pct":51.85},"statements":{"total":204,"covered":80,"skipped":0,"pct":39.21},"branches":{"total":53,"covered":14,"skipped":0,"pct":26.41}}
,"C:/Users/karee/OneDrive/Documents/school/SW Engineering/Project/testing/FE-groups/Whisper_FrontEnd/src/contexts/VoiceCallContext.jsx": {"lines":{"total":122,"covered":60,"skipped":0,"pct":49.18},"functions":{"total":30,"covered":11,"skipped":0,"pct":36.66},"statements":{"total":129,"covered":64,"skipped":0,"pct":49.61},"branches":{"total":36,"covered":10,"skipped":0,"pct":27.77}}
,"C:/Users/karee/OneDrive/Documents/school/SW Engineering/Project/testing/FE-groups/Whisper_FrontEnd/src/contexts/WhisperDBContext.jsx": {"lines":{"total":22,"covered":21,"skipped":0,"pct":95.45},"functions":{"total":5,"covered":5,"skipped":0,"pct":100},"statements":{"total":27,"covered":26,"skipped":0,"pct":96.29},"branches":{"total":7,"covered":6,"skipped":0,"pct":85.71}}
,"C:/Users/karee/OneDrive/Documents/school/SW Engineering/Project/testing/FE-groups/Whisper_FrontEnd/src/contexts/StackedNavigationContext/StackedNavigationContext.jsx": {"lines":{"total":16,"covered":12,"skipped":0,"pct":75},"functions":{"total":8,"covered":3,"skipped":0,"pct":37.5},"statements":{"total":24,"covered":17,"skipped":0,"pct":70.83},"branches":{"total":6,"covered":4,"skipped":0,"pct":66.66}}
,"C:/Users/karee/OneDrive/Documents/school/SW Engineering/Project/testing/FE-groups/Whisper_FrontEnd/src/firebase/firebaseConfig.js": {"lines":{"total":3,"covered":3,"skipped":0,"pct":100},"functions":{"total":0,"covered":0,"skipped":0,"pct":100},"statements":{"total":3,"covered":3,"skipped":0,"pct":100},"branches":{"total":0,"covered":0,"skipped":0,"pct":100}}
,"C:/Users/karee/OneDrive/Documents/school/SW Engineering/Project/testing/FE-groups/Whisper_FrontEnd/src/hooks/useAuth.js": {"lines":{"total":2,"covered":2,"skipped":0,"pct":100},"functions":{"total":1,"covered":1,"skipped":0,"pct":100},"statements":{"total":2,"covered":2,"skipped":0,"pct":100},"branches":{"total":0,"covered":0,"skipped":0,"pct":100}}
,"C:/Users/karee/OneDrive/Documents/school/SW Engineering/Project/testing/FE-groups/Whisper_FrontEnd/src/hooks/useChatEncryption.js": {"lines":{"total":58,"covered":11,"skipped":0,"pct":18.96},"functions":{"total":6,"covered":1,"skipped":0,"pct":16.66},"statements":{"total":58,"covered":11,"skipped":0,"pct":18.96},"branches":{"total":20,"covered":0,"skipped":0,"pct":0}}
,"C:/Users/karee/OneDrive/Documents/school/SW Engineering/Project/testing/FE-groups/Whisper_FrontEnd/src/hooks/useProfileSettings.js": {"lines":{"total":146,"covered":30,"skipped":0,"pct":20.54},"functions":{"total":47,"covered":4,"skipped":0,"pct":8.51},"statements":{"total":180,"covered":30,"skipped":0,"pct":16.66},"branches":{"total":58,"covered":1,"skipped":0,"pct":1.72}}
,"C:/Users/karee/OneDrive/Documents/school/SW Engineering/Project/testing/FE-groups/Whisper_FrontEnd/src/hooks/useResendTimer.js": {"lines":{"total":36,"covered":1,"skipped":0,"pct":2.77},"functions":{"total":8,"covered":0,"skipped":0,"pct":0},"statements":{"total":36,"covered":1,"skipped":0,"pct":2.77},"branches":{"total":6,"covered":0,"skipped":0,"pct":0}}
,"C:/Users/karee/OneDrive/Documents/school/SW Engineering/Project/testing/FE-groups/Whisper_FrontEnd/src/hooks/useVoiceCall.js": {"lines":{"total":2,"covered":2,"skipped":0,"pct":100},"functions":{"total":1,"covered":1,"skipped":0,"pct":100},"statements":{"total":2,"covered":2,"skipped":0,"pct":100},"branches":{"total":0,"covered":0,"skipped":0,"pct":100}}
,"C:/Users/karee/OneDrive/Documents/school/SW Engineering/Project/testing/FE-groups/Whisper_FrontEnd/src/hooks/useVoiceRecorder.js": {"lines":{"total":49,"covered":15,"skipped":0,"pct":30.61},"functions":{"total":12,"covered":3,"skipped":0,"pct":25},"statements":{"total":49,"covered":15,"skipped":0,"pct":30.61},"branches":{"total":6,"covered":0,"skipped":0,"pct":0}}
,"C:/Users/karee/OneDrive/Documents/school/SW Engineering/Project/testing/FE-groups/Whisper_FrontEnd/src/mocks/BlockedUsersData.js": {"lines":{"total":1,"covered":1,"skipped":0,"pct":100},"functions":{"total":0,"covered":0,"skipped":0,"pct":100},"statements":{"total":1,"covered":1,"skipped":0,"pct":100},"branches":{"total":0,"covered":0,"skipped":0,"pct":100}}
,"C:/Users/karee/OneDrive/Documents/school/SW Engineering/Project/testing/FE-groups/Whisper_FrontEnd/src/mocks/mock.js": {"lines":{"total":48,"covered":1,"skipped":0,"pct":2.08},"functions":{"total":8,"covered":0,"skipped":0,"pct":0},"statements":{"total":51,"covered":1,"skipped":0,"pct":1.96},"branches":{"total":6,"covered":0,"skipped":0,"pct":0}}
,"C:/Users/karee/OneDrive/Documents/school/SW Engineering/Project/testing/FE-groups/Whisper_FrontEnd/src/mocks/mockData.js": {"lines":{"total":8,"covered":8,"skipped":0,"pct":100},"functions":{"total":0,"covered":0,"skipped":0,"pct":100},"statements":{"total":8,"covered":8,"skipped":0,"pct":100},"branches":{"total":0,"covered":0,"skipped":0,"pct":100}}
,"C:/Users/karee/OneDrive/Documents/school/SW Engineering/Project/testing/FE-groups/Whisper_FrontEnd/src/pages/AdminPage.jsx": {"lines":{"total":5,"covered":4,"skipped":0,"pct":80},"functions":{"total":2,"covered":1,"skipped":0,"pct":50},"statements":{"total":5,"covered":4,"skipped":0,"pct":80},"branches":{"total":3,"covered":3,"skipped":0,"pct":100}}
,"C:/Users/karee/OneDrive/Documents/school/SW Engineering/Project/testing/FE-groups/Whisper_FrontEnd/src/pages/ChatInfoPage.jsx": {"lines":{"total":5,"covered":4,"skipped":0,"pct":80},"functions":{"total":2,"covered":1,"skipped":0,"pct":50},"statements":{"total":6,"covered":5,"skipped":0,"pct":83.33},"branches":{"total":5,"covered":4,"skipped":0,"pct":80}}
,"C:/Users/karee/OneDrive/Documents/school/SW Engineering/Project/testing/FE-groups/Whisper_FrontEnd/src/pages/CreateGroupPage.jsx": {"lines":{"total":4,"covered":4,"skipped":0,"pct":100},"functions":{"total":1,"covered":1,"skipped":0,"pct":100},"statements":{"total":4,"covered":4,"skipped":0,"pct":100},"branches":{"total":0,"covered":0,"skipped":0,"pct":100}}
,"C:/Users/karee/OneDrive/Documents/school/SW Engineering/Project/testing/FE-groups/Whisper_FrontEnd/src/pages/EmailVerification.jsx": {"lines":{"total":5,"covered":4,"skipped":0,"pct":80},"functions":{"total":2,"covered":1,"skipped":0,"pct":50},"statements":{"total":5,"covered":4,"skipped":0,"pct":80},"branches":{"total":3,"covered":3,"skipped":0,"pct":100}}
,"C:/Users/karee/OneDrive/Documents/school/SW Engineering/Project/testing/FE-groups/Whisper_FrontEnd/src/pages/FacebookCallback.jsx": {"lines":{"total":19,"covered":5,"skipped":0,"pct":26.31},"functions":{"total":5,"covered":1,"skipped":0,"pct":20},"statements":{"total":23,"covered":6,"skipped":0,"pct":26.08},"branches":{"total":10,"covered":4,"skipped":0,"pct":40}}
,"C:/Users/karee/OneDrive/Documents/school/SW Engineering/Project/testing/FE-groups/Whisper_FrontEnd/src/pages/ForgotPassword.jsx": {"lines":{"total":5,"covered":4,"skipped":0,"pct":80},"functions":{"total":2,"covered":1,"skipped":0,"pct":50},"statements":{"total":5,"covered":4,"skipped":0,"pct":80},"branches":{"total":3,"covered":3,"skipped":0,"pct":100}}
,"C:/Users/karee/OneDrive/Documents/school/SW Engineering/Project/testing/FE-groups/Whisper_FrontEnd/src/pages/GithubCallback.jsx": {"lines":{"total":20,"covered":5,"skipped":0,"pct":25},"functions":{"total":5,"covered":1,"skipped":0,"pct":20},"statements":{"total":24,"covered":6,"skipped":0,"pct":25},"branches":{"total":10,"covered":4,"skipped":0,"pct":40}}
,"C:/Users/karee/OneDrive/Documents/school/SW Engineering/Project/testing/FE-groups/Whisper_FrontEnd/src/pages/LoginPage.jsx": {"lines":{"total":5,"covered":5,"skipped":0,"pct":100},"functions":{"total":2,"covered":2,"skipped":0,"pct":100},"statements":{"total":5,"covered":5,"skipped":0,"pct":100},"branches":{"total":3,"covered":3,"skipped":0,"pct":100}}
,"C:/Users/karee/OneDrive/Documents/school/SW Engineering/Project/testing/FE-groups/Whisper_FrontEnd/src/pages/ProfileSettingsPage.jsx": {"lines":{"total":5,"covered":4,"skipped":0,"pct":80},"functions":{"total":2,"covered":1,"skipped":0,"pct":50},"statements":{"total":6,"covered":5,"skipped":0,"pct":83.33},"branches":{"total":5,"covered":4,"skipped":0,"pct":80}}
,"C:/Users/karee/OneDrive/Documents/school/SW Engineering/Project/testing/FE-groups/Whisper_FrontEnd/src/pages/SettingsPage.jsx": {"lines":{"total":5,"covered":4,"skipped":0,"pct":80},"functions":{"total":2,"covered":1,"skipped":0,"pct":50},"statements":{"total":6,"covered":5,"skipped":0,"pct":83.33},"branches":{"total":5,"covered":4,"skipped":0,"pct":80}}
,"C:/Users/karee/OneDrive/Documents/school/SW Engineering/Project/testing/FE-groups/Whisper_FrontEnd/src/pages/SignupPage.jsx": {"lines":{"total":5,"covered":4,"skipped":0,"pct":80},"functions":{"total":2,"covered":1,"skipped":0,"pct":50},"statements":{"total":5,"covered":4,"skipped":0,"pct":80},"branches":{"total":3,"covered":3,"skipped":0,"pct":100}}
,"C:/Users/karee/OneDrive/Documents/school/SW Engineering/Project/testing/FE-groups/Whisper_FrontEnd/src/services/authService.js": {"lines":{"total":76,"covered":23,"skipped":0,"pct":30.26},"functions":{"total":13,"covered":3,"skipped":0,"pct":23.07},"statements":{"total":76,"covered":23,"skipped":0,"pct":30.26},"branches":{"total":0,"covered":0,"skipped":0,"pct":100}}
,"C:/Users/karee/OneDrive/Documents/school/SW Engineering/Project/testing/FE-groups/Whisper_FrontEnd/src/services/axiosInstance.js": {"lines":{"total":1,"covered":1,"skipped":0,"pct":100},"functions":{"total":0,"covered":0,"skipped":0,"pct":100},"statements":{"total":1,"covered":1,"skipped":0,"pct":100},"branches":{"total":0,"covered":0,"skipped":0,"pct":100}}
,"C:/Users/karee/OneDrive/Documents/school/SW Engineering/Project/testing/FE-groups/Whisper_FrontEnd/src/services/blockedUsersService.js": {"lines":{"total":5,"covered":3,"skipped":0,"pct":60},"functions":{"total":2,"covered":0,"skipped":0,"pct":0},"statements":{"total":5,"covered":3,"skipped":0,"pct":60},"branches":{"total":0,"covered":0,"skipped":0,"pct":100}}
,"C:/Users/karee/OneDrive/Documents/school/SW Engineering/Project/testing/FE-groups/Whisper_FrontEnd/src/services/sendTypeEnum.js": {"lines":{"total":1,"covered":1,"skipped":0,"pct":100},"functions":{"total":0,"covered":0,"skipped":0,"pct":100},"statements":{"total":1,"covered":1,"skipped":0,"pct":100},"branches":{"total":0,"covered":0,"skipped":0,"pct":100}}
,"C:/Users/karee/OneDrive/Documents/school/SW Engineering/Project/testing/FE-groups/Whisper_FrontEnd/src/services/useFetch.js": {"lines":{"total":15,"covered":1,"skipped":0,"pct":6.66},"functions":{"total":3,"covered":0,"skipped":0,"pct":0},"statements":{"total":15,"covered":1,"skipped":0,"pct":6.66},"branches":{"total":1,"covered":0,"skipped":0,"pct":0}}
,"C:/Users/karee/OneDrive/Documents/school/SW Engineering/Project/testing/FE-groups/Whisper_FrontEnd/src/services/adminservice/adminActions.js": {"lines":{"total":12,"covered":2,"skipped":0,"pct":16.66},"functions":{"total":2,"covered":0,"skipped":0,"pct":0},"statements":{"total":12,"covered":2,"skipped":0,"pct":16.66},"branches":{"total":0,"covered":0,"skipped":0,"pct":100}}
,"C:/Users/karee/OneDrive/Documents/school/SW Engineering/Project/testing/FE-groups/Whisper_FrontEnd/src/services/adminservice/getData.js": {"lines":{"total":16,"covered":4,"skipped":0,"pct":25},"functions":{"total":2,"covered":0,"skipped":0,"pct":0},"statements":{"total":16,"covered":4,"skipped":0,"pct":25},"branches":{"total":0,"covered":0,"skipped":0,"pct":100}}
,"C:/Users/karee/OneDrive/Documents/school/SW Engineering/Project/testing/FE-groups/Whisper_FrontEnd/src/services/blobs/blob.js": {"lines":{"total":56,"covered":4,"skipped":0,"pct":7.14},"functions":{"total":4,"covered":0,"skipped":0,"pct":0},"statements":{"total":56,"covered":4,"skipped":0,"pct":7.14},"branches":{"total":9,"covered":0,"skipped":0,"pct":0}}
,"C:/Users/karee/OneDrive/Documents/school/SW Engineering/Project/testing/FE-groups/Whisper_FrontEnd/src/services/chatservice/addDefaultImage.js": {"lines":{"total":2,"covered":1,"skipped":0,"pct":50},"functions":{"total":1,"covered":0,"skipped":0,"pct":0},"statements":{"total":2,"covered":1,"skipped":0,"pct":50},"branches":{"total":0,"covered":0,"skipped":0,"pct":100}}
,"C:/Users/karee/OneDrive/Documents/school/SW Engineering/Project/testing/FE-groups/Whisper_FrontEnd/src/services/chatservice/channelSettings.js": {"lines":{"total":8,"covered":1,"skipped":0,"pct":12.5},"functions":{"total":1,"covered":0,"skipped":0,"pct":0},"statements":{"total":8,"covered":1,"skipped":0,"pct":12.5},"branches":{"total":0,"covered":0,"skipped":0,"pct":100}}
,"C:/Users/karee/OneDrive/Documents/school/SW Engineering/Project/testing/FE-groups/Whisper_FrontEnd/src/services/chatservice/chatCreator.js": {"lines":{"total":7,"covered":1,"skipped":0,"pct":14.28},"functions":{"total":3,"covered":0,"skipped":0,"pct":0},"statements":{"total":9,"covered":1,"skipped":0,"pct":11.11},"branches":{"total":1,"covered":0,"skipped":0,"pct":0}}
,"C:/Users/karee/OneDrive/Documents/school/SW Engineering/Project/testing/FE-groups/Whisper_FrontEnd/src/services/chatservice/checkDisplayTime.js": {"lines":{"total":15,"covered":9,"skipped":0,"pct":60},"functions":{"total":1,"covered":1,"skipped":0,"pct":100},"statements":{"total":15,"covered":9,"skipped":0,"pct":60},"branches":{"total":4,"covered":1,"skipped":0,"pct":25}}
,"C:/Users/karee/OneDrive/Documents/school/SW Engineering/Project/testing/FE-groups/Whisper_FrontEnd/src/services/chatservice/draftMessage.js": {"lines":{"total":12,"covered":2,"skipped":0,"pct":16.66},"functions":{"total":2,"covered":0,"skipped":0,"pct":0},"statements":{"total":12,"covered":2,"skipped":0,"pct":16.66},"branches":{"total":0,"covered":0,"skipped":0,"pct":100}}
,"C:/Users/karee/OneDrive/Documents/school/SW Engineering/Project/testing/FE-groups/Whisper_FrontEnd/src/services/chatservice/getChatMemberPermissions.js": {"lines":{"total":14,"covered":2,"skipped":0,"pct":14.28},"functions":{"total":2,"covered":0,"skipped":0,"pct":0},"statements":{"total":14,"covered":2,"skipped":0,"pct":14.28},"branches":{"total":0,"covered":0,"skipped":0,"pct":100}}
,"C:/Users/karee/OneDrive/Documents/school/SW Engineering/Project/testing/FE-groups/Whisper_FrontEnd/src/services/chatservice/getChatMembers.js": {"lines":{"total":7,"covered":7,"skipped":0,"pct":100},"functions":{"total":1,"covered":1,"skipped":0,"pct":100},"statements":{"total":7,"covered":7,"skipped":0,"pct":100},"branches":{"total":0,"covered":0,"skipped":0,"pct":100}}
,"C:/Users/karee/OneDrive/Documents/school/SW Engineering/Project/testing/FE-groups/Whisper_FrontEnd/src/services/chatservice/getChats.js": {"lines":{"total":48,"covered":35,"skipped":0,"pct":72.91},"functions":{"total":9,"covered":9,"skipped":0,"pct":100},"statements":{"total":51,"covered":38,"skipped":0,"pct":74.5},"branches":{"total":61,"covered":51,"skipped":0,"pct":83.6}}
,"C:/Users/karee/OneDrive/Documents/school/SW Engineering/Project/testing/FE-groups/Whisper_FrontEnd/src/services/chatservice/getMessagesForChat.js": {"lines":{"total":32,"covered":28,"skipped":0,"pct":87.5},"functions":{"total":6,"covered":6,"skipped":0,"pct":100},"statements":{"total":32,"covered":28,"skipped":0,"pct":87.5},"branches":{"total":21,"covered":17,"skipped":0,"pct":80.95}}
,"C:/Users/karee/OneDrive/Documents/school/SW Engineering/Project/testing/FE-groups/Whisper_FrontEnd/src/services/chatservice/getStickers.js": {"lines":{"total":33,"covered":2,"skipped":0,"pct":6.06},"functions":{"total":3,"covered":0,"skipped":0,"pct":0},"statements":{"total":33,"covered":2,"skipped":0,"pct":6.06},"branches":{"total":6,"covered":0,"skipped":0,"pct":0}}
,"C:/Users/karee/OneDrive/Documents/school/SW Engineering/Project/testing/FE-groups/Whisper_FrontEnd/src/services/chatservice/groupSettings.js": {"lines":{"total":23,"covered":3,"skipped":0,"pct":13.04},"functions":{"total":3,"covered":0,"skipped":0,"pct":0},"statements":{"total":23,"covered":3,"skipped":0,"pct":13.04},"branches":{"total":2,"covered":0,"skipped":0,"pct":0}}
,"C:/Users/karee/OneDrive/Documents/school/SW Engineering/Project/testing/FE-groups/Whisper_FrontEnd/src/services/chatservice/media.js": {"lines":{"total":19,"covered":2,"skipped":0,"pct":10.52},"functions":{"total":2,"covered":0,"skipped":0,"pct":0},"statements":{"total":19,"covered":2,"skipped":0,"pct":10.52},"branches":{"total":1,"covered":0,"skipped":0,"pct":0}}
,"C:/Users/karee/OneDrive/Documents/school/SW Engineering/Project/testing/FE-groups/Whisper_FrontEnd/src/services/chatservice/muteUnmuteChat.js": {"lines":{"total":12,"covered":2,"skipped":0,"pct":16.66},"functions":{"total":2,"covered":0,"skipped":0,"pct":0},"statements":{"total":12,"covered":2,"skipped":0,"pct":16.66},"branches":{"total":0,"covered":0,"skipped":0,"pct":100}}
,"C:/Users/karee/OneDrive/Documents/school/SW Engineering/Project/testing/FE-groups/Whisper_FrontEnd/src/services/chatservice/parseMentions.js": {"lines":{"total":6,"covered":4,"skipped":0,"pct":66.66},"functions":{"total":1,"covered":1,"skipped":0,"pct":100},"statements":{"total":6,"covered":4,"skipped":0,"pct":66.66},"branches":{"total":0,"covered":0,"skipped":0,"pct":100}}
,"C:/Users/karee/OneDrive/Documents/school/SW Engineering/Project/testing/FE-groups/Whisper_FrontEnd/src/services/chatservice/setSelfDestructionTimer.js": {"lines":{"total":6,"covered":1,"skipped":0,"pct":16.66},"functions":{"total":1,"covered":0,"skipped":0,"pct":0},"statements":{"total":6,"covered":1,"skipped":0,"pct":16.66},"branches":{"total":2,"covered":0,"skipped":0,"pct":0}}
,"C:/Users/karee/OneDrive/Documents/school/SW Engineering/Project/testing/FE-groups/Whisper_FrontEnd/src/services/chatservice/updateChatMemberPermissions.js": {"lines":{"total":12,"covered":2,"skipped":0,"pct":16.66},"functions":{"total":2,"covered":0,"skipped":0,"pct":0},"statements":{"total":12,"covered":2,"skipped":0,"pct":16.66},"branches":{"total":0,"covered":0,"skipped":0,"pct":100}}
,"C:/Users/karee/OneDrive/Documents/school/SW Engineering/Project/testing/FE-groups/Whisper_FrontEnd/src/services/encryption/keyManager.js": {"lines":{"total":43,"covered":9,"skipped":0,"pct":20.93},"functions":{"total":10,"covered":0,"skipped":0,"pct":0},"statements":{"total":45,"covered":9,"skipped":0,"pct":20},"branches":{"total":2,"covered":0,"skipped":0,"pct":0}}
,"C:/Users/karee/OneDrive/Documents/school/SW Engineering/Project/testing/FE-groups/Whisper_FrontEnd/src/services/indexedDB/BaseStore.js": {"lines":{"total":10,"covered":7,"skipped":0,"pct":70},"functions":{"total":2,"covered":2,"skipped":0,"pct":100},"statements":{"total":10,"covered":7,"skipped":0,"pct":70},"branches":{"total":1,"covered":0,"skipped":0,"pct":0}}
,"C:/Users/karee/OneDrive/Documents/school/SW Engineering/Project/testing/FE-groups/Whisper_FrontEnd/src/services/indexedDB/ChatsStore.js": {"lines":{"total":237,"covered":71,"skipped":0,"pct":29.95},"functions":{"total":134,"covered":32,"skipped":0,"pct":23.88},"statements":{"total":303,"covered":79,"skipped":0,"pct":26.07},"branches":{"total":44,"covered":13,"skipped":0,"pct":29.54}}
,"C:/Users/karee/OneDrive/Documents/school/SW Engineering/Project/testing/FE-groups/Whisper_FrontEnd/src/services/indexedDB/DBConfig.js": {"lines":{"total":1,"covered":1,"skipped":0,"pct":100},"functions":{"total":0,"covered":0,"skipped":0,"pct":100},"statements":{"total":1,"covered":1,"skipped":0,"pct":100},"branches":{"total":0,"covered":0,"skipped":0,"pct":100}}
,"C:/Users/karee/OneDrive/Documents/school/SW Engineering/Project/testing/FE-groups/Whisper_FrontEnd/src/services/indexedDB/GroupsStore.js": {"lines":{"total":59,"covered":1,"skipped":0,"pct":1.69},"functions":{"total":33,"covered":1,"skipped":0,"pct":3.03},"statements":{"total":74,"covered":1,"skipped":0,"pct":1.35},"branches":{"total":6,"covered":0,"skipped":0,"pct":0}}
,"C:/Users/karee/OneDrive/Documents/school/SW Engineering/Project/testing/FE-groups/Whisper_FrontEnd/src/services/indexedDB/KeysStore.js": {"lines":{"total":27,"covered":8,"skipped":0,"pct":29.62},"functions":{"total":14,"covered":5,"skipped":0,"pct":35.71},"statements":{"total":31,"covered":9,"skipped":0,"pct":29.03},"branches":{"total":2,"covered":0,"skipped":0,"pct":0}}
,"C:/Users/karee/OneDrive/Documents/school/SW Engineering/Project/testing/FE-groups/Whisper_FrontEnd/src/services/indexedDB/MessagesStore.js": {"lines":{"total":173,"covered":16,"skipped":0,"pct":9.24},"functions":{"total":96,"covered":10,"skipped":0,"pct":10.41},"statements":{"total":216,"covered":18,"skipped":0,"pct":8.33},"branches":{"total":19,"covered":0,"skipped":0,"pct":0}}
,"C:/Users/karee/OneDrive/Documents/school/SW Engineering/Project/testing/FE-groups/Whisper_FrontEnd/src/services/indexedDB/PinnedMessagesStore.js": {"lines":{"total":34,"covered":9,"skipped":0,"pct":26.47},"functions":{"total":19,"covered":5,"skipped":0,"pct":26.31},"statements":{"total":40,"covered":10,"skipped":0,"pct":25},"branches":{"total":0,"covered":0,"skipped":0,"pct":100}}
,"C:/Users/karee/OneDrive/Documents/school/SW Engineering/Project/testing/FE-groups/Whisper_FrontEnd/src/services/indexedDB/StoriesStore.js": {"lines":{"total":175,"covered":8,"skipped":0,"pct":4.57},"functions":{"total":97,"covered":4,"skipped":0,"pct":4.12},"statements":{"total":217,"covered":8,"skipped":0,"pct":3.68},"branches":{"total":24,"covered":1,"skipped":0,"pct":4.16}}
,"C:/Users/karee/OneDrive/Documents/school/SW Engineering/Project/testing/FE-groups/Whisper_FrontEnd/src/services/indexedDB/StoriesTempStore.js": {"lines":{"total":43,"covered":16,"skipped":0,"pct":37.2},"functions":{"total":27,"covered":10,"skipped":0,"pct":37.03},"statements":{"total":53,"covered":18,"skipped":0,"pct":33.96},"branches":{"total":1,"covered":0,"skipped":0,"pct":0}}
,"C:/Users/karee/OneDrive/Documents/school/SW Engineering/Project/testing/FE-groups/Whisper_FrontEnd/src/services/indexedDB/UsersAdminStore.js": {"lines":{"total":60,"covered":1,"skipped":0,"pct":1.66},"functions":{"total":33,"covered":1,"skipped":0,"pct":3.03},"statements":{"total":75,"covered":1,"skipped":0,"pct":1.33},"branches":{"total":6,"covered":0,"skipped":0,"pct":0}}
,"C:/Users/karee/OneDrive/Documents/school/SW Engineering/Project/testing/FE-groups/Whisper_FrontEnd/src/services/indexedDB/UsersStore.js": {"lines":{"total":17,"covered":8,"skipped":0,"pct":47.05},"functions":{"total":12,"covered":6,"skipped":0,"pct":50},"statements":{"total":21,"covered":9,"skipped":0,"pct":42.85},"branches":{"total":0,"covered":0,"skipped":0,"pct":100}}
,"C:/Users/karee/OneDrive/Documents/school/SW Engineering/Project/testing/FE-groups/Whisper_FrontEnd/src/services/indexedDB/whisperDB.js": {"lines":{"total":272,"covered":79,"skipped":0,"pct":29.04},"functions":{"total":87,"covered":28,"skipped":0,"pct":32.18},"statements":{"total":272,"covered":79,"skipped":0,"pct":29.04},"branches":{"total":153,"covered":20,"skipped":0,"pct":13.07}}
,"C:/Users/karee/OneDrive/Documents/school/SW Engineering/Project/testing/FE-groups/Whisper_FrontEnd/src/services/messagingservice/getMessageInfo.js": {"lines":{"total":25,"covered":1,"skipped":0,"pct":4},"functions":{"total":3,"covered":0,"skipped":0,"pct":0},"statements":{"total":27,"covered":1,"skipped":0,"pct":3.7},"branches":{"total":10,"covered":0,"skipped":0,"pct":0}}
,"C:/Users/karee/OneDrive/Documents/school/SW Engineering/Project/testing/FE-groups/Whisper_FrontEnd/src/services/messagingservice/getMessagesReplies.js": {"lines":{"total":18,"covered":2,"skipped":0,"pct":11.11},"functions":{"total":3,"covered":0,"skipped":0,"pct":0},"statements":{"total":18,"covered":2,"skipped":0,"pct":11.11},"branches":{"total":1,"covered":0,"skipped":0,"pct":0}}
,"C:/Users/karee/OneDrive/Documents/school/SW Engineering/Project/testing/FE-groups/Whisper_FrontEnd/src/services/mock/mockData.js": {"lines":{"total":10,"covered":10,"skipped":0,"pct":100},"functions":{"total":0,"covered":0,"skipped":0,"pct":100},"statements":{"total":10,"covered":10,"skipped":0,"pct":100},"branches":{"total":0,"covered":0,"skipped":0,"pct":100}}
,"C:/Users/karee/OneDrive/Documents/school/SW Engineering/Project/testing/FE-groups/Whisper_FrontEnd/src/services/privacy/privacy.js": {"lines":{"total":42,"covered":6,"skipped":0,"pct":14.28},"functions":{"total":6,"covered":0,"skipped":0,"pct":0},"statements":{"total":42,"covered":6,"skipped":0,"pct":14.28},"branches":{"total":0,"covered":0,"skipped":0,"pct":100}}
,"C:/Users/karee/OneDrive/Documents/school/SW Engineering/Project/testing/FE-groups/Whisper_FrontEnd/src/services/profileServices/ProfileSettingsService.js": {"lines":{"total":101,"covered":18,"skipped":0,"pct":17.82},"functions":{"total":15,"covered":1,"skipped":0,"pct":6.66},"statements":{"total":101,"covered":18,"skipped":0,"pct":17.82},"branches":{"total":30,"covered":1,"skipped":0,"pct":3.33}}
,"C:/Users/karee/OneDrive/Documents/school/SW Engineering/Project/testing/FE-groups/Whisper_FrontEnd/src/services/search/search.js": {"lines":{"total":26,"covered":9,"skipped":0,"pct":34.61},"functions":{"total":4,"covered":1,"skipped":0,"pct":25},"statements":{"total":26,"covered":9,"skipped":0,"pct":34.61},"branches":{"total":0,"covered":0,"skipped":0,"pct":100}}
,"C:/Users/karee/OneDrive/Documents/school/SW Engineering/Project/testing/FE-groups/Whisper_FrontEnd/src/services/sockets/CallSocket.js": {"lines":{"total":10,"covered":8,"skipped":0,"pct":80},"functions":{"total":6,"covered":5,"skipped":0,"pct":83.33},"statements":{"total":10,"covered":8,"skipped":0,"pct":80},"branches":{"total":1,"covered":1,"skipped":0,"pct":100}}
,"C:/Users/karee/OneDrive/Documents/school/SW Engineering/Project/testing/FE-groups/Whisper_FrontEnd/src/services/sockets/ChatSocket.js": {"lines":{"total":24,"covered":15,"skipped":0,"pct":62.5},"functions":{"total":19,"covered":11,"skipped":0,"pct":57.89},"statements":{"total":24,"covered":15,"skipped":0,"pct":62.5},"branches":{"total":1,"covered":1,"skipped":0,"pct":100}}
,"C:/Users/karee/OneDrive/Documents/school/SW Engineering/Project/testing/FE-groups/Whisper_FrontEnd/src/services/sockets/MessagingSocket.js": {"lines":{"total":35,"covered":18,"skipped":0,"pct":51.42},"functions":{"total":32,"covered":14,"skipped":0,"pct":43.75},"statements":{"total":35,"covered":18,"skipped":0,"pct":51.42},"branches":{"total":1,"covered":1,"skipped":0,"pct":100}}
,"C:/Users/karee/OneDrive/Documents/school/SW Engineering/Project/testing/FE-groups/Whisper_FrontEnd/src/services/sockets/Socket.js": {"lines":{"total":10,"covered":8,"skipped":0,"pct":80},"functions":{"total":4,"covered":1,"skipped":0,"pct":25},"statements":{"total":10,"covered":8,"skipped":0,"pct":80},"branches":{"total":1,"covered":1,"skipped":0,"pct":100}}
,"C:/Users/karee/OneDrive/Documents/school/SW Engineering/Project/testing/FE-groups/Whisper_FrontEnd/src/services/sockets/StorySocket.js": {"lines":{"total":22,"covered":16,"skipped":0,"pct":72.72},"functions":{"total":14,"covered":9,"skipped":0,"pct":64.28},"statements":{"total":22,"covered":16,"skipped":0,"pct":72.72},"branches":{"total":1,"covered":1,"skipped":0,"pct":100}}
,"C:/Users/karee/OneDrive/Documents/school/SW Engineering/Project/testing/FE-groups/Whisper_FrontEnd/src/services/sockets/UserSocket.js": {"lines":{"total":15,"covered":9,"skipped":0,"pct":60},"functions":{"total":7,"covered":3,"skipped":0,"pct":42.85},"statements":{"total":15,"covered":9,"skipped":0,"pct":60},"branches":{"total":1,"covered":1,"skipped":0,"pct":100}}
,"C:/Users/karee/OneDrive/Documents/school/SW Engineering/Project/testing/FE-groups/Whisper_FrontEnd/src/services/storiesservice/getLikesAndViews.js": {"lines":{"total":19,"covered":2,"skipped":0,"pct":10.52},"functions":{"total":5,"covered":0,"skipped":0,"pct":0},"statements":{"total":22,"covered":2,"skipped":0,"pct":9.09},"branches":{"total":2,"covered":0,"skipped":0,"pct":0}}
,"C:/Users/karee/OneDrive/Documents/school/SW Engineering/Project/testing/FE-groups/Whisper_FrontEnd/src/services/storiesservice/getStories.js": {"lines":{"total":50,"covered":38,"skipped":0,"pct":76},"functions":{"total":6,"covered":6,"skipped":0,"pct":100},"statements":{"total":50,"covered":38,"skipped":0,"pct":76},"branches":{"total":1,"covered":1,"skipped":0,"pct":100}}
,"C:/Users/karee/OneDrive/Documents/school/SW Engineering/Project/testing/FE-groups/Whisper_FrontEnd/src/services/storiesservice/setStoryVisibility.js": {"lines":{"total":6,"covered":1,"skipped":0,"pct":16.66},"functions":{"total":1,"covered":0,"skipped":0,"pct":0},"statements":{"total":6,"covered":1,"skipped":0,"pct":16.66},"branches":{"total":0,"covered":0,"skipped":0,"pct":100}}
,"C:/Users/karee/OneDrive/Documents/school/SW Engineering/Project/testing/FE-groups/Whisper_FrontEnd/src/services/userservices/addNewContact.js": {"lines":{"total":6,"covered":1,"skipped":0,"pct":16.66},"functions":{"total":1,"covered":0,"skipped":0,"pct":0},"statements":{"total":6,"covered":1,"skipped":0,"pct":16.66},"branches":{"total":0,"covered":0,"skipped":0,"pct":100}}
,"C:/Users/karee/OneDrive/Documents/school/SW Engineering/Project/testing/FE-groups/Whisper_FrontEnd/src/services/userservices/getAllUsers.js": {"lines":{"total":21,"covered":17,"skipped":0,"pct":80.95},"functions":{"total":5,"covered":5,"skipped":0,"pct":100},"statements":{"total":22,"covered":18,"skipped":0,"pct":81.81},"branches":{"total":0,"covered":0,"skipped":0,"pct":100}}
,"C:/Users/karee/OneDrive/Documents/school/SW Engineering/Project/testing/FE-groups/Whisper_FrontEnd/src/services/userservices/getUserInfo.js": {"lines":{"total":7,"covered":1,"skipped":0,"pct":14.28},"functions":{"total":1,"covered":0,"skipped":0,"pct":0},"statements":{"total":7,"covered":1,"skipped":0,"pct":14.28},"branches":{"total":0,"covered":0,"skipped":0,"pct":100}}
,"C:/Users/karee/OneDrive/Documents/school/SW Engineering/Project/testing/FE-groups/Whisper_FrontEnd/src/services/userservices/notifications.js": {"lines":{"total":6,"covered":1,"skipped":0,"pct":16.66},"functions":{"total":1,"covered":0,"skipped":0,"pct":0},"statements":{"total":6,"covered":1,"skipped":0,"pct":16.66},"branches":{"total":0,"covered":0,"skipped":0,"pct":100}}
,"C:/Users/karee/OneDrive/Documents/school/SW Engineering/Project/testing/FE-groups/Whisper_FrontEnd/src/services/voiceCall/generateToken.js": {"lines":{"total":6,"covered":1,"skipped":0,"pct":16.66},"functions":{"total":1,"covered":0,"skipped":0,"pct":0},"statements":{"total":6,"covered":1,"skipped":0,"pct":16.66},"branches":{"total":0,"covered":0,"skipped":0,"pct":100}}
,"C:/Users/karee/OneDrive/Documents/school/SW Engineering/Project/testing/FE-groups/Whisper_FrontEnd/src/services/voiceCall/joinCall.js": {"lines":{"total":6,"covered":1,"skipped":0,"pct":16.66},"functions":{"total":1,"covered":0,"skipped":0,"pct":0},"statements":{"total":6,"covered":1,"skipped":0,"pct":16.66},"branches":{"total":0,"covered":0,"skipped":0,"pct":100}}
,"C:/Users/karee/OneDrive/Documents/school/SW Engineering/Project/testing/FE-groups/Whisper_FrontEnd/src/services/voiceCall/leaveVoiceCall.js": {"lines":{"total":6,"covered":1,"skipped":0,"pct":16.66},"functions":{"total":1,"covered":0,"skipped":0,"pct":0},"statements":{"total":6,"covered":1,"skipped":0,"pct":16.66},"branches":{"total":0,"covered":0,"skipped":0,"pct":100}}
,"C:/Users/karee/OneDrive/Documents/school/SW Engineering/Project/testing/FE-groups/Whisper_FrontEnd/src/utils/APIRoutes.js": {"lines":{"total":1,"covered":1,"skipped":0,"pct":100},"functions":{"total":0,"covered":0,"skipped":0,"pct":100},"statements":{"total":1,"covered":1,"skipped":0,"pct":100},"branches":{"total":0,"covered":0,"skipped":0,"pct":100}}
,"C:/Users/karee/OneDrive/Documents/school/SW Engineering/Project/testing/FE-groups/Whisper_FrontEnd/src/utils/SignupSchema.js": {"lines":{"total":2,"covered":2,"skipped":0,"pct":100},"functions":{"total":0,"covered":0,"skipped":0,"pct":100},"statements":{"total":2,"covered":2,"skipped":0,"pct":100},"branches":{"total":0,"covered":0,"skipped":0,"pct":100}}
,"C:/Users/karee/OneDrive/Documents/school/SW Engineering/Project/testing/FE-groups/Whisper_FrontEnd/src/utils/formatDuration.js": {"lines":{"total":4,"covered":1,"skipped":0,"pct":25},"functions":{"total":1,"covered":0,"skipped":0,"pct":0},"statements":{"total":4,"covered":1,"skipped":0,"pct":25},"branches":{"total":0,"covered":0,"skipped":0,"pct":100}}
,"C:/Users/karee/OneDrive/Documents/school/SW Engineering/Project/testing/FE-groups/Whisper_FrontEnd/src/utils/loginSchema.js": {"lines":{"total":1,"covered":1,"skipped":0,"pct":100},"functions":{"total":0,"covered":0,"skipped":0,"pct":100},"statements":{"total":1,"covered":1,"skipped":0,"pct":100},"branches":{"total":0,"covered":0,"skipped":0,"pct":100}}
,"C:/Users/karee/OneDrive/Documents/school/SW Engineering/Project/testing/FE-groups/Whisper_FrontEnd/src/utils/resetSchema.js": {"lines":{"total":2,"covered":2,"skipped":0,"pct":100},"functions":{"total":0,"covered":0,"skipped":0,"pct":100},"statements":{"total":2,"covered":2,"skipped":0,"pct":100},"branches":{"total":0,"covered":0,"skipped":0,"pct":100}}
}
