TN:
SF:..\..\FE-groups\Whisper_FrontEnd\src\App.jsx
FN:1,(anonymous_0)
FN:33,App
FN:46,(anonymous_2)
FN:54,(anonymous_3)
FN:70,(anonymous_4)
FN:72,(anonymous_5)
FN:83,(anonymous_6)
FN:88,(anonymous_7)
FN:91,(anonymous_8)
FN:124,(anonymous_9)
FN:134,(anonymous_10)
FN:163,(anonymous_11)
FN:167,(anonymous_12)
FN:183,(anonymous_13)
FN:201,(anonymous_14)
FN:212,(anonymous_15)
FN:224,(anonymous_16)
FN:33,(anonymous_17)
FNF:18
FNH:13
FNDA:19,(anonymous_0)
FNDA:82,App
FNDA:0,(anonymous_2)
FNDA:2,(anonymous_3)
FNDA:22,(anonymous_4)
FNDA:0,(anonymous_5)
FNDA:2,(anonymous_6)
FNDA:0,(anonymous_7)
FNDA:14,(anonymous_8)
FNDA:1,(anonymous_9)
FNDA:0,(anonymous_10)
FNDA:1,(anonymous_11)
FNDA:3,(anonymous_12)
FNDA:1,(anonymous_13)
FNDA:1,(anonymous_14)
FNDA:0,(anonymous_15)
FNDA:2,(anonymous_16)
FNDA:19,(anonymous_17)
DA:1,171
DA:33,82
DA:34,82
DA:35,82
DA:36,82
DA:37,82
DA:38,82
DA:39,82
DA:40,82
DA:41,82
DA:43,82
DA:44,0
DA:46,82
DA:47,0
DA:48,0
DA:50,0
DA:54,82
DA:55,2
DA:57,2
DA:58,2
DA:62,0
DA:63,0
DA:65,0
DA:66,0
DA:70,82
DA:72,22
DA:73,0
DA:74,0
DA:75,0
DA:76,0
DA:79,0
DA:83,22
DA:84,2
DA:85,2
DA:86,1
DA:87,1
DA:88,1
DA:90,1
DA:91,14
DA:92,0
DA:93,9
DA:95,0
DA:97,0
DA:98,0
DA:99,0
DA:100,0
DA:102,0
DA:103,0
DA:106,0
DA:110,0
DA:112,0
DA:113,9
DA:114,2
DA:116,9
DA:118,1
DA:120,0
DA:124,22
DA:125,1
DA:126,1
DA:127,1
DA:128,2
DA:129,2
DA:130,2
DA:131,2
DA:132,2
DA:133,0
DA:136,0
DA:137,0
DA:138,0
DA:139,0
DA:140,0
DA:141,0
DA:142,0
DA:145,0
DA:148,0
DA:152,2
DA:155,0
DA:159,0
DA:163,22
DA:164,1
DA:165,1
DA:166,1
DA:167,1
DA:168,3
DA:169,3
DA:170,3
DA:171,3
DA:172,3
DA:174,1
DA:175,1
DA:176,1
DA:179,0
DA:183,22
DA:184,1
DA:185,1
DA:186,1
DA:187,2
DA:188,2
DA:189,0
DA:190,0
DA:193,2
DA:197,0
DA:201,22
DA:202,1
DA:203,1
DA:204,1
DA:205,1
DA:208,0
DA:212,22
DA:213,0
DA:214,0
DA:215,0
DA:216,0
DA:217,0
DA:220,0
DA:224,22
DA:225,2
DA:226,2
DA:227,2
DA:228,2
DA:230,2
DA:231,1
DA:232,1
DA:233,1
DA:234,1
DA:238,0
DA:239,0
DA:242,0
DA:244,1
DA:245,1
DA:249,22
DA:250,22
DA:251,2
DA:252,2
DA:255,0
DA:259,82
DA:310,19
DA:311,19
LF:138
LH:86
BRDA:1,0,0,38
BRDA:1,0,1,19
BRDA:1,1,0,19
BRDA:43,2,0,0
BRDA:48,3,0,0
BRDA:57,4,0,2
BRDA:57,4,1,0
BRDA:65,5,0,0
BRDA:75,6,0,0
BRDA:75,7,0,0
BRDA:75,7,1,0
BRDA:91,8,0,0
BRDA:91,8,1,9
BRDA:91,9,0,9
BRDA:91,9,1,7
BRDA:93,10,0,0
BRDA:93,10,1,9
BRDA:93,11,0,9
BRDA:93,11,1,7
BRDA:93,11,2,7
BRDA:98,12,0,0
BRDA:99,13,0,0
BRDA:102,14,0,0
BRDA:113,15,0,2
BRDA:130,16,0,2
BRDA:132,17,0,0
BRDA:132,18,0,2
BRDA:132,18,1,0
BRDA:139,19,0,0
BRDA:139,20,0,0
BRDA:139,20,1,0
BRDA:166,21,0,1
BRDA:166,22,0,1
BRDA:166,22,1,1
BRDA:189,23,0,0
BRDA:204,24,0,1
BRDA:215,25,0,0
BRDA:215,26,0,0
BRDA:215,26,1,0
BRDA:228,27,0,2
BRDA:228,27,1,0
BRDA:250,28,0,2
BRDA:263,29,0,9
BRDA:263,29,1,73
BRDA:265,30,0,9
BRDA:265,30,1,0
BRDA:265,31,0,9
BRDA:265,31,1,9
BRDA:266,32,0,9
BRDA:266,32,1,0
BRDA:268,33,0,4
BRDA:268,33,1,5
BRF:52
BRH:28
end_of_record
TN:
SF:..\..\FE-groups\Whisper_FrontEnd\src\config.js
FNF:0
FNH:0
DA:1,19
DA:4,19
LF:2
LH:2
BRDA:1,0,0,19
BRDA:1,0,1,0
BRDA:1,1,0,19
BRDA:1,1,1,0
BRF:4
BRH:2
end_of_record
TN:
SF:..\..\FE-groups\Whisper_FrontEnd\src\index.jsx
FNF:0
FNH:0
DA:16,19
DA:17,19
DA:19,19
LF:3
LH:3
BRF:0
BRH:0
end_of_record
TN:
SF:..\..\FE-groups\Whisper_FrontEnd\src\components\AddContactModal\AddContactModal.jsx
FN:1,(anonymous_0)
FN:4,(anonymous_1)
FN:12,(anonymous_2)
FN:15,(anonymous_3)
FN:16,(anonymous_4)
FN:20,(anonymous_5)
FNF:6
FNH:1
FNDA:19,(anonymous_0)
FNDA:0,(anonymous_1)
FNDA:0,(anonymous_2)
FNDA:0,(anonymous_3)
FNDA:0,(anonymous_4)
FNDA:0,(anonymous_5)
DA:1,133
DA:4,19
DA:5,0
DA:6,0
DA:13,0
DA:15,0
DA:16,0
DA:21,0
DA:22,0
DA:29,19
DA:31,19
LF:11
LH:4
BRDA:1,0,0,19
BRDA:1,0,1,0
BRDA:1,1,0,19
BRDA:1,2,0,19
BRDA:1,2,1,19
BRF:5
BRH:4
end_of_record
TN:
SF:..\..\FE-groups\Whisper_FrontEnd\src\components\AddNewButton\AddNewButton.jsx
FN:1,(anonymous_0)
FN:5,(anonymous_1)
FNF:2
FNH:2
FNDA:19,(anonymous_0)
FNDA:4,(anonymous_1)
DA:1,152
DA:5,19
DA:7,4
DA:12,19
DA:14,19
LF:5
LH:5
BRDA:1,0,0,38
BRDA:1,0,1,19
BRDA:1,1,0,19
BRF:3
BRH:3
end_of_record
TN:
SF:..\..\FE-groups\Whisper_FrontEnd\src\components\AddNewStoryModal\AddNewStoryModal.jsx
FN:1,(anonymous_0)
FN:8,(anonymous_1)
FN:14,(anonymous_2)
FN:23,(anonymous_3)
FN:30,(anonymous_4)
FN:45,(anonymous_5)
FN:49,(anonymous_6)
FN:50,(anonymous_7)
FN:53,(anonymous_8)
FN:61,(anonymous_9)
FN:67,(anonymous_10)
FN:69,(anonymous_11)
FN:80,(anonymous_12)
FN:8,(anonymous_13)
FNF:14
FNH:1
FNDA:19,(anonymous_0)
FNDA:0,(anonymous_1)
FNDA:0,(anonymous_2)
FNDA:0,(anonymous_3)
FNDA:0,(anonymous_4)
FNDA:0,(anonymous_5)
FNDA:0,(anonymous_6)
FNDA:0,(anonymous_7)
FNDA:0,(anonymous_8)
FNDA:0,(anonymous_9)
FNDA:0,(anonymous_10)
FNDA:0,(anonymous_11)
FNDA:0,(anonymous_12)
FNDA:0,(anonymous_13)
DA:1,171
DA:8,19
DA:9,0
DA:10,0
DA:11,0
DA:12,19
DA:14,0
DA:15,0
DA:16,0
DA:17,0
DA:18,0
DA:19,0
DA:23,0
DA:24,0
DA:25,0
DA:26,0
DA:30,0
DA:31,0
DA:32,0
DA:37,0
DA:39,0
DA:41,0
DA:45,0
DA:46,0
DA:49,0
DA:50,0
DA:53,0
DA:54,0
DA:55,0
DA:56,0
DA:57,0
DA:61,0
DA:62,0
DA:63,0
DA:67,0
DA:69,0
DA:70,0
DA:77,0
DA:80,0
DA:116,19
DA:118,19
LF:41
LH:5
BRDA:1,0,0,38
BRDA:1,0,1,19
BRDA:1,1,0,19
BRDA:17,2,0,0
BRDA:24,3,0,0
BRDA:24,4,0,0
BRDA:24,4,1,0
BRDA:56,5,0,0
BRDA:62,6,0,0
BRDA:78,7,0,0
BRDA:78,7,1,0
BRDA:81,8,0,0
BRDA:81,8,1,0
BRDA:106,9,0,0
BRDA:106,9,1,0
BRDA:112,10,0,0
BRDA:112,10,1,0
BRF:17
BRH:3
end_of_record
TN:
SF:..\..\FE-groups\Whisper_FrontEnd\src\components\Admin\AdminContainer.jsx
FN:1,(anonymous_0)
FN:22,(anonymous_1)
FN:24,(anonymous_2)
FN:22,(anonymous_3)
FNF:4
FNH:1
FNDA:19,(anonymous_0)
FNDA:0,(anonymous_1)
FNDA:0,(anonymous_2)
FNDA:0,(anonymous_3)
DA:1,171
DA:8,19
DA:22,19
DA:23,19
DA:24,0
DA:25,0
DA:26,0
DA:34,19
DA:36,19
LF:9
LH:6
BRDA:1,0,0,38
BRDA:1,0,1,19
BRDA:1,1,0,19
BRDA:24,2,0,0
BRDA:24,2,1,0
BRF:5
BRH:3
end_of_record
TN:
SF:..\..\FE-groups\Whisper_FrontEnd\src\components\AdminSettings\AdminSettings.jsx
FN:1,(anonymous_0)
FN:16,(anonymous_1)
FN:27,(anonymous_2)
FN:42,(anonymous_3)
FN:49,(anonymous_4)
FN:54,(anonymous_5)
FN:16,(anonymous_6)
FNF:7
FNH:1
FNDA:19,(anonymous_0)
FNDA:0,(anonymous_1)
FNDA:0,(anonymous_2)
FNDA:0,(anonymous_3)
FNDA:0,(anonymous_4)
FNDA:0,(anonymous_5)
FNDA:0,(anonymous_6)
DA:1,152
DA:16,19
DA:17,0
DA:18,0
DA:19,0
DA:20,0
DA:21,0
DA:22,0
DA:23,0
DA:24,0
DA:25,19
DA:27,0
DA:28,0
DA:29,0
DA:30,0
DA:31,0
DA:32,0
DA:33,0
DA:34,0
DA:35,0
DA:37,0
DA:38,0
DA:42,0
DA:43,0
DA:44,0
DA:45,0
DA:46,0
DA:49,0
DA:50,0
DA:54,0
DA:55,0
DA:58,0
DA:64,0
DA:71,0
DA:87,19
DA:89,19
LF:36
LH:5
BRDA:1,0,0,19
BRDA:1,0,1,0
BRDA:1,1,0,19
BRDA:1,2,0,19
BRDA:1,2,1,19
BRDA:43,3,0,0
BRDA:43,4,0,0
BRDA:43,4,1,0
BRDA:58,5,0,0
BRDA:64,6,0,0
BRF:10
BRH:4
end_of_record
TN:
SF:..\..\FE-groups\Whisper_FrontEnd\src\components\AllGroups\AllGroups.jsx
FN:1,(anonymous_0)
FN:12,(anonymous_1)
FN:14,(anonymous_2)
FN:15,(anonymous_3)
FN:16,(anonymous_4)
FN:16,(anonymous_5)
FN:17,(anonymous_6)
FN:28,(anonymous_7)
FN:29,(anonymous_8)
FN:30,(anonymous_9)
FN:54,(anonymous_10)
FN:68,(anonymous_11)
FN:73,(anonymous_12)
FN:82,(anonymous_13)
FN:94,(anonymous_14)
FN:95,(anonymous_15)
FN:105,(anonymous_16)
FN:111,(anonymous_17)
FN:116,(anonymous_18)
FN:149,(anonymous_19)
FN:153,(anonymous_20)
FN:187,(anonymous_21)
FN:12,(anonymous_22)
FNF:23
FNH:1
FNDA:19,(anonymous_0)
FNDA:0,(anonymous_1)
FNDA:0,(anonymous_2)
FNDA:0,(anonymous_3)
FNDA:0,(anonymous_4)
FNDA:0,(anonymous_5)
FNDA:0,(anonymous_6)
FNDA:0,(anonymous_7)
FNDA:0,(anonymous_8)
FNDA:0,(anonymous_9)
FNDA:0,(anonymous_10)
FNDA:0,(anonymous_11)
FNDA:0,(anonymous_12)
FNDA:0,(anonymous_13)
FNDA:0,(anonymous_14)
FNDA:0,(anonymous_15)
FNDA:0,(anonymous_16)
FNDA:0,(anonymous_17)
FNDA:0,(anonymous_18)
FNDA:0,(anonymous_19)
FNDA:0,(anonymous_20)
FNDA:0,(anonymous_21)
FNDA:0,(anonymous_22)
DA:1,152
DA:12,19
DA:13,0
DA:14,0
DA:15,0
DA:16,0
DA:17,0
DA:22,0
DA:24,0
DA:25,0
DA:26,0
DA:27,19
DA:28,0
DA:29,0
DA:30,0
DA:31,0
DA:33,0
DA:35,0
DA:36,0
DA:37,0
DA:38,0
DA:41,0
DA:42,0
DA:43,0
DA:45,0
DA:48,0
DA:51,0
DA:54,0
DA:55,0
DA:56,0
DA:57,0
DA:58,0
DA:59,0
DA:61,0
DA:63,0
DA:64,0
DA:68,0
DA:69,0
DA:70,0
DA:73,0
DA:74,0
DA:75,0
DA:82,0
DA:83,0
DA:84,0
DA:85,0
DA:86,0
DA:88,0
DA:89,0
DA:92,0
DA:94,0
DA:95,0
DA:96,0
DA:99,0
DA:101,0
DA:105,0
DA:106,0
DA:107,0
DA:111,0
DA:112,0
DA:115,0
DA:117,0
DA:121,0
DA:150,0
DA:153,0
DA:187,0
DA:197,19
DA:199,19
LF:68
LH:5
BRDA:1,0,0,19
BRDA:1,0,1,0
BRDA:1,1,0,19
BRDA:1,2,0,19
BRDA:1,2,1,19
BRDA:31,3,0,0
BRDA:35,4,0,0
BRDA:35,5,0,0
BRDA:35,5,1,0
BRDA:57,6,0,0
BRDA:85,7,0,0
BRDA:88,8,0,0
BRDA:88,8,1,0
BRDA:96,9,0,0
BRDA:96,9,1,0
BRDA:101,10,0,0
BRDA:101,10,1,0
BRDA:106,11,0,0
BRDA:106,12,0,0
BRDA:106,12,1,0
BRDA:115,13,0,0
BRDA:115,13,1,0
BRDA:155,14,0,0
BRDA:155,14,1,0
BRDA:163,15,0,0
BRDA:163,15,1,0
BRDA:171,16,0,0
BRDA:171,16,1,0
BRDA:176,17,0,0
BRDA:176,17,1,0
BRDA:188,18,0,0
BRDA:188,18,1,0
BRDA:190,19,0,0
BRDA:190,19,1,0
BRDA:191,20,0,0
BRDA:191,20,1,0
BRF:36
BRH:4
end_of_record
TN:
SF:..\..\FE-groups\Whisper_FrontEnd\src\components\AllUsers\AllUsers.jsx
FN:1,(anonymous_0)
FN:12,(anonymous_1)
FN:15,(anonymous_2)
FN:16,(anonymous_3)
FN:17,(anonymous_4)
FN:17,(anonymous_5)
FN:18,(anonymous_6)
FN:30,(anonymous_7)
FN:31,(anonymous_8)
FN:32,(anonymous_9)
FN:56,(anonymous_10)
FN:70,(anonymous_11)
FN:75,(anonymous_12)
FN:84,(anonymous_13)
FN:96,(anonymous_14)
FN:97,(anonymous_15)
FN:107,(anonymous_16)
FN:113,(anonymous_17)
FN:118,(anonymous_18)
FN:151,(anonymous_19)
FN:155,(anonymous_20)
FN:190,(anonymous_21)
FN:12,(anonymous_22)
FNF:23
FNH:1
FNDA:19,(anonymous_0)
FNDA:0,(anonymous_1)
FNDA:0,(anonymous_2)
FNDA:0,(anonymous_3)
FNDA:0,(anonymous_4)
FNDA:0,(anonymous_5)
FNDA:0,(anonymous_6)
FNDA:0,(anonymous_7)
FNDA:0,(anonymous_8)
FNDA:0,(anonymous_9)
FNDA:0,(anonymous_10)
FNDA:0,(anonymous_11)
FNDA:0,(anonymous_12)
FNDA:0,(anonymous_13)
FNDA:0,(anonymous_14)
FNDA:0,(anonymous_15)
FNDA:0,(anonymous_16)
FNDA:0,(anonymous_17)
FNDA:0,(anonymous_18)
FNDA:0,(anonymous_19)
FNDA:0,(anonymous_20)
FNDA:0,(anonymous_21)
FNDA:0,(anonymous_22)
DA:1,152
DA:12,19
DA:14,0
DA:15,0
DA:16,0
DA:17,0
DA:18,0
DA:23,0
DA:25,0
DA:26,0
DA:27,0
DA:28,19
DA:30,0
DA:31,0
DA:32,0
DA:33,0
DA:35,0
DA:37,0
DA:38,0
DA:39,0
DA:40,0
DA:43,0
DA:44,0
DA:45,0
DA:47,0
DA:50,0
DA:53,0
DA:56,0
DA:57,0
DA:58,0
DA:59,0
DA:60,0
DA:61,0
DA:63,0
DA:65,0
DA:66,0
DA:70,0
DA:71,0
DA:72,0
DA:75,0
DA:76,0
DA:77,0
DA:84,0
DA:85,0
DA:86,0
DA:87,0
DA:88,0
DA:90,0
DA:91,0
DA:94,0
DA:96,0
DA:97,0
DA:98,0
DA:101,0
DA:103,0
DA:107,0
DA:108,0
DA:109,0
DA:113,0
DA:114,0
DA:117,0
DA:119,0
DA:123,0
DA:152,0
DA:155,0
DA:190,0
DA:200,19
DA:202,19
LF:68
LH:5
BRDA:1,0,0,19
BRDA:1,0,1,0
BRDA:1,1,0,19
BRDA:1,2,0,19
BRDA:1,2,1,19
BRDA:33,3,0,0
BRDA:37,4,0,0
BRDA:37,5,0,0
BRDA:37,5,1,0
BRDA:59,6,0,0
BRDA:87,7,0,0
BRDA:90,8,0,0
BRDA:90,8,1,0
BRDA:98,9,0,0
BRDA:98,9,1,0
BRDA:103,10,0,0
BRDA:103,10,1,0
BRDA:108,11,0,0
BRDA:108,12,0,0
BRDA:108,12,1,0
BRDA:117,13,0,0
BRDA:117,13,1,0
BRDA:157,14,0,0
BRDA:157,14,1,0
BRDA:165,15,0,0
BRDA:165,15,1,0
BRDA:174,16,0,0
BRDA:174,16,1,0
BRDA:179,17,0,0
BRDA:179,17,1,0
BRDA:191,18,0,0
BRDA:191,18,1,0
BRDA:193,19,0,0
BRDA:193,19,1,0
BRDA:194,20,0,0
BRDA:194,20,1,0
BRF:36
BRH:4
end_of_record
TN:
SF:..\..\FE-groups\Whisper_FrontEnd\src\components\AudioVoiceMessage\AudioVoiceMessage.jsx
FN:1,(anonymous_0)
FN:10,(anonymous_1)
FN:17,(anonymous_2)
FN:36,(anonymous_3)
FN:40,(anonymous_4)
FN:46,(anonymous_5)
FN:50,(anonymous_6)
FN:57,(anonymous_7)
FN:61,(anonymous_8)
FNF:9
FNH:1
FNDA:19,(anonymous_0)
FNDA:0,(anonymous_1)
FNDA:0,(anonymous_2)
FNDA:0,(anonymous_3)
FNDA:0,(anonymous_4)
FNDA:0,(anonymous_5)
FNDA:0,(anonymous_6)
FNDA:0,(anonymous_7)
FNDA:0,(anonymous_8)
DA:1,171
DA:10,19
DA:11,0
DA:12,0
DA:13,0
DA:14,0
DA:15,0
DA:17,0
DA:18,0
DA:19,0
DA:32,0
DA:34,0
DA:36,0
DA:37,0
DA:40,0
DA:41,0
DA:42,0
DA:46,0
DA:47,0
DA:50,0
DA:51,0
DA:52,0
DA:57,0
DA:58,0
DA:61,0
DA:62,0
DA:63,0
DA:64,0
DA:68,0
DA:83,19
DA:85,19
LF:31
LH:4
BRDA:1,0,0,38
BRDA:1,0,1,19
BRDA:1,1,0,19
BRDA:18,2,0,0
BRDA:41,3,0,0
BRDA:51,4,0,0
BRDA:62,5,0,0
BRDA:71,6,0,0
BRDA:71,6,1,0
BRF:9
BRH:3
end_of_record
TN:
SF:..\..\FE-groups\Whisper_FrontEnd\src\components\AudioVoiceNoteMessage\AudioVoiceNoteMessage.jsx
FN:1,(anonymous_0)
FN:9,(anonymous_1)
FN:13,(anonymous_2)
FN:15,(anonymous_3)
FN:21,(anonymous_4)
FNF:5
FNH:1
FNDA:19,(anonymous_0)
FNDA:0,(anonymous_1)
FNDA:0,(anonymous_2)
FNDA:0,(anonymous_3)
FNDA:0,(anonymous_4)
DA:1,171
DA:9,19
DA:10,0
DA:11,0
DA:13,0
DA:14,0
DA:15,0
DA:16,0
DA:19,0
DA:21,0
DA:22,0
DA:23,0
DA:29,0
DA:41,19
DA:43,19
LF:15
LH:4
BRDA:1,0,0,38
BRDA:1,0,1,19
BRDA:1,1,0,19
BRDA:14,2,0,0
BRDA:14,3,0,0
BRDA:14,3,1,0
BRDA:14,3,2,0
BRDA:22,4,0,0
BRDA:30,5,0,0
BRDA:30,5,1,0
BRDA:36,6,0,0
BRDA:36,6,1,0
BRDA:38,7,0,0
BRDA:38,7,1,0
BRDA:38,8,0,0
BRDA:38,8,1,0
BRF:16
BRH:3
end_of_record
TN:
SF:..\..\FE-groups\Whisper_FrontEnd\src\components\AwaitingJoinMessage\AwaitingJoinMessage.jsx
FN:1,(anonymous_0)
FN:6,(anonymous_1)
FN:9,(anonymous_2)
FN:6,(anonymous_3)
FNF:4
FNH:1
FNDA:19,(anonymous_0)
FNDA:0,(anonymous_1)
FNDA:0,(anonymous_2)
FNDA:0,(anonymous_3)
DA:1,152
DA:6,19
DA:7,0
DA:8,19
DA:9,0
DA:10,0
DA:11,0
DA:13,0
DA:21,19
DA:23,19
LF:10
LH:5
BRDA:1,0,0,19
BRDA:1,0,1,0
BRDA:1,1,0,19
BRDA:1,2,0,19
BRDA:1,2,1,19
BRF:5
BRH:4
end_of_record
TN:
SF:..\..\FE-groups\Whisper_FrontEnd\src\components\BlockedUsers\BlockedUsers.jsx
FN:1,(anonymous_0)
FN:11,(anonymous_1)
FN:17,(anonymous_2)
FN:22,(anonymous_3)
FN:27,(anonymous_4)
FN:30,(anonymous_5)
FN:37,(anonymous_6)
FN:38,(anonymous_7)
FN:46,(anonymous_8)
FN:62,(anonymous_9)
FN:67,(anonymous_10)
FN:11,(anonymous_11)
FNF:12
FNH:1
FNDA:19,(anonymous_0)
FNDA:0,(anonymous_1)
FNDA:0,(anonymous_2)
FNDA:0,(anonymous_3)
FNDA:0,(anonymous_4)
FNDA:0,(anonymous_5)
FNDA:0,(anonymous_6)
FNDA:0,(anonymous_7)
FNDA:0,(anonymous_8)
FNDA:0,(anonymous_9)
FNDA:0,(anonymous_10)
FNDA:0,(anonymous_11)
DA:1,152
DA:11,19
DA:12,0
DA:14,0
DA:15,19
DA:17,0
DA:18,0
DA:19,0
DA:22,0
DA:23,0
DA:24,0
DA:27,0
DA:28,0
DA:31,0
DA:37,0
DA:38,0
DA:39,0
DA:42,0
DA:47,0
DA:63,0
DA:68,0
DA:87,19
DA:89,19
LF:23
LH:5
BRDA:1,0,0,19
BRDA:1,0,1,0
BRDA:1,1,0,19
BRDA:1,2,0,19
BRDA:1,2,1,19
BRDA:55,3,0,0
BRDA:55,3,1,0
BRDA:57,4,0,0
BRDA:57,4,1,0
BRDA:59,5,0,0
BRDA:59,5,1,0
BRDA:72,6,0,0
BRDA:72,6,1,0
BRF:13
BRH:4
end_of_record
TN:
SF:..\..\FE-groups\Whisper_FrontEnd\src\components\ButtonsBar\ButtonsBar.jsx
FN:1,(anonymous_0)
FN:13,(anonymous_1)
FN:14,(anonymous_2)
FN:20,(anonymous_3)
FN:27,(anonymous_4)
FN:30,(anonymous_5)
FN:33,(anonymous_6)
FN:36,(anonymous_7)
FN:43,(anonymous_8)
FN:13,(anonymous_9)
FNF:10
FNH:3
FNDA:19,(anonymous_0)
FNDA:4,(anonymous_1)
FNDA:0,(anonymous_2)
FNDA:0,(anonymous_3)
FNDA:0,(anonymous_4)
FNDA:0,(anonymous_5)
FNDA:0,(anonymous_6)
FNDA:0,(anonymous_7)
FNDA:0,(anonymous_8)
FNDA:1,(anonymous_9)
DA:1,171
DA:13,19
DA:14,4
DA:15,0
DA:18,19
DA:20,4
DA:21,0
DA:22,0
DA:25,4
DA:27,0
DA:30,0
DA:33,0
DA:36,0
DA:43,0
DA:48,19
DA:50,19
LF:16
LH:8
BRDA:1,0,0,38
BRDA:1,0,1,19
BRDA:1,1,0,19
BRF:3
BRH:3
end_of_record
TN:
SF:..\..\FE-groups\Whisper_FrontEnd\src\components\CallLog\CallLog.jsx
FN:1,(anonymous_0)
FN:5,(anonymous_1)
FN:5,(anonymous_2)
FNF:3
FNH:1
FNDA:19,(anonymous_0)
FNDA:0,(anonymous_1)
FNDA:0,(anonymous_2)
DA:1,171
DA:5,19
DA:7,19
DA:8,0
DA:19,19
DA:21,19
LF:6
LH:5
BRDA:1,0,0,38
BRDA:1,0,1,19
BRDA:1,1,0,19
BRDA:10,2,0,0
BRDA:10,2,1,0
BRDA:11,3,0,0
BRDA:11,3,1,0
BRDA:12,4,0,0
BRDA:12,4,1,0
BRF:9
BRH:3
end_of_record
TN:
SF:..\..\FE-groups\Whisper_FrontEnd\src\components\ChannelSettings\ChannelSettings.jsx
FN:1,(anonymous_0)
FN:3,(anonymous_1)
FNF:2
FNH:1
FNDA:19,(anonymous_0)
FNDA:0,(anonymous_1)
DA:1,152
DA:3,19
DA:9,0
DA:20,19
DA:22,19
LF:5
LH:4
BRDA:1,0,0,38
BRDA:1,0,1,19
BRDA:1,1,0,19
BRF:3
BRH:3
end_of_record
TN:
SF:..\..\FE-groups\Whisper_FrontEnd\src\components\ChatActions\ChatActions.jsx
FN:1,(anonymous_0)
FN:32,(anonymous_1)
FN:46,(anonymous_2)
FN:52,(anonymous_3)
FN:58,(anonymous_4)
FN:61,(anonymous_5)
FN:67,(anonymous_6)
FN:72,(anonymous_7)
FN:77,(anonymous_8)
FN:81,(anonymous_9)
FN:86,(anonymous_10)
FN:92,(anonymous_11)
FN:98,(anonymous_12)
FN:105,(anonymous_13)
FN:112,(anonymous_14)
FN:126,(anonymous_15)
FN:132,(anonymous_16)
FN:141,(anonymous_17)
FN:188,(anonymous_18)
FN:189,(anonymous_19)
FN:214,(anonymous_20)
FN:231,(anonymous_21)
FN:318,(anonymous_22)
FN:32,(anonymous_23)
FNF:24
FNH:1
FNDA:19,(anonymous_0)
FNDA:0,(anonymous_1)
FNDA:0,(anonymous_2)
FNDA:0,(anonymous_3)
FNDA:0,(anonymous_4)
FNDA:0,(anonymous_5)
FNDA:0,(anonymous_6)
FNDA:0,(anonymous_7)
FNDA:0,(anonymous_8)
FNDA:0,(anonymous_9)
FNDA:0,(anonymous_10)
FNDA:0,(anonymous_11)
FNDA:0,(anonymous_12)
FNDA:0,(anonymous_13)
FNDA:0,(anonymous_14)
FNDA:0,(anonymous_15)
FNDA:0,(anonymous_16)
FNDA:0,(anonymous_17)
FNDA:0,(anonymous_18)
FNDA:0,(anonymous_19)
FNDA:0,(anonymous_20)
FNDA:0,(anonymous_21)
FNDA:0,(anonymous_22)
FNDA:0,(anonymous_23)
DA:1,171
DA:32,19
DA:33,0
DA:34,0
DA:36,0
DA:37,0
DA:39,0
DA:40,0
DA:41,0
DA:42,0
DA:43,0
DA:44,0
DA:45,0
DA:46,0
DA:47,0
DA:48,0
DA:49,0
DA:51,0
DA:52,0
DA:55,19
DA:56,0
DA:58,0
DA:59,0
DA:60,0
DA:61,0
DA:62,0
DA:64,0
DA:67,0
DA:68,0
DA:69,0
DA:72,0
DA:73,0
DA:74,0
DA:77,0
DA:78,0
DA:81,0
DA:82,0
DA:83,0
DA:84,0
DA:86,0
DA:87,0
DA:88,0
DA:89,0
DA:92,0
DA:93,0
DA:94,0
DA:96,0
DA:98,0
DA:99,0
DA:100,0
DA:102,0
DA:105,0
DA:106,0
DA:107,0
DA:108,0
DA:112,0
DA:113,0
DA:114,0
DA:115,0
DA:117,0
DA:118,0
DA:120,0
DA:121,0
DA:123,0
DA:126,0
DA:127,0
DA:128,0
DA:129,0
DA:132,0
DA:133,0
DA:134,0
DA:135,0
DA:136,0
DA:138,0
DA:140,0
DA:141,0
DA:142,0
DA:146,0
DA:153,0
DA:154,0
DA:155,0
DA:156,0
DA:157,0
DA:162,0
DA:163,0
DA:164,0
DA:165,0
DA:166,0
DA:167,0
DA:171,0
DA:182,0
DA:183,0
DA:184,0
DA:188,0
DA:189,0
DA:190,0
DA:192,0
DA:193,0
DA:195,0
DA:197,0
DA:198,0
DA:199,0
DA:201,0
DA:204,0
DA:205,0
DA:207,0
DA:210,0
DA:214,0
DA:215,0
DA:216,0
DA:217,0
DA:218,0
DA:219,0
DA:220,0
DA:222,0
DA:226,0
DA:227,0
DA:231,0
DA:232,0
DA:233,0
DA:234,0
DA:235,0
DA:241,0
DA:242,0
DA:244,0
DA:247,0
DA:248,0
DA:250,0
DA:252,0
DA:254,0
DA:257,0
DA:258,0
DA:261,0
DA:262,0
DA:263,0
DA:266,0
DA:318,0
DA:369,19
DA:371,19
LF:139
LH:5
BRDA:1,0,0,38
BRDA:1,0,1,19
BRDA:1,1,0,19
BRDA:32,2,0,0
BRDA:52,3,0,0
BRDA:52,3,1,0
BRDA:52,3,2,0
BRDA:52,3,3,0
BRDA:93,4,0,0
BRDA:99,5,0,0
BRDA:106,6,0,0
BRDA:107,7,0,0
BRDA:107,7,1,0
BRDA:114,8,0,0
BRDA:117,9,0,0
BRDA:120,10,0,0
BRDA:133,11,0,0
BRDA:134,12,0,0
BRDA:140,13,0,0
BRDA:140,13,1,0
BRDA:154,14,0,0
BRDA:154,15,0,0
BRDA:154,15,1,0
BRDA:156,16,0,0
BRDA:166,17,0,0
BRDA:175,18,0,0
BRDA:175,18,1,0
BRDA:176,19,0,0
BRDA:176,19,1,0
BRDA:177,20,0,0
BRDA:177,20,1,0
BRDA:178,21,0,0
BRDA:178,21,1,0
BRDA:179,22,0,0
BRDA:179,22,1,0
BRDA:183,23,0,0
BRDA:190,24,0,0
BRDA:190,25,0,0
BRDA:190,25,1,0
BRDA:197,26,0,0
BRDA:216,27,0,0
BRDA:219,28,0,0
BRDA:219,28,1,0
BRDA:232,29,0,0
BRDA:232,30,0,0
BRDA:232,30,1,0
BRDA:232,30,2,0
BRDA:232,30,3,0
BRDA:257,31,0,0
BRDA:267,32,0,0
BRDA:267,32,1,0
BRDA:271,33,0,0
BRDA:271,33,1,0
BRDA:271,33,2,0
BRDA:272,34,0,0
BRDA:272,34,1,0
BRDA:312,35,0,0
BRDA:312,35,1,0
BRDA:315,36,0,0
BRDA:315,36,1,0
BRDA:315,36,2,0
BRDA:319,37,0,0
BRDA:319,37,1,0
BRDA:323,38,0,0
BRDA:323,38,1,0
BRDA:330,39,0,0
BRDA:330,39,1,0
BRDA:331,40,0,0
BRDA:331,40,1,0
BRDA:351,41,0,0
BRDA:351,41,1,0
BRDA:357,42,0,0
BRDA:357,42,1,0
BRDA:358,43,0,0
BRDA:358,43,1,0
BRDA:361,44,0,0
BRDA:361,44,1,0
BRDA:362,45,0,0
BRDA:362,45,1,0
BRF:79
BRH:3
end_of_record
TN:
SF:..\..\FE-groups\Whisper_FrontEnd\src\components\ChatHeader\ChatHeader.jsx
FN:1,(anonymous_0)
FN:9,(anonymous_1)
FN:16,(anonymous_2)
FN:25,(anonymous_3)
FN:29,(anonymous_4)
FN:34,(anonymous_5)
FN:43,(anonymous_6)
FN:50,(anonymous_7)
FN:57,(anonymous_8)
FN:91,(anonymous_9)
FN:95,(anonymous_10)
FN:133,(anonymous_11)
FN:134,(anonymous_12)
FN:137,(anonymous_13)
FN:140,(anonymous_14)
FN:9,(anonymous_15)
FNF:16
FNH:1
FNDA:19,(anonymous_0)
FNDA:0,(anonymous_1)
FNDA:0,(anonymous_2)
FNDA:0,(anonymous_3)
FNDA:0,(anonymous_4)
FNDA:0,(anonymous_5)
FNDA:0,(anonymous_6)
FNDA:0,(anonymous_7)
FNDA:0,(anonymous_8)
FNDA:0,(anonymous_9)
FNDA:0,(anonymous_10)
FNDA:0,(anonymous_11)
FNDA:0,(anonymous_12)
FNDA:0,(anonymous_13)
FNDA:0,(anonymous_14)
FNDA:0,(anonymous_15)
DA:1,152
DA:9,19
DA:10,0
DA:11,0
DA:12,0
DA:13,0
DA:14,19
DA:16,0
DA:17,0
DA:18,0
DA:19,0
DA:21,0
DA:25,0
DA:26,0
DA:29,0
DA:30,0
DA:31,0
DA:34,0
DA:35,0
DA:36,0
DA:37,0
DA:39,0
DA:43,0
DA:44,0
DA:45,0
DA:46,0
DA:47,0
DA:50,0
DA:51,0
DA:52,0
DA:53,0
DA:54,0
DA:57,0
DA:58,0
DA:75,0
DA:91,0
DA:95,0
DA:133,0
DA:134,0
DA:137,0
DA:140,0
DA:149,19
DA:151,19
LF:43
LH:5
BRDA:1,0,0,19
BRDA:1,0,1,0
BRDA:1,1,0,19
BRDA:1,2,0,19
BRDA:1,2,1,19
BRDA:61,3,0,0
BRDA:61,3,1,0
BRDA:63,4,0,0
BRDA:63,4,1,0
BRDA:64,5,0,0
BRDA:64,5,1,0
BRDA:66,6,0,0
BRDA:66,6,1,0
BRDA:85,7,0,0
BRDA:85,7,1,0
BRDA:85,7,2,0
BRDA:85,7,3,0
BRDA:94,8,0,0
BRDA:94,8,1,0
BRDA:96,9,0,0
BRDA:96,9,1,0
BRDA:108,10,0,0
BRDA:108,10,1,0
BRDA:117,11,0,0
BRDA:117,11,1,0
BRDA:117,11,2,0
BRDA:117,11,3,0
BRDA:122,12,0,0
BRDA:122,12,1,0
BRDA:122,12,2,0
BRDA:122,12,3,0
BRDA:132,13,0,0
BRDA:132,13,1,0
BRF:33
BRH:4
end_of_record
TN:
SF:..\..\FE-groups\Whisper_FrontEnd\src\components\ChatInfo\ChatInfo.jsx
FN:1,(anonymous_0)
FN:6,(anonymous_1)
FNF:2
FNH:1
FNDA:19,(anonymous_0)
FNDA:0,(anonymous_1)
DA:1,152
DA:6,19
DA:15,0
DA:82,19
DA:84,19
LF:5
LH:4
BRDA:1,0,0,38
BRDA:1,0,1,19
BRDA:1,1,0,19
BRDA:18,2,0,0
BRDA:18,2,1,0
BRDA:25,3,0,0
BRDA:25,3,1,0
BRDA:61,4,0,0
BRDA:61,4,1,0
BRF:9
BRH:3
end_of_record
TN:
SF:..\..\FE-groups\Whisper_FrontEnd\src\components\ChatInfo\ChatInfoContainer.jsx
FN:1,(anonymous_0)
FN:7,(anonymous_1)
FN:14,(anonymous_2)
FN:16,(anonymous_3)
FN:21,(anonymous_4)
FN:23,(anonymous_5)
FN:34,(anonymous_6)
FN:38,(anonymous_7)
FN:7,(anonymous_8)
FNF:9
FNH:1
FNDA:19,(anonymous_0)
FNDA:0,(anonymous_1)
FNDA:0,(anonymous_2)
FNDA:0,(anonymous_3)
FNDA:0,(anonymous_4)
FNDA:0,(anonymous_5)
FNDA:0,(anonymous_6)
FNDA:0,(anonymous_7)
FNDA:0,(anonymous_8)
DA:1,152
DA:7,19
DA:9,0
DA:10,0
DA:11,0
DA:12,19
DA:14,0
DA:15,0
DA:16,0
DA:17,0
DA:21,0
DA:22,0
DA:23,0
DA:24,0
DA:25,0
DA:26,0
DA:28,0
DA:31,0
DA:32,0
DA:34,0
DA:35,0
DA:38,0
DA:39,0
DA:41,0
DA:51,19
DA:53,19
LF:26
LH:5
BRDA:1,0,0,19
BRDA:1,0,1,0
BRDA:1,1,0,19
BRDA:1,2,0,19
BRDA:1,2,1,19
BRDA:31,3,0,0
BRDA:35,4,0,0
BRDA:35,4,1,0
BRDA:39,5,0,0
BRDA:39,5,1,0
BRDA:49,6,0,0
BRDA:49,6,1,0
BRF:12
BRH:4
end_of_record
TN:
SF:..\..\FE-groups\Whisper_FrontEnd\src\components\ChatItem\ChatItem.jsx
FN:1,(anonymous_0)
FN:19,(anonymous_1)
FN:28,(anonymous_2)
FN:33,(anonymous_3)
FN:45,(anonymous_4)
FN:46,(anonymous_5)
FN:53,(anonymous_6)
FN:61,(anonymous_7)
FN:79,(anonymous_8)
FN:19,(anonymous_9)
FNF:10
FNH:8
FNDA:19,(anonymous_0)
FNDA:6,(anonymous_1)
FNDA:2,(anonymous_2)
FNDA:0,(anonymous_3)
FNDA:2,(anonymous_4)
FNDA:2,(anonymous_5)
FNDA:2,(anonymous_6)
FNDA:2,(anonymous_7)
FNDA:0,(anonymous_8)
FNDA:1,(anonymous_9)
DA:1,152
DA:19,19
DA:20,6
DA:21,6
DA:22,6
DA:23,6
DA:24,6
DA:25,19
DA:26,6
DA:28,6
DA:29,2
DA:30,0
DA:33,6
DA:34,0
DA:35,0
DA:36,0
DA:37,0
DA:38,0
DA:40,0
DA:41,0
DA:45,6
DA:46,2
DA:53,2
DA:54,2
DA:55,0
DA:56,0
DA:59,2
DA:60,2
DA:61,2
DA:62,2
DA:67,6
DA:68,2
DA:71,4
DA:79,0
DA:130,19
DA:132,19
LF:36
LH:25
BRDA:1,0,0,19
BRDA:1,0,1,0
BRDA:1,1,0,19
BRDA:1,2,0,19
BRDA:1,2,1,19
BRDA:26,3,0,0
BRDA:26,3,1,6
BRDA:26,4,0,0
BRDA:26,4,1,6
BRDA:29,5,0,2
BRDA:29,6,0,0
BRDA:29,6,1,2
BRDA:35,7,0,0
BRDA:36,8,0,0
BRDA:37,9,0,0
BRDA:40,10,0,0
BRDA:49,11,0,2
BRDA:49,11,1,0
BRDA:54,12,0,0
BRDA:67,13,0,2
BRDA:75,14,0,0
BRDA:75,14,1,4
BRDA:77,15,0,4
BRDA:77,15,1,0
BRDA:88,16,0,0
BRDA:88,16,1,4
BRDA:88,17,0,0
BRDA:88,17,1,4
BRDA:88,18,0,0
BRDA:88,18,1,4
BRDA:92,19,0,4
BRDA:92,19,1,0
BRDA:100,20,0,4
BRDA:100,20,1,4
BRDA:100,20,2,2
BRDA:100,20,3,2
BRDA:100,20,4,2
BRDA:100,20,5,2
BRDA:100,20,6,2
BRDA:100,20,7,0
BRDA:100,20,8,2
BRDA:100,20,9,2
BRDA:100,20,10,0
BRDA:100,20,11,2
BRDA:100,20,12,2
BRDA:100,20,13,0
BRDA:111,21,0,4
BRDA:111,21,1,4
BRDA:112,22,0,0
BRDA:112,22,1,4
BRDA:120,23,0,0
BRDA:120,23,1,4
BRDA:121,24,0,4
BRDA:121,24,1,0
BRDA:121,25,0,0
BRDA:121,25,1,0
BRF:56
BRH:32
end_of_record
TN:
SF:..\..\FE-groups\Whisper_FrontEnd\src\components\ChatList\ChatList.jsx
FN:1,(anonymous_0)
FN:5,(anonymous_1)
FN:8,(anonymous_2)
FN:12,(anonymous_3)
FN:17,(anonymous_4)
FN:20,(anonymous_5)
FNF:6
FNH:4
FNDA:19,(anonymous_0)
FNDA:2,(anonymous_1)
FNDA:1,(anonymous_2)
FNDA:4,(anonymous_3)
FNDA:0,(anonymous_4)
FNDA:0,(anonymous_5)
DA:1,152
DA:5,19
DA:6,2
DA:8,2
DA:10,2
DA:13,4
DA:18,0
DA:20,0
DA:28,19
DA:30,19
LF:10
LH:8
BRDA:1,0,0,19
BRDA:1,0,1,0
BRDA:1,1,0,19
BRDA:1,2,0,19
BRDA:1,2,1,19
BRF:5
BRH:4
end_of_record
TN:
SF:..\..\FE-groups\Whisper_FrontEnd\src\components\ChatMessage\ChatMessage.jsx
FN:1,(anonymous_0)
FN:24,(anonymous_1)
FN:37,(anonymous_2)
FN:49,(anonymous_3)
FN:50,(anonymous_4)
FN:60,(anonymous_5)
FN:65,(anonymous_6)
FN:71,(anonymous_7)
FN:76,(anonymous_8)
FN:80,(anonymous_9)
FN:84,(anonymous_10)
FN:109,(anonymous_11)
FN:114,(anonymous_12)
FN:119,(anonymous_13)
FN:123,(anonymous_14)
FN:128,(anonymous_15)
FN:138,(anonymous_16)
FN:200,(anonymous_17)
FN:24,(anonymous_18)
FNF:19
FNH:1
FNDA:19,(anonymous_0)
FNDA:0,(anonymous_1)
FNDA:0,(anonymous_2)
FNDA:0,(anonymous_3)
FNDA:0,(anonymous_4)
FNDA:0,(anonymous_5)
FNDA:0,(anonymous_6)
FNDA:0,(anonymous_7)
FNDA:0,(anonymous_8)
FNDA:0,(anonymous_9)
FNDA:0,(anonymous_10)
FNDA:0,(anonymous_11)
FNDA:0,(anonymous_12)
FNDA:0,(anonymous_13)
FNDA:0,(anonymous_14)
FNDA:0,(anonymous_15)
FNDA:0,(anonymous_16)
FNDA:0,(anonymous_17)
FNDA:0,(anonymous_18)
DA:1,171
DA:24,19
DA:25,0
DA:26,0
DA:27,0
DA:28,0
DA:29,0
DA:33,0
DA:34,19
DA:35,0
DA:36,0
DA:37,0
DA:38,0
DA:39,0
DA:40,0
DA:41,0
DA:44,0
DA:46,0
DA:49,0
DA:50,0
DA:51,0
DA:52,0
DA:54,0
DA:57,0
DA:60,0
DA:61,0
DA:62,0
DA:65,0
DA:66,0
DA:67,0
DA:68,0
DA:71,0
DA:72,0
DA:73,0
DA:76,0
DA:77,0
DA:80,0
DA:81,0
DA:82,0
DA:84,0
DA:85,0
DA:87,0
DA:88,0
DA:90,0
DA:91,0
DA:93,0
DA:94,0
DA:95,0
DA:98,0
DA:99,0
DA:100,0
DA:101,0
DA:102,0
DA:103,0
DA:104,0
DA:105,0
DA:106,0
DA:109,0
DA:110,0
DA:111,0
DA:114,0
DA:115,0
DA:116,0
DA:119,0
DA:120,0
DA:123,0
DA:124,0
DA:128,0
DA:129,0
DA:130,0
DA:131,0
DA:133,0
DA:135,0
DA:138,0
DA:139,0
DA:141,0
DA:148,0
DA:150,0
DA:152,0
DA:154,0
DA:158,0
DA:159,0
DA:162,0
DA:200,0
DA:264,19
DA:266,19
LF:86
LH:5
BRDA:1,0,0,38
BRDA:1,0,1,19
BRDA:1,1,0,19
BRDA:38,2,0,0
BRDA:40,3,0,0
BRDA:40,3,1,0
BRDA:51,4,0,0
BRDA:51,4,1,0
BRDA:85,5,0,0
BRDA:85,6,0,0
BRDA:85,6,1,0
BRDA:85,6,2,0
BRDA:87,7,0,0
BRDA:90,8,0,0
BRDA:93,9,0,0
BRDA:101,10,0,0
BRDA:101,10,1,0
BRDA:133,11,0,0
BRDA:133,11,1,0
BRDA:139,12,0,0
BRDA:139,12,1,0
BRDA:139,12,2,0
BRDA:139,12,3,0
BRDA:139,12,4,0
BRDA:143,13,0,0
BRDA:143,13,1,0
BRDA:158,14,0,0
BRDA:163,15,0,0
BRDA:163,15,1,0
BRDA:166,16,0,0
BRDA:166,16,1,0
BRDA:167,17,0,0
BRDA:167,17,1,0
BRDA:174,18,0,0
BRDA:174,18,1,0
BRDA:174,18,2,0
BRDA:174,18,3,0
BRDA:174,18,4,0
BRDA:183,19,0,0
BRDA:183,19,1,0
BRDA:185,20,0,0
BRDA:185,20,1,0
BRDA:185,20,2,0
BRDA:185,20,3,0
BRDA:187,21,0,0
BRDA:187,21,1,0
BRDA:188,22,0,0
BRDA:188,22,1,0
BRDA:189,23,0,0
BRDA:189,23,1,0
BRDA:190,24,0,0
BRDA:190,24,1,0
BRDA:197,25,0,0
BRDA:197,25,1,0
BRDA:208,26,0,0
BRDA:208,26,1,0
BRDA:212,27,0,0
BRDA:212,27,1,0
BRDA:212,27,2,0
BRDA:212,27,3,0
BRDA:216,28,0,0
BRDA:216,28,1,0
BRDA:216,28,2,0
BRDA:216,28,3,0
BRDA:222,29,0,0
BRDA:222,29,1,0
BRDA:222,29,2,0
BRDA:222,29,3,0
BRDA:228,30,0,0
BRDA:228,30,1,0
BRDA:228,30,2,0
BRDA:232,31,0,0
BRDA:232,31,1,0
BRDA:232,31,2,0
BRDA:238,32,0,0
BRDA:238,32,1,0
BRDA:238,33,0,0
BRDA:238,33,1,0
BRDA:243,34,0,0
BRDA:243,34,1,0
BRDA:249,35,0,0
BRDA:249,35,1,0
BRDA:257,36,0,0
BRDA:257,36,1,0
BRDA:257,36,2,0
BRDA:257,37,0,0
BRDA:257,37,1,0
BRDA:258,38,0,0
BRDA:258,38,1,0
BRF:89
BRH:3
end_of_record
TN:
SF:..\..\FE-groups\Whisper_FrontEnd\src\components\ChatMessage\MessageRelationshipsViewer.jsx
FN:1,(anonymous_0)
FN:4,(anonymous_1)
FNF:2
FNH:1
FNDA:19,(anonymous_0)
FNDA:0,(anonymous_1)
DA:1,152
DA:4,19
DA:5,0
DA:6,0
DA:21,0
DA:22,0
DA:38,0
DA:39,19
DA:41,19
LF:9
LH:4
BRDA:1,0,0,38
BRDA:1,0,1,19
BRDA:1,1,0,19
BRDA:5,2,0,0
BRDA:5,3,0,0
BRDA:5,3,1,0
BRDA:10,4,0,0
BRDA:10,4,1,0
BRDA:21,5,0,0
BRDA:26,6,0,0
BRDA:26,6,1,0
BRF:11
BRH:3
end_of_record
TN:
SF:..\..\FE-groups\Whisper_FrontEnd\src\components\ChatMessage\MessageRenderer.jsx
FN:1,(anonymous_0)
FN:3,(anonymous_1)
FN:4,(anonymous_2)
FN:44,(anonymous_3)
FNF:4
FNH:4
FNDA:19,(anonymous_0)
FNDA:4,(anonymous_1)
FNDA:4,(anonymous_2)
FNDA:4,(anonymous_3)
DA:1,152
DA:3,19
DA:4,4
DA:5,4
DA:6,4
DA:7,4
DA:10,4
DA:11,0
DA:13,0
DA:14,0
DA:20,0
DA:26,0
DA:30,4
DA:31,4
DA:37,4
DA:40,4
DA:42,4
DA:45,4
DA:63,19
DA:65,19
LF:20
LH:15
BRDA:1,0,0,38
BRDA:1,0,1,19
BRDA:1,1,0,19
BRDA:13,2,0,0
BRDA:30,3,0,4
BRDA:45,4,0,0
BRDA:45,4,1,4
BRF:7
BRH:5
end_of_record
TN:
SF:..\..\FE-groups\Whisper_FrontEnd\src\components\ChatPage\ChatPage.jsx
FN:1,(anonymous_0)
FN:19,(anonymous_1)
FN:28,(anonymous_2)
FN:35,(anonymous_3)
FN:41,(anonymous_4)
FN:47,(anonymous_5)
FN:58,(anonymous_6)
FN:67,(anonymous_7)
FN:71,(anonymous_8)
FN:84,(anonymous_9)
FN:97,(anonymous_10)
FN:100,(anonymous_11)
FN:106,(anonymous_12)
FN:19,(anonymous_13)
FNF:14
FNH:6
FNDA:19,(anonymous_0)
FNDA:4,(anonymous_1)
FNDA:0,(anonymous_2)
FNDA:0,(anonymous_3)
FNDA:0,(anonymous_4)
FNDA:0,(anonymous_5)
FNDA:1,(anonymous_6)
FNDA:1,(anonymous_7)
FNDA:4,(anonymous_8)
FNDA:0,(anonymous_9)
FNDA:0,(anonymous_10)
FNDA:0,(anonymous_11)
FNDA:0,(anonymous_12)
FNDA:1,(anonymous_13)
DA:1,152
DA:19,19
DA:20,4
DA:21,4
DA:23,4
DA:24,4
DA:25,4
DA:26,19
DA:28,4
DA:29,0
DA:30,0
DA:35,4
DA:36,0
DA:37,0
DA:38,0
DA:41,4
DA:42,0
DA:43,0
DA:44,0
DA:47,4
DA:48,0
DA:50,0
DA:58,4
DA:59,1
DA:60,1
DA:61,1
DA:63,0
DA:67,4
DA:68,1
DA:71,4
DA:72,4
DA:73,0
DA:74,0
DA:76,4
DA:77,0
DA:81,4
DA:84,0
DA:97,0
DA:100,0
DA:106,0
DA:114,19
DA:116,19
LF:42
LH:24
BRDA:1,0,0,19
BRDA:1,0,1,0
BRDA:1,1,0,19
BRDA:1,2,0,19
BRDA:1,2,1,19
BRDA:72,3,0,0
BRDA:76,4,0,0
BRDA:96,5,0,4
BRDA:96,5,1,4
BRDA:96,5,2,2
BRDA:97,6,0,4
BRDA:97,6,1,0
BRF:12
BRH:8
end_of_record
TN:
SF:..\..\FE-groups\Whisper_FrontEnd\src\components\ChatPrivacy\ChatPrivacy.jsx
FN:1,(anonymous_0)
FNF:1
FNH:1
FNDA:19,(anonymous_0)
DA:1,133
DA:2,0
DA:41,19
DA:43,19
LF:4
LH:3
BRDA:1,0,0,19
BRDA:1,0,1,0
BRDA:1,1,0,19
BRDA:1,2,0,19
BRDA:1,2,1,19
BRF:5
BRH:4
end_of_record
TN:
SF:..\..\FE-groups\Whisper_FrontEnd\src\components\ChatSearch\ChatSearch.jsx
FN:1,(anonymous_0)
FN:10,(anonymous_1)
FN:18,(anonymous_2)
FN:20,(anonymous_3)
FN:24,(anonymous_4)
FN:31,(anonymous_5)
FN:42,(anonymous_6)
FN:51,(anonymous_7)
FN:58,(anonymous_8)
FN:60,(anonymous_9)
FN:64,(anonymous_10)
FN:72,(anonymous_11)
FN:101,(anonymous_12)
FN:109,(anonymous_13)
FN:117,(anonymous_14)
FN:126,(anonymous_15)
FN:128,(anonymous_16)
FN:10,(anonymous_17)
FNF:18
FNH:1
FNDA:19,(anonymous_0)
FNDA:0,(anonymous_1)
FNDA:0,(anonymous_2)
FNDA:0,(anonymous_3)
FNDA:0,(anonymous_4)
FNDA:0,(anonymous_5)
FNDA:0,(anonymous_6)
FNDA:0,(anonymous_7)
FNDA:0,(anonymous_8)
FNDA:0,(anonymous_9)
FNDA:0,(anonymous_10)
FNDA:0,(anonymous_11)
FNDA:0,(anonymous_12)
FNDA:0,(anonymous_13)
FNDA:0,(anonymous_14)
FNDA:0,(anonymous_15)
FNDA:0,(anonymous_16)
FNDA:0,(anonymous_17)
DA:1,152
DA:10,19
DA:11,0
DA:12,0
DA:13,0
DA:14,0
DA:15,0
DA:16,19
DA:18,0
DA:19,0
DA:20,0
DA:21,0
DA:24,0
DA:26,0
DA:27,0
DA:31,0
DA:34,0
DA:35,0
DA:37,0
DA:39,0
DA:40,0
DA:41,0
DA:42,0
DA:47,0
DA:48,0
DA:51,0
DA:52,0
DA:53,0
DA:55,0
DA:57,0
DA:58,0
DA:59,0
DA:60,0
DA:61,0
DA:64,0
DA:67,0
DA:68,0
DA:72,0
DA:73,0
DA:76,0
DA:101,0
DA:109,0
DA:117,0
DA:127,0
DA:128,0
DA:136,19
DA:138,19
LF:47
LH:5
BRDA:1,0,0,19
BRDA:1,0,1,0
BRDA:1,1,0,19
BRDA:1,2,0,19
BRDA:1,2,1,19
BRDA:34,3,0,0
BRDA:34,3,1,0
BRDA:35,4,0,0
BRDA:35,4,1,0
BRDA:57,5,0,0
BRDA:57,5,1,0
BRDA:59,6,0,0
BRDA:59,6,1,0
BRDA:61,7,0,0
BRDA:79,8,0,0
BRDA:79,8,1,0
BRDA:94,9,0,0
BRDA:94,9,1,0
BRDA:99,10,0,0
BRDA:99,10,1,0
BRDA:107,11,0,0
BRDA:107,11,1,0
BRDA:115,12,0,0
BRDA:115,12,1,0
BRDA:123,13,0,0
BRDA:123,13,1,0
BRDA:123,13,2,0
BRF:27
BRH:4
end_of_record
TN:
SF:..\..\FE-groups\Whisper_FrontEnd\src\components\ChatSearch\ChatSearchContainer.jsx
FN:1,(anonymous_0)
FN:4,(anonymous_1)
FNF:2
FNH:1
FNDA:19,(anonymous_0)
FNDA:0,(anonymous_1)
DA:1,133
DA:4,19
DA:5,0
DA:11,19
DA:13,19
LF:5
LH:4
BRDA:1,0,0,19
BRDA:1,0,1,0
BRDA:1,1,0,19
BRDA:1,2,0,19
BRDA:1,2,1,19
BRF:5
BRH:4
end_of_record
TN:
SF:..\..\FE-groups\Whisper_FrontEnd\src\components\ChatSelector\ChatSelector.jsx
FN:1,(anonymous_0)
FN:8,(anonymous_1)
FN:16,(anonymous_2)
FN:17,(anonymous_3)
FN:20,(anonymous_4)
FN:21,(anonymous_5)
FN:36,(anonymous_6)
FN:38,(anonymous_7)
FN:8,(anonymous_8)
FNF:9
FNH:1
FNDA:19,(anonymous_0)
FNDA:0,(anonymous_1)
FNDA:0,(anonymous_2)
FNDA:0,(anonymous_3)
FNDA:0,(anonymous_4)
FNDA:0,(anonymous_5)
FNDA:0,(anonymous_6)
FNDA:0,(anonymous_7)
FNDA:0,(anonymous_8)
DA:1,152
DA:8,19
DA:9,0
DA:10,0
DA:11,0
DA:12,0
DA:14,19
DA:16,0
DA:17,0
DA:20,0
DA:21,0
DA:22,0
DA:23,0
DA:24,0
DA:25,0
DA:27,0
DA:29,0
DA:33,0
DA:36,0
DA:37,0
DA:38,0
DA:57,0
DA:87,19
DA:89,19
LF:24
LH:5
BRDA:1,0,0,19
BRDA:1,0,1,0
BRDA:1,1,0,19
BRDA:1,2,0,19
BRDA:1,2,1,19
BRDA:8,3,0,0
BRDA:8,4,0,0
BRDA:41,5,0,0
BRDA:41,5,1,0
BRDA:51,6,0,0
BRDA:51,6,1,0
BRDA:75,7,0,0
BRDA:75,7,1,0
BRDA:77,8,0,0
BRDA:77,8,1,0
BRDA:79,9,0,0
BRDA:79,9,1,0
BRF:17
BRH:4
end_of_record
TN:
SF:..\..\FE-groups\Whisper_FrontEnd\src\components\ChatSettings\ChatSettings.jsx
FN:1,(anonymous_0)
FN:6,(anonymous_1)
FN:20,(anonymous_2)
FN:6,(anonymous_3)
FNF:4
FNH:1
FNDA:19,(anonymous_0)
FNDA:0,(anonymous_1)
FNDA:0,(anonymous_2)
FNDA:0,(anonymous_3)
DA:1,152
DA:6,19
DA:15,0
DA:16,19
DA:17,0
DA:20,0
DA:40,19
DA:42,19
LF:8
LH:5
BRDA:1,0,0,19
BRDA:1,0,1,0
BRDA:1,1,0,19
BRDA:1,2,0,19
BRDA:1,2,1,19
BRDA:24,3,0,0
BRDA:24,3,1,0
BRF:7
BRH:4
end_of_record
TN:
SF:..\..\FE-groups\Whisper_FrontEnd\src\components\ChatSettings\ChatSettingsContainer.jsx
FN:1,(anonymous_0)
FN:4,(anonymous_1)
FN:11,(anonymous_2)
FN:14,(anonymous_3)
FN:18,(anonymous_4)
FN:25,(anonymous_5)
FN:28,(anonymous_6)
FN:29,(anonymous_7)
FN:4,(anonymous_8)
FNF:9
FNH:1
FNDA:19,(anonymous_0)
FNDA:0,(anonymous_1)
FNDA:0,(anonymous_2)
FNDA:0,(anonymous_3)
FNDA:0,(anonymous_4)
FNDA:0,(anonymous_5)
FNDA:0,(anonymous_6)
FNDA:0,(anonymous_7)
FNDA:0,(anonymous_8)
DA:1,152
DA:4,19
DA:5,0
DA:9,19
DA:10,0
DA:11,0
DA:12,0
DA:14,0
DA:15,0
DA:18,0
DA:19,0
DA:20,0
DA:21,0
DA:25,0
DA:26,0
DA:28,0
DA:29,0
DA:30,0
DA:31,0
DA:35,0
DA:36,0
DA:37,0
DA:38,0
DA:40,0
DA:44,0
DA:46,0
DA:57,19
DA:59,19
LF:28
LH:5
BRDA:1,0,0,19
BRDA:1,0,1,0
BRDA:1,1,0,19
BRDA:1,2,0,19
BRDA:1,2,1,19
BRDA:12,3,0,0
BRDA:12,3,1,0
BRDA:20,4,0,0
BRDA:20,5,0,0
BRDA:20,5,1,0
BRDA:31,6,0,0
BRDA:31,6,1,0
BRDA:36,7,0,0
BRDA:36,7,1,0
BRDA:37,8,0,0
BRF:15
BRH:4
end_of_record
TN:
SF:..\..\FE-groups\Whisper_FrontEnd\src\components\ChatTextingActions\ChatTextingActions.jsx
FN:1,(anonymous_0)
FN:9,(anonymous_1)
FN:12,(anonymous_2)
FN:21,(anonymous_3)
FN:22,(anonymous_4)
FN:25,(anonymous_5)
FN:39,(anonymous_6)
FN:40,(anonymous_7)
FN:43,(anonymous_8)
FN:67,(anonymous_9)
FN:70,(anonymous_10)
FN:9,(anonymous_11)
FNF:12
FNH:1
FNDA:19,(anonymous_0)
FNDA:0,(anonymous_1)
FNDA:0,(anonymous_2)
FNDA:0,(anonymous_3)
FNDA:0,(anonymous_4)
FNDA:0,(anonymous_5)
FNDA:0,(anonymous_6)
FNDA:0,(anonymous_7)
FNDA:0,(anonymous_8)
FNDA:0,(anonymous_9)
FNDA:0,(anonymous_10)
FNDA:0,(anonymous_11)
DA:1,152
DA:9,19
DA:11,19
DA:12,0
DA:13,0
DA:14,0
DA:15,0
DA:19,0
DA:21,0
DA:22,0
DA:23,0
DA:24,0
DA:25,0
DA:27,0
DA:31,0
DA:32,0
DA:39,0
DA:40,0
DA:43,0
DA:44,0
DA:45,0
DA:48,0
DA:67,0
DA:71,0
DA:78,19
DA:80,19
LF:26
LH:5
BRDA:1,0,0,19
BRDA:1,0,1,0
BRDA:1,1,0,19
BRDA:1,2,0,19
BRDA:1,2,1,19
BRDA:13,3,0,0
BRDA:13,4,0,0
BRDA:13,4,1,0
BRDA:31,5,0,0
BRDA:31,6,0,0
BRDA:31,6,1,0
BRF:11
BRH:4
end_of_record
TN:
SF:..\..\FE-groups\Whisper_FrontEnd\src\components\ChooseGroupInfo\ChooseGroupInfo.jsx
FN:1,(anonymous_0)
FN:8,(anonymous_1)
FN:15,(anonymous_2)
FN:19,(anonymous_3)
FN:34,(anonymous_4)
FN:35,(anonymous_5)
FN:66,(anonymous_6)
FN:67,(anonymous_7)
FN:68,(anonymous_8)
FN:71,(anonymous_9)
FN:8,(anonymous_10)
FNF:11
FNH:1
FNDA:19,(anonymous_0)
FNDA:0,(anonymous_1)
FNDA:0,(anonymous_2)
FNDA:0,(anonymous_3)
FNDA:0,(anonymous_4)
FNDA:0,(anonymous_5)
FNDA:0,(anonymous_6)
FNDA:0,(anonymous_7)
FNDA:0,(anonymous_8)
FNDA:0,(anonymous_9)
FNDA:0,(anonymous_10)
DA:1,152
DA:8,19
DA:10,19
DA:11,0
DA:12,0
DA:13,0
DA:15,0
DA:16,0
DA:19,0
DA:20,0
DA:21,0
DA:22,0
DA:23,0
DA:27,0
DA:31,0
DA:34,0
DA:35,0
DA:66,0
DA:67,0
DA:68,0
DA:72,0
DA:83,19
DA:85,19
LF:23
LH:5
BRDA:1,0,0,19
BRDA:1,0,1,0
BRDA:1,1,0,19
BRDA:1,2,0,19
BRDA:1,2,1,19
BRDA:11,3,0,0
BRDA:11,3,1,0
BRDA:21,4,0,0
BRDA:39,5,0,0
BRDA:39,5,1,0
BRDA:45,6,0,0
BRDA:45,6,1,0
BRDA:45,7,0,0
BRDA:45,7,1,0
BRDA:49,8,0,0
BRDA:49,8,1,0
BRF:16
BRH:4
end_of_record
TN:
SF:..\..\FE-groups\Whisper_FrontEnd\src\components\ChooseGroupMembers\ChooseGroupMembers.jsx
FN:1,(anonymous_0)
FN:6,(anonymous_1)
FN:13,(anonymous_2)
FN:18,(anonymous_3)
FN:19,(anonymous_4)
FN:34,(anonymous_5)
FN:36,(anonymous_6)
FN:37,(anonymous_7)
FN:38,(anonymous_8)
FN:43,(anonymous_9)
FN:58,(anonymous_10)
FN:61,(anonymous_11)
FN:67,(anonymous_12)
FN:69,(anonymous_13)
FNF:14
FNH:1
FNDA:38,(anonymous_0)
FNDA:0,(anonymous_1)
FNDA:0,(anonymous_2)
FNDA:0,(anonymous_3)
FNDA:0,(anonymous_4)
FNDA:0,(anonymous_5)
FNDA:0,(anonymous_6)
FNDA:0,(anonymous_7)
FNDA:0,(anonymous_8)
FNDA:0,(anonymous_9)
FNDA:0,(anonymous_10)
FNDA:0,(anonymous_11)
FNDA:0,(anonymous_12)
FNDA:0,(anonymous_13)
DA:1,171
DA:6,19
DA:7,0
DA:11,19
DA:13,19
DA:14,0
DA:15,0
DA:16,0
DA:18,0
DA:19,0
DA:20,0
DA:21,0
DA:22,0
DA:23,0
DA:24,0
DA:26,0
DA:28,0
DA:31,0
DA:34,0
DA:35,0
DA:36,0
DA:37,0
DA:38,0
DA:43,0
DA:44,0
DA:47,0
DA:58,0
DA:62,0
DA:67,0
DA:69,0
DA:82,19
DA:84,38
LF:32
LH:6
BRDA:1,0,0,19
BRDA:1,0,1,0
BRDA:1,1,0,19
BRDA:1,2,0,19
BRDA:1,2,1,19
BRDA:37,3,0,0
BRDA:37,3,1,0
BRDA:49,4,0,0
BRDA:49,4,1,0
BRF:9
BRH:4
end_of_record
TN:
SF:..\..\FE-groups\Whisper_FrontEnd\src\components\CopyButton\CopyButton.jsx
FN:1,(anonymous_0)
FN:5,(anonymous_1)
FN:8,(anonymous_2)
FN:12,(anonymous_3)
FNF:4
FNH:1
FNDA:19,(anonymous_0)
FNDA:0,(anonymous_1)
FNDA:0,(anonymous_2)
FNDA:0,(anonymous_3)
DA:1,152
DA:5,19
DA:6,0
DA:8,0
DA:9,0
DA:10,0
DA:11,0
DA:12,0
DA:14,0
DA:18,0
DA:28,19
DA:30,19
LF:12
LH:4
BRDA:1,0,0,19
BRDA:1,0,1,0
BRDA:1,1,0,19
BRDA:1,2,0,19
BRDA:1,2,1,19
BRDA:5,3,0,0
BRDA:20,4,0,0
BRDA:20,4,1,0
BRF:8
BRH:4
end_of_record
TN:
SF:..\..\FE-groups\Whisper_FrontEnd\src\components\CreateGroupPageContainer\CreateGroupPageContainer.jsx
FN:1,(anonymous_0)
FN:14,(anonymous_1)
FN:26,(anonymous_2)
FN:37,(anonymous_3)
FN:57,(anonymous_4)
FN:59,(anonymous_5)
FN:69,(anonymous_6)
FN:71,(anonymous_7)
FN:14,(anonymous_8)
FNF:9
FNH:1
FNDA:19,(anonymous_0)
FNDA:0,(anonymous_1)
FNDA:0,(anonymous_2)
FNDA:0,(anonymous_3)
FNDA:0,(anonymous_4)
FNDA:0,(anonymous_5)
FNDA:0,(anonymous_6)
FNDA:0,(anonymous_7)
FNDA:0,(anonymous_8)
DA:1,171
DA:14,19
DA:16,0
DA:17,0
DA:18,0
DA:19,0
DA:20,0
DA:21,0
DA:22,0
DA:23,19
DA:24,0
DA:26,0
DA:27,0
DA:28,0
DA:29,0
DA:30,0
DA:31,0
DA:32,0
DA:34,0
DA:37,0
DA:41,0
DA:43,0
DA:52,0
DA:53,0
DA:57,0
DA:58,0
DA:59,0
DA:61,0
DA:62,0
DA:64,0
DA:69,0
DA:70,0
DA:71,0
DA:73,0
DA:77,0
DA:102,19
DA:104,19
LF:37
LH:5
BRDA:1,0,0,38
BRDA:1,0,1,19
BRDA:1,1,0,19
BRDA:28,2,0,0
BRDA:28,2,1,0
BRDA:31,3,0,0
BRDA:58,4,0,0
BRDA:58,4,1,0
BRDA:70,5,0,0
BRDA:70,5,1,0
BRDA:81,6,0,0
BRDA:81,6,1,0
BRDA:81,7,0,0
BRDA:81,7,1,0
BRDA:84,8,0,0
BRDA:84,8,1,0
BRDA:87,9,0,0
BRDA:87,9,1,0
BRF:18
BRH:3
end_of_record
TN:
SF:..\..\FE-groups\Whisper_FrontEnd\src\components\CreateNewChat\CreateNewChat.jsx
FN:1,(anonymous_0)
FN:4,(anonymous_1)
FNF:2
FNH:1
FNDA:19,(anonymous_0)
FNDA:0,(anonymous_1)
DA:1,133
DA:4,19
DA:5,0
DA:30,19
DA:32,19
LF:5
LH:4
BRDA:1,0,0,19
BRDA:1,0,1,0
BRDA:1,1,0,19
BRDA:1,2,0,19
BRDA:1,2,1,19
BRF:5
BRH:4
end_of_record
TN:
SF:..\..\FE-groups\Whisper_FrontEnd\src\components\CustomEmojisPicker\CustomEmojisPicker.jsx
FN:1,(anonymous_0)
FN:8,(anonymous_1)
FN:12,(anonymous_2)
FN:13,(anonymous_3)
FN:16,(anonymous_4)
FN:22,(anonymous_5)
FN:28,(anonymous_6)
FN:30,(anonymous_7)
FNF:8
FNH:1
FNDA:19,(anonymous_0)
FNDA:0,(anonymous_1)
FNDA:0,(anonymous_2)
FNDA:0,(anonymous_3)
FNDA:0,(anonymous_4)
FNDA:0,(anonymous_5)
FNDA:0,(anonymous_6)
FNDA:0,(anonymous_7)
DA:1,152
DA:8,19
DA:9,0
DA:10,0
DA:12,0
DA:13,0
DA:16,0
DA:17,0
DA:18,0
DA:22,0
DA:23,0
DA:24,0
DA:28,0
DA:29,0
DA:30,0
DA:31,0
DA:35,0
DA:37,0
DA:47,19
DA:49,19
DA:53,19
LF:21
LH:5
BRDA:1,0,0,19
BRDA:1,0,1,0
BRDA:1,1,0,19
BRDA:1,2,0,19
BRDA:1,2,1,19
BRDA:17,3,0,0
BRDA:23,4,0,0
BRDA:23,5,0,0
BRDA:23,5,1,0
BRDA:35,6,0,0
BRDA:35,6,1,0
BRDA:40,7,0,0
BRDA:40,7,1,0
BRF:13
BRH:4
end_of_record
TN:
SF:..\..\FE-groups\Whisper_FrontEnd\src\components\CustomGifPicker\CustomGifPicker.jsx
FN:1,(anonymous_0)
FN:3,(anonymous_1)
FN:4,(anonymous_2)
FN:21,(anonymous_3)
FNF:4
FNH:1
FNDA:19,(anonymous_0)
FNDA:0,(anonymous_1)
FNDA:0,(anonymous_2)
FNDA:0,(anonymous_3)
DA:1,152
DA:3,19
DA:4,0
DA:5,0
DA:6,0
DA:7,0
DA:9,0
DA:10,0
DA:11,0
DA:13,0
DA:17,0
DA:22,0
DA:27,19
DA:29,19
LF:14
LH:4
BRDA:1,0,0,38
BRDA:1,0,1,19
BRDA:1,1,0,19
BRF:3
BRH:3
end_of_record
TN:
SF:..\..\FE-groups\Whisper_FrontEnd\src\components\CustomStickersPicker\CustomStickersPicker.jsx
FN:1,(anonymous_0)
FN:5,(anonymous_1)
FN:9,(anonymous_2)
FN:10,(anonymous_3)
FN:24,(anonymous_4)
FN:43,(anonymous_5)
FN:51,(anonymous_6)
FNF:7
FNH:1
FNDA:19,(anonymous_0)
FNDA:0,(anonymous_1)
FNDA:0,(anonymous_2)
FNDA:0,(anonymous_3)
FNDA:0,(anonymous_4)
FNDA:0,(anonymous_5)
FNDA:0,(anonymous_6)
DA:1,152
DA:5,19
DA:6,0
DA:7,0
DA:9,0
DA:10,0
DA:11,0
DA:12,0
DA:13,0
DA:14,0
DA:16,0
DA:17,0
DA:21,0
DA:24,0
DA:25,0
DA:26,0
DA:27,0
DA:28,0
DA:29,0
DA:30,0
DA:32,0
DA:37,0
DA:44,0
DA:51,0
DA:74,19
DA:76,19
DA:80,19
LF:27
LH:5
BRDA:1,0,0,19
BRDA:1,0,1,0
BRDA:1,1,0,19
BRDA:1,2,0,19
BRDA:1,2,1,19
BRDA:27,3,0,0
BRDA:39,4,0,0
BRDA:39,4,1,0
BRDA:41,5,0,0
BRDA:41,5,1,0
BRF:10
BRH:4
end_of_record
TN:
SF:..\..\FE-groups\Whisper_FrontEnd\src\components\DeletedMessage\DeletedMessage.jsx
FN:1,(anonymous_0)
FN:7,(anonymous_1)
FN:11,(anonymous_2)
FN:7,(anonymous_3)
FNF:4
FNH:1
FNDA:19,(anonymous_0)
FNDA:0,(anonymous_1)
FNDA:0,(anonymous_2)
FNDA:0,(anonymous_3)
DA:1,171
DA:7,19
DA:8,19
DA:9,0
DA:11,0
DA:12,0
DA:13,0
DA:15,0
DA:19,0
DA:25,19
DA:27,19
LF:11
LH:5
BRDA:1,0,0,38
BRDA:1,0,1,19
BRDA:1,1,0,19
BRDA:12,2,0,0
BRDA:12,2,1,0
BRF:5
BRH:3
end_of_record
TN:
SF:..\..\FE-groups\Whisper_FrontEnd\src\components\DeliveredTicks\DeliveredTicks.jsx
FN:1,(anonymous_0)
FN:7,(anonymous_1)
FNF:2
FNH:1
FNDA:19,(anonymous_0)
FNDA:0,(anonymous_1)
DA:1,152
DA:7,19
DA:8,0
DA:13,19
DA:15,19
LF:5
LH:4
BRDA:1,0,0,38
BRDA:1,0,1,19
BRDA:1,1,0,19
BRF:3
BRH:3
end_of_record
TN:
SF:..\..\FE-groups\Whisper_FrontEnd\src\components\DraftedMessage\DraftedMessage.jsx
FN:4,(anonymous_1)
FNF:1
FNH:0
FNDA:0,(anonymous_1)
DA:4,19
DA:5,0
DA:7,0
DA:9,0
DA:15,19
DA:17,19
LF:6
LH:3
BRDA:7,0,0,0
BRDA:7,0,1,0
BRF:2
BRH:0
end_of_record
TN:
SF:..\..\FE-groups\Whisper_FrontEnd\src\components\ErrorMessage\ErrorMessage.jsx
FN:1,(anonymous_0)
FN:5,(anonymous_1)
FN:6,(anonymous_2)
FNF:3
FNH:1
FNDA:19,(anonymous_0)
FNDA:0,(anonymous_1)
FNDA:0,(anonymous_2)
DA:1,152
DA:5,19
DA:6,0
DA:7,0
DA:10,0
DA:16,19
DA:18,19
LF:7
LH:4
BRDA:1,0,0,38
BRDA:1,0,1,19
BRDA:1,1,0,19
BRF:3
BRH:3
end_of_record
TN:
SF:..\..\FE-groups\Whisper_FrontEnd\src\components\GroupAddMembers\GroupAddMembers.jsx
FN:1,(anonymous_0)
FN:9,(anonymous_1)
FN:18,(anonymous_2)
FN:19,(anonymous_3)
FN:25,(anonymous_4)
FN:25,(anonymous_5)
FN:41,(anonymous_6)
FN:55,(anonymous_7)
FN:9,(anonymous_8)
FNF:9
FNH:1
FNDA:19,(anonymous_0)
FNDA:0,(anonymous_1)
FNDA:0,(anonymous_2)
FNDA:0,(anonymous_3)
FNDA:0,(anonymous_4)
FNDA:0,(anonymous_5)
FNDA:0,(anonymous_6)
FNDA:0,(anonymous_7)
FNDA:0,(anonymous_8)
DA:1,152
DA:9,19
DA:10,0
DA:11,0
DA:12,0
DA:13,0
DA:14,0
DA:15,0
DA:16,19
DA:18,0
DA:19,0
DA:20,0
DA:21,0
DA:22,0
DA:23,0
DA:24,0
DA:25,0
DA:26,0
DA:27,0
DA:28,0
DA:29,0
DA:31,0
DA:34,0
DA:36,0
DA:41,0
DA:42,0
DA:43,0
DA:44,0
DA:46,0
DA:48,0
DA:52,0
DA:55,0
DA:80,19
DA:82,19
LF:34
LH:5
BRDA:1,0,0,19
BRDA:1,0,1,0
BRDA:1,1,0,19
BRDA:1,2,0,19
BRDA:1,2,1,19
BRDA:34,3,0,0
BRDA:58,4,0,0
BRDA:58,4,1,0
BRDA:62,5,0,0
BRDA:62,5,1,0
BRDA:75,6,0,0
BRDA:75,6,1,0
BRDA:75,7,0,0
BRDA:75,7,1,0
BRF:14
BRH:4
end_of_record
TN:
SF:..\..\FE-groups\Whisper_FrontEnd\src\components\GroupMembers\GroupMembers.jsx
FN:1,(anonymous_0)
FN:10,(anonymous_1)
FN:31,(anonymous_2)
FN:40,(anonymous_3)
FN:44,(anonymous_4)
FN:45,(anonymous_5)
FN:53,(anonymous_6)
FN:64,(anonymous_7)
FN:80,(anonymous_8)
FN:99,(anonymous_9)
FN:110,(anonymous_10)
FN:121,(anonymous_11)
FN:132,(anonymous_12)
FN:143,(anonymous_13)
FN:154,(anonymous_14)
FN:155,(anonymous_15)
FN:10,(anonymous_16)
FNF:17
FNH:1
FNDA:19,(anonymous_0)
FNDA:0,(anonymous_1)
FNDA:0,(anonymous_2)
FNDA:0,(anonymous_3)
FNDA:0,(anonymous_4)
FNDA:0,(anonymous_5)
FNDA:0,(anonymous_6)
FNDA:0,(anonymous_7)
FNDA:0,(anonymous_8)
FNDA:0,(anonymous_9)
FNDA:0,(anonymous_10)
FNDA:0,(anonymous_11)
FNDA:0,(anonymous_12)
FNDA:0,(anonymous_13)
FNDA:0,(anonymous_14)
FNDA:0,(anonymous_15)
FNDA:0,(anonymous_16)
DA:1,152
DA:10,19
DA:20,0
DA:22,0
DA:26,19
DA:29,0
DA:31,0
DA:32,0
DA:34,0
DA:40,0
DA:41,0
DA:44,0
DA:45,0
DA:46,0
DA:47,0
DA:51,0
DA:53,0
DA:54,0
DA:57,0
DA:58,0
DA:65,0
DA:80,0
DA:99,0
DA:110,0
DA:121,0
DA:132,0
DA:143,0
DA:154,0
DA:155,0
DA:164,19
DA:166,19
LF:31
LH:5
BRDA:1,0,0,19
BRDA:1,0,1,0
BRDA:1,1,0,19
BRDA:1,2,0,19
BRDA:1,2,1,19
BRDA:46,3,0,0
BRDA:46,4,0,0
BRDA:46,4,1,0
BRDA:57,5,0,0
BRDA:57,6,0,0
BRDA:57,6,1,0
BRDA:60,7,0,0
BRDA:60,7,1,0
BRDA:71,8,0,0
BRDA:71,8,1,0
BRDA:73,9,0,0
BRDA:73,9,1,0
BRDA:76,10,0,0
BRDA:76,10,1,0
BRDA:76,10,2,0
BRDA:76,10,3,0
BRDA:88,11,0,0
BRDA:88,11,1,0
BRDA:88,11,2,0
BRDA:93,12,0,0
BRDA:93,12,1,0
BRDA:93,12,2,0
BRDA:94,13,0,0
BRDA:94,13,1,0
BRDA:98,14,0,0
BRDA:98,14,1,0
BRDA:105,15,0,0
BRDA:105,15,1,0
BRDA:109,16,0,0
BRDA:109,16,1,0
BRDA:116,17,0,0
BRDA:116,17,1,0
BRDA:120,18,0,0
BRDA:120,18,1,0
BRDA:131,19,0,0
BRDA:131,19,1,0
BRDA:138,20,0,0
BRDA:138,20,1,0
BRDA:142,21,0,0
BRDA:142,21,1,0
BRF:45
BRH:4
end_of_record
TN:
SF:..\..\FE-groups\Whisper_FrontEnd\src\components\GroupMembers\GroupMembersContainer.jsx
FN:1,(anonymous_0)
FN:7,(anonymous_1)
FN:13,(anonymous_2)
FN:24,(anonymous_3)
FN:36,(anonymous_4)
FN:46,(anonymous_5)
FN:49,(anonymous_6)
FN:60,(anonymous_7)
FN:64,(anonymous_8)
FN:69,(anonymous_9)
FN:70,(anonymous_10)
FN:87,(anonymous_11)
FN:100,(anonymous_12)
FN:105,(anonymous_13)
FN:107,(anonymous_14)
FN:113,(anonymous_15)
FN:118,(anonymous_16)
FN:7,(anonymous_17)
FNF:18
FNH:1
FNDA:19,(anonymous_0)
FNDA:0,(anonymous_1)
FNDA:0,(anonymous_2)
FNDA:0,(anonymous_3)
FNDA:0,(anonymous_4)
FNDA:0,(anonymous_5)
FNDA:0,(anonymous_6)
FNDA:0,(anonymous_7)
FNDA:0,(anonymous_8)
FNDA:0,(anonymous_9)
FNDA:0,(anonymous_10)
FNDA:0,(anonymous_11)
FNDA:0,(anonymous_12)
FNDA:0,(anonymous_13)
FNDA:0,(anonymous_14)
FNDA:0,(anonymous_15)
FNDA:0,(anonymous_16)
FNDA:0,(anonymous_17)
DA:1,152
DA:7,19
DA:8,0
DA:9,0
DA:10,0
DA:11,0
DA:12,0
DA:13,0
DA:22,19
DA:24,0
DA:25,0
DA:26,0
DA:27,0
DA:28,0
DA:29,0
DA:30,0
DA:31,0
DA:32,0
DA:36,0
DA:40,0
DA:43,0
DA:46,0
DA:47,0
DA:48,0
DA:49,0
DA:50,0
DA:51,0
DA:53,0
DA:56,0
DA:60,0
DA:61,0
DA:62,0
DA:63,0
DA:64,0
DA:66,0
DA:69,0
DA:70,0
DA:71,0
DA:72,0
DA:74,0
DA:75,0
DA:76,0
DA:78,0
DA:82,0
DA:83,0
DA:86,0
DA:87,0
DA:88,0
DA:91,0
DA:93,0
DA:98,0
DA:100,0
DA:101,0
DA:102,0
DA:103,0
DA:104,0
DA:105,0
DA:106,0
DA:107,0
DA:110,0
DA:113,0
DA:114,0
DA:118,0
DA:119,0
DA:121,0
DA:135,19
DA:137,19
LF:67
LH:5
BRDA:1,0,0,19
BRDA:1,0,1,0
BRDA:1,1,0,19
BRDA:1,2,0,19
BRDA:1,2,1,19
BRDA:32,3,0,0
BRDA:32,3,1,0
BRDA:50,4,0,0
BRDA:71,5,0,0
BRDA:74,6,0,0
BRDA:74,6,1,0
BRDA:76,7,0,0
BRDA:76,7,1,0
BRDA:88,8,0,0
BRDA:88,8,1,0
BRF:15
BRH:4
end_of_record
TN:
SF:..\..\FE-groups\Whisper_FrontEnd\src\components\GroupSettings\GroupSettings.jsx
FN:1,(anonymous_0)
FN:2,(anonymous_1)
FNF:2
FNH:1
FNDA:19,(anonymous_0)
FNDA:0,(anonymous_1)
DA:1,152
DA:2,19
DA:11,0
DA:48,19
DA:50,19
LF:5
LH:4
BRDA:1,0,0,38
BRDA:1,0,1,19
BRDA:1,1,0,19
BRF:3
BRH:3
end_of_record
TN:
SF:..\..\FE-groups\Whisper_FrontEnd\src\components\Home\Home.jsx
FN:1,(anonymous_0)
FN:10,(anonymous_1)
FNF:2
FNH:2
FNDA:19,(anonymous_0)
FNDA:4,(anonymous_1)
DA:1,152
DA:10,19
DA:12,4
DA:27,19
DA:29,19
LF:5
LH:5
BRDA:1,0,0,38
BRDA:1,0,1,19
BRDA:1,1,0,19
BRF:3
BRH:3
end_of_record
TN:
SF:..\..\FE-groups\Whisper_FrontEnd\src\components\ImageMessage\ImageMessage.jsx
FN:1,(anonymous_0)
FN:8,(anonymous_1)
FNF:2
FNH:1
FNDA:19,(anonymous_0)
FNDA:0,(anonymous_1)
DA:1,152
DA:8,19
DA:9,0
DA:15,19
DA:17,19
LF:5
LH:4
BRDA:1,0,0,38
BRDA:1,0,1,19
BRDA:1,1,0,19
BRDA:11,2,0,0
BRDA:11,2,1,0
BRDA:12,3,0,0
BRDA:12,3,1,0
BRF:7
BRH:3
end_of_record
TN:
SF:..\..\FE-groups\Whisper_FrontEnd\src\components\Info\Info.jsx
FN:1,(anonymous_0)
FN:7,(anonymous_1)
FN:14,(anonymous_2)
FN:18,(anonymous_3)
FN:23,(anonymous_4)
FN:36,(anonymous_5)
FN:44,(anonymous_6)
FN:52,(anonymous_7)
FN:56,(anonymous_8)
FN:60,(anonymous_9)
FN:63,(anonymous_10)
FN:67,(anonymous_11)
FN:71,(anonymous_12)
FN:85,(anonymous_13)
FN:7,(anonymous_14)
FNF:15
FNH:6
FNDA:19,(anonymous_0)
FNDA:6,(anonymous_1)
FNDA:0,(anonymous_2)
FNDA:0,(anonymous_3)
FNDA:0,(anonymous_4)
FNDA:0,(anonymous_5)
FNDA:0,(anonymous_6)
FNDA:0,(anonymous_7)
FNDA:0,(anonymous_8)
FNDA:2,(anonymous_9)
FNDA:2,(anonymous_10)
FNDA:0,(anonymous_11)
FNDA:2,(anonymous_12)
FNDA:0,(anonymous_13)
FNDA:1,(anonymous_14)
DA:1,152
DA:7,19
DA:8,6
DA:9,6
DA:10,6
DA:11,6
DA:12,19
DA:14,6
DA:15,0
DA:18,6
DA:19,0
DA:23,6
DA:24,0
DA:25,0
DA:26,0
DA:27,0
DA:29,0
DA:30,0
DA:32,0
DA:36,6
DA:37,0
DA:38,0
DA:40,0
DA:44,6
DA:45,0
DA:46,0
DA:48,0
DA:52,6
DA:53,0
DA:56,6
DA:57,0
DA:60,6
DA:61,2
DA:63,6
DA:64,2
DA:65,0
DA:67,2
DA:68,0
DA:70,2
DA:71,2
DA:72,2
DA:77,6
DA:86,0
DA:124,19
DA:126,19
LF:45
LH:25
BRDA:1,0,0,19
BRDA:1,0,1,0
BRDA:1,1,0,19
BRDA:1,2,0,19
BRDA:1,2,1,19
BRDA:25,3,0,0
BRDA:25,3,1,0
BRDA:29,4,0,0
BRDA:29,4,1,0
BRDA:29,5,0,0
BRDA:29,5,1,0
BRDA:64,6,0,0
BRDA:68,7,0,0
BRDA:79,8,0,6
BRDA:79,8,1,0
BRDA:82,9,0,0
BRDA:82,9,1,0
BRDA:90,10,0,0
BRDA:90,10,1,0
BRDA:91,11,0,0
BRDA:91,11,1,0
BRDA:95,12,0,0
BRDA:95,12,1,0
BRDA:100,13,0,0
BRDA:100,13,1,0
BRDA:101,14,0,0
BRDA:101,14,1,0
BRF:27
BRH:5
end_of_record
TN:
SF:..\..\FE-groups\Whisper_FrontEnd\src\components\LastMessage\LastMessage.jsx
FN:1,(anonymous_0)
FN:14,(anonymous_1)
FN:16,(anonymous_2)
FNF:3
FNH:3
FNDA:19,(anonymous_0)
FNDA:4,(anonymous_1)
FNDA:2,(anonymous_2)
DA:1,171
DA:14,19
DA:16,4
DA:18,4
DA:52,19
DA:54,19
LF:6
LH:6
BRDA:1,0,0,38
BRDA:1,0,1,19
BRDA:1,1,0,19
BRDA:20,2,0,0
BRDA:20,2,1,4
BRDA:20,3,0,4
BRDA:20,3,1,0
BRDA:22,4,0,0
BRDA:22,4,1,4
BRDA:27,5,0,4
BRDA:27,5,1,0
BRDA:27,6,0,4
BRDA:27,6,1,4
BRDA:27,6,2,0
BRDA:36,7,0,4
BRDA:36,7,1,0
BRDA:37,8,0,4
BRDA:37,8,1,0
BRDA:38,9,0,4
BRDA:38,9,1,4
BRDA:41,10,0,4
BRDA:41,10,1,0
BRDA:45,11,0,4
BRDA:45,11,1,0
BRDA:45,11,2,0
BRDA:45,11,3,0
BRDA:45,11,4,0
BRDA:45,11,5,0
BRF:28
BRH:15
end_of_record
TN:
SF:..\..\FE-groups\Whisper_FrontEnd\src\components\LoadingData\LoadingData.jsx
FN:1,(anonymous_0)
FN:4,(anonymous_1)
FNF:2
FNH:2
FNDA:19,(anonymous_0)
FNDA:43,(anonymous_1)
DA:1,152
DA:4,19
DA:5,43
DA:18,19
DA:20,19
LF:5
LH:5
BRDA:1,0,0,38
BRDA:1,0,1,19
BRDA:1,1,0,19
BRF:3
BRH:3
end_of_record
TN:
SF:..\..\FE-groups\Whisper_FrontEnd\src\components\MessageAttachment\MessageAttachementRenderer.jsx
FN:1,(anonymous_0)
FN:9,(anonymous_1)
FN:22,(anonymous_2)
FN:29,(anonymous_3)
FN:30,(anonymous_4)
FN:84,(anonymous_5)
FN:85,(anonymous_6)
FN:91,(anonymous_7)
FN:102,(anonymous_8)
FN:108,(anonymous_9)
FN:114,(anonymous_10)
FN:122,(anonymous_11)
FN:130,(anonymous_12)
FN:148,(anonymous_13)
FN:214,(anonymous_14)
FN:233,(anonymous_15)
FN:244,(anonymous_16)
FN:9,(anonymous_17)
FNF:18
FNH:1
FNDA:19,(anonymous_0)
FNDA:0,(anonymous_1)
FNDA:0,(anonymous_2)
FNDA:0,(anonymous_3)
FNDA:0,(anonymous_4)
FNDA:0,(anonymous_5)
FNDA:0,(anonymous_6)
FNDA:0,(anonymous_7)
FNDA:0,(anonymous_8)
FNDA:0,(anonymous_9)
FNDA:0,(anonymous_10)
FNDA:0,(anonymous_11)
FNDA:0,(anonymous_12)
FNDA:0,(anonymous_13)
FNDA:0,(anonymous_14)
FNDA:0,(anonymous_15)
FNDA:0,(anonymous_16)
FNDA:0,(anonymous_17)
DA:1,152
DA:9,19
DA:10,0
DA:11,0
DA:12,0
DA:13,0
DA:14,0
DA:15,0
DA:16,0
DA:17,0
DA:18,0
DA:19,0
DA:20,19
DA:22,0
DA:23,0
DA:24,0
DA:25,0
DA:26,0
DA:29,0
DA:30,0
DA:31,0
DA:32,0
DA:33,0
DA:34,0
DA:36,0
DA:37,0
DA:38,0
DA:39,0
DA:40,0
DA:43,0
DA:44,0
DA:45,0
DA:46,0
DA:47,0
DA:48,0
DA:49,0
DA:50,0
DA:53,0
DA:54,0
DA:55,0
DA:56,0
DA:58,0
DA:59,0
DA:62,0
DA:63,0
DA:64,0
DA:65,0
DA:66,0
DA:67,0
DA:70,0
DA:71,0
DA:74,0
DA:75,0
DA:76,0
DA:80,0
DA:81,0
DA:84,0
DA:85,0
DA:86,0
DA:87,0
DA:88,0
DA:91,0
DA:92,0
DA:93,0
DA:94,0
DA:96,0
DA:98,0
DA:102,0
DA:103,0
DA:104,0
DA:108,0
DA:109,0
DA:110,0
DA:114,0
DA:115,0
DA:116,0
DA:117,0
DA:118,0
DA:122,0
DA:123,0
DA:124,0
DA:125,0
DA:126,0
DA:130,0
DA:131,0
DA:133,0
DA:134,0
DA:135,0
DA:142,0
DA:143,0
DA:149,0
DA:150,0
DA:156,0
DA:159,0
DA:160,0
DA:199,0
DA:200,0
DA:207,0
DA:208,0
DA:214,0
DA:220,0
DA:221,0
DA:234,0
DA:235,0
DA:244,0
DA:245,0
DA:246,0
DA:248,0
DA:249,0
DA:255,0
DA:256,0
DA:257,0
DA:259,0
DA:263,0
DA:264,0
DA:272,0
DA:273,19
DA:275,19
LF:118
LH:5
BRDA:1,0,0,19
BRDA:1,0,1,0
BRDA:1,1,0,19
BRDA:1,2,0,19
BRDA:1,2,1,19
BRDA:32,3,0,0
BRDA:36,4,0,0
BRDA:43,5,0,0
BRDA:43,5,1,0
BRDA:43,6,0,0
BRDA:43,6,1,0
BRDA:45,7,0,0
BRDA:45,7,1,0
BRDA:80,8,0,0
BRDA:80,9,0,0
BRDA:80,9,1,0
BRDA:92,10,0,0
BRDA:93,11,0,0
BRDA:93,11,1,0
BRDA:103,12,0,0
BRDA:109,13,0,0
BRDA:117,14,0,0
BRDA:124,15,0,0
BRDA:133,16,0,0
BRDA:134,17,0,0
BRDA:142,18,0,0
BRDA:156,19,0,0
BRDA:159,20,0,0
BRDA:176,21,0,0
BRDA:176,21,1,0
BRDA:199,22,0,0
BRDA:199,23,0,0
BRDA:199,23,1,0
BRDA:199,23,2,0
BRDA:199,23,3,0
BRDA:207,24,0,0
BRDA:220,25,0,0
BRDA:245,26,0,0
BRDA:245,26,1,0
BRDA:248,27,0,0
BRDA:248,27,1,0
BRDA:255,28,0,0
BRDA:255,28,1,0
BRDA:255,29,0,0
BRDA:255,29,1,0
BRDA:256,30,0,0
BRDA:256,30,1,0
BRDA:263,31,0,0
BRF:48
BRH:4
end_of_record
TN:
SF:..\..\FE-groups\Whisper_FrontEnd\src\components\MessageAttachment\fileServices.js
FN:1,(anonymous_0)
FNF:1
FNH:0
FNDA:0,(anonymous_0)
DA:1,19
DA:2,0
DA:3,0
DA:4,0
DA:5,0
DA:6,0
DA:9,0
DA:10,0
DA:11,0
DA:12,0
DA:13,0
DA:18,0
LF:12
LH:1
BRDA:2,0,0,0
BRDA:5,1,0,0
BRF:2
BRH:0
end_of_record
TN:
SF:..\..\FE-groups\Whisper_FrontEnd\src\components\MessageInfo\MessageInfo.jsx
FN:1,(anonymous_0)
FN:11,(anonymous_1)
FN:16,(anonymous_2)
FN:17,(anonymous_3)
FN:11,(anonymous_4)
FNF:5
FNH:1
FNDA:19,(anonymous_0)
FNDA:0,(anonymous_1)
FNDA:0,(anonymous_2)
FNDA:0,(anonymous_3)
FNDA:0,(anonymous_4)
DA:1,152
DA:11,19
DA:12,0
DA:13,0
DA:14,19
DA:16,0
DA:17,0
DA:18,0
DA:19,0
DA:20,0
DA:21,0
DA:22,0
DA:25,0
DA:28,0
DA:31,0
DA:57,19
DA:59,19
LF:17
LH:5
BRDA:1,0,0,19
BRDA:1,0,1,0
BRDA:1,1,0,19
BRDA:1,2,0,19
BRDA:1,2,1,19
BRDA:19,3,0,0
BRDA:19,4,0,0
BRDA:19,4,1,0
BRDA:35,5,0,0
BRDA:35,5,1,0
BRDA:42,6,0,0
BRDA:42,6,1,0
BRDA:43,7,0,0
BRDA:43,7,1,0
BRDA:44,8,0,0
BRDA:44,8,1,0
BRDA:45,9,0,0
BRDA:45,9,1,0
BRDA:53,10,0,0
BRDA:53,10,1,0
BRF:20
BRH:4
end_of_record
TN:
SF:..\..\FE-groups\Whisper_FrontEnd\src\components\Modals\BlockUserModal\BlockUserModal.jsx
FN:1,(anonymous_0)
FN:8,(anonymous_1)
FN:14,(anonymous_2)
FN:19,(anonymous_3)
FN:20,(anonymous_4)
FN:35,(anonymous_5)
FN:40,(anonymous_6)
FN:8,(anonymous_7)
FNF:8
FNH:1
FNDA:19,(anonymous_0)
FNDA:0,(anonymous_1)
FNDA:0,(anonymous_2)
FNDA:0,(anonymous_3)
FNDA:0,(anonymous_4)
FNDA:0,(anonymous_5)
FNDA:0,(anonymous_6)
FNDA:0,(anonymous_7)
DA:1,152
DA:8,19
DA:9,19
DA:10,0
DA:11,0
DA:12,0
DA:14,0
DA:15,0
DA:16,0
DA:19,0
DA:20,0
DA:21,0
DA:22,0
DA:23,0
DA:24,0
DA:26,0
DA:27,0
DA:29,0
DA:32,0
DA:35,0
DA:36,0
DA:40,0
DA:60,0
DA:83,19
DA:85,19
LF:25
LH:5
BRDA:1,0,0,19
BRDA:1,0,1,0
BRDA:1,1,0,19
BRDA:1,2,0,19
BRDA:1,2,1,19
BRDA:44,3,0,0
BRDA:44,3,1,0
BRDA:71,4,0,0
BRDA:71,4,1,0
BRDA:73,5,0,0
BRDA:73,5,1,0
BRDA:75,6,0,0
BRDA:75,6,1,0
BRF:13
BRH:4
end_of_record
TN:
SF:..\..\FE-groups\Whisper_FrontEnd\src\components\Modals\CreatePrivateChatModal\CreatePrivateChatModal.jsx
FN:1,(anonymous_0)
FN:15,(anonymous_1)
FN:18,(anonymous_2)
FN:25,(anonymous_3)
FN:47,(anonymous_4)
FN:48,(anonymous_5)
FN:66,(anonymous_6)
FN:71,(anonymous_7)
FN:15,(anonymous_8)
FNF:9
FNH:1
FNDA:19,(anonymous_0)
FNDA:0,(anonymous_1)
FNDA:0,(anonymous_2)
FNDA:0,(anonymous_3)
FNDA:0,(anonymous_4)
FNDA:0,(anonymous_5)
FNDA:0,(anonymous_6)
FNDA:0,(anonymous_7)
FNDA:0,(anonymous_8)
DA:1,152
DA:15,19
DA:16,0
DA:17,0
DA:18,0
DA:19,0
DA:20,0
DA:21,0
DA:23,19
DA:25,0
DA:26,0
DA:28,0
DA:33,0
DA:35,0
DA:37,0
DA:43,0
DA:47,0
DA:48,0
DA:49,0
DA:50,0
DA:51,0
DA:52,0
DA:54,0
DA:55,0
DA:57,0
DA:60,0
DA:66,0
DA:67,0
DA:71,0
DA:92,0
DA:115,19
DA:117,19
LF:32
LH:5
BRDA:1,0,0,19
BRDA:1,0,1,0
BRDA:1,1,0,19
BRDA:1,2,0,19
BRDA:1,2,1,19
BRDA:75,3,0,0
BRDA:75,3,1,0
BRDA:102,4,0,0
BRDA:102,4,1,0
BRDA:104,5,0,0
BRDA:104,5,1,0
BRDA:106,6,0,0
BRDA:106,6,1,0
BRF:13
BRH:4
end_of_record
TN:
SF:..\..\FE-groups\Whisper_FrontEnd\src\components\Modals\EditMessageModal\EditMessageModal.jsx
FN:1,(anonymous_0)
FN:10,(anonymous_1)
FN:15,(anonymous_2)
FN:10,(anonymous_3)
FNF:4
FNH:1
FNDA:19,(anonymous_0)
FNDA:0,(anonymous_1)
FNDA:0,(anonymous_2)
FNDA:0,(anonymous_3)
DA:1,152
DA:10,19
DA:11,0
DA:12,19
DA:13,0
DA:15,0
DA:16,0
DA:17,0
DA:20,0
DA:48,19
DA:50,19
LF:11
LH:5
BRDA:1,0,0,19
BRDA:1,0,1,0
BRDA:1,1,0,19
BRDA:1,2,0,19
BRDA:1,2,1,19
BRF:5
BRH:4
end_of_record
TN:
SF:..\..\FE-groups\Whisper_FrontEnd\src\components\Modals\ForwardMessageModal\ForwardMessageModal.jsx
FN:8,(anonymous_1)
FN:14,(anonymous_2)
FN:20,(anonymous_3)
FN:8,(anonymous_4)
FNF:4
FNH:0
FNDA:0,(anonymous_1)
FNDA:0,(anonymous_2)
FNDA:0,(anonymous_3)
FNDA:0,(anonymous_4)
DA:8,19
DA:9,0
DA:10,0
DA:11,0
DA:12,19
DA:14,0
DA:15,0
DA:16,0
DA:17,0
DA:20,0
DA:21,0
DA:22,0
DA:32,0
DA:33,0
DA:37,0
DA:42,19
DA:44,19
LF:17
LH:4
BRDA:21,0,0,0
BRDA:21,1,0,0
BRDA:21,1,1,0
BRF:3
BRH:0
end_of_record
TN:
SF:..\..\FE-groups\Whisper_FrontEnd\src\components\Modals\JoinCallModal\JoinCallModal.jsx
FN:1,(anonymous_0)
FN:6,(anonymous_1)
FN:7,(anonymous_2)
FN:11,(anonymous_3)
FN:15,(anonymous_4)
FN:21,(anonymous_5)
FNF:6
FNH:1
FNDA:19,(anonymous_0)
FNDA:0,(anonymous_1)
FNDA:0,(anonymous_2)
FNDA:0,(anonymous_3)
FNDA:0,(anonymous_4)
FNDA:0,(anonymous_5)
DA:1,171
DA:6,19
DA:7,0
DA:8,0
DA:11,0
DA:12,0
DA:15,0
DA:18,0
DA:19,0
DA:20,0
DA:21,0
DA:22,0
DA:23,0
DA:27,0
DA:41,19
DA:43,19
LF:16
LH:4
BRDA:1,0,0,38
BRDA:1,0,1,19
BRDA:1,1,0,19
BRF:3
BRH:3
end_of_record
TN:
SF:..\..\FE-groups\Whisper_FrontEnd\src\components\Modals\SelfDestructModel\SelfDestructModal.jsx
FN:1,(anonymous_0)
FN:7,(anonymous_1)
FN:13,(anonymous_2)
FN:35,(anonymous_3)
FN:50,(anonymous_4)
FN:62,(anonymous_5)
FN:72,(anonymous_6)
FN:7,(anonymous_7)
FNF:8
FNH:1
FNDA:19,(anonymous_0)
FNDA:0,(anonymous_1)
FNDA:0,(anonymous_2)
FNDA:0,(anonymous_3)
FNDA:0,(anonymous_4)
FNDA:0,(anonymous_5)
FNDA:0,(anonymous_6)
FNDA:0,(anonymous_7)
DA:1,171
DA:7,19
DA:8,0
DA:9,19
DA:10,0
DA:11,0
DA:13,0
DA:14,0
DA:15,0
DA:16,0
DA:18,0
DA:19,0
DA:24,0
DA:36,0
DA:37,0
DA:51,0
DA:52,0
DA:63,0
DA:73,0
DA:84,19
DA:86,19
LF:21
LH:5
BRDA:1,0,0,38
BRDA:1,0,1,19
BRDA:1,1,0,19
BRDA:10,2,0,0
BRDA:10,2,1,0
BRDA:11,3,0,0
BRDA:11,3,1,0
BRDA:15,4,0,0
BRDA:36,5,0,0
BRDA:51,6,0,0
BRDA:60,7,0,0
BRDA:60,7,1,0
BRF:12
BRH:3
end_of_record
TN:
SF:..\..\FE-groups\Whisper_FrontEnd\src\components\NoChatOpened\NoChatOpened.jsx
FN:1,(anonymous_0)
FN:4,(anonymous_1)
FNF:2
FNH:2
FNDA:19,(anonymous_0)
FNDA:5,(anonymous_1)
DA:1,152
DA:4,19
DA:5,5
DA:10,19
DA:12,19
LF:5
LH:5
BRDA:1,0,0,38
BRDA:1,0,1,19
BRDA:1,1,0,19
BRF:3
BRH:3
end_of_record
TN:
SF:..\..\FE-groups\Whisper_FrontEnd\src\components\NoChatOpenedLogo\NoChatOpenedLogo.jsx
FN:1,(anonymous_0)
FN:3,(anonymous_1)
FNF:2
FNH:2
FNDA:19,(anonymous_0)
FNDA:5,(anonymous_1)
DA:1,152
DA:3,19
DA:4,5
DA:48,19
DA:50,19
LF:5
LH:5
BRDA:1,0,0,38
BRDA:1,0,1,19
BRDA:1,1,0,19
BRF:3
BRH:3
end_of_record
TN:
SF:..\..\FE-groups\Whisper_FrontEnd\src\components\NotificationBell\NotificationBell.jsx
FN:1,(anonymous_0)
FN:3,(anonymous_1)
FNF:2
FNH:1
FNDA:19,(anonymous_0)
FNDA:0,(anonymous_1)
DA:1,152
DA:3,19
DA:4,0
DA:26,19
DA:28,19
LF:5
LH:4
BRDA:1,0,0,38
BRDA:1,0,1,19
BRDA:1,1,0,19
BRF:3
BRH:3
end_of_record
TN:
SF:..\..\FE-groups\Whisper_FrontEnd\src\components\NotificationMessage\NotificationMessage.jsx
FN:1,(anonymous_0)
FN:4,(anonymous_2)
FNF:2
FNH:1
FNDA:19,(anonymous_0)
FNDA:0,(anonymous_2)
DA:1,152
DA:2,0
DA:4,0
DA:5,0
DA:7,0
DA:27,19
DA:29,19
LF:7
LH:3
BRDA:1,0,0,38
BRDA:1,0,1,19
BRDA:1,1,0,19
BRDA:5,2,0,0
BRDA:5,2,1,0
BRDA:5,3,0,0
BRDA:5,3,1,0
BRDA:12,4,0,0
BRDA:12,4,1,0
BRDA:17,5,0,0
BRDA:17,5,1,0
BRDA:22,6,0,0
BRDA:22,6,1,0
BRF:13
BRH:3
end_of_record
TN:
SF:..\..\FE-groups\Whisper_FrontEnd\src\components\ParentMessage\ParentMessage.jsx
FN:1,(anonymous_0)
FN:8,(anonymous_1)
FN:8,(anonymous_2)
FNF:3
FNH:1
FNDA:19,(anonymous_0)
FNDA:0,(anonymous_1)
FNDA:0,(anonymous_2)
DA:1,171
DA:8,19
DA:9,19
DA:11,0
DA:13,0
DA:31,19
DA:33,19
LF:7
LH:5
BRDA:1,0,0,38
BRDA:1,0,1,19
BRDA:1,1,0,19
BRDA:11,2,0,0
BRDA:16,3,0,0
BRDA:16,3,1,0
BRDA:20,4,0,0
BRDA:20,4,1,0
BRF:8
BRH:3
end_of_record
TN:
SF:..\..\FE-groups\Whisper_FrontEnd\src\components\ParentMessage\ParentMessageDetails.jsx
FN:1,(anonymous_0)
FN:5,(anonymous_1)
FN:6,(anonymous_2)
FNF:3
FNH:1
FNDA:19,(anonymous_0)
FNDA:0,(anonymous_1)
FNDA:0,(anonymous_2)
DA:1,152
DA:5,19
DA:6,0
DA:7,0
DA:8,0
DA:9,0
DA:10,0
DA:11,0
DA:12,0
DA:13,0
DA:14,0
DA:15,0
DA:16,0
DA:19,0
DA:24,19
DA:26,19
LF:16
LH:4
BRDA:1,0,0,19
BRDA:1,0,1,0
BRDA:1,1,0,19
BRDA:1,2,0,19
BRDA:1,2,1,19
BRDA:7,3,0,0
BRDA:7,3,1,0
BRDA:9,4,0,0
BRDA:9,4,1,0
BRDA:11,5,0,0
BRDA:11,5,1,0
BRDA:13,6,0,0
BRDA:13,6,1,0
BRDA:15,7,0,0
BRDA:21,8,0,0
BRDA:21,8,1,0
BRF:16
BRH:4
end_of_record
TN:
SF:..\..\FE-groups\Whisper_FrontEnd\src\components\PendingSend\PendingSend.jsx
FN:1,(anonymous_0)
FN:5,(anonymous_1)
FNF:2
FNH:1
FNDA:19,(anonymous_0)
FNDA:0,(anonymous_1)
DA:1,152
DA:5,19
DA:6,0
DA:11,19
DA:13,19
LF:5
LH:4
BRDA:1,0,0,38
BRDA:1,0,1,19
BRDA:1,1,0,19
BRF:3
BRH:3
end_of_record
TN:
SF:..\..\FE-groups\Whisper_FrontEnd\src\components\PinnedMessages\PinnedMessages.jsx
FN:1,(anonymous_0)
FN:7,(anonymous_1)
FN:13,(anonymous_2)
FN:14,(anonymous_3)
FN:17,(anonymous_4)
FN:18,(anonymous_5)
FN:21,(anonymous_6)
FN:22,(anonymous_7)
FN:25,(anonymous_8)
FN:34,(anonymous_9)
FN:39,(anonymous_10)
FN:41,(anonymous_11)
FN:42,(anonymous_12)
FN:50,(anonymous_13)
FN:58,(anonymous_14)
FN:65,(anonymous_15)
FN:70,(anonymous_16)
FN:87,(anonymous_17)
FN:7,(anonymous_18)
FNF:19
FNH:1
FNDA:19,(anonymous_0)
FNDA:0,(anonymous_1)
FNDA:0,(anonymous_2)
FNDA:0,(anonymous_3)
FNDA:0,(anonymous_4)
FNDA:0,(anonymous_5)
FNDA:0,(anonymous_6)
FNDA:0,(anonymous_7)
FNDA:0,(anonymous_8)
FNDA:0,(anonymous_9)
FNDA:0,(anonymous_10)
FNDA:0,(anonymous_11)
FNDA:0,(anonymous_12)
FNDA:0,(anonymous_13)
FNDA:0,(anonymous_14)
FNDA:0,(anonymous_15)
FNDA:0,(anonymous_16)
FNDA:0,(anonymous_17)
FNDA:0,(anonymous_18)
DA:1,152
DA:7,19
DA:8,0
DA:9,0
DA:10,0
DA:11,19
DA:13,0
DA:14,0
DA:17,0
DA:18,0
DA:21,0
DA:22,0
DA:25,0
DA:26,0
DA:28,0
DA:30,0
DA:31,0
DA:34,0
DA:35,0
DA:36,0
DA:39,0
DA:41,0
DA:42,0
DA:43,0
DA:44,0
DA:48,0
DA:50,0
DA:51,0
DA:55,0
DA:59,0
DA:66,0
DA:67,0
DA:71,0
DA:72,0
DA:87,0
DA:100,19
DA:102,19
LF:37
LH:5
BRDA:1,0,0,19
BRDA:1,0,1,0
BRDA:1,1,0,19
BRDA:1,2,0,19
BRDA:1,2,1,19
BRDA:18,3,0,0
BRDA:18,3,1,0
BRDA:28,4,0,0
BRDA:28,4,1,0
BRDA:30,5,0,0
BRDA:30,5,1,0
BRDA:43,6,0,0
BRDA:43,7,0,0
BRDA:43,7,1,0
BRDA:59,8,0,0
BRDA:59,8,1,0
BRDA:66,9,0,0
BRDA:66,10,0,0
BRDA:66,10,1,0
BRDA:90,11,0,0
BRDA:90,11,1,0
BRF:21
BRH:4
end_of_record
TN:
SF:..\..\FE-groups\Whisper_FrontEnd\src\components\ProfileSettings\ModalVerify.jsx
FN:1,(anonymous_0)
FN:7,(anonymous_1)
FN:13,(anonymous_2)
FN:22,(anonymous_3)
FN:27,(anonymous_4)
FN:36,(anonymous_5)
FN:50,(anonymous_6)
FN:7,(anonymous_7)
FNF:8
FNH:1
FNDA:19,(anonymous_0)
FNDA:0,(anonymous_1)
FNDA:0,(anonymous_2)
FNDA:0,(anonymous_3)
FNDA:0,(anonymous_4)
FNDA:0,(anonymous_5)
FNDA:0,(anonymous_6)
FNDA:0,(anonymous_7)
DA:1,171
DA:7,19
DA:8,0
DA:9,0
DA:10,0
DA:11,19
DA:13,0
DA:14,0
DA:15,0
DA:16,0
DA:18,0
DA:22,0
DA:23,0
DA:24,0
DA:27,0
DA:28,0
DA:29,0
DA:33,0
DA:36,0
DA:50,0
DA:71,19
DA:73,19
LF:22
LH:5
BRDA:1,0,0,38
BRDA:1,0,1,19
BRDA:1,1,0,19
BRDA:18,2,0,0
BRDA:18,2,1,0
BRDA:28,3,0,0
BRDA:66,4,0,0
BRDA:66,4,1,0
BRF:8
BRH:3
end_of_record
TN:
SF:..\..\FE-groups\Whisper_FrontEnd\src\components\ProfileSettings\ProfileContainer.jsx
FN:1,(anonymous_0)
FN:12,(anonymous_1)
FN:28,(anonymous_2)
FN:36,(anonymous_3)
FN:37,(anonymous_4)
FN:47,(anonymous_5)
FN:61,(anonymous_6)
FN:74,(anonymous_7)
FN:82,(anonymous_8)
FN:90,(anonymous_9)
FN:106,(anonymous_10)
FN:12,(anonymous_11)
FNF:12
FNH:1
FNDA:19,(anonymous_0)
FNDA:0,(anonymous_1)
FNDA:0,(anonymous_2)
FNDA:0,(anonymous_3)
FNDA:0,(anonymous_4)
FNDA:0,(anonymous_5)
FNDA:0,(anonymous_6)
FNDA:0,(anonymous_7)
FNDA:0,(anonymous_8)
FNDA:0,(anonymous_9)
FNDA:0,(anonymous_10)
FNDA:0,(anonymous_11)
DA:1,171
DA:12,19
DA:13,0
DA:25,0
DA:26,19
DA:28,0
DA:29,0
DA:30,0
DA:32,0
DA:33,0
DA:36,0
DA:37,0
DA:38,0
DA:39,0
DA:40,0
DA:42,0
DA:43,0
DA:47,0
DA:50,0
DA:54,0
DA:62,0
DA:74,0
DA:82,0
DA:90,0
DA:106,0
DA:112,19
DA:114,19
LF:27
LH:5
BRDA:1,0,0,38
BRDA:1,0,1,19
BRDA:1,1,0,19
BRDA:32,2,0,0
BRDA:38,3,0,0
BRDA:38,3,1,0
BRDA:57,4,0,0
BRDA:57,4,1,0
BRF:8
BRH:3
end_of_record
TN:
SF:..\..\FE-groups\Whisper_FrontEnd\src\components\ProfileSettings\ProfileStacked.jsx
FN:1,(anonymous_0)
FN:3,(anonymous_1)
FN:8,(anonymous_2)
FN:3,(anonymous_3)
FNF:4
FNH:1
FNDA:19,(anonymous_0)
FNDA:0,(anonymous_1)
FNDA:0,(anonymous_2)
FNDA:0,(anonymous_3)
DA:1,152
DA:3,19
DA:4,19
DA:5,0
DA:9,0
DA:14,19
DA:16,19
LF:7
LH:5
BRDA:1,0,0,19
BRDA:1,0,1,0
BRDA:1,1,0,19
BRDA:1,2,0,19
BRDA:1,2,1,19
BRF:5
BRH:4
end_of_record
TN:
SF:..\..\FE-groups\Whisper_FrontEnd\src\components\ProfileSettings\EditFields\EditableField.jsx
FN:1,(anonymous_0)
FN:6,(anonymous_1)
FN:11,(anonymous_2)
FN:15,(anonymous_3)
FN:23,(anonymous_4)
FN:30,(anonymous_5)
FN:36,(anonymous_6)
FN:40,(anonymous_7)
FNF:8
FNH:1
FNDA:19,(anonymous_0)
FNDA:0,(anonymous_1)
FNDA:0,(anonymous_2)
FNDA:0,(anonymous_3)
FNDA:0,(anonymous_4)
FNDA:0,(anonymous_5)
FNDA:0,(anonymous_6)
FNDA:0,(anonymous_7)
DA:1,171
DA:6,19
DA:7,0
DA:8,0
DA:9,0
DA:11,0
DA:12,0
DA:15,0
DA:16,0
DA:18,0
DA:19,0
DA:23,0
DA:24,0
DA:25,0
DA:26,0
DA:30,0
DA:31,0
DA:32,0
DA:36,0
DA:37,0
DA:40,0
DA:41,0
DA:42,0
DA:43,0
DA:45,0
DA:46,0
DA:48,0
DA:49,0
DA:53,0
DA:101,19
DA:103,19
LF:31
LH:4
BRDA:1,0,0,38
BRDA:1,0,1,19
BRDA:1,1,0,19
BRDA:18,2,0,0
BRDA:18,3,0,0
BRDA:18,3,1,0
BRDA:24,4,0,0
BRDA:24,5,0,0
BRDA:24,5,1,0
BRDA:31,6,0,0
BRDA:42,7,0,0
BRDA:56,8,0,0
BRDA:56,8,1,0
BRDA:60,9,0,0
BRDA:60,9,1,0
BRDA:82,10,0,0
BRDA:82,10,1,0
BRDA:86,11,0,0
BRDA:86,11,1,0
BRF:19
BRH:3
end_of_record
TN:
SF:..\..\FE-groups\Whisper_FrontEnd\src\components\ProfileSettings\EditFields\EditablePhoneField.jsx
FN:1,(anonymous_0)
FN:8,(anonymous_1)
FN:14,(anonymous_2)
FN:18,(anonymous_3)
FN:25,(anonymous_4)
FN:31,(anonymous_5)
FN:35,(anonymous_6)
FN:58,(anonymous_7)
FNF:8
FNH:1
FNDA:19,(anonymous_0)
FNDA:0,(anonymous_1)
FNDA:0,(anonymous_2)
FNDA:0,(anonymous_3)
FNDA:0,(anonymous_4)
FNDA:0,(anonymous_5)
FNDA:0,(anonymous_6)
FNDA:0,(anonymous_7)
DA:1,171
DA:8,19
DA:9,0
DA:10,0
DA:11,0
DA:12,0
DA:14,0
DA:15,0
DA:18,0
DA:19,0
DA:20,0
DA:21,0
DA:25,0
DA:26,0
DA:27,0
DA:31,0
DA:32,0
DA:35,0
DA:36,0
DA:37,0
DA:38,0
DA:39,0
DA:40,0
DA:42,0
DA:43,0
DA:45,0
DA:46,0
DA:50,0
DA:58,0
DA:120,19
DA:122,19
LF:31
LH:4
BRDA:1,0,0,38
BRDA:1,0,1,19
BRDA:1,1,0,19
BRDA:19,2,0,0
BRDA:19,3,0,0
BRDA:19,3,1,0
BRDA:19,3,2,0
BRDA:26,4,0,0
BRDA:37,5,0,0
BRDA:53,6,0,0
BRDA:53,6,1,0
BRDA:57,7,0,0
BRDA:57,7,1,0
BRDA:101,8,0,0
BRDA:101,8,1,0
BRDA:105,9,0,0
BRDA:105,9,1,0
BRF:17
BRH:3
end_of_record
TN:
SF:..\..\FE-groups\Whisper_FrontEnd\src\components\ProfileSettings\ProfilePicture\EditProfilePic.jsx
FN:1,(anonymous_0)
FN:8,(anonymous_1)
FN:15,(anonymous_2)
FN:19,(anonymous_3)
FN:40,(anonymous_4)
FN:44,(anonymous_5)
FN:48,(anonymous_6)
FN:53,(anonymous_7)
FN:61,(anonymous_8)
FN:71,(anonymous_9)
FN:72,(anonymous_10)
FN:8,(anonymous_11)
FNF:12
FNH:1
FNDA:19,(anonymous_0)
FNDA:0,(anonymous_1)
FNDA:0,(anonymous_2)
FNDA:0,(anonymous_3)
FNDA:0,(anonymous_4)
FNDA:0,(anonymous_5)
FNDA:0,(anonymous_6)
FNDA:0,(anonymous_7)
FNDA:0,(anonymous_8)
FNDA:0,(anonymous_9)
FNDA:0,(anonymous_10)
FNDA:0,(anonymous_11)
DA:1,152
DA:8,19
DA:9,0
DA:10,19
DA:11,0
DA:12,0
DA:13,0
DA:15,0
DA:16,0
DA:19,0
DA:20,0
DA:21,0
DA:22,0
DA:24,0
DA:25,0
DA:30,0
DA:40,0
DA:41,0
DA:44,0
DA:45,0
DA:46,0
DA:47,0
DA:48,0
DA:49,0
DA:50,0
DA:51,0
DA:53,0
DA:54,0
DA:56,0
DA:58,0
DA:61,0
DA:62,0
DA:63,0
DA:64,0
DA:67,0
DA:71,0
DA:72,0
DA:104,19
DA:106,19
LF:39
LH:5
BRDA:1,0,0,19
BRDA:1,0,1,0
BRDA:1,1,0,19
BRDA:1,2,0,19
BRDA:1,2,1,19
BRDA:20,3,0,0
BRDA:46,4,0,0
BRDA:76,5,0,0
BRDA:76,5,1,0
BRDA:82,6,0,0
BRDA:82,6,1,0
BRDA:82,7,0,0
BRDA:82,7,1,0
BRDA:86,8,0,0
BRDA:86,8,1,0
BRDA:97,9,0,0
BRDA:97,9,1,0
BRF:17
BRH:4
end_of_record
TN:
SF:..\..\FE-groups\Whisper_FrontEnd\src\components\ProfileSettings\ProfilePicture\PhotoOptionsModal.jsx
FN:1,(anonymous_0)
FN:3,(anonymous_1)
FNF:2
FNH:1
FNDA:19,(anonymous_0)
FNDA:0,(anonymous_1)
DA:1,152
DA:3,19
DA:4,0
DA:25,19
DA:27,19
LF:5
LH:4
BRDA:1,0,0,38
BRDA:1,0,1,19
BRDA:1,1,0,19
BRF:3
BRH:3
end_of_record
TN:
SF:..\..\FE-groups\Whisper_FrontEnd\src\components\ProfileSettings\ProfilePicture\ProfilePic.jsx
FN:1,(anonymous_0)
FN:4,(anonymous_1)
FN:4,(anonymous_2)
FNF:3
FNH:3
FNDA:19,(anonymous_0)
FNDA:4,(anonymous_1)
FNDA:1,(anonymous_2)
DA:1,152
DA:4,19
DA:5,19
DA:6,4
DA:21,19
DA:23,19
LF:6
LH:6
BRDA:1,0,0,19
BRDA:1,0,1,0
BRDA:1,1,0,19
BRDA:1,2,0,19
BRDA:1,2,1,19
BRDA:9,3,0,0
BRDA:9,3,1,4
BRF:7
BRH:5
end_of_record
TN:
SF:..\..\FE-groups\Whisper_FrontEnd\src\components\ReadTicks\ReadTicks.jsx
FN:1,(anonymous_0)
FN:7,(anonymous_1)
FNF:2
FNH:1
FNDA:19,(anonymous_0)
FNDA:0,(anonymous_1)
DA:1,152
DA:7,19
DA:8,0
DA:13,19
DA:15,19
LF:5
LH:4
BRDA:1,0,0,38
BRDA:1,0,1,19
BRDA:1,1,0,19
BRF:3
BRH:3
end_of_record
TN:
SF:..\..\FE-groups\Whisper_FrontEnd\src\components\SearchBar\SearchBar.jsx
FN:1,(anonymous_0)
FN:5,(anonymous_1)
FN:8,(anonymous_2)
FN:12,(anonymous_3)
FNF:4
FNH:2
FNDA:19,(anonymous_0)
FNDA:4,(anonymous_1)
FNDA:0,(anonymous_2)
FNDA:0,(anonymous_3)
DA:1,152
DA:5,19
DA:8,4
DA:9,0
DA:12,4
DA:13,0
DA:14,0
DA:18,4
DA:35,19
DA:37,19
LF:10
LH:7
BRDA:1,0,0,38
BRDA:1,0,1,19
BRDA:1,1,0,19
BRDA:13,2,0,0
BRF:4
BRH:3
end_of_record
TN:
SF:..\..\FE-groups\Whisper_FrontEnd\src\components\SearchSideBar\SearchSideBar.jsx
FN:1,(anonymous_0)
FN:13,(anonymous_1)
FN:20,(anonymous_2)
FN:29,(anonymous_3)
FN:41,(anonymous_4)
FN:48,(anonymous_5)
FN:55,(anonymous_6)
FN:83,(anonymous_7)
FN:93,(anonymous_8)
FN:97,(anonymous_9)
FN:118,(anonymous_10)
FN:126,(anonymous_11)
FN:161,(anonymous_12)
FN:165,(anonymous_13)
FN:174,(anonymous_14)
FN:183,(anonymous_15)
FN:187,(anonymous_16)
FN:20,(anonymous_17)
FNF:18
FNH:1
FNDA:38,(anonymous_0)
FNDA:0,(anonymous_1)
FNDA:0,(anonymous_2)
FNDA:0,(anonymous_3)
FNDA:0,(anonymous_4)
FNDA:0,(anonymous_5)
FNDA:0,(anonymous_6)
FNDA:0,(anonymous_7)
FNDA:0,(anonymous_8)
FNDA:0,(anonymous_9)
FNDA:0,(anonymous_10)
FNDA:0,(anonymous_11)
FNDA:0,(anonymous_12)
FNDA:0,(anonymous_13)
FNDA:0,(anonymous_14)
FNDA:0,(anonymous_15)
FNDA:0,(anonymous_16)
FNDA:0,(anonymous_17)
DA:1,171
DA:13,19
DA:14,0
DA:18,19
DA:20,19
DA:21,0
DA:22,0
DA:23,0
DA:24,0
DA:25,0
DA:26,19
DA:27,0
DA:29,0
DA:30,0
DA:31,0
DA:32,0
DA:33,0
DA:34,0
DA:35,0
DA:37,0
DA:41,0
DA:42,0
DA:43,0
DA:44,0
DA:45,0
DA:48,0
DA:49,0
DA:50,0
DA:51,0
DA:52,0
DA:53,0
DA:54,0
DA:55,0
DA:56,0
DA:57,0
DA:58,0
DA:60,0
DA:61,0
DA:62,0
DA:66,0
DA:67,0
DA:68,0
DA:70,0
DA:72,0
DA:74,0
DA:76,0
DA:77,0
DA:82,0
DA:83,0
DA:84,0
DA:85,0
DA:86,0
DA:89,0
DA:90,0
DA:91,0
DA:92,0
DA:93,0
DA:94,0
DA:95,0
DA:96,0
DA:97,0
DA:98,0
DA:99,0
DA:101,0
DA:106,0
DA:109,0
DA:111,0
DA:114,0
DA:115,0
DA:116,0
DA:117,0
DA:118,0
DA:120,0
DA:122,0
DA:124,0
DA:125,0
DA:126,0
DA:128,0
DA:130,0
DA:133,0
DA:134,0
DA:136,0
DA:138,0
DA:144,0
DA:162,0
DA:165,0
DA:175,0
DA:184,0
DA:187,0
DA:199,19
DA:201,38
LF:91
LH:7
BRDA:1,0,0,19
BRDA:1,0,1,0
BRDA:1,1,0,19
BRDA:1,2,0,19
BRDA:1,2,1,19
BRDA:50,3,0,0
BRDA:50,3,1,0
BRDA:56,4,0,0
BRDA:57,5,0,0
BRDA:57,5,1,0
BRDA:61,6,0,0
BRDA:74,7,0,0
BRDA:75,8,0,0
BRDA:75,8,1,0
BRDA:75,8,2,0
BRDA:78,9,0,0
BRDA:78,9,1,0
BRDA:79,10,0,0
BRDA:79,10,1,0
BRDA:80,11,0,0
BRDA:80,11,1,0
BRDA:85,12,0,0
BRDA:96,13,0,0
BRDA:98,14,0,0
BRDA:101,15,0,0
BRDA:101,16,0,0
BRDA:101,16,1,0
BRDA:101,16,2,0
BRDA:101,16,3,0
BRDA:101,16,4,0
BRDA:101,16,5,0
BRDA:101,16,6,0
BRDA:115,17,0,0
BRDA:115,17,1,0
BRDA:122,18,0,0
BRDA:164,19,0,0
BRDA:164,19,1,0
BRDA:171,20,0,0
BRDA:171,20,1,0
BRDA:173,21,0,0
BRDA:173,21,1,0
BRDA:176,22,0,0
BRDA:176,22,1,0
BRDA:180,23,0,0
BRDA:180,23,1,0
BRDA:180,23,2,0
BRDA:180,23,3,0
BRDA:180,23,4,0
BRDA:185,24,0,0
BRDA:185,24,1,0
BRF:50
BRH:4
end_of_record
TN:
SF:..\..\FE-groups\Whisper_FrontEnd\src\components\SentTicks\SentTicks.jsx
FN:1,(anonymous_0)
FN:7,(anonymous_1)
FNF:2
FNH:2
FNDA:19,(anonymous_0)
FNDA:2,(anonymous_1)
DA:1,152
DA:7,19
DA:8,2
DA:13,19
DA:15,19
LF:5
LH:5
BRDA:1,0,0,38
BRDA:1,0,1,19
BRDA:1,1,0,19
BRF:3
BRH:3
end_of_record
TN:
SF:..\..\FE-groups\Whisper_FrontEnd\src\components\Settings\SettingsCotnainer.jsx
FN:1,(anonymous_0)
FN:14,(anonymous_1)
FN:18,(anonymous_2)
FN:76,(anonymous_3)
FN:85,(anonymous_4)
FN:99,(anonymous_5)
FN:14,(anonymous_6)
FNF:7
FNH:1
FNDA:19,(anonymous_0)
FNDA:0,(anonymous_1)
FNDA:0,(anonymous_2)
FNDA:0,(anonymous_3)
FNDA:0,(anonymous_4)
FNDA:0,(anonymous_5)
FNDA:0,(anonymous_6)
DA:1,152
DA:14,19
DA:15,0
DA:16,0
DA:17,19
DA:18,0
DA:19,0
DA:21,0
DA:77,0
DA:86,0
DA:100,0
DA:109,19
DA:111,19
LF:13
LH:5
BRDA:1,0,0,19
BRDA:1,0,1,0
BRDA:1,1,0,19
BRDA:1,2,0,19
BRDA:1,2,1,19
BRDA:29,3,0,0
BRDA:29,3,1,0
BRDA:44,4,0,0
BRDA:44,4,1,0
BRDA:47,5,0,0
BRDA:47,5,1,0
BRDA:53,6,0,0
BRDA:53,6,1,0
BRDA:56,7,0,0
BRDA:56,7,1,0
BRDA:62,8,0,0
BRDA:62,8,1,0
BRDA:65,9,0,0
BRDA:65,9,1,0
BRF:19
BRH:4
end_of_record
TN:
SF:..\..\FE-groups\Whisper_FrontEnd\src\components\Sidebar\Sidebar.jsx
FN:1,(anonymous_0)
FN:44,(anonymous_1)
FN:50,(anonymous_2)
FN:54,(anonymous_3)
FN:58,(anonymous_4)
FN:67,(anonymous_5)
FN:70,(anonymous_6)
FN:77,(anonymous_7)
FN:44,(anonymous_8)
FNF:9
FNH:8
FNDA:19,(anonymous_0)
FNDA:4,(anonymous_1)
FNDA:0,(anonymous_2)
FNDA:2,(anonymous_3)
FNDA:2,(anonymous_4)
FNDA:4,(anonymous_5)
FNDA:1,(anonymous_6)
FNDA:1,(anonymous_7)
FNDA:1,(anonymous_8)
DA:1,171
DA:13,19
DA:44,19
DA:45,19
DA:46,4
DA:47,4
DA:48,4
DA:50,4
DA:51,0
DA:54,4
DA:55,2
DA:58,4
DA:59,2
DA:60,0
DA:61,0
DA:62,0
DA:67,4
DA:68,4
DA:70,4
DA:71,1
DA:72,1
DA:74,1
DA:75,1
DA:77,1
DA:78,1
DA:79,1
DA:83,4
DA:89,19
DA:91,19
LF:29
LH:25
BRDA:1,0,0,38
BRDA:1,0,1,19
BRDA:1,1,0,19
BRDA:59,2,0,0
BRDA:61,3,0,0
BRDA:61,4,0,0
BRDA:61,4,1,0
BRDA:67,5,0,4
BRDA:67,5,1,0
BRF:9
BRH:4
end_of_record
TN:
SF:..\..\FE-groups\Whisper_FrontEnd\src\components\SingleChatMessagesList\SingleChatMessagesList.jsx
FN:1,(anonymous_0)
FN:6,(anonymous_1)
FN:9,(anonymous_2)
FN:13,(anonymous_3)
FN:6,(anonymous_4)
FNF:5
FNH:1
FNDA:19,(anonymous_0)
FNDA:0,(anonymous_1)
FNDA:0,(anonymous_2)
FNDA:0,(anonymous_3)
FNDA:0,(anonymous_4)
DA:1,152
DA:6,19
DA:7,19
DA:9,0
DA:11,0
DA:14,0
DA:18,19
DA:20,19
LF:8
LH:5
BRDA:1,0,0,19
BRDA:1,0,1,0
BRDA:1,1,0,19
BRDA:1,2,0,19
BRDA:1,2,1,19
BRF:5
BRH:4
end_of_record
TN:
SF:..\..\FE-groups\Whisper_FrontEnd\src\components\SingleChatSection\SingleChatSection.jsx
FN:1,(anonymous_0)
FN:20,(anonymous_1)
FN:29,(anonymous_2)
FN:45,(anonymous_3)
FN:49,(anonymous_4)
FN:70,(anonymous_5)
FN:101,(anonymous_6)
FN:104,(anonymous_7)
FN:112,(anonymous_8)
FN:20,(anonymous_9)
FNF:10
FNH:3
FNDA:19,(anonymous_0)
FNDA:5,(anonymous_1)
FNDA:0,(anonymous_2)
FNDA:0,(anonymous_3)
FNDA:0,(anonymous_4)
FNDA:0,(anonymous_5)
FNDA:0,(anonymous_6)
FNDA:0,(anonymous_7)
FNDA:0,(anonymous_8)
FNDA:1,(anonymous_9)
DA:1,171
DA:20,19
DA:22,5
DA:23,5
DA:24,5
DA:25,5
DA:26,5
DA:27,19
DA:29,5
DA:30,0
DA:32,0
DA:33,0
DA:34,0
DA:37,0
DA:38,0
DA:39,0
DA:42,0
DA:45,5
DA:46,0
DA:47,0
DA:49,5
DA:51,0
DA:52,0
DA:57,5
DA:58,5
DA:66,0
DA:70,0
DA:101,0
DA:104,0
DA:113,0
DA:114,0
DA:121,19
DA:123,19
LF:33
LH:15
BRDA:1,0,0,38
BRDA:1,0,1,19
BRDA:1,1,0,19
BRDA:32,2,0,0
BRDA:38,3,0,0
BRDA:57,4,0,5
BRDA:60,5,0,5
BRDA:60,5,1,0
BRDA:71,6,0,0
BRDA:71,6,1,0
BRDA:74,7,0,0
BRDA:74,7,1,0
BRDA:83,8,0,0
BRDA:83,8,1,0
BRDA:83,9,0,0
BRDA:83,9,1,0
BRDA:83,9,2,0
BRDA:83,9,3,0
BRDA:83,9,4,0
BRDA:83,9,5,0
BRDA:83,9,6,0
BRDA:83,9,7,0
BRDA:87,10,0,0
BRDA:87,10,1,0
BRDA:87,11,0,0
BRDA:87,11,1,0
BRDA:91,12,0,0
BRDA:91,12,1,0
BRDA:91,13,0,0
BRDA:91,13,1,0
BRDA:100,14,0,0
BRDA:100,14,1,0
BRDA:100,14,2,0
BRDA:100,14,3,0
BRDA:102,15,0,0
BRDA:102,15,1,0
BRDA:110,16,0,0
BRDA:110,16,1,0
BRF:38
BRH:5
end_of_record
TN:
SF:..\..\FE-groups\Whisper_FrontEnd\src\components\SingleStory\SingleStory.jsx
FN:1,(anonymous_0)
FN:12,(anonymous_1)
FN:29,(anonymous_2)
FN:42,(anonymous_3)
FN:50,(anonymous_4)
FN:59,(anonymous_5)
FN:65,(anonymous_6)
FN:67,(anonymous_7)
FN:69,(anonymous_8)
FN:72,(anonymous_9)
FN:78,(anonymous_10)
FN:80,(anonymous_11)
FN:85,(anonymous_12)
FN:86,(anonymous_13)
FN:94,(anonymous_14)
FN:97,(anonymous_15)
FN:101,(anonymous_16)
FN:102,(anonymous_17)
FN:112,(anonymous_18)
FN:117,(anonymous_19)
FN:123,(anonymous_20)
FN:141,(anonymous_21)
FN:148,(anonymous_22)
FN:194,(anonymous_23)
FN:205,(anonymous_24)
FN:216,(anonymous_25)
FN:235,(anonymous_26)
FN:12,(anonymous_27)
FNF:28
FNH:1
FNDA:19,(anonymous_0)
FNDA:0,(anonymous_1)
FNDA:0,(anonymous_2)
FNDA:0,(anonymous_3)
FNDA:0,(anonymous_4)
FNDA:0,(anonymous_5)
FNDA:0,(anonymous_6)
FNDA:0,(anonymous_7)
FNDA:0,(anonymous_8)
FNDA:0,(anonymous_9)
FNDA:0,(anonymous_10)
FNDA:0,(anonymous_11)
FNDA:0,(anonymous_12)
FNDA:0,(anonymous_13)
FNDA:0,(anonymous_14)
FNDA:0,(anonymous_15)
FNDA:0,(anonymous_16)
FNDA:0,(anonymous_17)
FNDA:0,(anonymous_18)
FNDA:0,(anonymous_19)
FNDA:0,(anonymous_20)
FNDA:0,(anonymous_21)
FNDA:0,(anonymous_22)
FNDA:0,(anonymous_23)
FNDA:0,(anonymous_24)
FNDA:0,(anonymous_25)
FNDA:0,(anonymous_26)
FNDA:0,(anonymous_27)
DA:1,152
DA:12,19
DA:13,0
DA:14,0
DA:15,0
DA:16,0
DA:17,0
DA:18,0
DA:19,0
DA:20,0
DA:21,0
DA:22,0
DA:23,0
DA:24,0
DA:25,0
DA:26,19
DA:27,0
DA:29,0
DA:30,0
DA:31,0
DA:32,0
DA:33,0
DA:34,0
DA:36,0
DA:37,0
DA:38,0
DA:39,0
DA:41,0
DA:42,0
DA:43,0
DA:50,0
DA:51,0
DA:52,0
DA:53,0
DA:54,0
DA:55,0
DA:56,0
DA:57,0
DA:58,0
DA:59,0
DA:60,0
DA:61,0
DA:65,0
DA:67,0
DA:69,0
DA:70,0
DA:71,0
DA:72,0
DA:73,0
DA:78,0
DA:80,0
DA:81,0
DA:82,0
DA:85,0
DA:86,0
DA:87,0
DA:90,0
DA:91,0
DA:94,0
DA:95,0
DA:96,0
DA:97,0
DA:98,0
DA:101,0
DA:102,0
DA:103,0
DA:104,0
DA:106,0
DA:108,0
DA:112,0
DA:113,0
DA:114,0
DA:117,0
DA:118,0
DA:119,0
DA:120,0
DA:123,0
DA:124,0
DA:125,0
DA:131,0
DA:132,0
DA:135,0
DA:136,0
DA:141,0
DA:145,0
DA:146,0
DA:148,0
DA:155,0
DA:195,0
DA:206,0
DA:217,0
DA:236,0
DA:253,19
DA:255,19
LF:94
LH:5
BRDA:1,0,0,19
BRDA:1,0,1,0
BRDA:1,1,0,19
BRDA:1,2,0,19
BRDA:1,2,1,19
BRDA:16,3,0,0
BRDA:16,3,1,0
BRDA:30,4,0,0
BRDA:30,5,0,0
BRDA:30,5,1,0
BRDA:30,5,2,0
BRDA:36,6,0,0
BRDA:70,7,0,0
BRDA:103,8,0,0
BRDA:103,8,1,0
BRDA:124,9,0,0
BRDA:124,10,0,0
BRDA:124,10,1,0
BRDA:131,11,0,0
BRDA:135,12,0,0
BRDA:135,13,0,0
BRDA:135,13,1,0
BRDA:135,13,2,0
BRDA:145,14,0,0
BRDA:145,15,0,0
BRDA:145,15,1,0
BRDA:145,15,2,0
BRDA:158,16,0,0
BRDA:158,16,1,0
BRDA:159,17,0,0
BRDA:159,17,1,0
BRDA:162,18,0,0
BRDA:162,18,1,0
BRDA:167,19,0,0
BRDA:167,19,1,0
BRDA:187,20,0,0
BRDA:187,20,1,0
BRDA:227,21,0,0
BRDA:227,21,1,0
BRDA:233,22,0,0
BRDA:233,22,1,0
BRDA:233,23,0,0
BRDA:233,23,1,0
BRDA:243,24,0,0
BRDA:243,24,1,0
BRF:45
BRH:4
end_of_record
TN:
SF:..\..\FE-groups\Whisper_FrontEnd\src\components\StickerMessage\StickerMessage.jsx
FN:1,(anonymous_0)
FN:8,(anonymous_1)
FNF:2
FNH:1
FNDA:19,(anonymous_0)
FNDA:0,(anonymous_1)
DA:1,152
DA:8,19
DA:9,0
DA:15,19
DA:17,19
LF:5
LH:4
BRDA:1,0,0,38
BRDA:1,0,1,19
BRDA:1,1,0,19
BRDA:11,2,0,0
BRDA:11,2,1,0
BRDA:12,3,0,0
BRDA:12,3,1,0
BRF:7
BRH:3
end_of_record
TN:
SF:..\..\FE-groups\Whisper_FrontEnd\src\components\StorageSettings\StorageSettings.jsx
FN:1,(anonymous_0)
FN:11,(anonymous_1)
FN:18,(anonymous_2)
FN:22,(anonymous_3)
FN:34,(anonymous_4)
FN:53,(anonymous_5)
FN:63,(anonymous_6)
FN:73,(anonymous_7)
FN:83,(anonymous_8)
FN:93,(anonymous_9)
FN:11,(anonymous_10)
FNF:11
FNH:1
FNDA:19,(anonymous_0)
FNDA:0,(anonymous_1)
FNDA:0,(anonymous_2)
FNDA:0,(anonymous_3)
FNDA:0,(anonymous_4)
FNDA:0,(anonymous_5)
FNDA:0,(anonymous_6)
FNDA:0,(anonymous_7)
FNDA:0,(anonymous_8)
FNDA:0,(anonymous_9)
FNDA:0,(anonymous_10)
DA:1,171
DA:11,19
DA:12,0
DA:13,0
DA:15,0
DA:16,19
DA:18,0
DA:19,0
DA:22,0
DA:23,0
DA:24,0
DA:25,0
DA:26,0
DA:27,0
DA:29,0
DA:30,0
DA:34,0
DA:35,0
DA:37,0
DA:53,0
DA:63,0
DA:73,0
DA:83,0
DA:93,0
DA:102,19
DA:104,19
LF:26
LH:5
BRDA:1,0,0,38
BRDA:1,0,1,19
BRDA:1,1,0,19
BRF:3
BRH:3
end_of_record
TN:
SF:..\..\FE-groups\Whisper_FrontEnd\src\components\StoriesContainer\StoriesContainer.jsx
FN:1,(anonymous_0)
FN:9,StoriesContainer
FN:17,(anonymous_2)
FN:25,(anonymous_3)
FN:29,(anonymous_4)
FN:33,(anonymous_5)
FN:39,(anonymous_6)
FN:45,(anonymous_7)
FN:51,(anonymous_8)
FN:62,(anonymous_9)
FN:9,(anonymous_10)
FNF:11
FNH:6
[...]
FNDA:0,(anonymous_27)
FNDA:0,(anonymous_28)
FNDA:0,(anonymous_29)
FNDA:0,(anonymous_30)
FNDA:0,(anonymous_31)
FNDA:0,(anonymous_32)
FNDA:0,(anonymous_33)
FNDA:0,(anonymous_34)
FNDA:0,(anonymous_35)
FNDA:0,(anonymous_36)
FNDA:0,(anonymous_37)
FNDA:0,(anonymous_38)
FNDA:0,(anonymous_39)
FNDA:2,(anonymous_40)
FNDA:0,(anonymous_41)
FNDA:0,(anonymous_42)
FNDA:0,(anonymous_43)
FNDA:0,(anonymous_44)
FNDA:0,(anonymous_45)
FNDA:0,(anonymous_46)
FNDA:2,(anonymous_47)
FNDA:0,(anonymous_48)
FNDA:0,(anonymous_49)
FNDA:0,(anonymous_50)
FNDA:0,(anonymous_51)
FNDA:0,(anonymous_52)
FNDA:0,(anonymous_53)
FNDA:0,(anonymous_54)
FNDA:0,(anonymous_55)
FNDA:0,(anonymous_56)
FNDA:0,(anonymous_57)
FNDA:0,(anonymous_58)
FNDA:0,(anonymous_59)
FNDA:0,(anonymous_60)
FNDA:0,(anonymous_61)
FNDA:3,(anonymous_62)
FNDA:0,(anonymous_63)
FNDA:0,(anonymous_64)
FNDA:0,(anonymous_65)
FNDA:0,(anonymous_66)
FNDA:0,(anonymous_67)
FNDA:0,(anonymous_68)
FNDA:0,(anonymous_69)
FNDA:0,(anonymous_70)
FNDA:0,(anonymous_71)
FNDA:0,(anonymous_72)
FNDA:0,(anonymous_73)
FNDA:0,(anonymous_74)
FNDA:0,(anonymous_75)
FNDA:0,(anonymous_76)
FNDA:1,(anonymous_77)
FNDA:21,(anonymous_78)
FNDA:0,(anonymous_79)
FNDA:0,(anonymous_80)
FNDA:0,(anonymous_81)
FNDA:0,(anonymous_82)
FNDA:0,(anonymous_83)
FNDA:0,(anonymous_84)
FNDA:0,(anonymous_85)
FNDA:0,(anonymous_86)
DA:14,19
DA:15,0
DA:18,19
DA:19,19
DA:20,19
DA:21,19
DA:22,19
DA:23,19
DA:24,19
DA:25,19
DA:27,19
DA:31,19
DA:32,19
DA:34,19
DA:38,19
DA:39,19
DA:41,19
DA:42,0
DA:43,0
DA:46,19
DA:47,19
DA:48,19
DA:49,19
DA:52,19
DA:53,1
DA:54,1
DA:60,5
DA:61,5
DA:62,5
DA:64,5
DA:65,5
DA:68,5
DA:69,0
DA:72,5
DA:73,45
DA:74,40
DA:75,40
DA:79,0
DA:84,19
DA:85,19
DA:86,19
DA:87,19
DA:88,19
DA:89,19
DA:90,19
DA:91,19
DA:92,19
DA:96,1
DA:97,9
DA:98,9
DA:103,9
DA:104,8
DA:105,5
DA:113,1
DA:117,0
DA:118,0
DA:120,0
DA:125,0
DA:126,0
DA:128,0
DA:133,1
DA:134,1
DA:136,0
DA:141,0
DA:142,0
DA:144,0
DA:149,1
DA:150,1
DA:152,0
DA:157,0
DA:158,0
DA:160,0
DA:165,3
DA:166,3
DA:168,0
DA:172,0
DA:173,0
DA:175,0
DA:180,0
DA:181,0
DA:183,0
DA:188,0
DA:189,0
DA:191,0
DA:196,0
DA:197,0
DA:199,0
DA:204,0
DA:205,0
DA:207,0
DA:211,0
DA:212,0
DA:214,0
DA:219,0
DA:220,0
DA:222,0
DA:226,0
DA:227,0
DA:229,0
DA:233,0
DA:234,0
DA:236,0
DA:240,0
DA:241,0
DA:243,0
DA:247,0
DA:248,0
DA:250,0
DA:254,0
DA:255,0
DA:257,0
DA:261,0
DA:262,0
DA:264,0
DA:268,0
DA:269,0
DA:271,0
DA:276,0
DA:277,0
DA:279,0
DA:284,0
DA:285,0
DA:287,0
DA:291,0
DA:292,0
DA:294,0
DA:299,2
DA:300,2
DA:302,0
DA:307,0
DA:308,0
DA:310,0
DA:315,0
DA:316,0
DA:318,0
DA:323,0
DA:324,0
DA:326,0
DA:331,0
DA:332,0
DA:334,0
DA:339,0
DA:340,0
DA:342,0
DA:347,0
DA:348,0
DA:350,0
DA:355,2
DA:356,2
DA:358,0
DA:360,2
DA:361,2
DA:365,0
DA:366,0
DA:368,0
DA:373,0
DA:374,0
DA:376,0
DA:381,0
DA:382,0
DA:384,0
DA:389,0
DA:390,0
DA:392,0
DA:397,0
DA:398,0
DA:400,0
DA:405,0
DA:406,0
DA:408,0
DA:413,0
DA:414,0
DA:416,0
DA:421,0
DA:422,0
DA:424,0
DA:429,0
DA:430,0
DA:432,0
DA:437,0
DA:438,0
DA:440,0
DA:445,0
DA:446,0
DA:448,0
DA:453,0
DA:454,0
DA:456,0
DA:461,0
DA:462,0
DA:464,0
DA:469,0
DA:470,0
DA:472,0
DA:477,3
DA:478,3
DA:480,0
DA:485,0
DA:486,0
DA:488,0
DA:493,0
DA:494,0
DA:496,0
DA:501,0
DA:502,0
DA:504,0
DA:509,0
DA:510,0
DA:512,0
DA:517,0
DA:518,0
DA:520,0
DA:525,0
DA:526,0
DA:528,0
DA:533,0
DA:534,0
DA:536,0
DA:541,0
DA:542,0
DA:544,0
DA:549,0
DA:550,0
DA:552,0
DA:557,0
DA:558,0
DA:560,0
DA:565,0
DA:566,0
DA:568,0
DA:573,0
DA:574,0
DA:576,0
DA:581,0
DA:582,0
DA:584,0
DA:589,0
DA:590,0
DA:592,0
DA:597,1
DA:598,1
DA:600,0
DA:605,21
DA:606,21
DA:608,0
DA:613,0
DA:614,0
DA:616,0
DA:621,0
DA:622,0
DA:624,0
DA:629,0
DA:630,0
DA:632,0
DA:637,0
DA:638,0
DA:640,0
DA:645,0
DA:646,0
DA:648,0
DA:653,0
DA:654,0
DA:656,0
DA:661,0
DA:662,0
DA:664,0
DA:669,0
DA:670,0
DA:672,0
DA:674,0
DA:675,0
DA:677,0
LF:272
LH:67
BRDA:14,0,0,0
BRDA:31,1,0,19
BRDA:59,2,0,2
BRDA:60,3,0,5
BRDA:60,3,1,0
BRDA:69,4,0,0
BRDA:69,4,1,0
BRDA:73,5,0,40
BRDA:97,6,0,9
BRDA:103,7,0,8
BRDA:117,8,0,0
BRDA:117,8,1,0
BRDA:125,9,0,0
BRDA:125,9,1,0
BRDA:133,10,0,1
BRDA:133,10,1,0
BRDA:141,11,0,0
BRDA:141,11,1,0
BRDA:149,12,0,1
BRDA:149,12,1,0
BRDA:157,13,0,0
BRDA:157,13,1,0
BRDA:165,14,0,3
BRDA:165,14,1,0
BRDA:172,15,0,0
BRDA:172,15,1,0
BRDA:180,16,0,0
BRDA:180,16,1,0
BRDA:188,17,0,0
BRDA:188,17,1,0
BRDA:196,18,0,0
BRDA:196,18,1,0
BRDA:204,19,0,0
BRDA:204,19,1,0
BRDA:211,20,0,0
BRDA:211,20,1,0
BRDA:219,21,0,0
BRDA:219,21,1,0
BRDA:226,22,0,0
BRDA:226,22,1,0
BRDA:233,23,0,0
BRDA:233,23,1,0
BRDA:240,24,0,0
BRDA:240,24,1,0
BRDA:247,25,0,0
BRDA:247,25,1,0
BRDA:254,26,0,0
BRDA:254,26,1,0
BRDA:261,27,0,0
BRDA:261,27,1,0
BRDA:268,28,0,0
BRDA:268,28,1,0
BRDA:276,29,0,0
BRDA:276,29,1,0
BRDA:284,30,0,0
BRDA:284,30,1,0
BRDA:291,31,0,0
BRDA:291,31,1,0
BRDA:299,32,0,2
BRDA:299,32,1,0
BRDA:307,33,0,0
BRDA:307,33,1,0
BRDA:315,34,0,0
BRDA:315,34,1,0
BRDA:323,35,0,0
BRDA:323,35,1,0
BRDA:331,36,0,0
BRDA:331,36,1,0
BRDA:339,37,0,0
BRDA:339,37,1,0
BRDA:346,38,0,0
BRDA:347,39,0,0
BRDA:347,39,1,0
BRDA:355,40,0,2
BRDA:355,40,1,0
BRDA:365,41,0,0
BRDA:365,41,1,0
BRDA:373,42,0,0
BRDA:373,42,1,0
BRDA:381,43,0,0
BRDA:381,43,1,0
BRDA:389,44,0,0
BRDA:389,44,1,0
BRDA:397,45,0,0
BRDA:397,45,1,0
BRDA:405,46,0,0
BRDA:405,46,1,0
BRDA:413,47,0,0
BRDA:413,47,1,0
BRDA:421,48,0,0
BRDA:421,48,1,0
BRDA:429,49,0,0
BRDA:429,49,1,0
BRDA:437,50,0,0
BRDA:437,50,1,0
BRDA:445,51,0,0
BRDA:445,51,1,0
BRDA:453,52,0,0
BRDA:453,52,1,0
BRDA:461,53,0,0
BRDA:461,53,1,0
BRDA:469,54,0,0
BRDA:469,54,1,0
BRDA:477,55,0,3
BRDA:477,55,1,0
BRDA:485,56,0,0
BRDA:485,56,1,0
BRDA:493,57,0,0
BRDA:493,57,1,0
BRDA:501,58,0,0
BRDA:501,58,1,0
BRDA:509,59,0,0
BRDA:509,59,1,0
BRDA:517,60,0,0
BRDA:517,60,1,0
BRDA:525,61,0,0
BRDA:525,61,1,0
BRDA:533,62,0,0
BRDA:533,62,1,0
BRDA:541,63,0,0
BRDA:541,63,1,0
BRDA:549,64,0,0
BRDA:549,64,1,0
BRDA:557,65,0,0
BRDA:557,65,1,0
BRDA:565,66,0,0
BRDA:565,66,1,0
BRDA:572,67,0,0
BRDA:573,68,0,0
BRDA:573,68,1,0
BRDA:580,69,0,0
BRDA:581,70,0,0
BRDA:581,70,1,0
BRDA:589,71,0,0
BRDA:589,71,1,0
BRDA:597,72,0,1
BRDA:597,72,1,0
BRDA:605,73,0,21
BRDA:605,73,1,0
BRDA:613,74,0,0
BRDA:613,74,1,0
BRDA:621,75,0,0
BRDA:621,75,1,0
BRDA:629,76,0,0
BRDA:629,76,1,0
BRDA:637,77,0,0
BRDA:637,77,1,0
BRDA:645,78,0,0
BRDA:645,78,1,0
BRDA:653,79,0,0
BRDA:653,79,1,0
BRDA:661,80,0,0
BRDA:661,80,1,0
BRF:153
BRH:14
end_of_record
TN:
SF:..\..\FE-groups\Whisper_FrontEnd\src\services\messagingservice\getMessageInfo.js
FN:4,(anonymous_0)
FN:31,(anonymous_1)
FN:36,(anonymous_2)
FNF:3
FNH:0
FNDA:0,(anonymous_0)
FNDA:0,(anonymous_1)
FNDA:0,(anonymous_2)
DA:4,19
DA:5,0
DA:6,0
DA:7,0
DA:8,0
DA:16,0
DA:17,0
DA:27,0
DA:28,0
DA:29,0
DA:30,0
DA:31,0
DA:32,0
DA:34,0
DA:35,0
DA:36,0
DA:37,0
DA:40,0
DA:41,0
DA:44,0
DA:45,0
DA:47,0
DA:48,0
DA:50,0
DA:53,0
LF:25
LH:1
BRDA:5,0,0,0
BRDA:5,0,1,0
BRDA:30,1,0,0
BRDA:30,2,0,0
BRDA:30,2,1,0
BRDA:35,3,0,0
BRDA:35,4,0,0
BRDA:35,4,1,0
BRDA:40,5,0,0
BRDA:44,6,0,0
BRF:10
BRH:0
end_of_record
TN:
SF:..\..\FE-groups\Whisper_FrontEnd\src\services\messagingservice\getMessagesReplies.js
FN:4,(anonymous_0)
FN:21,(anonymous_1)
FN:25,(anonymous_2)
FNF:3
FNH:0
FNDA:0,(anonymous_0)
FNDA:0,(anonymous_1)
FNDA:0,(anonymous_2)
DA:4,19
DA:5,0
DA:6,0
DA:7,0
DA:13,0
DA:15,0
DA:16,0
DA:21,19
DA:22,0
DA:23,0
DA:24,0
DA:25,0
DA:26,0
DA:27,0
DA:30,0
DA:31,0
DA:33,0
DA:34,0
LF:18
LH:2
BRDA:24,0,0,0
BRF:1
BRH:0
end_of_record
TN:
SF:..\..\FE-groups\Whisper_FrontEnd\src\services\mock\mockData.js
FNF:0
FNH:0
DA:2,19
DA:8,19
DA:13,19
DA:61,19
DA:65,19
DA:70,19
DA:82,19
DA:238,19
DA:264,19
DA:279,19
LF:10
LH:10
BRF:0
BRH:0
end_of_record
TN:
SF:..\..\FE-groups\Whisper_FrontEnd\src\services\privacy\privacy.js
FN:4,(anonymous_0)
FN:25,(anonymous_1)
FN:46,(anonymous_2)
FN:60,(anonymous_3)
FN:74,(anonymous_4)
FN:89,(anonymous_5)
FNF:6
FNH:0
FNDA:0,(anonymous_0)
FNDA:0,(anonymous_1)
FNDA:0,(anonymous_2)
FNDA:0,(anonymous_3)
FNDA:0,(anonymous_4)
FNDA:0,(anonymous_5)
DA:4,19
DA:5,0
DA:6,0
DA:7,0
DA:18,0
DA:19,0
DA:21,0
DA:25,19
DA:26,0
DA:27,0
DA:28,0
DA:39,0
DA:40,0
DA:42,0
DA:46,19
DA:47,0
DA:48,0
DA:49,0
DA:54,0
DA:55,0
DA:57,0
DA:60,19
DA:61,0
DA:62,0
DA:63,0
DA:68,0
DA:69,0
DA:71,0
DA:74,19
DA:75,0
DA:76,0
DA:77,0
DA:82,0
DA:83,0
DA:85,0
DA:89,19
DA:90,0
DA:91,0
DA:92,0
DA:99,0
DA:100,0
DA:102,0
LF:42
LH:6
BRF:0
BRH:0
end_of_record
TN:
SF:..\..\FE-groups\Whisper_FrontEnd\src\services\profileServices\ProfileSettingsService.js
FN:9,(anonymous_0)
FN:25,(anonymous_1)
FN:41,(anonymous_2)
FN:57,(anonymous_3)
FN:73,(anonymous_4)
FN:89,(anonymous_5)
FN:105,(anonymous_6)
FN:142,(anonymous_7)
FN:152,(anonymous_8)
FN:161,(anonymous_9)
FN:171,(anonymous_10)
FN:185,(anonymous_11)
FN:213,(anonymous_12)
FN:223,(anonymous_13)
FN:229,(anonymous_14)
FNF:15
FNH:1
FNDA:0,(anonymous_0)
FNDA:0,(anonymous_1)
FNDA:0,(anonymous_2)
FNDA:0,(anonymous_3)
FNDA:0,(anonymous_4)
FNDA:0,(anonymous_5)
FNDA:0,(anonymous_6)
FNDA:0,(anonymous_7)
FNDA:0,(anonymous_8)
FNDA:0,(anonymous_9)
FNDA:0,(anonymous_10)
FNDA:1,(anonymous_11)
FNDA:0,(anonymous_12)
FNDA:0,(anonymous_13)
FNDA:0,(anonymous_14)
DA:7,19
DA:9,19
DA:10,0
DA:11,0
DA:18,0
DA:20,0
DA:21,0
DA:25,19
DA:26,0
DA:27,0
DA:34,0
DA:36,0
DA:37,0
DA:41,19
DA:42,0
DA:43,0
DA:50,0
DA:52,0
DA:53,0
DA:57,19
DA:58,0
DA:59,0
DA:66,0
DA:68,0
DA:69,0
DA:73,19
DA:74,0
DA:75,0
DA:82,0
DA:84,0
DA:85,0
DA:89,19
DA:90,0
DA:91,0
DA:98,0
DA:100,0
DA:101,0
DA:105,19
DA:106,0
DA:107,0
DA:108,0
DA:111,0
DA:126,0
DA:127,0
DA:130,0
DA:132,0
DA:134,0
DA:136,0
DA:137,0
DA:139,0
DA:141,0
DA:142,0
DA:143,0
DA:144,0
DA:146,0
DA:152,19
DA:153,0
DA:155,0
DA:156,0
DA:158,0
DA:160,0
DA:161,0
DA:162,0
DA:163,0
DA:165,0
DA:171,19
DA:172,0
DA:173,0
DA:174,0
DA:175,0
DA:176,0
DA:177,0
DA:180,0
DA:181,0
DA:185,19
DA:186,1
DA:187,1
DA:189,1
DA:190,1
DA:191,1
DA:192,1
DA:195,0
DA:206,0
DA:207,0
DA:208,0
DA:209,0
DA:210,0
DA:212,0
DA:213,0
DA:214,0
DA:215,0
DA:217,0
DA:223,19
DA:224,0
DA:225,0
DA:226,0
DA:228,0
DA:229,0
DA:230,0
DA:231,0
DA:233,0
LF:101
LH:18
BRDA:126,0,0,0
BRDA:126,1,0,0
BRDA:126,1,1,0
BRDA:126,1,2,0
BRDA:126,1,3,0
BRDA:143,2,0,0
BRDA:143,2,1,0
BRDA:143,3,0,0
BRDA:143,3,1,0
BRDA:143,3,2,0
BRDA:162,4,0,0
BRDA:162,4,1,0
BRDA:162,5,0,0
BRDA:162,5,1,0
BRDA:162,5,2,0
BRDA:173,6,0,0
BRDA:173,6,1,0
BRDA:177,7,0,0
BRDA:177,7,1,0
BRDA:190,8,0,1
BRDA:214,9,0,0
BRDA:214,9,1,0
BRDA:214,10,0,0
BRDA:214,10,1,0
BRDA:214,10,2,0
BRDA:230,11,0,0
BRDA:230,11,1,0
BRDA:230,12,0,0
BRDA:230,12,1,0
BRDA:230,12,2,0
BRF:30
BRH:1
end_of_record
TN:
SF:..\..\FE-groups\Whisper_FrontEnd\src\services\search\search.js
FN:7,(anonymous_0)
FN:24,(anonymous_1)
FN:40,(anonymous_2)
FN:58,(anonymous_3)
FNF:4
FNH:0
FNDA:0,(anonymous_0)
FNDA:0,(anonymous_1)
FNDA:0,(anonymous_2)
FNDA:0,(anonymous_3)
DA:7,19
DA:8,0
DA:9,0
DA:10,0
DA:17,0
DA:19,0
DA:24,19
DA:25,0
DA:26,0
DA:27,0
DA:34,0
DA:36,0
DA:40,19
DA:41,0
DA:42,0
DA:43,0
DA:44,0
DA:51,0
DA:53,0
DA:58,19
DA:59,0
DA:60,0
DA:61,0
DA:62,0
DA:72,0
DA:74,0
LF:26
LH:4
BRF:0
BRH:0
end_of_record
TN:
SF:..\..\FE-groups\Whisper_FrontEnd\src\services\sockets\CallSocket.js
FN:7,(anonymous_0)
FN:18,(anonymous_1)
FN:22,(anonymous_2)
FN:26,(anonymous_3)
FN:30,(anonymous_4)
FN:34,(anonymous_5)
FNF:6
FNH:5
FNDA:7,(anonymous_0)
FNDA:5,(anonymous_1)
FNDA:5,(anonymous_2)
FNDA:5,(anonymous_3)
FNDA:5,(anonymous_4)
FNDA:0,(anonymous_5)
DA:9,7
DA:10,6
DA:13,1
DA:15,1
DA:19,5
DA:23,5
DA:27,5
DA:31,5
DA:35,0
DA:36,0
LF:10
LH:8
BRDA:9,0,0,6
BRF:1
BRH:1
end_of_record
TN:
SF:..\..\FE-groups\Whisper_FrontEnd\src\services\sockets\ChatSocket.js
FN:7,(anonymous_0)
FN:19,(anonymous_1)
FN:23,(anonymous_2)
FN:27,(anonymous_3)
FN:30,(anonymous_4)
FN:33,(anonymous_5)
FN:37,(anonymous_6)
FN:41,(anonymous_7)
FN:45,(anonymous_8)
FN:49,(anonymous_9)
FN:53,(anonymous_10)
FN:57,(anonymous_11)
FN:61,(anonymous_12)
FN:65,(anonymous_13)
FN:69,(anonymous_14)
FN:73,(anonymous_15)
FN:77,(anonymous_16)
FN:81,(anonymous_17)
FN:85,(anonymous_18)
FNF:19
FNH:10
FNDA:3,(anonymous_0)
FNDA:0,(anonymous_1)
FNDA:0,(anonymous_2)
FNDA:0,(anonymous_3)
FNDA:0,(anonymous_4)
FNDA:0,(anonymous_5)
FNDA:0,(anonymous_6)
FNDA:5,(anonymous_7)
FNDA:5,(anonymous_8)
FNDA:5,(anonymous_9)
FNDA:5,(anonymous_10)
FNDA:3,(anonymous_11)
FNDA:5,(anonymous_12)
FNDA:5,(anonymous_13)
FNDA:0,(anonymous_14)
FNDA:3,(anonymous_15)
FNDA:5,(anonymous_16)
FNDA:0,(anonymous_17)
FNDA:0,(anonymous_18)
DA:9,3
DA:10,1
DA:13,2
DA:14,2
DA:16,2
DA:20,0
DA:24,0
DA:28,0
DA:31,0
DA:34,0
DA:38,0
DA:42,5
DA:46,5
DA:50,5
DA:54,5
DA:58,3
DA:62,5
DA:66,5
DA:70,0
DA:74,3
DA:78,5
DA:82,0
DA:86,0
DA:87,0
LF:24
LH:14
BRDA:9,0,0,1
BRF:1
BRH:1
end_of_record
TN:
SF:..\..\FE-groups\Whisper_FrontEnd\src\services\sockets\MessagingSocket.js
FN:6,(anonymous_0)
FN:16,(anonymous_1)
FN:20,(anonymous_2)
FN:24,(anonymous_3)
FN:27,(anonymous_4)
FN:30,(anonymous_5)
FN:34,(anonymous_6)
FN:38,(anonymous_7)
FN:42,(anonymous_8)
FN:46,(anonymous_9)
FN:50,(anonymous_10)
FN:55,(anonymous_11)
FN:59,(anonymous_12)
FN:63,(anonymous_13)
FN:67,(anonymous_14)
FN:71,(anonymous_15)
FN:75,(anonymous_16)
FN:79,(anonymous_17)
FN:83,(anonymous_18)
FN:87,(anonymous_19)
FN:91,(anonymous_20)
FN:95,(anonymous_21)
FN:99,(anonymous_22)
FN:103,(anonymous_23)
FN:107,(anonymous_24)
FN:111,(anonymous_25)
FN:115,(anonymous_26)
FN:119,(anonymous_27)
FN:123,(anonymous_28)
FN:127,(anonymous_29)
FN:131,(anonymous_30)
FN:135,(anonymous_31)
FNF:32
FNH:1
FNDA:3,(anonymous_0)
FNDA:0,(anonymous_1)
FNDA:0,(anonymous_2)
FNDA:0,(anonymous_3)
FNDA:0,(anonymous_4)
FNDA:0,(anonymous_5)
FNDA:0,(anonymous_6)
FNDA:0,(anonymous_7)
FNDA:0,(anonymous_8)
FNDA:0,(anonymous_9)
FNDA:0,(anonymous_10)
FNDA:0,(anonymous_11)
FNDA:0,(anonymous_12)
FNDA:0,(anonymous_13)
FNDA:0,(anonymous_14)
FNDA:0,(anonymous_15)
FNDA:0,(anonymous_16)
FNDA:0,(anonymous_17)
FNDA:0,(anonymous_18)
FNDA:0,(anonymous_19)
FNDA:0,(anonymous_20)
FNDA:0,(anonymous_21)
FNDA:0,(anonymous_22)
FNDA:0,(anonymous_23)
FNDA:0,(anonymous_24)
FNDA:0,(anonymous_25)
FNDA:0,(anonymous_26)
FNDA:0,(anonymous_27)
FNDA:0,(anonymous_28)
FNDA:0,(anonymous_29)
FNDA:0,(anonymous_30)
FNDA:0,(anonymous_31)
DA:7,3
DA:8,1
DA:11,2
DA:13,2
DA:17,0
DA:21,0
DA:25,0
DA:28,0
DA:31,0
DA:35,0
DA:39,0
DA:43,0
DA:47,0
DA:51,0
DA:52,0
DA:56,0
DA:60,0
DA:64,0
DA:68,0
DA:72,0
DA:76,0
DA:80,0
DA:84,0
DA:88,0
DA:92,0
DA:96,0
DA:100,0
DA:104,0
DA:112,0
DA:116,0
DA:120,0
DA:124,0
DA:128,0
DA:132,0
DA:136,0
LF:35
LH:4
BRDA:7,0,0,1
BRF:1
BRH:1
end_of_record
TN:
SF:..\..\FE-groups\Whisper_FrontEnd\src\services\sockets\Socket.js
FN:8,(anonymous_0)
FN:25,(anonymous_1)
FN:29,(anonymous_2)
FN:33,(anonymous_3)
FNF:4
FNH:1
FNDA:26,(anonymous_0)
FNDA:0,(anonymous_1)
FNDA:0,(anonymous_2)
FNDA:0,(anonymous_3)
DA:6,26
DA:9,26
DA:10,19
DA:11,19
DA:12,19
DA:19,19
DA:21,26
DA:22,26
DA:26,0
DA:30,0
LF:10
LH:8
BRDA:9,0,0,19
BRF:1
BRH:1
end_of_record
TN:
SF:..\..\FE-groups\Whisper_FrontEnd\src\services\sockets\StorySocket.js
FN:6,(anonymous_0)
FN:16,(anonymous_1)
FN:21,(anonymous_2)
FN:25,(anonymous_3)
FN:29,(anonymous_4)
FN:33,(anonymous_5)
FN:37,(anonymous_6)
FN:41,(anonymous_7)
FN:45,(anonymous_8)
FN:49,(anonymous_9)
FN:54,(anonymous_10)
FN:59,(anonymous_11)
FN:64,(anonymous_12)
FN:69,(anonymous_13)
FNF:14
FNH:9
FNDA:3,(anonymous_0)
FNDA:0,(anonymous_1)
FNDA:0,(anonymous_2)
FNDA:0,(anonymous_3)
FNDA:0,(anonymous_4)
FNDA:1,(anonymous_5)
FNDA:1,(anonymous_6)
FNDA:1,(anonymous_7)
FNDA:1,(anonymous_8)
FNDA:1,(anonymous_9)
FNDA:1,(anonymous_10)
FNDA:1,(anonymous_11)
FNDA:1,(anonymous_12)
FNDA:0,(anonymous_13)
DA:7,3
DA:8,1
DA:11,2
DA:13,2
DA:17,0
DA:18,0
DA:22,0
DA:26,0
DA:30,0
DA:34,1
DA:38,1
DA:42,1
DA:46,1
DA:50,1
DA:51,1
DA:55,1
DA:56,1
DA:60,1
DA:61,1
DA:65,1
DA:66,1
DA:70,0
LF:22
LH:16
BRDA:7,0,0,1
BRF:1
BRH:1
end_of_record
TN:
SF:..\..\FE-groups\Whisper_FrontEnd\src\services\sockets\UserSocket.js
FN:6,(anonymous_0)
FN:16,(anonymous_1)
FN:18,(anonymous_2)
FN:24,(anonymous_3)
FN:26,(anonymous_4)
FN:31,(anonymous_5)
FN:36,(anonymous_6)
FNF:7
FNH:3
FNDA:23,(anonymous_0)
FNDA:1,(anonymous_1)
FNDA:0,(anonymous_2)
FNDA:1,(anonymous_3)
FNDA:0,(anonymous_4)
FNDA:0,(anonymous_5)
FNDA:0,(anonymous_6)
DA:7,23
DA:8,4
DA:9,4
DA:11,19
DA:13,19
DA:17,1
DA:18,1
DA:19,0
DA:20,0
DA:25,1
DA:26,1
DA:27,0
DA:32,0
DA:33,0
DA:37,0
LF:15
LH:9
BRDA:7,0,0,4
BRF:1
BRH:1
end_of_record
TN:
SF:..\..\FE-groups\Whisper_FrontEnd\src\services\storiesservice\getLikesAndViews.js
FN:4,(anonymous_0)
FN:18,(anonymous_1)
FN:19,(anonymous_2)
FN:20,(anonymous_3)
FN:33,(anonymous_4)
FNF:5
FNH:0
FNDA:0,(anonymous_0)
FNDA:0,(anonymous_1)
FNDA:0,(anonymous_2)
FNDA:0,(anonymous_3)
FNDA:0,(anonymous_4)
DA:4,19
DA:5,0
DA:6,0
DA:7,0
DA:8,0
DA:15,0
DA:16,0
DA:18,0
DA:19,0
DA:20,0
DA:22,0
DA:29,0
DA:33,19
DA:34,0
DA:35,0
DA:36,0
DA:42,0
DA:43,0
DA:45,0
LF:19
LH:2
BRDA:19,0,0,0
BRDA:19,0,1,0
BRF:2
BRH:0
end_of_record
TN:
SF:..\..\FE-groups\Whisper_FrontEnd\src\services\storiesservice\getStories.js
FN:6,(anonymous_0)
FN:24,(anonymous_1)
FN:30,(anonymous_2)
FN:70,(anonymous_3)
FN:86,(anonymous_4)
FN:92,(anonymous_5)
FNF:6
FNH:6
FNDA:3,(anonymous_0)
FNDA:3,(anonymous_1)
FNDA:13,(anonymous_2)
FNDA:1,(anonymous_3)
FNDA:1,(anonymous_4)
FNDA:3,(anonymous_5)
DA:4,19
DA:6,19
DA:7,3
DA:8,3
DA:9,3
DA:10,3
DA:17,3
DA:19,0
DA:20,0
DA:24,19
DA:25,3
DA:26,3
DA:27,3
DA:29,3
DA:31,13
DA:41,13
DA:47,13
DA:48,13
DA:49,13
DA:50,13
DA:52,0
DA:53,0
DA:54,0
DA:55,0
DA:56,0
DA:59,13
DA:63,3
DA:65,0
DA:66,0
DA:70,19
DA:71,1
DA:72,1
DA:73,1
DA:80,1
DA:82,0
DA:86,19
DA:87,1
DA:88,1
DA:89,1
DA:90,1
DA:91,1
DA:92,1
DA:93,3
DA:94,1
DA:96,3
DA:101,3
DA:103,1
DA:104,1
DA:106,0
DA:107,0
LF:50
LH:38
BRDA:93,0,0,1
BRF:1
BRH:1
end_of_record
TN:
SF:..\..\FE-groups\Whisper_FrontEnd\src\services\storiesservice\setStoryVisibility.js
FN:4,(anonymous_0)
FNF:1
FNH:0
FNDA:0,(anonymous_0)
DA:4,19
DA:5,0
DA:6,0
DA:7,0
DA:18,0
DA:20,0
LF:6
LH:1
BRF:0
BRH:0
end_of_record
TN:
SF:..\..\FE-groups\Whisper_FrontEnd\src\services\userservices\addNewContact.js
FN:5,(anonymous_0)
FNF:1
FNH:0
FNDA:0,(anonymous_0)
DA:5,19
DA:6,0
DA:7,0
DA:8,0
DA:9,0
DA:20,0
LF:6
LH:1
BRF:0
BRH:0
end_of_record
TN:
SF:..\..\FE-groups\Whisper_FrontEnd\src\services\userservices\getAllUsers.js
FN:6,(anonymous_0)
FN:20,(anonymous_1)
FN:38,(anonymous_2)
FN:42,(anonymous_3)
FN:45,(anonymous_4)
FNF:5
FNH:5
FNDA:2,(anonymous_0)
FNDA:1,(anonymous_1)
FNDA:1,(anonymous_2)
FNDA:2,(anonymous_3)
FNDA:2,(anonymous_4)
DA:6,19
DA:7,2
DA:8,2
DA:13,2
DA:15,0
DA:16,0
DA:20,19
DA:21,1
DA:22,1
DA:23,1
DA:29,1
DA:31,1
DA:33,0
DA:38,19
DA:39,1
DA:40,1
DA:41,1
DA:42,2
DA:45,2
DA:46,1
DA:48,0
LF:21
LH:17
BRF:0
BRH:0
end_of_record
TN:
SF:..\..\FE-groups\Whisper_FrontEnd\src\services\userservices\getUserInfo.js
FN:4,(anonymous_0)
FNF:1
FNH:0
FNDA:0,(anonymous_0)
DA:4,19
DA:5,0
DA:6,0
DA:7,0
DA:14,0
DA:16,0
DA:18,0
LF:7
LH:1
BRF:0
BRH:0
end_of_record
TN:
SF:..\..\FE-groups\Whisper_FrontEnd\src\services\userservices\notifications.js
FN:2,(anonymous_0)
FNF:1
FNH:0
FNDA:0,(anonymous_0)
DA:2,19
DA:4,0
DA:5,0
DA:11,0
DA:13,0
DA:14,0
LF:6
LH:1
BRF:0
BRH:0
end_of_record
TN:
SF:..\..\FE-groups\Whisper_FrontEnd\src\services\voiceCall\generateToken.js
FN:3,(anonymous_0)
FNF:1
FNH:0
FNDA:0,(anonymous_0)
DA:3,19
DA:4,0
DA:5,0
DA:10,0
DA:12,0
DA:14,0
LF:6
LH:1
BRF:0
BRH:0
end_of_record
TN:
SF:..\..\FE-groups\Whisper_FrontEnd\src\services\voiceCall\joinCall.js
FN:3,(anonymous_0)
FNF:1
FNH:0
FNDA:0,(anonymous_0)
DA:3,19
DA:4,0
DA:5,0
DA:6,0
DA:8,0
DA:10,0
LF:6
LH:1
BRF:0
BRH:0
end_of_record
TN:
SF:..\..\FE-groups\Whisper_FrontEnd\src\services\voiceCall\leaveVoiceCall.js
FN:3,(anonymous_0)
FNF:1
FNH:0
FNDA:0,(anonymous_0)
DA:3,19
DA:4,0
DA:5,0
DA:8,0
DA:10,0
DA:12,0
LF:6
LH:1
BRF:0
BRH:0
end_of_record
TN:
SF:..\..\FE-groups\Whisper_FrontEnd\src\utils\APIRoutes.js
FNF:0
FNH:0
DA:1,19
LF:1
LH:1
BRF:0
BRH:0
end_of_record
TN:
SF:..\..\FE-groups\Whisper_FrontEnd\src\utils\SignupSchema.js
FNF:0
FNH:0
DA:3,19
DA:6,19
LF:2
LH:2
BRF:0
BRH:0
end_of_record
TN:
SF:..\..\FE-groups\Whisper_FrontEnd\src\utils\formatDuration.js
FN:1,(anonymous_0)
FNF:1
FNH:0
FNDA:0,(anonymous_0)
DA:1,19
DA:2,0
DA:3,0
DA:4,0
LF:4
LH:1
BRF:0
BRH:0
end_of_record
TN:
SF:..\..\FE-groups\Whisper_FrontEnd\src\utils\loginSchema.js
FNF:0
FNH:0
DA:3,19
LF:1
LH:1
BRF:0
BRH:0
end_of_record
TN:
SF:..\..\FE-groups\Whisper_FrontEnd\src\utils\resetSchema.js
FNF:0
FNH:0
DA:3,19
DA:5,19
LF:2
LH:2
BRF:0
BRH:0
end_of_record
