SF:lib\main.dart
DA:14,1
DA:15,2
DA:21,1
DA:23,1
DA:26,1
DA:27,1
DA:28,2
DA:29,2
DA:30,2
DA:31,0
DA:32,0
DA:33,0
DA:34,0
DA:35,0
DA:37,0
DA:38,0
DA:39,0
DA:41,0
DA:42,0
DA:45,0
DA:46,2
LF:21
LH:10
end_of_record
SF:lib\components\custom-access-button.dart
DA:11,1
DA:17,1
DA:19,1
DA:20,1
DA:23,1
DA:24,1
DA:25,1
DA:26,1
DA:27,1
DA:29,1
DA:30,1
DA:31,1
DA:32,1
LF:13
LH:13
end_of_record
SF:lib\constants\colors.dart
DA:3,3
DA:4,3
DA:5,3
DA:6,3
DA:7,3
DA:8,0
LF:6
LH:5
end_of_record
SF:lib\components\custom-eye-icon.dart
DA:7,1
DA:12,1
DA:14,1
DA:17,1
DA:18,1
DA:19,1
DA:20,1
DA:21,1
LF:8
LH:8
end_of_record
SF:lib\components\custom-highlight-text.dart
DA:6,1
DA:15,1
DA:17,1
DA:18,1
DA:19,1
DA:20,2
DA:21,1
DA:23,1
LF:8
LH:8
end_of_record
SF:lib\components\custom-phone-field.dart
DA:9,1
DA:12,1
DA:16,1
DA:17,1
DA:21,1
DA:23,1
DA:24,3
DA:25,3
DA:28,1
DA:30,1
DA:31,2
DA:32,1
DA:33,1
DA:35,0
DA:36,0
DA:37,0
DA:40,1
DA:41,1
DA:43,1
DA:44,1
DA:45,1
DA:47,1
DA:48,1
DA:49,1
DA:52,1
DA:53,1
DA:54,1
DA:58,1
DA:60,1
DA:61,2
DA:63,1
DA:64,1
DA:65,1
LF:33
LH:30
end_of_record
SF:lib\controllers\phone-number-controller.dart
DA:8,1
DA:9,1
DA:10,1
DA:14,1
DA:15,1
DA:16,1
DA:17,1
DA:20,0
DA:21,0
DA:24,0
DA:27,0
DA:29,1
DA:31,1
DA:32,1
LF:14
LH:10
end_of_record
SF:lib\validators\form-validation\phone-field-validation.dart
DA:3,0
DA:4,0
DA:8,0
LF:3
LH:0
end_of_record
SF:lib\components\custom-quick-login.dart
DA:10,1
DA:12,1
DA:14,1
DA:16,1
DA:17,1
DA:18,2
DA:19,1
DA:21,1
DA:22,1
DA:23,0
DA:24,0
DA:26,1
DA:27,1
DA:29,1
DA:32,1
DA:33,0
DA:34,0
DA:36,1
DA:37,1
DA:39,1
LF:20
LH:16
end_of_record
SF:lib\pages\login-with-github.dart
DA:14,0
DA:18,0
DA:19,0
DA:30,0
DA:32,0
DA:35,0
DA:36,0
DA:37,0
DA:42,0
DA:43,0
DA:44,0
DA:46,0
DA:47,0
DA:48,0
DA:49,0
DA:51,0
DA:52,0
DA:54,0
DA:55,0
DA:56,0
DA:57,0
DA:59,0
DA:61,0
DA:62,0
DA:64,0
DA:67,0
DA:68,0
DA:73,0
DA:74,0
DA:75,0
DA:76,0
DA:77,0
DA:79,0
DA:83,0
DA:93,0
DA:95,0
DA:96,0
DA:99,0
DA:100,0
DA:102,0
DA:103,0
DA:104,0
DA:106,0
DA:107,0
DA:113,0
DA:114,0
DA:115,0
DA:119,0
DA:121,0
DA:122,0
DA:124,0
DA:125,0
DA:127,0
DA:128,0
DA:129,0
DA:135,0
LF:56
LH:0
end_of_record
SF:lib\pages\login-with-google.dart
DA:14,0
DA:18,0
DA:19,0
DA:33,0
DA:35,0
DA:38,0
DA:39,0
DA:40,0
DA:46,0
DA:47,0
DA:48,0
DA:50,0
DA:51,0
DA:52,0
DA:53,0
DA:55,0
DA:56,0
DA:58,0
DA:60,0
DA:61,0
DA:62,0
DA:64,0
DA:66,0
DA:67,0
DA:69,0
DA:72,0
DA:73,0
DA:78,0
DA:79,0
DA:80,0
DA:81,0
DA:82,0
DA:84,0
DA:89,0
DA:99,0
DA:102,0
DA:103,0
DA:107,0
DA:108,0
DA:110,0
DA:111,0
DA:112,0
DA:114,0
DA:115,0
DA:122,0
DA:123,0
DA:124,0
DA:129,0
DA:131,0
DA:132,0
DA:134,0
DA:135,0
DA:137,0
DA:138,0
DA:139,0
DA:145,0
LF:56
LH:0
end_of_record
SF:lib\components\custom-text-field.dart
DA:9,1
DA:26,1
DA:27,1
DA:31,0
DA:33,0
DA:34,0
DA:38,1
DA:39,1
DA:40,2
DA:41,2
DA:42,2
DA:43,2
DA:44,1
DA:45,1
DA:47,1
DA:48,1
DA:49,1
DA:51,1
DA:52,1
DA:53,1
DA:56,1
DA:57,1
DA:58,1
DA:61,2
DA:62,1
DA:63,2
DA:65,1
DA:66,1
DA:68,1
DA:71,1
DA:72,2
DA:73,1
DA:77,2
DA:78,2
DA:79,1
DA:80,1
DA:83,0
DA:84,0
DA:89,1
LF:39
LH:34
end_of_record
SF:lib\validators\form-validation\email-field-validation.dart
DA:1,1
DA:2,1
DA:6,1
DA:10,1
LF:4
LH:4
end_of_record
SF:lib\database-mock\database-helper.dart
DA:5,0
DA:8,0
DA:10,0
DA:11,0
DA:14,0
DA:16,0
DA:20,0
DA:21,0
DA:22,0
DA:25,0
DA:30,0
DA:31,0
DA:41,0
DA:42,0
DA:44,0
DA:47,0
DA:51,0
DA:52,0
DA:55,0
DA:58,0
DA:59,0
DA:60,0
DA:63,0
DA:64,0
DA:65,0
DA:68,0
DA:69,0
DA:70,0
DA:73,0
DA:77,0
DA:78,0
DA:79,0
DA:81,0
DA:83,0
DA:86,0
DA:87,0
LF:36
LH:0
end_of_record
SF:lib\pages\chat-page.dart
DA:8,1
DA:12,1
DA:14,1
DA:15,1
DA:16,1
DA:18,1
DA:19,1
DA:21,1
DA:22,1
LF:9
LH:9
end_of_record
SF:lib\pages\confirmation-code.dart
DA:15,0
DA:19,0
DA:20,0
DA:28,0
DA:29,0
DA:30,0
DA:35,0
DA:37,0
DA:38,0
DA:39,0
DA:40,0
DA:41,0
DA:42,0
DA:43,0
DA:46,0
DA:47,0
DA:48,0
DA:49,0
DA:50,0
DA:53,0
DA:56,0
DA:57,0
DA:58,0
DA:65,0
DA:68,0
DA:69,0
DA:71,0
DA:72,0
DA:75,0
DA:78,0
DA:79,0
DA:81,0
DA:82,0
DA:86,0
DA:87,0
DA:88,0
DA:89,0
DA:90,0
DA:94,0
DA:97,0
DA:99,0
DA:100,0
DA:101,0
DA:103,0
DA:104,0
DA:107,0
DA:108,0
DA:110,0
DA:111,0
DA:112,0
DA:123,0
DA:124,0
DA:125,0
LF:53
LH:0
end_of_record
SF:lib\pages\forgot-password-email.dart
DA:13,1
DA:19,0
DA:20,0
DA:21,0
DA:22,0
DA:26,0
DA:27,0
DA:28,0
DA:34,1
DA:36,1
DA:37,1
DA:38,1
DA:40,1
DA:41,1
DA:42,1
DA:43,1
DA:44,1
DA:47,1
DA:50,1
DA:51,1
DA:52,1
DA:59,1
DA:62,1
DA:63,1
DA:65,0
DA:66,0
DA:69,1
DA:72,1
DA:73,1
DA:75,1
DA:77,1
DA:78,1
LF:32
LH:23
end_of_record
SF:lib\pages\login.dart
DA:21,1
DA:25,1
DA:26,1
DA:37,1
DA:38,3
DA:40,1
DA:41,2
DA:42,2
DA:44,2
DA:50,1
DA:52,1
DA:53,2
DA:56,1
DA:57,2
DA:60,1
DA:62,1
DA:63,1
DA:64,1
DA:65,2
DA:66,3
DA:67,1
DA:68,1
DA:69,1
DA:74,1
DA:75,1
DA:76,1
DA:77,1
DA:78,1
DA:81,1
DA:84,1
DA:86,1
DA:93,1
DA:96,1
DA:98,1
DA:105,1
DA:108,1
DA:111,1
DA:113,1
DA:116,1
DA:117,1
DA:121,1
DA:122,1
DA:129,1
DA:132,1
DA:134,1
DA:135,1
DA:137,1
DA:138,1
DA:141,1
DA:145,1
DA:146,1
DA:151,1
DA:154,1
DA:155,1
DA:157,1
DA:158,1
DA:162,1
DA:165,1
DA:171,0
DA:172,0
DA:175,0
DA:176,0
DA:177,0
DA:181,1
DA:182,1
DA:183,1
DA:185,1
DA:186,1
DA:187,1
DA:188,1
LF:70
LH:65
end_of_record
SF:lib\pages\logout-after-reset-password.dart
DA:11,0
DA:16,0
DA:18,0
DA:19,0
DA:20,0
DA:22,0
DA:23,0
DA:24,0
DA:25,0
DA:26,0
DA:29,0
DA:32,0
DA:33,0
DA:35,0
DA:37,0
DA:41,0
DA:44,0
DA:46,0
DA:47,0
DA:49,0
DA:50,0
DA:53,0
DA:57,0
DA:59,0
DA:60,0
LF:25
LH:0
end_of_record
SF:lib\pages\recaptcha.dart
DA:27,0
DA:35,0
DA:36,0
DA:38,0
DA:39,0
DA:46,0
DA:47,0
DA:48,0
DA:51,0
DA:54,0
DA:55,0
DA:63,0
DA:65,0
DA:66,0
DA:67,0
DA:69,0
DA:70,0
DA:71,0
DA:72,0
DA:74,0
DA:77,0
DA:78,0
DA:79,0
DA:80,0
DA:83,0
DA:85,0
DA:86,0
DA:87,0
DA:88,0
DA:89,0
DA:90,0
DA:93,0
DA:96,0
DA:98,0
DA:99,0
DA:100,0
DA:104,0
DA:107,0
DA:109,0
DA:110,0
DA:112,0
DA:113,0
DA:117,0
LF:43
LH:0
end_of_record
SF:lib\pages\reset-password.dart
DA:18,0
DA:26,0
DA:27,0
DA:28,0
DA:29,0
DA:31,0
DA:32,0
DA:33,0
DA:34,0
DA:36,0
DA:38,0
DA:39,0
DA:40,0
DA:47,0
DA:49,0
DA:50,0
DA:51,0
DA:53,0
DA:54,0
DA:55,0
DA:56,0
DA:57,0
DA:60,0
DA:63,0
DA:64,0
DA:65,0
DA:72,0
DA:75,0
DA:76,0
DA:77,0
DA:84,0
DA:87,0
DA:88,0
DA:89,0
DA:96,0
DA:99,0
DA:100,0
DA:102,0
DA:103,0
DA:106,0
DA:109,0
DA:111,0
DA:112,0
DA:113,0
DA:116,0
DA:117,0
DA:120,0
DA:121,0
DA:123,0
DA:124,0
DA:125,0
LF:51
LH:0
end_of_record
SF:lib\pages\signup.dart
DA:26,1
DA:30,1
DA:31,1
DA:45,0
DA:46,0
DA:47,0
DA:48,0
DA:49,0
DA:50,0
DA:51,0
DA:57,0
DA:58,0
DA:59,0
DA:60,0
DA:61,0
DA:62,0
DA:63,0
DA:65,0
DA:66,0
DA:69,0
DA:70,0
DA:71,0
DA:77,1
DA:79,2
DA:80,2
DA:81,2
DA:82,2
DA:83,2
DA:84,2
DA:85,1
DA:88,1
DA:90,1
DA:91,1
DA:92,1
DA:94,1
DA:95,1
DA:96,1
DA:97,1
DA:98,1
DA:101,1
DA:104,1
DA:105,1
DA:111,1
DA:113,1
DA:116,1
DA:117,1
DA:123,1
DA:125,1
DA:128,1
DA:129,1
DA:135,1
DA:137,1
DA:140,1
DA:141,1
DA:147,1
DA:149,1
DA:152,1
DA:153,1
DA:159,1
DA:161,1
DA:164,1
DA:165,1
DA:166,1
DA:168,1
DA:171,1
DA:172,1
DA:174,1
DA:176,1
DA:179,1
DA:181,1
DA:182,1
DA:184,1
DA:185,1
DA:188,1
DA:189,1
DA:191,1
DA:192,1
LF:77
LH:58
end_of_record
SF:lib\modules\login-credentials.dart
DA:5,1
DA:11,1
DA:12,1
DA:13,1
DA:14,1
DA:18,0
DA:19,0
LF:7
LH:5
end_of_record
SF:lib\modules\reset-password-credentials.dart
DA:7,0
DA:15,0
DA:16,0
DA:17,0
DA:18,0
DA:19,0
DA:20,0
DA:24,0
DA:25,0
DA:26,0
DA:27,0
DA:28,0
DA:29,0
LF:13
LH:0
end_of_record
SF:lib\modules\signup-credentials.dart
DA:9,0
DA:18,0
DA:19,0
DA:20,0
DA:21,0
DA:22,0
DA:23,0
DA:24,0
DA:25,0
DA:29,0
DA:30,0
DA:31,0
DA:32,0
DA:33,0
LF:14
LH:0
end_of_record
SF:lib\services\logout-all-devices.dart
DA:9,1
DA:10,1
DA:11,1
DA:13,1
DA:15,1
DA:17,1
DA:20,2
DA:21,4
DA:22,2
DA:23,1
DA:26,1
DA:29,0
DA:30,0
DA:31,0
DA:32,0
DA:37,0
DA:38,0
DA:39,0
LF:18
LH:11
end_of_record
SF:lib\services\confirm-code.dart
DA:11,0
DA:12,0
DA:13,0
DA:15,0
DA:17,0
DA:20,0
DA:21,0
DA:27,0
DA:28,0
DA:29,0
DA:30,0
DA:31,0
DA:34,0
DA:37,0
DA:38,0
DA:39,0
DA:44,0
DA:45,0
DA:46,0
LF:19
LH:0
end_of_record
SF:lib\services\shared-preferences.dart
DA:4,3
DA:6,1
DA:7,2
DA:8,2
DA:11,0
DA:12,0
DA:13,0
DA:16,0
DA:17,0
DA:18,0
DA:19,0
DA:20,0
DA:21,0
DA:22,0
DA:23,0
DA:24,0
DA:26,0
DA:29,0
DA:30,0
DA:32,0
DA:33,0
DA:34,0
DA:35,0
DA:36,0
DA:37,0
DA:38,0
DA:40,0
DA:41,0
DA:45,0
DA:46,0
DA:47,0
DA:51,0
DA:52,0
DA:53,0
DA:57,1
DA:58,2
DA:59,2
DA:62,1
DA:63,2
DA:64,2
LF:40
LH:10
end_of_record
SF:lib\validators\reset-password-validation\confirmation-code-validation.dart
DA:1,0
DA:2,0
DA:5,0
LF:3
LH:0
end_of_record
SF:lib\services\send-confirmation-code.dart
DA:9,0
DA:10,0
DA:13,0
DA:15,0
DA:18,0
DA:19,0
DA:24,0
DA:25,0
DA:26,0
DA:27,0
DA:29,0
DA:30,0
DA:31,0
DA:36,0
DA:37,0
DA:38,0
LF:16
LH:0
end_of_record
SF:lib\services\send-reset-code.dart
DA:9,0
DA:10,0
DA:12,0
DA:14,0
DA:17,0
DA:18,0
DA:23,0
DA:24,0
DA:25,0
DA:26,0
DA:27,0
DA:29,0
DA:30,0
DA:31,0
DA:36,0
DA:37,0
DA:38,0
LF:17
LH:0
end_of_record
SF:lib\services\check-already-loggedin.dart
DA:11,1
DA:12,1
DA:13,1
DA:15,1
DA:17,1
DA:19,1
DA:22,2
DA:23,2
DA:24,1
DA:25,4
LF:10
LH:10
end_of_record
SF:lib\services\login.dart
DA:15,1
DA:16,1
DA:19,1
DA:21,1
DA:24,2
DA:26,2
DA:27,4
DA:28,2
DA:29,2
DA:30,2
DA:31,1
DA:34,1
DA:37,2
DA:38,1
DA:39,3
LF:15
LH:15
end_of_record
SF:lib\validators\form-validation\password-field-validation.dart
DA:1,1
DA:3,1
DA:5,1
DA:9,1
DA:11,2
DA:12,1
DA:13,2
DA:14,1
DA:17,2
DA:18,2
DA:19,2
DA:20,2
DA:21,5
DA:31,1
DA:32,1
LF:15
LH:15
end_of_record
SF:lib\services\signup.dart
DA:11,0
DA:12,0
DA:13,0
DA:14,0
DA:15,0
DA:16,0
DA:19,0
DA:21,0
DA:24,0
DA:27,0
DA:28,0
DA:29,0
DA:30,0
DA:32,0
DA:33,0
DA:34,0
DA:39,0
LF:17
LH:0
end_of_record
SF:lib\validators\form-validation\similar-passwords-validation.dart
DA:3,0
DA:7,0
LF:2
LH:0
end_of_record
SF:lib\services\reset-password.dart
DA:10,0
DA:12,0
DA:13,0
DA:15,0
DA:17,0
DA:20,0
DA:22,0
DA:23,0
DA:24,0
DA:25,0
DA:26,0
DA:28,0
DA:29,0
DA:30,0
DA:35,0
DA:36,0
DA:37,0
LF:17
LH:0
end_of_record
SF:lib\services\signup-services.dart
DA:5,0
DA:7,0
DA:8,0
DA:9,0
DA:12,0
DA:13,0
DA:14,0
DA:17,0
DA:18,0
DA:21,0
DA:22,0
DA:26,0
DA:27,0
LF:13
LH:0
end_of_record
SF:lib\validators\form-validation\name-field-validation.dart
DA:3,0
DA:4,0
DA:8,0
DA:12,0
DA:16,0
DA:17,0
DA:21,0
DA:22,0
LF:8
LH:0
end_of_record
SF:lib\validators\form-validation\repassword-signup-validation.dart
DA:1,0
DA:2,0
LF:2
LH:0
end_of_record
SF:lib\validators\form-validation\username-field-validation.dart
DA:3,0
DA:4,0
DA:8,0
DA:12,0
DA:13,0
LF:5
LH:0
end_of_record
SF:lib\validators\form-validation\validate-name-with-api.dart
DA:8,0
DA:11,0
DA:14,0
DA:18,0
DA:19,0
DA:21,0
DA:22,0
DA:23,0
DA:30,0
DA:31,0
DA:32,0
DA:33,0
DA:34,0
DA:35,0
DA:36,0
DA:37,0
DA:39,0
DA:41,0
DA:44,0
DA:45,0
DA:49,0
DA:50,0
LF:22
LH:0
end_of_record
SF:lib\validators\form-validation\longest-repeated-letter.dart
DA:1,0
DA:5,0
DA:6,0
DA:7,0
DA:8,0
DA:13,0
DA:15,0
DA:19,0
LF:8
LH:0
end_of_record
